0.00000000	2.50522282
0.00100000	2.50068758
0.00200000	2.49939180
0.00300000	2.50198336
0.00400000	2.50133547
0.00500000	2.49777207
0.00600000	2.49356077
0.00700000	2.49518050
0.00800000	2.49841996
0.00900000	2.50911017
0.01000000	2.51429331
0.01100000	2.51170174
0.01200000	2.50327915
0.01300000	2.49809601
0.01400000	2.49582839
0.01500000	2.49582839
0.01600000	2.49777207
0.01700000	2.50036364
0.01800000	2.49906785
0.01900000	2.49615234
0.02000000	2.49194104
0.02100000	2.49550445
0.02200000	2.50101153
0.02300000	2.50489888
0.02400000	2.50263126
0.02500000	2.49809601
0.02600000	2.49712418
0.02700000	2.50003969
0.02800000	2.50327915
0.02900000	2.50457493
0.03000000	2.50522282
0.03100000	2.50263126
0.03200000	2.49971574
0.03300000	2.49680023
0.03400000	2.49906785
0.03500000	2.50263126
0.03600000	2.50068758
0.03700000	2.50198336
0.03800000	2.50684255
0.03900000	2.50813834
0.04000000	2.50684255
0.04100000	2.50749044
0.04200000	2.50522282
0.04300000	2.50263126
0.04400000	2.49744812
0.04500000	2.49647629
0.04600000	2.49971574
0.04700000	2.50554677
0.04800000	2.50360309
0.04900000	2.49744812
0.05000000	2.50003969
0.05100000	2.50198336
0.05200000	2.50554677
0.05300000	2.50263126
0.05400000	2.49453261
0.05500000	2.48772975
0.05600000	2.49096921
0.05700000	2.49874391
0.05800000	2.50295520
0.05900000	2.50619466
0.06000000	2.50716650
0.06100000	2.50068758
0.06200000	2.49453261
0.06300000	2.49582839
0.06400000	2.49939180
0.06500000	2.50327915
0.06600000	2.50360309
0.06700000	2.49744812
0.06800000	2.49777207
0.06900000	2.50489888
0.07000000	2.51170174
0.07100000	2.51105385
0.07200000	2.50619466
0.07300000	2.50003969
0.07400000	2.49777207
0.07500000	2.49874391
0.07600000	2.50263126
0.07700000	2.50781439
0.07800000	2.50813834
0.07900000	2.50975806
0.08000000	2.51040596
0.08100000	2.51202569
0.08200000	2.50943412
0.08300000	2.50489888
0.08400000	2.49939180
0.08500000	2.49064526
0.08600000	2.48805369
0.08700000	2.48967342
0.08800000	2.49161710
0.08900000	2.49550445
0.09000000	2.49939180
0.09100000	2.50425099
0.09200000	2.50651861
0.09300000	2.50846228
0.09400000	2.50587071
0.09500000	2.50230731
0.09600000	2.50036364
0.09700000	2.49647629
0.09800000	2.49356077
0.09900000	2.49453261
0.10000000	2.49971574
0.10100000	2.50003969
0.10200000	2.50392704
0.10300000	2.50587071
0.10400000	2.50360309
0.10500000	2.50068758
0.10600000	2.50068758
0.10700000	2.49647629
0.10800000	2.49485656
0.10900000	2.49615234
0.11000000	2.50392704
0.11100000	2.50943412
0.11200000	2.51202569
0.11300000	2.51170174
0.11400000	2.51137779
0.11500000	2.50619466
0.11600000	2.49874391
0.11700000	2.49453261
0.11800000	2.50068758
0.11900000	2.50327915
0.12000000	2.50198336
0.12100000	2.50101153
0.12200000	2.49777207
0.12300000	2.49744812
0.12400000	2.50101153
0.12500000	2.50716650
0.12600000	2.50587071
0.12700000	2.50295520
0.12800000	2.49971574
0.12900000	2.49939180
0.13000000	2.49809601
0.13100000	2.49971574
0.13200000	2.49906785
0.13300000	2.50263126
0.13400000	2.50263126
0.13500000	2.49161710
0.13600000	2.48934948
0.13700000	2.49129315
0.13800000	2.49841996
0.13900000	2.49841996
0.14000000	2.49809601
0.14100000	2.49841996
0.14200000	2.50003969
0.14300000	2.50327915
0.14400000	2.50165942
0.14500000	2.50295520
0.14600000	2.50781439
0.14700000	2.51008201
0.14800000	2.50684255
0.14900000	2.50263126
0.15000000	2.50068758
0.15100000	2.49971574
0.15200000	2.50263126
0.15300000	2.50619466
0.15400000	2.50781439
0.15500000	2.50522282
0.15600000	2.50198336
0.15700000	2.49809601
0.15800000	2.49323683
0.15900000	2.49323683
0.16000000	2.49518050
0.16100000	2.50036364
0.16200000	2.50651861
0.16300000	2.51137779
0.16400000	2.51267358
0.16500000	2.51137779
0.16600000	2.50554677
0.16700000	2.50133547
0.16800000	2.49647629
0.16900000	2.49194104
0.17000000	2.49356077
0.17100000	2.49550445
0.17200000	2.49744812
0.17300000	2.50101153
0.17400000	2.50003969
0.17500000	2.49939180
0.17600000	2.49971574
0.17700000	2.49712418
0.17800000	2.49906785
0.17900000	2.50198336
0.18000000	2.50360309
0.18100000	2.50716650
0.18200000	2.50943412
0.18300000	2.50975806
0.18400000	2.50781439
0.18500000	2.50619466
0.18600000	2.50878623
0.18700000	2.50360309
0.18800000	2.49906785
0.18900000	2.50068758
0.19000000	2.50360309
0.19100000	2.50327915
0.19200000	2.50101153
0.19300000	2.50068758
0.19400000	2.50327915
0.19500000	2.50457493
0.19600000	2.50295520
0.19700000	2.50327915
0.19800000	2.50619466
0.19900000	2.50846228
0.20000000	2.50327915
0.20100000	2.49777207
0.20200000	2.49906785
0.20300000	2.50165942
0.20400000	2.49777207
0.20500000	2.49356077
0.20600000	2.49550445
0.20700000	2.50230731
0.20800000	2.50360309
0.20900000	2.50068758
0.21000000	2.49874391
0.21100000	2.50068758
0.21200000	2.50489888
0.21300000	2.51040596
0.21400000	2.50489888
0.21500000	2.50425099
0.21600000	2.50295520
0.21700000	2.50587071
0.21800000	2.50392704
0.21900000	2.49906785
0.22000000	2.49647629
0.22100000	2.50036364
0.22200000	2.50230731
0.22300000	2.49809601
0.22400000	2.49647629
0.22500000	2.49647629
0.22600000	2.50554677
0.22700000	2.51299752
0.22800000	2.51202569
0.22900000	2.50716650
0.23000000	2.50263126
0.23100000	2.50165942
0.23200000	2.50554677
0.23300000	2.50392704
0.23400000	2.49906785
0.23500000	2.49323683
0.23600000	2.49064526
0.23700000	2.49226499
0.23800000	2.49971574
0.23900000	2.50392704
0.24000000	2.50651861
0.24100000	2.50878623
0.24200000	2.50846228
0.24300000	2.50651861
0.24400000	2.50554677
0.24500000	2.50587071
0.24600000	2.50295520
0.24700000	2.49971574
0.24800000	2.49550445
0.24900000	2.49744812
0.25000000	2.49939180
0.25100000	2.50133547
0.25200000	2.50360309
0.25300000	2.50165942
0.25400000	2.50101153
0.25500000	2.50133547
0.25600000	2.50716650
0.25700000	2.50587071
0.25800000	2.50489888
0.25900000	2.50975806
0.26000000	2.51137779
0.26100000	2.50781439
0.26200000	2.50133547
0.26300000	2.49388472
0.26400000	2.49258894
0.26500000	2.49615234
0.26600000	2.49712418
0.26700000	2.49453261
0.26800000	2.49129315
0.26900000	2.49032131
0.27000000	2.48805369
0.27100000	2.49032131
0.27200000	2.49518050
0.27300000	2.49777207
0.27400000	2.50457493
0.27500000	2.50943412
0.27600000	2.51105385
0.27700000	2.50651861
0.27800000	2.50295520
0.27900000	2.50133547
0.28000000	2.50003969
0.28100000	2.49777207
0.28200000	2.49809601
0.28300000	2.50133547
0.28400000	2.50101153
0.28500000	2.49388472
0.28600000	2.49615234
0.28700000	2.49615234
0.28800000	2.50425099
0.28900000	2.50878623
0.29000000	2.51105385
0.29100000	2.51364541
0.29200000	2.51396936
0.29300000	2.51202569
0.29400000	2.50554677
0.29500000	2.49712418
0.29600000	2.49485656
0.29700000	2.49615234
0.29800000	2.50003969
0.29900000	2.49939180
0.30000000	2.49615234
0.30100000	2.49485656
0.30200000	2.49485656
0.30300000	2.49680023
0.30400000	2.49906785
0.30500000	2.50036364
0.30600000	2.50684255
0.30700000	2.50522282
0.30800000	2.49712418
0.30900000	2.49388472
0.31000000	2.49906785
0.31100000	2.50781439
0.31200000	2.51202569
0.31300000	2.50716650
0.31400000	2.50230731
0.31500000	2.50068758
0.31600000	2.50003969
0.31700000	2.49874391
0.31800000	2.49550445
0.31900000	2.49356077
0.32000000	2.49841996
0.32100000	2.49906785
0.32200000	2.50036364
0.32300000	2.50230731
0.32400000	2.50327915
0.32500000	2.50230731
0.32600000	2.50327915
0.32700000	2.50522282
0.32800000	2.50749044
0.32900000	2.50878623
0.33000000	2.50943412
0.33100000	2.50425099
0.33200000	2.49712418
0.33300000	2.49323683
0.33400000	2.49712418
0.33500000	2.50360309
0.33600000	2.50943412
0.33700000	2.51040596
0.33800000	2.50716650
0.33900000	2.49971574
0.34000000	2.49744812
0.34100000	2.49841996
0.34200000	2.49453261
0.34300000	2.49129315
0.34400000	2.49388472
0.34500000	2.49874391
0.34600000	2.50749044
0.34700000	2.51429331
0.34800000	2.51170174
0.34900000	2.50554677
0.35000000	2.50230731
0.35100000	2.50198336
0.35200000	2.49777207
0.35300000	2.49841996
0.35400000	2.50392704
0.35500000	2.50522282
0.35600000	2.50522282
0.35700000	2.50651861
0.35800000	2.50619466
0.35900000	2.50360309
0.36000000	2.50230731
0.36100000	2.50036364
0.36200000	2.49971574
0.36300000	2.49841996
0.36400000	2.49939180
0.36500000	2.50101153
0.36600000	2.50749044
0.36700000	2.51396936
0.36800000	2.50975806
0.36900000	2.50327915
0.37000000	2.49550445
0.37100000	2.48999737
0.37200000	2.49064526
0.37300000	2.49615234
0.37400000	2.50360309
0.37500000	2.50716650
0.37600000	2.50749044
0.37700000	2.50749044
0.37800000	2.50813834
0.37900000	2.50489888
0.38000000	2.50068758
0.38100000	2.49485656
0.38200000	2.49096921
0.38300000	2.49096921
0.38400000	2.49356077
0.38500000	2.49680023
0.38600000	2.50327915
0.38700000	2.50749044
0.38800000	2.50587071
0.38900000	2.50003969
0.39000000	2.49647629
0.39100000	2.49550445
0.39200000	2.49647629
0.39300000	2.49032131
0.39400000	2.48837764
0.39500000	2.48870159
0.39600000	2.49550445
0.39700000	2.50327915
0.39800000	2.50684255
0.39900000	2.51040596
0.40000000	2.51170174
0.40100000	2.51429331
0.40200000	2.51202569
0.40300000	2.50975806
0.40400000	2.50619466
0.40500000	2.50392704
0.40600000	2.49906785
0.40700000	2.49777207
0.40800000	2.50003969
0.40900000	2.50684255
0.41000000	2.50943412
0.41100000	2.50749044
0.41200000	2.50198336
0.41300000	2.49777207
0.41400000	2.49744812
0.41500000	2.49777207
0.41600000	2.49582839
0.41700000	2.49647629
0.41800000	2.50230731
0.41900000	2.50716650
0.42000000	2.50684255
0.42100000	2.50554677
0.42200000	2.50165942
0.42300000	2.49518050
0.42400000	2.49420866
0.42500000	2.49906785
0.42600000	2.50327915
0.42700000	2.50360309
0.42800000	2.50133547
0.42900000	2.50619466
0.43000000	2.50878623
0.43100000	2.50975806
0.43200000	2.50781439
0.43300000	2.50554677
0.43400000	2.50489888
0.43500000	2.50230731
0.43600000	2.50133547
0.43700000	2.50327915
0.43800000	2.50360309
0.43900000	2.50003969
0.44000000	2.50036364
0.44100000	2.49971574
0.44200000	2.49777207
0.44300000	2.49680023
0.44400000	2.49615234
0.44500000	2.49841996
0.44600000	2.50068758
0.44700000	2.50392704
0.44800000	2.49874391
0.44900000	2.50295520
0.45000000	2.50651861
0.45100000	2.50457493
0.45200000	2.50036364
0.45300000	2.49744812
0.45400000	2.50036364
0.45500000	2.50295520
0.45600000	2.49971574
0.45700000	2.49647629
0.45800000	2.49712418
0.45900000	2.50068758
0.46000000	2.50360309
0.46100000	2.50360309
0.46200000	2.50295520
0.46300000	2.50392704
0.46400000	2.50813834
0.46500000	2.50781439
0.46600000	2.50619466
0.46700000	2.50036364
0.46800000	2.49744812
0.46900000	2.49680023
0.47000000	2.50165942
0.47100000	2.50327915
0.47200000	2.50068758
0.47300000	2.50101153
0.47400000	2.50651861
0.47500000	2.51040596
0.47600000	2.50587071
0.47700000	2.49906785
0.47800000	2.49323683
0.47900000	2.49388472
0.48000000	2.49615234
0.48100000	2.50165942
0.48200000	2.50489888
0.48300000	2.50587071
0.48400000	2.50068758
0.48500000	2.49194104
0.48600000	2.49258894
0.48700000	2.50587071
0.48800000	2.51072990
0.48900000	2.51267358
0.49000000	2.51429331
0.49100000	2.51494120
0.49200000	2.51008201
0.49300000	2.50587071
0.49400000	2.49841996
0.49500000	2.49518050
0.49600000	2.49485656
0.49700000	2.49874391
0.49800000	2.49939180
0.49900000	2.49647629
0.50000000	2.49518050
0.50100000	2.49712418
0.50200000	2.50165942
0.50300000	2.50068758
0.50400000	2.50230731
0.50500000	2.50522282
0.50600000	2.50749044
0.50700000	2.50813834
0.50800000	2.50295520
0.50900000	2.49680023
0.51000000	2.49161710
0.51100000	2.48157478
0.51200000	2.47963110
0.51300000	2.48384240
0.51400000	2.49258894
0.51500000	2.50133547
0.51600000	2.50749044
0.51700000	2.51105385
0.51800000	2.51526514
0.51900000	2.51299752
0.52000000	2.51008201
0.52100000	2.50684255
0.52200000	2.50554677
0.52300000	2.50489888
0.52400000	2.50327915
0.52500000	2.50327915
0.52600000	2.50554677
0.52700000	2.50198336
0.52800000	2.49874391
0.52900000	2.49388472
0.53000000	2.49550445
0.53100000	2.49971574
0.53200000	2.50489888
0.53300000	2.50522282
0.53400000	2.50425099
0.53500000	2.50327915
0.53600000	2.50360309
0.53700000	2.50554677
0.53800000	2.49550445
0.53900000	2.49258894
0.54000000	2.49194104
0.54100000	2.49323683
0.54200000	2.50003969
0.54300000	2.50327915
0.54400000	2.50457493
0.54500000	2.50392704
0.54600000	2.50198336
0.54700000	2.50068758
0.54800000	2.50327915
0.54900000	2.50360309
0.55000000	2.50522282
0.55100000	2.50749044
0.55200000	2.50781439
0.55300000	2.50846228
0.55400000	2.50619466
0.55500000	2.50360309
0.55600000	2.49971574
0.55700000	2.50295520
0.55800000	2.50522282
0.55900000	2.50425099
0.56000000	2.50101153
0.56100000	2.50068758
0.56200000	2.49777207
0.56300000	2.49064526
0.56400000	2.49356077
0.56500000	2.49971574
0.56600000	2.50165942
0.56700000	2.50003969
0.56800000	2.49939180
0.56900000	2.50230731
0.57000000	2.50781439
0.57100000	2.50619466
0.57200000	2.50360309
0.57300000	2.50392704
0.57400000	2.50619466
0.57500000	2.50781439
0.57600000	2.50684255
0.57700000	2.50457493
0.57800000	2.50198336
0.57900000	2.50036364
0.58000000	2.49971574
0.58100000	2.50198336
0.58200000	2.50489888
0.58300000	2.50619466
0.58400000	2.50425099
0.58500000	2.49453261
0.58600000	2.49356077
0.58700000	2.49809601
0.58800000	2.49874391
0.58900000	2.50003969
0.59000000	2.49906785
0.59100000	2.49647629
0.59200000	2.49874391
0.59300000	2.50392704
0.59400000	2.50878623
0.59500000	2.50651861
0.59600000	2.50003969
0.59700000	2.49582839
0.59800000	2.49550445
0.59900000	2.49744812
0.60000000	2.49939180
0.60100000	2.49615234
0.60200000	2.49809601
0.60300000	2.49971574
0.60400000	2.50165942
0.60500000	2.50813834
0.60600000	2.51170174
0.60700000	2.51332147
0.60800000	2.51170174
0.60900000	2.50425099
0.61000000	2.49550445
0.61100000	2.48675791
0.61200000	2.48740580
0.61300000	2.49323683
0.61400000	2.50068758
0.61500000	2.50489888
0.61600000	2.50587071
0.61700000	2.50263126
0.61800000	2.49582839
0.61900000	2.49032131
0.62000000	2.49096921
0.62100000	2.49388472
0.62200000	2.49809601
0.62300000	2.49874391
0.62400000	2.50263126
0.62500000	2.50684255
0.62600000	2.50489888
0.62700000	2.49906785
0.62800000	2.49582839
0.62900000	2.49712418
0.63000000	2.49939180
0.63100000	2.50360309
0.63200000	2.50587071
0.63300000	2.50716650
0.63400000	2.50651861
0.63500000	2.50360309
0.63600000	2.50198336
0.63700000	2.50360309
0.63800000	2.50684255
0.63900000	2.50003969
0.64000000	2.49420866
0.64100000	2.49388472
0.64200000	2.49906785
0.64300000	2.50101153
0.64400000	2.50068758
0.64500000	2.50230731
0.64600000	2.50425099
0.64700000	2.50975806
0.64800000	2.50846228
0.64900000	2.50457493
0.65000000	2.50619466
0.65100000	2.50813834
0.65200000	2.50781439
0.65300000	2.50360309
0.65400000	2.49680023
0.65500000	2.49096921
0.65600000	2.49226499
0.65700000	2.49777207
0.65800000	2.50425099
0.65900000	2.50749044
0.66000000	2.50619466
0.66100000	2.50133547
0.66200000	2.49388472
0.66300000	2.49323683
0.66400000	2.49777207
0.66500000	2.50327915
0.66600000	2.50651861
0.66700000	2.50263126
0.66800000	2.49939180
0.66900000	2.50101153
0.67000000	2.50360309
0.67100000	2.50133547
0.67200000	2.49874391
0.67300000	2.49939180
0.67400000	2.49809601
0.67500000	2.49518050
0.67600000	2.49615234
0.67700000	2.50425099
0.67800000	2.50813834
0.67900000	2.50716650
0.68000000	2.50327915
0.68100000	2.50360309
0.68200000	2.50198336
0.68300000	2.50165942
0.68400000	2.49777207
0.68500000	2.48934948
0.68600000	2.48837764
0.68700000	2.49258894
0.68800000	2.49971574
0.68900000	2.50749044
0.69000000	2.50716650
0.69100000	2.50101153
0.69200000	2.49291288
0.69300000	2.49420866
0.69400000	2.49518050
0.69500000	2.49777207
0.69600000	2.49712418
0.69700000	2.49226499
0.69800000	2.49226499
0.69900000	2.49809601
0.70000000	2.50425099
0.70100000	2.50327915
0.70200000	2.49971574
0.70300000	2.49453261
0.70400000	2.49291288
0.70500000	2.49388472
0.70600000	2.49809601
0.70700000	2.50068758
0.70800000	2.49874391
0.70900000	2.49226499
0.71000000	2.49550445
0.71100000	2.50133547
0.71200000	2.50651861
0.71300000	2.50781439
0.71400000	2.50554677
0.71500000	2.50133547
0.71600000	2.49647629
0.71700000	2.49258894
0.71800000	2.49129315
0.71900000	2.49129315
0.72000000	2.49550445
0.72100000	2.49582839
0.72200000	2.49485656
0.72300000	2.50003969
0.72400000	2.50457493
0.72500000	2.50651861
0.72600000	2.50165942
0.72700000	2.49680023
0.72800000	2.49647629
0.72900000	2.50101153
0.73000000	2.50457493
0.73100000	2.50198336
0.73200000	2.49744812
0.73300000	2.49258894
0.73400000	2.48902553
0.73500000	2.48999737
0.73600000	2.49388472
0.73700000	2.49712418
0.73800000	2.49647629
0.73900000	2.49323683
0.74000000	2.49096921
0.74100000	2.49226499
0.74200000	2.49647629
0.74300000	2.50198336
0.74400000	2.50489888
0.74500000	2.50392704
0.74600000	2.50327915
0.74700000	2.50392704
0.74800000	2.50295520
0.74900000	2.50263126
0.75000000	2.49971574
0.75100000	2.49323683
0.75200000	2.48449029
0.75300000	2.47541981
0.75400000	2.46894089
0.75500000	2.46796905
0.75600000	2.47088456
0.75700000	2.47703954
0.75800000	2.48092689
0.75900000	2.47963110
0.76000000	2.47477191
0.76100000	2.47023667
0.76200000	2.46926484
0.76300000	2.47380008
0.76400000	2.47541981
0.76500000	2.47412402
0.76600000	2.46505354
0.76700000	2.45047598
0.76800000	2.42779977
0.76900000	2.40674329
0.77000000	2.37953184
0.77100000	2.35037672
0.77200000	2.31895398
0.77300000	2.28753124
0.77400000	2.25708034
0.77500000	2.23375624
0.77600000	2.21755895
0.77700000	2.20136166
0.77800000	2.18581227
0.77900000	2.17188260
0.78000000	2.15957266
0.78100000	2.15082612
0.78200000	2.14045986
0.78300000	2.12685414
0.78400000	2.10223426
0.78500000	2.06076921
0.78600000	2.00051530
0.78700000	1.92406411
0.78800000	1.83757061
0.78900000	1.73552772
0.79000000	1.63348484
0.79100000	1.52269542
0.79200000	1.41061023
0.79300000	1.29852504
0.79400000	1.19324271
0.79500000	1.09508719
0.79600000	1.00276269
0.79700000	0.92015657
0.79800000	0.85018431
0.79900000	0.78733887
0.80000000	0.73259206
0.80100000	0.69469043
0.80200000	0.65808457
0.80300000	0.61791532
0.80400000	0.57191504
0.80500000	0.52235136
0.80600000	0.47343558
0.80700000	0.41706904
0.80800000	0.35616726
0.80900000	0.28781474
0.81000000	0.22043405
0.81100000	0.15013785
0.81200000	0.07401062
0.81300000	0.02703850
0.81400000	0.03060191
0.81500000	0.03124980
0.81600000	0.02963007
0.81700000	0.03060191
0.81800000	0.02930612
0.81900000	0.03060191
0.82000000	0.02995402
0.82100000	0.02963007
0.82200000	0.03124980
0.82300000	0.02963007
0.82400000	0.02801034
0.82500000	0.05003865
0.82600000	0.09409525
0.82700000	0.15013785
0.82800000	0.21265935
0.82900000	0.27842032
0.83000000	0.34547706
0.83100000	0.41253380
0.83200000	0.47343558
0.83300000	0.53045000
0.83400000	0.58066157
0.83500000	0.63281681
0.83600000	0.68950730
0.83700000	0.74684567
0.83800000	0.80645166
0.83900000	0.87286051
0.84000000	0.94607221
0.84100000	1.02641072
0.84200000	1.11679155
0.84300000	1.21591891
0.84400000	1.32152518
0.84500000	1.44073717
0.84600000	1.56966754
0.84700000	1.70540077
0.84800000	1.84631715
0.84900000	1.99144482
0.85000000	2.13754435
0.85100000	2.28072838
0.85200000	2.41613772
0.85300000	2.54701184
0.85400000	2.66751970
0.85500000	2.77766131
0.85600000	2.87808455
0.85700000	2.97494439
0.85800000	3.06694505
0.85900000	3.15376259
0.86000000	3.23604489
0.86100000	3.30958065
0.86200000	3.38473615
0.86300000	3.46215928
0.86400000	3.53634296
0.86500000	3.60890691
0.86600000	3.68600612
0.86700000	3.76796453
0.86800000	3.85704977
0.86900000	3.94872659
0.87000000	4.04331894
0.87100000	4.13693947
0.87200000	4.22829238
0.87300000	4.31478612
0.87400000	4.39771645
0.87500000	4.47481575
0.87600000	4.54349245
0.87700000	4.60309865
0.87800000	4.65071882
0.87900000	4.68764875
0.88000000	4.71583212
0.88100000	4.73267736
0.88200000	4.74174787
0.88300000	4.74207182
0.88400000	4.73300131
0.88500000	4.71680397
0.88600000	4.69347980
0.88700000	4.66626826
0.88800000	4.64067647
0.88900000	4.61378889
0.89000000	4.59661971
0.89100000	4.58204211
0.89200000	4.56422504
0.89300000	4.55126717
0.89400000	4.53701351
0.89500000	4.51854855
0.89600000	4.49911175
0.89700000	4.47190023
0.89800000	4.43950556
0.89900000	4.40678695
0.90000000	4.36758941
0.90100000	4.31964531
0.90200000	4.26003915
0.90300000	4.18553144
0.90400000	4.10000957
0.90500000	4.01157219
0.90600000	3.91730379
0.90700000	3.81493674
0.90800000	3.70641473
0.90900000	3.60113220
0.91000000	3.49487785
0.91100000	3.38829956
0.91200000	3.27880577
0.91300000	3.17222751
0.91400000	3.07083240
0.91500000	2.97494439
0.91600000	2.88391557
0.91700000	2.80260514
0.91800000	2.72518207
0.91900000	2.65715343
0.92000000	2.58491350
0.92100000	2.51364541
0.92200000	2.44075760
0.92300000	2.36527823
0.92400000	2.28396784
0.92500000	2.19650248
0.92600000	2.10774134
0.92700000	2.01509286
0.92800000	1.91920493
0.92900000	1.81716203
0.93000000	1.71835860
0.93100000	1.61631572
0.93200000	1.51330100
0.93300000	1.41287785
0.93400000	1.31698994
0.93500000	1.23017252
0.93600000	1.15534108
0.93700000	1.08763644
0.93800000	1.01960787
0.93900000	0.96453711
0.94000000	0.91302976
0.94100000	0.86767738
0.94200000	0.83009969
0.94300000	0.79738118
0.94400000	0.77632472
0.94500000	0.76077533
0.94600000	0.74846540
0.94700000	0.73162022
0.94800000	0.71898635
0.94900000	0.70538063
0.95000000	0.68691573
0.95100000	0.66974661
0.95200000	0.65063382
0.95300000	0.63508443
0.95400000	0.62050688
0.95500000	0.60884484
0.95600000	0.60042225
0.95700000	0.59621096
0.95800000	0.59167572
0.95900000	0.59297151
0.96000000	0.60268987
0.96100000	0.62374634
0.96200000	0.65419722
0.96300000	0.69663410
0.96400000	0.74684567
0.96500000	0.80386009
0.96600000	0.86476187
0.96700000	0.92728337
0.96800000	0.98915698
0.96900000	1.05232637
0.97000000	1.12100284
0.97100000	1.19648217
0.97200000	1.27098966
0.97300000	1.34322954
0.97400000	1.41611731
0.97500000	1.48900507
0.97600000	1.55735761
0.97700000	1.61890728
0.97800000	1.68304852
0.97900000	1.74492215
0.98000000	1.80938734
0.98100000	1.87417648
0.98200000	1.94609242
0.98300000	2.02059994
0.98400000	2.09802297
0.98500000	2.17706573
0.98600000	2.26031979
0.98700000	2.34778516
0.98800000	2.43784209
0.98900000	2.53081454
0.99000000	2.62151938
0.99100000	2.70736504
0.99200000	2.79256282
0.99300000	2.87678876
0.99400000	2.96425417
0.99500000	3.05107170
0.99600000	3.13270610
0.99700000	3.20980526
0.99800000	3.28560864
0.99900000	3.35590495
1.00000000	3.41777866
1.00100000	3.47576502
1.00200000	3.52792036
1.00300000	3.57456861
1.00400000	3.62316054
1.00500000	3.66721723
1.00600000	3.71030209
1.00700000	3.75047143
1.00800000	3.79096471
1.00900000	3.83890877
1.01000000	3.88328942
1.01100000	3.92702218
1.01200000	3.96783943
1.01300000	4.00671299
1.01400000	4.04493867
1.01500000	4.07830516
1.01600000	4.10778429
1.01700000	4.13693947
1.01800000	4.15831994
1.01900000	4.17322148
1.02000000	4.18617934
1.02100000	4.19233432
1.02200000	4.19006669
1.02300000	4.18164409
1.02400000	4.16447492
1.02500000	4.14277051
1.02600000	4.11879847
1.02700000	4.09126302
1.02800000	4.05822048
1.02900000	4.02323426
1.03000000	3.98889594
1.03100000	3.95293789
1.03200000	3.91795168
1.03300000	3.88134574
1.03400000	3.84214823
1.03500000	3.79841548
1.03600000	3.75824614
1.03700000	3.71904864
1.03800000	3.67337221
1.03900000	3.62801974
1.04000000	3.58201937
1.04100000	3.53537112
1.04200000	3.49066654
1.04300000	3.44272251
1.04400000	3.38344037
1.04500000	3.31476379
1.04600000	3.23960830
1.04700000	3.16153729
1.04800000	3.08249446
1.04900000	3.00021218
1.05000000	2.91760595
1.05100000	2.83305606
1.05200000	2.75271747
1.05300000	2.67270283
1.05400000	2.59560372
1.05500000	2.52077222
1.05600000	2.44820836
1.05700000	2.37532055
1.05800000	2.30243274
1.05900000	2.23861543
1.06000000	2.17836151
1.06100000	2.12231890
1.06200000	2.06951574
1.06300000	2.01412102
1.06400000	1.95872631
1.06500000	1.90203581
1.06600000	1.84890871
1.06700000	1.79319005
1.06800000	1.73811929
1.06900000	1.68078090
1.07000000	1.62376647
1.07100000	1.56059706
1.07200000	1.50034317
1.07300000	1.43976534
1.07400000	1.38275091
1.07500000	1.32703226
1.07600000	1.27584885
1.07700000	1.23308803
1.07800000	1.19518639
1.07900000	1.15825659
1.08000000	1.12294652
1.08100000	1.09281957
1.08200000	1.07046733
1.08300000	1.05362216
1.08400000	1.04422773
1.08500000	1.03645304
1.08600000	1.03677698
1.08700000	1.04196011
1.08800000	1.05103059
1.08900000	1.06236869
1.09000000	1.06852365
1.09100000	1.07662229
1.09200000	1.08407304
1.09300000	1.09314352
1.09400000	1.10545345
1.09500000	1.11905917
1.09600000	1.13234094
1.09700000	1.14627060
1.09800000	1.16505945
1.09900000	1.18546802
1.10000000	1.21656680
1.10100000	1.24766558
1.10200000	1.28006014
1.10300000	1.31796178
1.10400000	1.35553947
1.10500000	1.40121581
1.10600000	1.45239922
1.10700000	1.51200522
1.10800000	1.56934360
1.10900000	1.62992143
1.11000000	1.69211900
1.11100000	1.75723208
1.11200000	1.82461278
1.11300000	1.89458506
1.11400000	1.95969814
1.11500000	2.01962810
1.11600000	2.08506514
1.11700000	2.14985429
1.11800000	2.21399555
1.11900000	2.27651708
1.12000000	2.33839073
1.12100000	2.39508124
1.12200000	2.44885625
1.12300000	2.50263126
1.12400000	2.55867389
1.12500000	2.61698414
1.12600000	2.67659018
1.12700000	2.73587228
1.12800000	2.79612622
1.12900000	2.86383092
1.13000000	2.93023984
1.13100000	2.99178958
1.13200000	3.05042381
1.13300000	3.10905804
1.13400000	3.16995989
1.13500000	3.22859413
1.13600000	3.28301707
1.13700000	3.33160899
1.13800000	3.37858117
1.13900000	3.42360969
1.14000000	3.46701847
1.14100000	3.50880753
1.14200000	3.54832897
1.14300000	3.58072359
1.14400000	3.60761112
1.14500000	3.63158315
1.14600000	3.65134387
1.14700000	3.67175248
1.14800000	3.69216110
1.14900000	3.70706262
1.15000000	3.72002048
1.15100000	3.73071070
1.15200000	3.74172488
1.15300000	3.75014748
1.15400000	3.75662641
1.15500000	3.76310533
1.15600000	3.76861242
1.15700000	3.77217583
1.15800000	3.77347161
1.15900000	3.76990820
1.16000000	3.76407717
1.16100000	3.75759825
1.16200000	3.74593618
1.16300000	3.73135860
1.16400000	3.70738657
1.16500000	3.67563984
1.16600000	3.63676629
1.16700000	3.59627301
1.16800000	3.55642762
1.16900000	3.52144143
1.17000000	3.48418762
1.17100000	3.44142673
1.17200000	3.40255319
1.17300000	3.35720073
1.17400000	3.31087644
1.17500000	3.26098874
1.17600000	3.21304472
1.17700000	3.16672043
1.17800000	3.12331166
1.17900000	3.07860711
1.18000000	3.02742364
1.18100000	2.97721201
1.18200000	2.93023984
1.18300000	2.88423952
1.18400000	2.83143633
1.18500000	2.77636552
1.18600000	2.72356234
1.18700000	2.66071684
1.18800000	2.60013896
1.18900000	2.54377238
1.19000000	2.48934948
1.19100000	2.43071528
1.19200000	2.36916558
1.19300000	2.30308064
1.19400000	2.24606618
1.19500000	2.19131934
1.19600000	2.13462884
1.19700000	2.08247357
1.19800000	2.03096620
1.19900000	1.98140251
1.20000000	1.93021908
1.20100000	1.88551458
1.20200000	1.84534531
1.20300000	1.80809155
1.20400000	1.77407726
1.20500000	1.73844323
1.20600000	1.70604867
1.20700000	1.67494988
1.20800000	1.64385110
1.20900000	1.60918891
1.21000000	1.57744224
1.21100000	1.54861107
1.21200000	1.51718835
1.21300000	1.48576562
1.21400000	1.45952602
1.21500000	1.43976534
1.21600000	1.42356806
1.21700000	1.40931445
1.21800000	1.39959608
1.21900000	1.38696220
1.22000000	1.37789172
1.22100000	1.37141281
1.22200000	1.36914519
1.22300000	1.36946913
1.22400000	1.37659594
1.22500000	1.38761009
1.22600000	1.39765240
1.22700000	1.41255390
1.22800000	1.43069486
1.22900000	1.45272316
1.23000000	1.47507541
1.23100000	1.50001923
1.23200000	1.52172359
1.23300000	1.54796318
1.23400000	1.57582251
1.23500000	1.60335789
1.23600000	1.63251300
1.23700000	1.66685124
1.23800000	1.69924581
1.23900000	1.72710513
1.24000000	1.75561235
1.24100000	1.79189427
1.24200000	1.82817619
1.24300000	1.86769756
1.24400000	1.90851472
1.24500000	1.95257134
1.24600000	2.00245898
1.24700000	2.05267056
1.24800000	2.09640324
1.24900000	2.14823456
1.25000000	2.20719269
1.25100000	2.26161558
1.25200000	2.31441874
1.25300000	2.36203877
1.25400000	2.40771513
1.25500000	2.45533517
1.25600000	2.50295520
1.25700000	2.55057524
1.25800000	2.60143474
1.25900000	2.64646322
1.26000000	2.69602694
1.26100000	2.73943569
1.26200000	2.78284444
1.26300000	2.82722503
1.26400000	2.86642249
1.26500000	2.90464811
1.26600000	2.94481741
1.26700000	2.98174725
1.26800000	3.01705737
1.26900000	3.05431116
1.27000000	3.08767760
1.27100000	3.12169193
1.27200000	3.15926967
1.27300000	3.19263612
1.27400000	3.22405888
1.27500000	3.25515771
1.27600000	3.28593259
1.27700000	3.31120038
1.27800000	3.33160899
1.27900000	3.34942602
1.28000000	3.37015858
1.28100000	3.38376431
1.28200000	3.40093346
1.28300000	3.41680682
1.28400000	3.42976467
1.28500000	3.43883516
1.28600000	3.44531408
1.28700000	3.44628592
1.28800000	3.44466619
1.28900000	3.44142673
1.29000000	3.43656753
1.29100000	3.42652520
1.29200000	3.41745471
1.29300000	3.41129973
1.29400000	3.40546870
1.29500000	3.39315875
1.29600000	3.37922907
1.29700000	3.36303176
1.29800000	3.35266548
1.29900000	3.33711607
1.30000000	3.31735536
1.30100000	3.29338335
1.30200000	3.26811555
1.30300000	3.24317170
1.30400000	3.21984758
1.30500000	3.19587558
1.30600000	3.16672043
1.30700000	3.13076242
1.30800000	3.08638181
1.30900000	3.04005753
1.31000000	3.00150796
1.31100000	2.96716969
1.31200000	2.93412720
1.31300000	2.89719736
1.31400000	2.85476044
1.31500000	2.81361930
1.31600000	2.77247817
1.31700000	2.73101309
1.31800000	2.68695645
1.31900000	2.64613927
1.32000000	2.60920944
1.32100000	2.57649091
1.32200000	2.54150476
1.32300000	2.50781439
1.32400000	2.47153246
1.32500000	2.43103923
1.32600000	2.39184178
1.32700000	2.35458802
1.32800000	2.31409479
1.32900000	2.27036211
1.33000000	2.23148862
1.33100000	2.19520669
1.33200000	2.16054450
1.33300000	2.12491046
1.33400000	2.08441725
1.33500000	2.04424798
1.33600000	2.01023367
1.33700000	1.98334618
1.33800000	1.95581079
1.33900000	1.93216276
1.34000000	1.91013445
1.34100000	1.88551458
1.34200000	1.86186654
1.34300000	1.83919034
1.34400000	1.82007754
1.34500000	1.80161264
1.34600000	1.78671114
1.34700000	1.77504909
1.34800000	1.76144338
1.34900000	1.74848555
1.35000000	1.73779534
1.35100000	1.73455588
1.35200000	1.72742908
1.35300000	1.71609098
1.35400000	1.71090785
1.35500000	1.70604867
1.35600000	1.70086553
1.35700000	1.69924581
1.35800000	1.70410499
1.35900000	1.70993601
1.36000000	1.71609098
1.36100000	1.72321779
1.36200000	1.73293616
1.36300000	1.74297847
1.36400000	1.75626025
1.36500000	1.76954202
1.36600000	1.78865481
1.36700000	1.81262679
1.36800000	1.83659878
1.36900000	1.86121865
1.37000000	1.88681036
1.37100000	1.91013445
1.37200000	1.93151487
1.37300000	1.94803610
1.37400000	1.97103624
1.37500000	2.00181109
1.37600000	2.03355777
1.37700000	2.06238894
1.37800000	2.09251589
1.37900000	2.12167101
1.38000000	2.15406558
1.38100000	2.19196724
1.38200000	2.22403787
1.38300000	2.25610850
1.38400000	2.29044675
1.38500000	2.31830609
1.38600000	2.35620775
1.38700000	2.39054600
1.38800000	2.42294058
1.38900000	2.45792673
1.39000000	2.49356077
1.39100000	2.52303984
1.39200000	2.55770205
1.39300000	2.59689950
1.39400000	2.63253354
1.39500000	2.66363235
1.39600000	2.69213959
1.39700000	2.72323839
1.39800000	2.75336536
1.39900000	2.78090076
1.40000000	2.80908406
1.40100000	2.83597157
1.40200000	2.86091541
1.40300000	2.88812687
1.40400000	2.91469044
1.40500000	2.94028217
1.40600000	2.96457812
1.40700000	2.98563461
1.40800000	3.00604320
1.40900000	3.02904337
1.41000000	3.04945197
1.41100000	3.06500138
1.41200000	3.07795922
1.41300000	3.08800154
1.41400000	3.09480441
1.41500000	3.10484674
1.41600000	3.11683274
1.41700000	3.13043847
1.41800000	3.14372026
1.41900000	3.15473443
1.42000000	3.16024151
1.42100000	3.16704438
1.42200000	3.17514303
1.42300000	3.18291773
1.42400000	3.18388957
1.42500000	3.18032617
1.42600000	3.17319935
1.42700000	3.16445281
1.42800000	3.15700205
1.42900000	3.14695972
1.43000000	3.13529766
1.43100000	3.12363561
1.43200000	3.11262144
1.43300000	3.09739598
1.43400000	3.07925500
1.43500000	3.06111402
1.43600000	3.04815618
1.43700000	3.03746597
1.43800000	3.02126867
1.43900000	3.00021218
1.44000000	2.97980358
1.44100000	2.96263444
1.44200000	2.94449347
1.44300000	2.91792990
1.44400000	2.89201422
1.44500000	2.86901406
1.44600000	2.84245049
1.44700000	2.81297141
1.44800000	2.78770363
1.44900000	2.76146401
1.45000000	2.72971731
1.45100000	2.69505510
1.45200000	2.66136473
1.45300000	2.63188565
1.45400000	2.60532209
1.45500000	2.57973037
1.45600000	2.55413865
1.45700000	2.52951876
1.45800000	2.50198336
1.45900000	2.47250429
1.46000000	2.44075760
1.46100000	2.41257432
1.46200000	2.38601076
1.46300000	2.35782748
1.46400000	2.33482732
1.46500000	2.31117928
1.46600000	2.28558756
1.46700000	2.26355925
1.46800000	2.23958726
1.46900000	2.21205187
1.47000000	2.18872778
1.47100000	2.16378395
1.47200000	2.13819224
1.47300000	2.11551604
1.47400000	2.09543140
1.47500000	2.07793833
1.47600000	2.05655791
1.47700000	2.03355777
1.47800000	2.01444497
1.47900000	2.00148714
1.48000000	1.98982509
1.48100000	1.97719121
1.48200000	1.96455733
1.48300000	1.95516290
1.48400000	1.95030372
1.48500000	1.93961351
1.48600000	1.93313459
1.48700000	1.92924725
1.48800000	1.92535990
1.48900000	1.92374017
1.49000000	1.92212044
1.49100000	1.91985282
1.49200000	1.91758520
1.49300000	1.91304996
1.49400000	1.91369785
1.49500000	1.91855704
1.49600000	1.92730357
1.49700000	1.93702194
1.49800000	1.94738821
1.49900000	1.95743052
1.50000000	1.96812073
1.50100000	1.97913489
1.50200000	1.99079693
1.50300000	2.00537449
1.50400000	2.01638864
1.50500000	2.02999436
1.50600000	2.04133246
1.50700000	2.05493819
1.50800000	2.07405098
1.50900000	2.10126243
1.51000000	2.12782598
1.51100000	2.14985429
1.51200000	2.16864314
1.51300000	2.18969962
1.51400000	2.20784058
1.51500000	2.22792522
1.51600000	2.25578455
1.51700000	2.28331994
1.51800000	2.30923561
1.51900000	2.33547522
1.52000000	2.35847537
1.52100000	2.38406709
1.52200000	2.41160248
1.52300000	2.44010971
1.52400000	2.46537749
1.52500000	2.48967342
1.52600000	2.51429331
1.52700000	2.53502584
1.52800000	2.55575838
1.52900000	2.58264588
1.53000000	2.61180101
1.53100000	2.63933641
1.53200000	2.66363235
1.53300000	2.68663251
1.53400000	2.70477348
1.53500000	2.72323839
1.53600000	2.74040753
1.53700000	2.76373163
1.53800000	2.78770363
1.53900000	2.80746433
1.54000000	2.82495741
1.54100000	2.84407022
1.54200000	2.86447882
1.54300000	2.88715503
1.54400000	2.90659179
1.54500000	2.92149330
1.54600000	2.92926801
1.54700000	2.94319768
1.54800000	2.95485974
1.54900000	2.96328233
1.55000000	2.97300071
1.55100000	2.97947963
1.55200000	2.98531066
1.55300000	2.99535299
1.55400000	3.00474742
1.55500000	3.01122634
1.55600000	3.01349396
1.55700000	3.01187423
1.55800000	3.01349396
1.55900000	3.01543764
1.56000000	3.01640948
1.56100000	3.01543764
1.56200000	3.01057845
1.56300000	3.00571926
1.56400000	3.00409953
1.56500000	3.00183191
1.56600000	2.99664877
1.56700000	2.98563461
1.56800000	2.97300071
1.56900000	2.96166260
1.57000000	2.94967660
1.57100000	2.93639482
1.57200000	2.92278909
1.57300000	2.90659179
1.57400000	2.88683109
1.57500000	2.86707038
1.57600000	2.84795757
1.57700000	2.82949265
1.57800000	2.81005590
1.57900000	2.79223887
1.58000000	2.77604158
1.58100000	2.75790061
1.58200000	2.74008358
1.58300000	2.72874547
1.58400000	2.71060450
1.58500000	2.68695645
1.58600000	2.66687181
1.58700000	2.64451954
1.58800000	2.61504047
1.58900000	2.58264588
1.59000000	2.55089919
1.59100000	2.52789903
1.59200000	2.50360309
1.59300000	2.48254661
1.59400000	2.46408170
1.59500000	2.44237733
1.59600000	2.41710956
1.59700000	2.39378546
1.59800000	2.36884163
1.59900000	2.34584148
1.60000000	2.32316528
1.60100000	2.30340458
1.60200000	2.28526362
1.60300000	2.26939027
1.60400000	2.25319299
1.60500000	2.23278440
1.60600000	2.20881242
1.60700000	2.18646016
1.60800000	2.17415022
1.60900000	2.16475579
1.61000000	2.15115007
1.61100000	2.13786829
1.61200000	2.12620625
1.61300000	2.11130474
1.61400000	2.09705113
1.61500000	2.08441725
1.61600000	2.07469887
1.61700000	2.06757207
1.61800000	2.05979737
1.61900000	2.04975505
1.62000000	2.04230430
1.62100000	2.03841695
1.62200000	2.03841695
1.62300000	2.03971274
1.62400000	2.04198036
1.62500000	2.03809301
1.62600000	2.03582539
1.62700000	2.03679722
1.62800000	2.03971274
1.62900000	2.04489587
1.63000000	2.05105084
1.63100000	2.05850159
1.63200000	2.06336077
1.63300000	2.06692418
1.63400000	2.07567071
1.63500000	2.08474119
1.63600000	2.09251589
1.63700000	2.10158637
1.63800000	2.11357236
1.63900000	2.12555836
1.64000000	2.14078381
1.64100000	2.15438953
1.64200000	2.17965730
1.64300000	2.20557296
1.64400000	2.22824916
1.64500000	2.24800985
1.64600000	2.26420714
1.64700000	2.28072838
1.64800000	2.30048907
1.64900000	2.31895398
1.65000000	2.33612311
1.65100000	2.35944720
1.65200000	2.37953184
1.65300000	2.39864465
1.65400000	2.41808140
1.65500000	2.44010971
1.65600000	2.46149014
1.65700000	2.48060294
1.65800000	2.49615234
1.65900000	2.51332147
1.66000000	2.53794135
1.66100000	2.56094151
1.66200000	2.58005431
1.66300000	2.60208263
1.66400000	2.62054755
1.66500000	2.64095614
1.66600000	2.66557602
1.66700000	2.68047753
1.66800000	2.70056218
1.66900000	2.71999893
1.67000000	2.73360466
1.67100000	2.74397093
1.67200000	2.75401325
1.67300000	2.76502742
1.67400000	2.78025287
1.67500000	2.79904174
1.67600000	2.81945033
1.67700000	2.83338001
1.67800000	2.84439417
1.67900000	2.85573227
1.68000000	2.86156330
1.68100000	2.86869011
1.68200000	2.87484509
1.68300000	2.88035217
1.68400000	2.88618319
1.68500000	2.89331001
1.68600000	2.89654946
1.68700000	2.89557763
1.68800000	2.89719736
1.68900000	2.89849314
1.69000000	2.89590157
1.69100000	2.89622552
1.69200000	2.89590157
1.69300000	2.89007055
1.69400000	2.88942265
1.69500000	2.88456346
1.69600000	2.87614087
1.69700000	2.86933800
1.69800000	2.86545065
1.69900000	2.86253514
1.70000000	2.85411255
1.70100000	2.83985892
1.70200000	2.82852082
1.70300000	2.82042217
1.70400000	2.81167563
1.70500000	2.80228120
1.70600000	2.79418255
1.70700000	2.78252049
1.70800000	2.76664714
1.70900000	2.75044985
1.71000000	2.73490045
1.71100000	2.71773131
1.71200000	2.70121007
1.71300000	2.68533672
1.71400000	2.66589997
1.71500000	2.64808295
1.71600000	2.62897014
1.71700000	2.61180101
1.71800000	2.59139242
1.71900000	2.57487118
1.72000000	2.56191335
1.72100000	2.54992735
1.72200000	2.53567373
1.72300000	2.51947644
1.72400000	2.50425099
1.72500000	2.48546213
1.72600000	2.46829300
1.72700000	2.45177176
1.72800000	2.43978577
1.72900000	2.42423637
1.73000000	2.40706724
1.73100000	2.39022206
1.73200000	2.36657401
1.73300000	2.34746121
1.73400000	2.32996814
1.73500000	2.31377085
1.73600000	2.30405247
1.73700000	2.30113696
1.73800000	2.29530594
1.73900000	2.28040443
1.74000000	2.26777055
1.74100000	2.25481271
1.74200000	2.24088305
1.74300000	2.23310835
1.74400000	2.21982657
1.74500000	2.20913636
1.74600000	2.20622085
1.74700000	2.20751663
1.74800000	2.20395323
1.74900000	2.19844615
1.75000000	2.18743200
1.75100000	2.18062913
1.75200000	2.17674179
1.75300000	2.17350233
1.75400000	2.17188260
1.75500000	2.17026287
1.75600000	2.17123471
1.75700000	2.17091076
1.75800000	2.17155865
1.75900000	2.17155865
1.76000000	2.17576995
1.76100000	2.17868546
1.76200000	2.18581227
1.76300000	2.19164329
1.76400000	2.19164329
1.76500000	2.19585459
1.76600000	2.20168561
1.76700000	2.21205187
1.76800000	2.22079841
1.76900000	2.22630549
1.77000000	2.23408019
1.77100000	2.24477040
1.77200000	2.25643244
1.77300000	2.26453109
1.77400000	2.27619314
1.77500000	2.28429178
1.77600000	2.29627777
1.77700000	2.31117928
1.77800000	2.32284133
1.77900000	2.33677100
1.78000000	2.35232040
1.78100000	2.36916558
1.78200000	2.37953184
1.78300000	2.39475730
1.78400000	2.41516588
1.78500000	2.43687025
1.78600000	2.45371544
1.78700000	2.46602538
1.78800000	2.46991273
1.78900000	2.47509586
1.79000000	2.48578607
1.79100000	2.50101153
1.79200000	2.52044828
1.79300000	2.54150476
1.79400000	2.55478654
1.79500000	2.56644859
1.79600000	2.57001199
1.79700000	2.57584302
1.79800000	2.58361772
1.79900000	2.59851923
1.80000000	2.61568836
1.80100000	2.63544906
1.80200000	2.65294213
1.80300000	2.66006894
1.80400000	2.66395629
1.80500000	2.66881548
1.80600000	2.67918175
1.80700000	2.69278748
1.80800000	2.70671715
1.80900000	2.71546369
1.81000000	2.72421023
1.81100000	2.73263282
1.81200000	2.73781596
1.81300000	2.74008358
1.81400000	2.74688644
1.81500000	2.75433720
1.81600000	2.75984428
1.81700000	2.76502742
1.81800000	2.76535136
1.81900000	2.76275979
1.82000000	2.76081612
1.82100000	2.75595693
1.82200000	2.75206958
1.82300000	2.75368931
1.82400000	2.76146401
1.82500000	2.76437952
1.82600000	2.76437952
1.82700000	2.76081612
1.82800000	2.75854850
1.82900000	2.75563298
1.83000000	2.75530904
1.83100000	2.75304142
1.83200000	2.74656250
1.83300000	2.73911174
1.83400000	2.73425255
1.83500000	2.72809758
1.83600000	2.72323839
1.83700000	2.72194261
1.83800000	2.71708342
1.83900000	2.70801294
1.84000000	2.70121007
1.84100000	2.68760434
1.84200000	2.67950570
1.84300000	2.66978732
1.84400000	2.65780132
1.84500000	2.64646322
1.84600000	2.63739273
1.84700000	2.62929409
1.84800000	2.62281517
1.84900000	2.61504047
1.85000000	2.60661787
1.85100000	2.59301215
1.85200000	2.57519513
1.85300000	2.56288518
1.85400000	2.54830762
1.85500000	2.53243427
1.85600000	2.52044828
1.85700000	2.51299752
1.85800000	2.50198336
1.85900000	2.49388472
1.86000000	2.48319451
1.86100000	2.47088456
1.86200000	2.46116619
1.86300000	2.45306754
1.86400000	2.44270128
1.86500000	2.43168712
1.86600000	2.42585610
1.86700000	2.42164480
1.86800000	2.41225037
1.86900000	2.40317989
1.87000000	2.39475730
1.87100000	2.38244736
1.87200000	2.36948952
1.87300000	2.36268666
1.87400000	2.35232040
1.87500000	2.34584148
1.87600000	2.34130624
1.87700000	2.33288365
1.87800000	2.32348922
1.87900000	2.31603847
1.88000000	2.31020744
1.88100000	2.30632009
1.88200000	2.30178485
1.88300000	2.29530594
1.88400000	2.29368621
1.88500000	2.29206648
1.88600000	2.29336226
1.88700000	2.29077070
1.88800000	2.28655940
1.88900000	2.28299600
1.89000000	2.28170021
1.89100000	2.27878470
1.89200000	2.27684103
1.89300000	2.27327762
1.89400000	2.27684103
1.89500000	2.28040443
1.89600000	2.28526362
1.89700000	2.28720729
1.89800000	2.28688335
1.89900000	2.28461573
1.90000000	2.28526362
1.90100000	2.29239043
1.90200000	2.30178485
1.90300000	2.30923561
1.90400000	2.31409479
1.90500000	2.31960187
1.90600000	2.31863003
1.90700000	2.31409479
1.90800000	2.31895398
1.90900000	2.32996814
1.91000000	2.34098229
1.91100000	2.34843305
1.91200000	2.35523591
1.91300000	2.36268666
1.91400000	2.37467266
1.91500000	2.38439103
1.91600000	2.39281362
1.91700000	2.40512356
1.91800000	2.41840534
1.91900000	2.42877161
1.92000000	2.43395474
1.92100000	2.43913787
1.92200000	2.44626468
1.92300000	2.45857462
1.92400000	2.47153246
1.92500000	2.48027899
1.92600000	2.48611002
1.92700000	2.49356077
1.92800000	2.50101153
1.92900000	2.50975806
1.93000000	2.52109617
1.93100000	2.53826530
1.93200000	2.55122313
1.93300000	2.56061756
1.93400000	2.56223729
1.93500000	2.56806832
1.93600000	2.57875853
1.93700000	2.59074453
1.93800000	2.59787134
1.93900000	2.60564604
1.94000000	2.61374468
1.94100000	2.61925176
1.94200000	2.62573068
1.94300000	2.63480117
1.94400000	2.64451954
1.94500000	2.65035057
1.94600000	2.65844921
1.94700000	2.66816759
1.94800000	2.67011127
1.94900000	2.67529440
1.95000000	2.68242121
1.95100000	2.68598462
1.95200000	2.69084380
1.95300000	2.69311142
1.95400000	2.68825224
1.95500000	2.68144937
1.95600000	2.68112543
1.95700000	2.68598462
1.95800000	2.69278748
1.95900000	2.70153402
1.96000000	2.70833688
1.96100000	2.71060450
1.96200000	2.71092845
1.96300000	2.70509742
1.96400000	2.70282980
1.96500000	2.70185796
1.96600000	2.69959034
1.96700000	2.69570299
1.96800000	2.68890013
1.96900000	2.68306910
1.97000000	2.67918175
1.97100000	2.67464651
1.97200000	2.67108310
1.97300000	2.66784365
1.97400000	2.66460419
1.97500000	2.66136473
1.97600000	2.65132241
1.97700000	2.64225192
1.97800000	2.63771668
1.97900000	2.63739273
1.98000000	2.63642090
1.98100000	2.62929409
1.98200000	2.62054755
1.98300000	2.60856155
1.98400000	2.59884317
1.98500000	2.58847691
1.98600000	2.58102615
1.98700000	2.57260356
1.98800000	2.56580070
1.98900000	2.56158940
1.99000000	2.55381470
1.99100000	2.54085687
1.99200000	2.52660325
1.99300000	2.51364541
1.99400000	2.50263126
1.99500000	2.49258894
1.99600000	2.48740580
1.99700000	2.48222267
1.99800000	2.47153246
1.99900000	2.46019435
2.00000000	2.44788441
2.00100000	2.44075760
2.00200000	2.43687025
2.00300000	2.43363079
2.00400000	2.43071528
2.00500000	2.42456031
2.00600000	2.41743350
2.00700000	2.40415173
2.00800000	2.39054600
2.00900000	2.38244736
2.01000000	2.37726422
2.01100000	2.36948952
2.01200000	2.35782748
2.01300000	2.35005278
2.01400000	2.34357386
2.01500000	2.33968651
2.01600000	2.33774284
2.01700000	2.33353154
2.01800000	2.33191181
2.01900000	2.32543290
2.02000000	2.31701031
2.02100000	2.30793982
2.02200000	2.30891166
2.02300000	2.30891166
2.02400000	2.30955955
2.02500000	2.31312296
2.02600000	2.31830609
2.02700000	2.31895398
2.02800000	2.31474268
2.02900000	2.31020744
2.03000000	2.31150323
2.03100000	2.30793982
2.03200000	2.30372853
2.03300000	2.30372853
2.03400000	2.30793982
2.03500000	2.31312296
2.03600000	2.31798214
2.03700000	2.32154555
2.03800000	2.32705262
2.03900000	2.33061603
2.04000000	2.33677100
2.04100000	2.34324991
2.04200000	2.35426407
2.04300000	2.36948952
2.04400000	2.37758817
2.04500000	2.38179946
2.04600000	2.38277130
2.04700000	2.38439103
2.04800000	2.39540519
2.04900000	2.40739118
2.05000000	2.42002507
2.05100000	2.42779977
2.05200000	2.43363079
2.05300000	2.43913787
2.05400000	2.44723652
2.05500000	2.45760279
2.05600000	2.46375776
2.05700000	2.47315219
2.05800000	2.48384240
2.05900000	2.48967342
2.06000000	2.49226499
2.06100000	2.50003969
2.06200000	2.50878623
2.06300000	2.51980039
2.06400000	2.53146244
2.06500000	2.54442027
2.06600000	2.55284286
2.06700000	2.55770205
2.06800000	2.56515280
2.06900000	2.57389934
2.07000000	2.58815296
2.07100000	2.60111080
2.07200000	2.60596998
2.07300000	2.60985733
2.07400000	2.61763203
2.07500000	2.62540674
2.07600000	2.62897014
2.07700000	2.63512511
2.07800000	2.64549138
2.07900000	2.65067451
2.08000000	2.65456186
2.08100000	2.65618159
2.08200000	2.65715343
2.08300000	2.65780132
2.08400000	2.65909711
2.08500000	2.66071684
2.08600000	2.66363235
2.08700000	2.66751970
2.08800000	2.66849154
2.08900000	2.67043521
2.09000000	2.67140705
2.09100000	2.66849154
2.09200000	2.66428024
2.09300000	2.66298446
2.09400000	2.66201262
2.09500000	2.66654786
2.09600000	2.66913943
2.09700000	2.67173100
2.09800000	2.66654786
2.09900000	2.65812527
2.10000000	2.65164635
2.10100000	2.65067451
2.10200000	2.65326608
2.10300000	2.65585765
2.10400000	2.65909711
2.10500000	2.65423792
2.10600000	2.64257587
2.10700000	2.63382933
2.10800000	2.62670252
2.10900000	2.61666020
2.11000000	2.60823760
2.11100000	2.59981501
2.11200000	2.58944874
2.11300000	2.58556139
2.11400000	2.58199799
2.11500000	2.57422329
2.11600000	2.56385702
2.11700000	2.55673021
2.11800000	2.55154708
2.11900000	2.54344843
2.12000000	2.53729346
2.12100000	2.53016665
2.12200000	2.52303984
2.12300000	2.51364541
2.12400000	2.50878623
2.12500000	2.50392704
2.12600000	2.49582839
2.12700000	2.48805369
2.12800000	2.47606770
2.12900000	2.46602538
2.13000000	2.45695489
2.13100000	2.44885625
2.13200000	2.44334917
2.13300000	2.43525052
2.13400000	2.42974345
2.13500000	2.42358847
2.13600000	2.41613772
2.13700000	2.40933486
2.13800000	2.40479962
2.13900000	2.40220805
2.14000000	2.40026438
2.14100000	2.39475730
2.14200000	2.39054600
2.14300000	2.38601076
2.14400000	2.38179946
2.14500000	2.38115157
2.14600000	2.38017974
2.14700000	2.37888395
2.14800000	2.37175714
2.14900000	2.36722190
2.15000000	2.36527823
2.15100000	2.36463034
2.15200000	2.36527823
2.15300000	2.36365850
2.15400000	2.36041904
2.15500000	2.35685564
2.15600000	2.35458802
2.15700000	2.35426407
2.15800000	2.35394013
2.15900000	2.35361618
2.16000000	2.35717958
2.16100000	2.35717958
2.16200000	2.35458802
2.16300000	2.35750353
2.16400000	2.36657401
2.16500000	2.37532055
2.16600000	2.38082763
2.16700000	2.38244736
2.16800000	2.38277130
2.16900000	2.38665865
2.17000000	2.39313757
2.17100000	2.39605308
2.17200000	2.39767281
2.17300000	2.39864465
2.17400000	2.40317989
2.17500000	2.40803908
2.17600000	2.41840534
2.17700000	2.42877161
2.17800000	2.43784209
2.17900000	2.44594074
2.18000000	2.44658863
2.18100000	2.45047598
2.18200000	2.45889857
2.18300000	2.46602538
2.18400000	2.47315219
2.18500000	2.48092689
2.18600000	2.48513818
2.18700000	2.48708186
2.18800000	2.49129315
2.18900000	2.50101153
2.19000000	2.51396936
2.19100000	2.52757509
2.19200000	2.53470189
2.19300000	2.53437795
2.19400000	2.52822298
2.19500000	2.53146244
2.19600000	2.53599768
2.19700000	2.54863157
2.19800000	2.55543443
2.19900000	2.56256124
2.20000000	2.56385702
2.20100000	2.57098383
2.20200000	2.57746275
2.20300000	2.58264588
2.20400000	2.58718112
2.20500000	2.59106847
2.20600000	2.59657555
2.20700000	2.59916712
2.20800000	2.59949107
2.20900000	2.60111080
2.21000000	2.60078685
2.21100000	2.60532209
2.21200000	2.60920944
2.21300000	2.61374468
2.21400000	2.61471652
2.21500000	2.61892782
2.21600000	2.62087149
2.21700000	2.61536441
2.21800000	2.61018128
2.21900000	2.60694182
2.22000000	2.60823760
2.22100000	2.61471652
2.22200000	2.61633625
2.22300000	2.61309679
2.22400000	2.61244890
2.22500000	2.61309679
2.22600000	2.61212495
2.22700000	2.60629393
2.22800000	2.60532209
2.22900000	2.60758971
2.23000000	2.60370236
2.23100000	2.59851923
2.23200000	2.59689950
2.23300000	2.59204031
2.23400000	2.58394166
2.23500000	2.57487118
2.23600000	2.56806832
2.23700000	2.56677253
2.23800000	2.56839226
2.23900000	2.56644859
2.24000000	2.56191335
2.24100000	2.55737810
2.24200000	2.55511048
2.24300000	2.55154708
2.24400000	2.54733578
2.24500000	2.53956108
2.24600000	2.52887087
2.24700000	2.52109617
2.24800000	2.52044828
2.24900000	2.52077222
2.25000000	2.51720882
2.25100000	2.51137779
2.25200000	2.50457493
2.25300000	2.50036364
2.25400000	2.50003969
2.25500000	2.49712418
2.25600000	2.48837764
2.25700000	2.47833532
2.25800000	2.47056062
2.25900000	2.46667327
2.26000000	2.46440565
2.26100000	2.46051830
2.26200000	2.46213803
2.26300000	2.46634932
2.26400000	2.46408170
2.26500000	2.45987041
2.26600000	2.45371544
2.26700000	2.44723652
2.26800000	2.44075760
2.26900000	2.43589842
2.27000000	2.43265896
2.27100000	2.43006739
2.27200000	2.42779977
2.27300000	2.42196875
2.27400000	2.42034902
2.27500000	2.42294058
2.27600000	2.42715188
2.27700000	2.42715188
2.27800000	2.42294058
2.27900000	2.41808140
2.28000000	2.42067296
2.28100000	2.42099691
2.28200000	2.41581378
2.28300000	2.41419405
2.28400000	2.41646167
2.28500000	2.41937718
2.28600000	2.41970112
2.28700000	2.42002507
2.28800000	2.41354615
2.28900000	2.41581378
2.29000000	2.41840534
2.29100000	2.42229269
2.29200000	2.41905323
2.29300000	2.41808140
2.29400000	2.42002507
2.29500000	2.42229269
2.29600000	2.42618004
2.29700000	2.42682793
2.29800000	2.42715188
2.29900000	2.42812372
2.30000000	2.43103923
2.30100000	2.43395474
2.30200000	2.44108155
2.30300000	2.45403938
2.30400000	2.46375776
2.30500000	2.46181408
2.30600000	2.45987041
2.30700000	2.45760279
2.30800000	2.46116619
2.30900000	2.46829300
2.31000000	2.47541981
2.31100000	2.47963110
2.31200000	2.47736348
2.31300000	2.47671559
2.31400000	2.47833532
2.31500000	2.48222267
2.31600000	2.48999737
2.31700000	2.49550445
2.31800000	2.49906785
2.31900000	2.49874391
2.32000000	2.49939180
2.32100000	2.49939180
2.32200000	2.50587071
2.32300000	2.51040596
2.32400000	2.51850460
2.32500000	2.52303984
2.32600000	2.52206801
2.32700000	2.52109617
2.32800000	2.52077222
2.32900000	2.51785671
2.33000000	2.51591304
2.33100000	2.52433563
2.33200000	2.53567373
2.33300000	2.54377238
2.33400000	2.54215265
2.33500000	2.54020897
2.33600000	2.53826530
2.33700000	2.54765973
2.33800000	2.55316681
2.33900000	2.55251892
2.34000000	2.55381470
2.34100000	2.55834994
2.34200000	2.55899783
2.34300000	2.55640627
2.34400000	2.55446259
2.34500000	2.55575838
2.34600000	2.55737810
2.34700000	2.55964573
2.34800000	2.56450491
2.34900000	2.56806832
2.35000000	2.56709648
2.35100000	2.56806832
2.35200000	2.56612464
2.35300000	2.56580070
2.35400000	2.56612464
2.35500000	2.56839226
2.35600000	2.57292751
2.35700000	2.57098383
2.35800000	2.56612464
2.35900000	2.56353308
2.36000000	2.56126545
2.36100000	2.56094151
2.36200000	2.56094151
2.36300000	2.55964573
2.36400000	2.55802600
2.36500000	2.56029362
2.36600000	2.56418097
2.36700000	2.56288518
2.36800000	2.56061756
2.36900000	2.55899783
2.37000000	2.55349075
2.37100000	2.54636395
2.37200000	2.53891319
2.37300000	2.53308217
2.37400000	2.53016665
2.37500000	2.53308217
2.37600000	2.53891319
2.37700000	2.53988503
2.37800000	2.53696952
2.37900000	2.53373006
2.38000000	2.53275822
2.38100000	2.53146244
2.38200000	2.52984271
2.38300000	2.52530747
2.38400000	2.52368774
2.38500000	2.52465957
2.38600000	2.52822298
2.38700000	2.52789903
2.38800000	2.52044828
2.38900000	2.51396936
2.39000000	2.50684255
2.39100000	2.49874391
2.39200000	2.49550445
2.39300000	2.49841996
2.39400000	2.50522282
2.39500000	2.50392704
2.39600000	2.50263126
2.39700000	2.50133547
2.39800000	2.49777207
2.39900000	2.48740580
2.40000000	2.48351845
2.40100000	2.48287056
2.40200000	2.48287056
2.40300000	2.48351845
2.40400000	2.48254661
2.40500000	2.47768743
2.40600000	2.47153246
2.40700000	2.46375776
2.40800000	2.45987041
2.40900000	2.46084224
2.41000000	2.46537749
2.41100000	2.46408170
2.41200000	2.45598306
2.41300000	2.44820836
2.41400000	2.45047598
2.41500000	2.45468727
2.41600000	2.46181408
2.41700000	2.46213803
2.41800000	2.46375776
2.41900000	2.45501122
2.42000000	2.44334917
2.42100000	2.43460263
2.42200000	2.43525052
2.42300000	2.43978577
2.42400000	2.43913787
2.42500000	2.43719420
2.42600000	2.43654631
2.42700000	2.43913787
2.42800000	2.44237733
2.42900000	2.44140549
2.43000000	2.43881393
2.43100000	2.43848998
2.43200000	2.44464495
2.43300000	2.44626468
2.43400000	2.44594074
2.43500000	2.44172944
2.43600000	2.44302522
2.43700000	2.44432101
2.43800000	2.44302522
2.43900000	2.44723652
2.44000000	2.44885625
2.44100000	2.45047598
2.44200000	2.44982809
2.44300000	2.45112387
2.44400000	2.45987041
2.44500000	2.46958878
2.44600000	2.47120851
2.44700000	2.46732116
2.44800000	2.46472959
2.44900000	2.45954646
2.45000000	2.45825068
2.45100000	2.46246197
2.45200000	2.47282824
2.45300000	2.48060294
2.45400000	2.48675791
2.45500000	2.49226499
2.45600000	2.49647629
2.45700000	2.49841996
2.45800000	2.49712418
2.45900000	2.49258894
2.46000000	2.49356077
2.46100000	2.50360309
2.46200000	2.51494120
2.46300000	2.52142012
2.46400000	2.52433563
2.46500000	2.52012433
2.46600000	2.51461725
2.46700000	2.51526514
2.46800000	2.51753277
2.46900000	2.52044828
2.47000000	2.52239195
2.47100000	2.52854692
2.47200000	2.53308217
2.47300000	2.53340611
2.47400000	2.53113849
2.47500000	2.53340611
2.47600000	2.53794135
2.47700000	2.54182870
2.47800000	2.54895551
2.47900000	2.55478654
2.48000000	2.55932178
2.48100000	2.55640627
2.48200000	2.55154708
2.48300000	2.54992735
2.48400000	2.55381470
2.48500000	2.55478654
2.48600000	2.56191335
2.48700000	2.56839226
2.48800000	2.56806832
2.48900000	2.56580070
2.49000000	2.55413865
2.49100000	2.54765973
2.49200000	2.54765973
2.49300000	2.55575838
2.49400000	2.56029362
2.49500000	2.56385702
2.49600000	2.56256124
2.49700000	2.55413865
2.49800000	2.54798367
2.49900000	2.54863157
2.50000000	2.55154708
2.50100000	2.55154708
2.50200000	2.55316681
2.50300000	2.55187102
2.50400000	2.55122313
2.50500000	2.55089919
2.50600000	2.54733578
2.50700000	2.54247660
2.50800000	2.54182870
2.50900000	2.53761741
2.51000000	2.52951876
2.51100000	2.52660325
2.51200000	2.52692719
2.51300000	2.52174406
2.51400000	2.51656093
2.51500000	2.51526514
2.51600000	2.51688487
2.51700000	2.51494120
2.51800000	2.51202569
2.51900000	2.51072990
2.52000000	2.50360309
2.52100000	2.50068758
2.52200000	2.50068758
2.52300000	2.50165942
2.52400000	2.50230731
2.52500000	2.50263126
2.52600000	2.49906785
2.52700000	2.49161710
2.52800000	2.48189872
2.52900000	2.47509586
2.53000000	2.47639164
2.53100000	2.48189872
2.53200000	2.48384240
2.53300000	2.47898321
2.53400000	2.47250429
2.53500000	2.46732116
2.53600000	2.46408170
2.53700000	2.45889857
2.53800000	2.45922251
2.53900000	2.45695489
2.54000000	2.45468727
2.54100000	2.45339149
2.54200000	2.44756047
2.54300000	2.44432101
2.54400000	2.44464495
2.54500000	2.44723652
2.54600000	2.44788441
2.54700000	2.44885625
2.54800000	2.45047598
2.54900000	2.44853230
2.55000000	2.44561679
2.55100000	2.44918019
2.55200000	2.45403938
2.55300000	2.45695489
2.55400000	2.45695489
2.55500000	2.45339149
2.55600000	2.44918019
2.55700000	2.44756047
2.55800000	2.44496890
2.55900000	2.44432101
2.56000000	2.45079992
2.56100000	2.45889857
2.56200000	2.46019435
2.56300000	2.46213803
2.56400000	2.46278592
2.56500000	2.45954646
2.56600000	2.46084224
2.56700000	2.45857462
2.56800000	2.46051830
2.56900000	2.46440565
2.57000000	2.46861694
2.57100000	2.47380008
2.57200000	2.47768743
2.57300000	2.47865926
2.57400000	2.47671559
2.57500000	2.47995505
2.57600000	2.48189872
2.57700000	2.48578607
2.57800000	2.48513818
2.57900000	2.49032131
2.58000000	2.49518050
2.58100000	2.49874391
2.58200000	2.50295520
2.58300000	2.50878623
2.58400000	2.51299752
2.58500000	2.51396936
2.58600000	2.51396936
2.58700000	2.51818066
2.58800000	2.52401168
2.58900000	2.52465957
2.59000000	2.52757509
2.59100000	2.53178638
2.59200000	2.53470189
2.59300000	2.53858924
2.59400000	2.54085687
2.59500000	2.54442027
2.59600000	2.54765973
2.59700000	2.54312449
2.59800000	2.53923714
2.59900000	2.54280054
2.60000000	2.54344843
2.60100000	2.54539211
2.60200000	2.54474422
2.60300000	2.55154708
2.60400000	2.55932178
2.60500000	2.56288518
2.60600000	2.55673021
2.60700000	2.55284286
2.60800000	2.55349075
2.60900000	2.55932178
2.61000000	2.55770205
2.61100000	2.55349075
2.61200000	2.54765973
2.61300000	2.54604000
2.61400000	2.54442027
2.61500000	2.54053292
2.61600000	2.53826530
2.61700000	2.53858924
2.61800000	2.53956108
2.61900000	2.53761741
2.62000000	2.53437795
2.62100000	2.53373006
2.62200000	2.53599768
2.62300000	2.53729346
2.62400000	2.53794135
2.62500000	2.54118081
2.62600000	2.53664557
2.62700000	2.53178638
2.62800000	2.52951876
2.62900000	2.52822298
2.63000000	2.52822298
2.63100000	2.52498352
2.63200000	2.51623698
2.63300000	2.50781439
2.63400000	2.50975806
2.63500000	2.51202569
2.63600000	2.51396936
2.63700000	2.50943412
2.63800000	2.50716650
2.63900000	2.50554677
2.64000000	2.50327915
2.64100000	2.49809601
2.64200000	2.48870159
2.64300000	2.48319451
2.64400000	2.48254661
2.64500000	2.47930716
2.64600000	2.47509586
2.64700000	2.47671559
2.64800000	2.47865926
2.64900000	2.47963110
2.65000000	2.48351845
2.65100000	2.48351845
2.65200000	2.48319451
2.65300000	2.47768743
2.65400000	2.47315219
2.65500000	2.46667327
2.65600000	2.45857462
2.65700000	2.45436333
2.65800000	2.45695489
2.65900000	2.46181408
2.66000000	2.46408170
2.66100000	2.46246197
2.66200000	2.46278592
2.66300000	2.46149014
2.66400000	2.46181408
2.66500000	2.46116619
2.66600000	2.46116619
2.66700000	2.46116619
2.66800000	2.46278592
2.66900000	2.46149014
2.67000000	2.46440565
2.67100000	2.46570143
2.67200000	2.46861694
2.67300000	2.47023667
2.67400000	2.47477191
2.67500000	2.47218035
2.67600000	2.46894089
2.67700000	2.46926484
2.67800000	2.46926484
2.67900000	2.47185640
2.68000000	2.47282824
2.68100000	2.47380008
2.68200000	2.47606770
2.68300000	2.47444797
2.68400000	2.47315219
2.68500000	2.47250429
2.68600000	2.48027899
2.68700000	2.48837764
2.68800000	2.48546213
2.68900000	2.48384240
2.69000000	2.48611002
2.69100000	2.48675791
2.69200000	2.49258894
2.69300000	2.48999737
2.69400000	2.48611002
2.69500000	2.48708186
2.69600000	2.49129315
2.69700000	2.50198336
2.69800000	2.50684255
2.69900000	2.51202569
2.70000000	2.50846228
2.70100000	2.50975806
2.70200000	2.51332147
2.70300000	2.51850460
2.70400000	2.52401168
2.70500000	2.52627930
2.70600000	2.52692719
2.70700000	2.52854692
2.70800000	2.52822298
2.70900000	2.52465957
2.71000000	2.52465957
2.71100000	2.52692719
2.71200000	2.53016665
2.71300000	2.52822298
2.71400000	2.52595536
2.71500000	2.52563141
2.71600000	2.52368774
2.71700000	2.52303984
2.71800000	2.52498352
2.71900000	2.52887087
2.72000000	2.53243427
2.72100000	2.53016665
2.72200000	2.52303984
2.72300000	2.52239195
2.72400000	2.53049060
2.72500000	2.53567373
2.72600000	2.53405400
2.72700000	2.53275822
2.72800000	2.53146244
2.72900000	2.53049060
2.73000000	2.53049060
2.73100000	2.52951876
2.73200000	2.52498352
2.73300000	2.52887087
2.73400000	2.52725114
2.73500000	2.52206801
2.73600000	2.52271590
2.73700000	2.52239195
2.73800000	2.52012433
2.73900000	2.51396936
2.74000000	2.51299752
2.74100000	2.51267358
2.74200000	2.51234963
2.74300000	2.51105385
2.74400000	2.50749044
2.74500000	2.50781439
2.74600000	2.51332147
2.74700000	2.52012433
2.74800000	2.51818066
2.74900000	2.51720882
2.75000000	2.51267358
2.75100000	2.51040596
2.75200000	2.50554677
2.75300000	2.49744812
2.75400000	2.48805369
2.75500000	2.48643396
2.75600000	2.48805369
2.75700000	2.49258894
2.75800000	2.49939180
2.75900000	2.49971574
2.76000000	2.49323683
2.76100000	2.49323683
2.76200000	2.49032131
2.76300000	2.49129315
2.76400000	2.49356077
2.76500000	2.49550445
2.76600000	2.49680023
2.76700000	2.49680023
2.76800000	2.49550445
2.76900000	2.49064526
2.77000000	2.48643396
2.77100000	2.48578607
2.77200000	2.48902553
2.77300000	2.48772975
2.77400000	2.48125083
2.77500000	2.48125083
2.77600000	2.48319451
2.77700000	2.48449029
2.77800000	2.48675791
2.77900000	2.48611002
2.78000000	2.48319451
2.78100000	2.48222267
2.78200000	2.47930716
2.78300000	2.47930716
2.78400000	2.48125083
2.78500000	2.48319451
2.78600000	2.48934948
2.78700000	2.48611002
2.78800000	2.47930716
2.78900000	2.47606770
2.79000000	2.48157478
2.79100000	2.48416634
2.79200000	2.49226499
2.79300000	2.49680023
2.79400000	2.49420866
2.79500000	2.49550445
2.79600000	2.49906785
2.79700000	2.50651861
2.79800000	2.50457493
2.79900000	2.49971574
2.80000000	2.49939180
2.80100000	2.50133547
2.80200000	2.50651861
2.80300000	2.51396936
2.80400000	2.51526514
2.80500000	2.51234963
2.80600000	2.50619466
2.80700000	2.49809601
2.80800000	2.49420866
2.80900000	2.49161710
2.81000000	2.49582839
2.81100000	2.49939180
2.81200000	2.50003969
2.81300000	2.49874391
2.81400000	2.50101153
2.81500000	2.50230731
2.81600000	2.50263126
2.81700000	2.50813834
2.81800000	2.51170174
2.81900000	2.51818066
2.82000000	2.52433563
2.82100000	2.52206801
2.82200000	2.51558909
2.82300000	2.51040596
2.82400000	2.50813834
2.82500000	2.50878623
2.82600000	2.51332147
2.82700000	2.51494120
2.82800000	2.51753277
2.82900000	2.51494120
2.83000000	2.50813834
2.83100000	2.50360309
2.83200000	2.50489888
2.83300000	2.50619466
2.83400000	2.50230731
2.83500000	2.49680023
2.83600000	2.49744812
2.83700000	2.50101153
2.83800000	2.50522282
2.83900000	2.50975806
2.84000000	2.51299752
2.84100000	2.51396936
2.84200000	2.51170174
2.84300000	2.50878623
2.84400000	2.50911017
2.84500000	2.50943412
2.84600000	2.50878623
2.84700000	2.50716650
2.84800000	2.50327915
2.84900000	2.49841996
2.85000000	2.49680023
2.85100000	2.49194104
2.85200000	2.48805369
2.85300000	2.48578607
2.85400000	2.49096921
2.85500000	2.49323683
2.85600000	2.49485656
2.85700000	2.49518050
2.85800000	2.49647629
2.85900000	2.49777207
2.86000000	2.50101153
2.86100000	2.50360309
2.86200000	2.50425099
2.86300000	2.49680023
2.86400000	2.49291288
2.86500000	2.49680023
2.86600000	2.50327915
2.86700000	2.50716650
2.86800000	2.50230731
2.86900000	2.49323683
2.87000000	2.48578607
2.87100000	2.48578607
2.87200000	2.48934948
2.87300000	2.49550445
2.87400000	2.50036364
2.87500000	2.50003969
2.87600000	2.49615234
2.87700000	2.48999737
2.87800000	2.48384240
2.87900000	2.48287056
2.88000000	2.48870159
2.88100000	2.49582839
2.88200000	2.49874391
2.88300000	2.50198336
2.88400000	2.49874391
2.88500000	2.49356077
2.88600000	2.48934948
2.88700000	2.49258894
2.88800000	2.49777207
2.88900000	2.50392704
2.89000000	2.50781439
2.89100000	2.51364541
2.89200000	2.51461725
2.89300000	2.50749044
2.89400000	2.50036364
2.89500000	2.49744812
2.89600000	2.50263126
2.89700000	2.50619466
2.89800000	2.50846228
2.89900000	2.50846228
2.90000000	2.50975806
2.90100000	2.51202569
2.90200000	2.51332147
2.90300000	2.51591304
2.90400000	2.51072990
2.90500000	2.50360309
2.90600000	2.50230731
2.90700000	2.50263126
2.90800000	2.50587071
2.90900000	2.50975806
2.91000000	2.51656093
2.91100000	2.51526514
2.91200000	2.51591304
2.91300000	2.51526514
2.91400000	2.51234963
2.91500000	2.51299752
2.91600000	2.51850460
2.91700000	2.51850460
2.91800000	2.52239195
2.91900000	2.52336379
2.92000000	2.51753277
2.92100000	2.50813834
2.92200000	2.50230731
2.92300000	2.50522282
2.92400000	2.51202569
2.92500000	2.51526514
2.92600000	2.51234963
2.92700000	2.50846228
2.92800000	2.51040596
2.92900000	2.50749044
2.93000000	2.50457493
2.93100000	2.50230731
2.93200000	2.50522282
2.93300000	2.50749044
2.93400000	2.50392704
2.93500000	2.49971574
2.93600000	2.50133547
2.93700000	2.49939180
2.93800000	2.50198336
2.93900000	2.50003969
2.94000000	2.49485656
2.94100000	2.49291288
2.94200000	2.49453261
2.94300000	2.49971574
2.94400000	2.50068758
2.94500000	2.49582839
2.94600000	2.49032131
2.94700000	2.48675791
2.94800000	2.48805369
2.94900000	2.49647629
2.95000000	2.49841996
2.95100000	2.49518050
2.95200000	2.49129315
2.95300000	2.48449029
2.95400000	2.47606770
2.95500000	2.47315219
2.95600000	2.47250429
2.95700000	2.47768743
2.95800000	2.48125083
2.95900000	2.47930716
2.96000000	2.48189872
2.96100000	2.48967342
2.96200000	2.48902553
2.96300000	2.49258894
2.96400000	2.49356077
2.96500000	2.49032131
2.96600000	2.48708186
2.96700000	2.48481424
2.96800000	2.48287056
2.96900000	2.48870159
2.97000000	2.49582839
2.97100000	2.49777207
2.97200000	2.49518050
2.97300000	2.48870159
2.97400000	2.48351845
2.97500000	2.48513818
2.97600000	2.48611002
2.97700000	2.48708186
2.97800000	2.48643396
2.97900000	2.49226499
2.98000000	2.49291288
2.98100000	2.49712418
2.98200000	2.49582839
2.98300000	2.49939180
2.98400000	2.50425099
2.98500000	2.50489888
2.98600000	2.50489888
2.98700000	2.50165942
2.98800000	2.50457493
2.98900000	2.50651861
2.99000000	2.50911017
2.99100000	2.51234963
2.99200000	2.51299752
2.99300000	2.50846228
2.99400000	2.50846228
2.99500000	2.51299752
2.99600000	2.51980039
2.99700000	2.52044828
2.99800000	2.52336379
2.99900000	2.52530747
3.00000000	2.52789903
3.00100000	2.52660325
3.00200000	2.52044828
3.00300000	2.51494120
3.00400000	2.51850460
3.00500000	2.52595536
3.00600000	2.53243427
3.00700000	2.53373006
3.00800000	2.53049060
3.00900000	2.53113849
3.01000000	2.53016665
3.01100000	2.52595536
3.01200000	2.52206801
3.01300000	2.51720882
3.01400000	2.51461725
3.01500000	2.51494120
3.01600000	2.52142012
3.01700000	2.52530747
3.01800000	2.52595536
3.01900000	2.52174406
3.02000000	2.51202569
3.02100000	2.50554677
3.02200000	2.50522282
3.02300000	2.50975806
3.02400000	2.51396936
3.02500000	2.51850460
3.02600000	2.52206801
3.02700000	2.52401168
3.02800000	2.52109617
3.02900000	2.51267358
3.03000000	2.50846228
3.03100000	2.50911017
3.03200000	2.51332147
3.03300000	2.51688487
3.03400000	2.51980039
3.03500000	2.51461725
3.03600000	2.51202569
3.03700000	2.50165942
3.03800000	2.49906785
3.03900000	2.50425099
3.04000000	2.50360309
3.04100000	2.50036364
3.04200000	2.49453261
3.04300000	2.48772975
3.04400000	2.48902553
3.04500000	2.49258894
3.04600000	2.49647629
3.04700000	2.50003969
3.04800000	2.49939180
3.04900000	2.49129315
3.05000000	2.48449029
3.05100000	2.48449029
3.05200000	2.48999737
3.05300000	2.49582839
3.05400000	2.49777207
3.05500000	2.49032131
3.05600000	2.48546213
3.05700000	2.48449029
3.05800000	2.48481424
3.05900000	2.48222267
3.06000000	2.47606770
3.06100000	2.47509586
3.06200000	2.47250429
3.06300000	2.47185640
3.06400000	2.47477191
3.06500000	2.47801137
3.06600000	2.47930716
3.06700000	2.47412402
3.06800000	2.46861694
3.06900000	2.46829300
3.07000000	2.47250429
3.07100000	2.47541981
3.07200000	2.47347613
3.07300000	2.47185640
3.07400000	2.47250429
3.07500000	2.47218035
3.07600000	2.47509586
3.07700000	2.47768743
3.07800000	2.47509586
3.07900000	2.46796905
3.08000000	2.46926484
3.08100000	2.47120851
3.08200000	2.47768743
3.08300000	2.48611002
3.08400000	2.48675791
3.08500000	2.48125083
3.08600000	2.48254661
3.08700000	2.48513818
3.08800000	2.48708186
3.08900000	2.48351845
3.09000000	2.48384240
3.09100000	2.48772975
3.09200000	2.49388472
3.09300000	2.50133547
3.09400000	2.50327915
3.09500000	2.50198336
3.09600000	2.49550445
3.09700000	2.49064526
3.09800000	2.49420866
3.09900000	2.49194104
3.10000000	2.49356077
3.10100000	2.49906785
3.10200000	2.50327915
3.10300000	2.50684255
3.10400000	2.51105385
3.10500000	2.51234963
3.10600000	2.51494120
3.10700000	2.52303984
3.10800000	2.52627930
3.10900000	2.52951876
3.11000000	2.53308217
3.11100000	2.53243427
3.11200000	2.52692719
3.11300000	2.52465957
3.11400000	2.52109617
3.11500000	2.52174406
3.11600000	2.52660325
3.11700000	2.53275822
3.11800000	2.53405400
3.11900000	2.53146244
3.12000000	2.52984271
3.12100000	2.52984271
3.12200000	2.52919482
3.12300000	2.52692719
3.12400000	2.52692719
3.12500000	2.52757509
3.12600000	2.53308217
3.12700000	2.53502584
3.12800000	2.53113849
3.12900000	2.53113849
3.13000000	2.52919482
3.13100000	2.52692719
3.13200000	2.52465957
3.13300000	2.52303984
3.13400000	2.52077222
3.13500000	2.51753277
3.13600000	2.52109617
3.13700000	2.52012433
3.13800000	2.52271590
3.13900000	2.52142012
3.14000000	2.52142012
3.14100000	2.52206801
3.14200000	2.52336379
3.14300000	2.52563141
3.14400000	2.52303984
3.14500000	2.52563141
3.14600000	2.52368774
3.14700000	2.52271590
3.14800000	2.51623698
3.14900000	2.51267358
3.15000000	2.51137779
3.15100000	2.50943412
3.15200000	2.51040596
3.15300000	2.50878623
3.15400000	2.50295520
3.15500000	2.50036364
3.15600000	2.49744812
3.15700000	2.49258894
3.15800000	2.49096921
3.15900000	2.49777207
3.16000000	2.50263126
3.16100000	2.50198336
3.16200000	2.50036364
3.16300000	2.49582839
3.16400000	2.49582839
3.16500000	2.49356077
3.16600000	2.48611002
3.16700000	2.47801137
3.16800000	2.47801137
3.16900000	2.48222267
3.17000000	2.48222267
3.17100000	2.47963110
3.17200000	2.47606770
3.17300000	2.47412402
3.17400000	2.47477191
3.17500000	2.47444797
3.17600000	2.47185640
3.17700000	2.47736348
3.17800000	2.48125083
3.17900000	2.48060294
3.18000000	2.48060294
3.18100000	2.48027899
3.18200000	2.47865926
3.18300000	2.47606770
3.18400000	2.47833532
3.18500000	2.47768743
3.18600000	2.48125083
3.18700000	2.47930716
3.18800000	2.47444797
3.18900000	2.47250429
3.19000000	2.47574375
3.19100000	2.47736348
3.19200000	2.48092689
3.19300000	2.48157478
3.19400000	2.48222267
3.19500000	2.48740580
3.19600000	2.49323683
3.19700000	2.49356077
3.19800000	2.49161710
3.19900000	2.49744812
3.20000000	2.50101153
3.20100000	2.49809601
3.20200000	2.49032131
3.20300000	2.48319451
3.20400000	2.48546213
3.20500000	2.49161710
3.20600000	2.49647629
3.20700000	2.50392704
3.20800000	2.50619466
3.20900000	2.50165942
3.21000000	2.49550445
3.21100000	2.49453261
3.21200000	2.50068758
3.21300000	2.50878623
3.21400000	2.50911017
3.21500000	2.50716650
3.21600000	2.50392704
3.21700000	2.50587071
3.21800000	2.51040596
3.21900000	2.51494120
3.22000000	2.51461725
3.22100000	2.51267358
3.22200000	2.51008201
3.22300000	2.50165942
3.22400000	2.50457493
3.22500000	2.51105385
3.22600000	2.51461725
3.22700000	2.50749044
3.22800000	2.50425099
3.22900000	2.50198336
3.23000000	2.50133547
3.23100000	2.50813834
3.23200000	2.51396936
3.23300000	2.51785671
3.23400000	2.51526514
3.23500000	2.50975806
3.23600000	2.50943412
3.23700000	2.50392704
3.23800000	2.50165942
3.23900000	2.50457493
3.24000000	2.50619466
3.24100000	2.50813834
3.24200000	2.51105385
3.24300000	2.50878623
3.24400000	2.50813834
3.24500000	2.51137779
3.24600000	2.51396936
3.24700000	2.51656093
3.24800000	2.51915249
3.24900000	2.52142012
3.25000000	2.52044828
3.25100000	2.51688487
3.25200000	2.50554677
3.25300000	2.50263126
3.25400000	2.50068758
3.25500000	2.50003969
3.25600000	2.50327915
3.25700000	2.50684255
3.25800000	2.50943412
3.25900000	2.50878623
3.26000000	2.51040596
3.26100000	2.51332147
3.26200000	2.50813834
3.26300000	2.50360309
3.26400000	2.50360309
3.26500000	2.50619466
3.26600000	2.50522282
3.26700000	2.50295520
3.26800000	2.50133547
3.26900000	2.50295520
3.27000000	2.50522282
3.27100000	2.50230731
3.27200000	2.50101153
3.27300000	2.49615234
3.27400000	2.48967342
3.27500000	2.48870159
3.27600000	2.49064526
3.27700000	2.48837764
3.27800000	2.48708186
3.27900000	2.48578607
3.28000000	2.48772975
3.28100000	2.48772975
3.28200000	2.48772975
3.28300000	2.49032131
3.28400000	2.49485656
3.28500000	2.49615234
3.28600000	2.49744812
3.28700000	2.49809601
3.28800000	2.49291288
3.28900000	2.49323683
3.29000000	2.49518050
3.29100000	2.49518050
3.29200000	2.49906785
3.29300000	2.50295520
3.29400000	2.50327915
3.29500000	2.50036364
3.29600000	2.49939180
3.29700000	2.50036364
3.29800000	2.49906785
3.29900000	2.49615234
3.30000000	2.49323683
3.30100000	2.49453261
3.30200000	2.49680023
3.30300000	2.50101153
3.30400000	2.50619466
3.30500000	2.51332147
3.30600000	2.51558909
3.30700000	2.51202569
3.30800000	2.50846228
3.30900000	2.50392704
3.31000000	2.50489888
3.31100000	2.51137779
3.31200000	2.51623698
3.31300000	2.51882855
3.31400000	2.51818066
3.31500000	2.51656093
3.31600000	2.51526514
3.31700000	2.51591304
3.31800000	2.51429331
3.31900000	2.51364541
3.32000000	2.51040596
3.32100000	2.50911017
3.32200000	2.51558909
3.32300000	2.51332147
3.32400000	2.51072990
3.32500000	2.50554677
3.32600000	2.50198336
3.32700000	2.49939180
3.32800000	2.50263126
3.32900000	2.50489888
3.33000000	2.50198336
3.33100000	2.50165942
3.33200000	2.50684255
3.33300000	2.51008201
3.33400000	2.50813834
3.33500000	2.50457493
3.33600000	2.50781439
3.33700000	2.50943412
3.33800000	2.51332147
3.33900000	2.51137779
3.34000000	2.50684255
3.34100000	2.50295520
3.34200000	2.50327915
3.34300000	2.50230731
3.34400000	2.50392704
3.34500000	2.50651861
3.34600000	2.50651861
3.34700000	2.51008201
3.34800000	2.50651861
3.34900000	2.50101153
3.35000000	2.49518050
3.35100000	2.49226499
3.35200000	2.49129315
3.35300000	2.49226499
3.35400000	2.48805369
3.35500000	2.48416634
3.35600000	2.48060294
3.35700000	2.48578607
3.35800000	2.48675791
3.35900000	2.48870159
3.36000000	2.48611002
3.36100000	2.48125083
3.36200000	2.47995505
3.36300000	2.48384240
3.36400000	2.48740580
3.36500000	2.48999737
3.36600000	2.49064526
3.36700000	2.49226499
3.36800000	2.49194104
3.36900000	2.48999737
3.37000000	2.48578607
3.37100000	2.48287056
3.37200000	2.48060294
3.37300000	2.47671559
3.37400000	2.47898321
3.37500000	2.48416634
3.37600000	2.48254661
3.37700000	2.48222267
3.37800000	2.47768743
3.37900000	2.47412402
3.38000000	2.47671559
3.38100000	2.47865926
3.38200000	2.48254661
3.38300000	2.48902553
3.38400000	2.49323683
3.38500000	2.49874391
3.38600000	2.50360309
3.38700000	2.50360309
3.38800000	2.49647629
3.38900000	2.49615234
3.39000000	2.49874391
3.39100000	2.50101153
3.39200000	2.50522282
3.39300000	2.50392704
3.39400000	2.49939180
3.39500000	2.49647629
3.39600000	2.49647629
3.39700000	2.49226499
3.39800000	2.48513818
3.39900000	2.48254661
3.40000000	2.48513818
3.40100000	2.49485656
3.40200000	2.50198336
3.40300000	2.50263126
3.40400000	2.50522282
3.40500000	2.51299752
3.40600000	2.51526514
3.40700000	2.51915249
3.40800000	2.52239195
3.40900000	2.52239195
3.41000000	2.52239195
3.41100000	2.52336379
3.41200000	2.52142012
3.41300000	2.52109617
3.41400000	2.52336379
3.41500000	2.52142012
3.41600000	2.51882855
3.41700000	2.51429331
3.41800000	2.51072990
3.41900000	2.50846228
3.42000000	2.51008201
3.42100000	2.50943412
3.42200000	2.51364541
3.42300000	2.52044828
3.42400000	2.52822298
3.42500000	2.52854692
3.42600000	2.52919482
3.42700000	2.52984271
3.42800000	2.53081454
3.42900000	2.53146244
3.43000000	2.53016665
3.43100000	2.52401168
3.43200000	2.52142012
3.43300000	2.52012433
3.43400000	2.52368774
3.43500000	2.52627930
3.43600000	2.53275822
3.43700000	2.53243427
3.43800000	2.52336379
3.43900000	2.51947644
3.44000000	2.51753277
3.44100000	2.51947644
3.44200000	2.51494120
3.44300000	2.50651861
3.44400000	2.50003969
3.44500000	2.49777207
3.44600000	2.49906785
3.44700000	2.50425099
3.44800000	2.50781439
3.44900000	2.50781439
3.45000000	2.51494120
3.45100000	2.51623698
3.45200000	2.51753277
3.45300000	2.51656093
3.45400000	2.51364541
3.45500000	2.50327915
3.45600000	2.49356077
3.45700000	2.49356077
3.45800000	2.49809601
3.45900000	2.50327915
3.46000000	2.50360309
3.46100000	2.49453261
3.46200000	2.48870159
3.46300000	2.48611002
3.46400000	2.48449029
3.46500000	2.48546213
3.46600000	2.48870159
3.46700000	2.49129315
3.46800000	2.49096921
3.46900000	2.48675791
3.47000000	2.48578607
3.47100000	2.48611002
3.47200000	2.48643396
3.47300000	2.48578607
3.47400000	2.48708186
3.47500000	2.48319451
3.47600000	2.47865926
3.47700000	2.47509586
3.47800000	2.47736348
3.47900000	2.47509586
3.48000000	2.47444797
3.48100000	2.47606770
3.48200000	2.47963110
3.48300000	2.48546213
3.48400000	2.48384240
3.48500000	2.47477191
3.48600000	2.46958878
3.48700000	2.47412402
3.48800000	2.47768743
3.48900000	2.48351845
3.49000000	2.48870159
3.49100000	2.48675791
3.49200000	2.48351845
3.49300000	2.48189872
3.49400000	2.47606770
3.49500000	2.47703954
3.49600000	2.48416634
3.49700000	2.48999737
3.49800000	2.49453261
3.49900000	2.49420866
3.50000000	2.49323683
3.50100000	2.49485656
3.50200000	2.50165942
3.50300000	2.50392704
3.50400000	2.50975806
3.50500000	2.51364541
3.50600000	2.51040596
3.50700000	2.50457493
3.50800000	2.50587071
3.50900000	2.50165942
3.51000000	2.50425099
3.51100000	2.50813834
3.51200000	2.51332147
3.51300000	2.51267358
3.51400000	2.50781439
3.51500000	2.50425099
3.51600000	2.50133547
3.51700000	2.50457493
3.51800000	2.50425099
3.51900000	2.50392704
3.52000000	2.50749044
3.52100000	2.51396936
3.52200000	2.51591304
3.52300000	2.51461725
3.52400000	2.51494120
3.52500000	2.52109617
3.52600000	2.52854692
3.52700000	2.52984271
3.52800000	2.52822298
3.52900000	2.53113849
3.53000000	2.53761741
3.53100000	2.53437795
3.53200000	2.52433563
3.53300000	2.51429331
3.53400000	2.50749044
3.53500000	2.50101153
3.53600000	2.50360309
3.53700000	2.51072990
3.53800000	2.51494120
3.53900000	2.51882855
3.54000000	2.52239195
3.54100000	2.52077222
3.54200000	2.51720882
3.54300000	2.51332147
3.54400000	2.51105385
3.54500000	2.51688487
3.54600000	2.52109617
3.54700000	2.51688487
3.54800000	2.51429331
3.54900000	2.51656093
3.55000000	2.52044828
3.55100000	2.52563141
3.55200000	2.52919482
3.55300000	2.52368774
3.55400000	2.51753277
3.55500000	2.51170174
3.55600000	2.50781439
3.55700000	2.50943412
3.55800000	2.50781439
3.55900000	2.49971574
3.56000000	2.49485656
3.56100000	2.49680023
3.56200000	2.49582839
3.56300000	2.48934948
3.56400000	2.48708186
3.56500000	2.49226499
3.56600000	2.50068758
3.56700000	2.50295520
3.56800000	2.49971574
3.56900000	2.49841996
3.57000000	2.49809601
3.57100000	2.49550445
3.57200000	2.49453261
3.57300000	2.49809601
3.57400000	2.49388472
3.57500000	2.49712418
3.57600000	2.49550445
3.57700000	2.49323683
3.57800000	2.48772975
3.57900000	2.48708186
3.58000000	2.48449029
3.58100000	2.48287056
3.58200000	2.47865926
3.58300000	2.47768743
3.58400000	2.48027899
3.58500000	2.48189872
3.58600000	2.48837764
3.58700000	2.49032131
3.58800000	2.48513818
3.58900000	2.48189872
3.59000000	2.48287056
3.59100000	2.48578607
3.59200000	2.48837764
3.59300000	2.48999737
3.59400000	2.48870159
3.59500000	2.48125083
3.59600000	2.47833532
3.59700000	2.47963110
3.59800000	2.48611002
3.59900000	2.48708186
3.60000000	2.48449029
3.60100000	2.47833532
3.60200000	2.47703954
3.60300000	2.47703954
3.60400000	2.47995505
3.60500000	2.47736348
3.60600000	2.47347613
3.60700000	2.47477191
3.60800000	2.47703954
3.60900000	2.47639164
3.61000000	2.47898321
3.61100000	2.48643396
3.61200000	2.49647629
3.61300000	2.50554677
3.61400000	2.50813834
3.61500000	2.49906785
3.61600000	2.49939180
3.61700000	2.49744812
3.61800000	2.49712418
3.61900000	2.50165942
3.62000000	2.50489888
3.62100000	2.50295520
3.62200000	2.50068758
3.62300000	2.50198336
3.62400000	2.50263126
3.62500000	2.50457493
3.62600000	2.51040596
3.62700000	2.51623698
3.62800000	2.51753277
3.62900000	2.51882855
3.63000000	2.51234963
3.63100000	2.50327915
3.63200000	2.49518050
3.63300000	2.49615234
3.63400000	2.50198336
3.63500000	2.50813834
3.63600000	2.51332147
3.63700000	2.51396936
3.63800000	2.51137779
3.63900000	2.50878623
3.64000000	2.51040596
3.64100000	2.51461725
3.64200000	2.52206801
3.64300000	2.52951876
3.64400000	2.53081454
3.64500000	2.53275822
3.64600000	2.53502584
3.64700000	2.53632162
3.64800000	2.53113849
3.64900000	2.52271590
3.65000000	2.51753277
3.65100000	2.51429331
3.65200000	2.51526514
3.65300000	2.51947644
3.65400000	2.52077222
3.65500000	2.51850460
3.65600000	2.51364541
3.65700000	2.51008201
3.65800000	2.51234963
3.65900000	2.51461725
3.66000000	2.51688487
3.66100000	2.52044828
3.66200000	2.52401168
3.66300000	2.52271590
3.66400000	2.52109617
3.66500000	2.52206801
3.66600000	2.51947644
3.66700000	2.51526514
3.66800000	2.51364541
3.66900000	2.51656093
3.67000000	2.52206801
3.67100000	2.51753277
3.67200000	2.51072990
3.67300000	2.50489888
3.67400000	2.49906785
3.67500000	2.49129315
3.67600000	2.48934948
3.67700000	2.48772975
3.67800000	2.48513818
3.67900000	2.48189872
3.68000000	2.48351845
3.68100000	2.48546213
3.68200000	2.48708186
3.68300000	2.48772975
3.68400000	2.49064526
3.68500000	2.48675791
3.68600000	2.48643396
3.68700000	2.48481424
3.68800000	2.48287056
3.68900000	2.48222267
3.69000000	2.48611002
3.69100000	2.49161710
3.69200000	2.50036364
3.69300000	2.50522282
3.69400000	2.50165942
3.69500000	2.49453261
3.69600000	2.48772975
3.69700000	2.48060294
3.69800000	2.47671559
3.69900000	2.47768743
3.70000000	2.46926484
3.70100000	2.46375776
3.70200000	2.46602538
3.70300000	2.47477191
3.70400000	2.47930716
3.70500000	2.48287056
3.70600000	2.48675791
3.70700000	2.48805369
3.70800000	2.48902553
3.70900000	2.49194104
3.71000000	2.49809601
3.71100000	2.50716650
3.71200000	2.50878623
3.71300000	2.50651861
3.71400000	2.50165942
3.71500000	2.49323683
3.71600000	2.48772975
3.71700000	2.49161710
3.71800000	2.49323683
3.71900000	2.49064526
3.72000000	2.49550445
3.72100000	2.50392704
3.72200000	2.50133547
3.72300000	2.50068758
3.72400000	2.49939180
3.72500000	2.49874391
3.72600000	2.50036364
3.72700000	2.50101153
3.72800000	2.50133547
3.72900000	2.50716650
3.73000000	2.50457493
3.73100000	2.50036364
3.73200000	2.50003969
3.73300000	2.50068758
3.73400000	2.50684255
3.73500000	2.50813834
3.73600000	2.51332147
3.73700000	2.51461725
3.73800000	2.51299752
3.73900000	2.51591304
3.74000000	2.52109617
3.74100000	2.52336379
3.74200000	2.52627930
3.74300000	2.52757509
3.74400000	2.52303984
3.74500000	2.51818066
3.74600000	2.51591304
3.74700000	2.51396936
3.74800000	2.51526514
3.74900000	2.51623698
3.75000000	2.51429331
3.75100000	2.51072990
3.75200000	2.50975806
3.75300000	2.50781439
3.75400000	2.50943412
3.75500000	2.51202569
3.75600000	2.51656093
3.75700000	2.51461725
3.75800000	2.51332147
3.75900000	2.51072990
3.76000000	2.50522282
3.76100000	2.50198336
3.76200000	2.50036364
3.76300000	2.50425099
3.76400000	2.51299752
3.76500000	2.51656093
3.76600000	2.51364541
3.76700000	2.50749044
3.76800000	2.50263126
3.76900000	2.50230731
3.77000000	2.50360309
3.77100000	2.50101153
3.77200000	2.49809601
3.77300000	2.49971574
3.77400000	2.49874391
3.77500000	2.49323683
3.77600000	2.49096921
3.77700000	2.49518050
3.77800000	2.49777207
3.77900000	2.50003969
3.78000000	2.49841996
3.78100000	2.49777207
3.78200000	2.49744812
3.78300000	2.49874391
3.78400000	2.50295520
3.78500000	2.50554677
3.78600000	2.51137779
3.78700000	2.50813834
3.78800000	2.50198336
3.78900000	2.49096921
3.79000000	2.48319451
3.79100000	2.48708186
3.79200000	2.49064526
3.79300000	2.49258894
3.79400000	2.49356077
3.79500000	2.48967342
3.79600000	2.48254661
3.79700000	2.48546213
3.79800000	2.48675791
3.79900000	2.49064526
3.80000000	2.49323683
3.80100000	2.49485656
3.80200000	2.49356077
3.80300000	2.49615234
3.80400000	2.49777207
3.80500000	2.50036364
3.80600000	2.50425099
3.80700000	2.50457493
3.80800000	2.49680023
3.80900000	2.49161710
3.81000000	2.49453261
3.81100000	2.50003969
3.81200000	2.50522282
3.81300000	2.50975806
3.81400000	2.50651861
3.81500000	2.50198336
3.81600000	2.49874391
3.81700000	2.49064526
3.81800000	2.48578607
3.81900000	2.48319451
3.82000000	2.48449029
3.82100000	2.48708186
3.82200000	2.48902553
3.82300000	2.49777207
3.82400000	2.50684255
3.82500000	2.50781439
3.82600000	2.50392704
3.82700000	2.50651861
3.82800000	2.50911017
3.82900000	2.51105385
3.83000000	2.51170174
3.83100000	2.50911017
3.83200000	2.51008201
3.83300000	2.51558909
3.83400000	2.51882855
3.83500000	2.51558909
3.83600000	2.51072990
3.83700000	2.51267358
3.83800000	2.51299752
3.83900000	2.51234963
3.84000000	2.50975806
3.84100000	2.51364541
3.84200000	2.51364541
3.84300000	2.51040596
3.84400000	2.50846228
3.84500000	2.50716650
3.84600000	2.51040596
3.84700000	2.51299752
3.84800000	2.51137779
3.84900000	2.50846228
3.85000000	2.51008201
3.85100000	2.51170174
3.85200000	2.51591304
3.85300000	2.52012433
3.85400000	2.51623698
3.85500000	2.51040596
3.85600000	2.50392704
3.85700000	2.50036364
3.85800000	2.50263126
3.85900000	2.50781439
3.86000000	2.50878623
3.86100000	2.50165942
3.86200000	2.49518050
3.86300000	2.49096921
3.86400000	2.49032131
3.86500000	2.49485656
3.86600000	2.50133547
3.86700000	2.50489888
3.86800000	2.50878623
3.86900000	2.50846228
3.87000000	2.50813834
3.87100000	2.50813834
3.87200000	2.51105385
3.87300000	2.50684255
3.87400000	2.49874391
3.87500000	2.48934948
3.87600000	2.48578607
3.87700000	2.48805369
3.87800000	2.49453261
3.87900000	2.49420866
3.88000000	2.49291288
3.88100000	2.49129315
3.88200000	2.48772975
3.88300000	2.48416634
3.88400000	2.48254661
3.88500000	2.48384240
3.88600000	2.48092689
3.88700000	2.48934948
3.88800000	2.49550445
3.88900000	2.49841996
3.89000000	2.50036364
3.89100000	2.49809601
3.89200000	2.49453261
3.89300000	2.49323683
3.89400000	2.48967342
3.89500000	2.48546213
3.89600000	2.48870159
3.89700000	2.49226499
3.89800000	2.49064526
3.89900000	2.48675791
3.90000000	2.48157478
3.90100000	2.48189872
3.90200000	2.48546213
3.90300000	2.49194104
3.90400000	2.49712418
3.90500000	2.50165942
3.90600000	2.49809601
3.90700000	2.49226499
3.90800000	2.48967342
3.90900000	2.48675791
3.91000000	2.48222267
3.91100000	2.48092689
3.91200000	2.48708186
3.91300000	2.49356077
3.91400000	2.49971574
3.91500000	2.50133547
3.91600000	2.49485656
3.91700000	2.48902553
3.91800000	2.49161710
3.91900000	2.49518050
3.92000000	2.49809601
3.92100000	2.50068758
3.92200000	2.50068758
3.92300000	2.50327915
3.92400000	2.50554677
3.92500000	2.50101153
3.92600000	2.49971574
3.92700000	2.49939180
3.92800000	2.50068758
3.92900000	2.50068758
3.93000000	2.50587071
3.93100000	2.51720882
3.93200000	2.52239195
3.93300000	2.51656093
3.93400000	2.51202569
3.93500000	2.50651861
3.93600000	2.50457493
3.93700000	2.50716650
3.93800000	2.50522282
3.93900000	2.50651861
3.94000000	2.51267358
3.94100000	2.52077222
3.94200000	2.52142012
3.94300000	2.52174406
3.94400000	2.52368774
3.94500000	2.52595536
3.94600000	2.53081454
3.94700000	2.52725114
3.94800000	2.52433563
3.94900000	2.52336379
3.95000000	2.51980039
3.95100000	2.51332147
3.95200000	2.51526514
3.95300000	2.51623698
3.95400000	2.51364541
3.95500000	2.51202569
3.95600000	2.51299752
3.95700000	2.51558909
3.95800000	2.51461725
3.95900000	2.51461725
3.96000000	2.51915249
3.96100000	2.52174406
3.96200000	2.52239195
3.96300000	2.52271590
3.96400000	2.52271590
3.96500000	2.52077222
3.96600000	2.52077222
3.96700000	2.51850460
3.96800000	2.51882855
3.96900000	2.51558909
3.97000000	2.50975806
3.97100000	2.50911017
3.97200000	2.50749044
3.97300000	2.50360309
3.97400000	2.50068758
3.97500000	2.49809601
3.97600000	2.49841996
3.97700000	2.49939180
3.97800000	2.49550445
3.97900000	2.49323683
3.98000000	2.48546213
3.98100000	2.48092689
3.98200000	2.48092689
3.98300000	2.48578607
3.98400000	2.49194104
3.98500000	2.49518050
3.98600000	2.49356077
3.98700000	2.49129315
3.98800000	2.48870159
3.98900000	2.48611002
3.99000000	2.48416634
3.99100000	2.48384240
3.99200000	2.48092689
3.99300000	2.48254661
3.99400000	2.48416634
3.99500000	2.48643396
3.99600000	2.48351845
3.99700000	2.48157478
3.99800000	2.48189872
3.99900000	2.48578607
4.00000000	2.48449029
4.00100000	2.47833532
4.00200000	2.47736348
4.00300000	2.47898321
4.00400000	2.47963110
4.00500000	2.48157478
4.00600000	2.47898321
4.00700000	2.47898321
4.00800000	2.48449029
4.00900000	2.49096921
4.01000000	2.49550445
4.01100000	2.49226499
4.01200000	2.48837764
4.01300000	2.48384240
4.01400000	2.48449029
4.01500000	2.48060294
4.01600000	2.47509586
4.01700000	2.47541981
4.01800000	2.48287056
4.01900000	2.48449029
4.02000000	2.49129315
4.02100000	2.49906785
4.02200000	2.50295520
4.02300000	2.50425099
4.02400000	2.50165942
4.02500000	2.50230731
4.02600000	2.50522282
4.02700000	2.50781439
4.02800000	2.50619466
4.02900000	2.50489888
4.03000000	2.51072990
4.03100000	2.50943412
4.03200000	2.50392704
4.03300000	2.49939180
4.03400000	2.50198336
4.03500000	2.50878623
4.03600000	2.51591304
4.03700000	2.51850460
4.03800000	2.51137779
4.03900000	2.50587071
4.04000000	2.50489888
4.04100000	2.50619466
4.04200000	2.50911017
4.04300000	2.51461725
4.04400000	2.52044828
4.04500000	2.52465957
4.04600000	2.52336379
4.04700000	2.52077222
4.04800000	2.52044828
4.04900000	2.52368774
4.05000000	2.52530747
4.05100000	2.52692719
4.05200000	2.52498352
4.05300000	2.51526514
4.05400000	2.50716650
4.05500000	2.50878623
4.05600000	2.51396936
4.05700000	2.52109617
4.05800000	2.52336379
4.05900000	2.52627930
4.06000000	2.52563141
4.06100000	2.51818066
4.06200000	2.50878623
4.06300000	2.50263126
4.06400000	2.50489888
4.06500000	2.50489888
4.06600000	2.50327915
4.06700000	2.50522282
4.06800000	2.50684255
4.06900000	2.50716650
4.07000000	2.51494120
4.07100000	2.51364541
4.07200000	2.50911017
4.07300000	2.50846228
4.07400000	2.50911017
4.07500000	2.51040596
4.07600000	2.51137779
4.07700000	2.50749044
4.07800000	2.50295520
4.07900000	2.49647629
4.08000000	2.49356077
4.08100000	2.49582839
4.08200000	2.49550445
4.08300000	2.49420866
4.08400000	2.49485656
4.08500000	2.48967342
4.08600000	2.48611002
4.08700000	2.48675791
4.08800000	2.48611002
4.08900000	2.48934948
4.09000000	2.49032131
4.09100000	2.49032131
4.09200000	2.49194104
4.09300000	2.49096921
4.09400000	2.48805369
4.09500000	2.48740580
4.09600000	2.48805369
4.09700000	2.48546213
4.09800000	2.48384240
4.09900000	2.48772975
4.10000000	2.48837764
4.10100000	2.48416634
4.10200000	2.48772975
4.10300000	2.48740580
4.10400000	2.48416634
4.10500000	2.48189872
4.10600000	2.48546213
4.10700000	2.48805369
4.10800000	2.49161710
4.10900000	2.49323683
4.11000000	2.48578607
4.11100000	2.48027899
4.11200000	2.48027899
4.11300000	2.48481424
4.11400000	2.49258894
4.11500000	2.49939180
4.11600000	2.49874391
4.11700000	2.49582839
4.11800000	2.48902553
4.11900000	2.49032131
4.12000000	2.49615234
4.12100000	2.50101153
4.12200000	2.49971574
4.12300000	2.49615234
4.12400000	2.49841996
4.12500000	2.50327915
4.12600000	2.50813834
4.12700000	2.51137779
4.12800000	2.51558909
4.12900000	2.51720882
4.13000000	2.51234963
4.13100000	2.50749044
4.13200000	2.50101153
4.13300000	2.50295520
4.13400000	2.50684255
4.13500000	2.50489888
4.13600000	2.50554677
4.13700000	2.51072990
4.13800000	2.51429331
4.13900000	2.51526514
4.14000000	2.51105385
4.14100000	2.50360309
4.14200000	2.50392704
4.14300000	2.51008201
4.14400000	2.51040596
4.14500000	2.51072990
4.14600000	2.51688487
4.14700000	2.52692719
4.14800000	2.52854692
4.14900000	2.52174406
4.15000000	2.52012433
4.15100000	2.52206801
4.15200000	2.52498352
4.15300000	2.52433563
4.15400000	2.52142012
4.15500000	2.51720882
4.15600000	2.51915249
4.15700000	2.52206801
4.15800000	2.52142012
4.15900000	2.52109617
4.16000000	2.52142012
4.16100000	2.51720882
4.16200000	2.50781439
4.16300000	2.50554677
4.16400000	2.51105385
4.16500000	2.51818066
4.16600000	2.52336379
4.16700000	2.52563141
4.16800000	2.52368774
4.16900000	2.52271590
4.17000000	2.52077222
4.17100000	2.51494120
4.17200000	2.51008201
4.17300000	2.51008201
4.17400000	2.51137779
4.17500000	2.51558909
4.17600000	2.51720882
4.17700000	2.51494120
4.17800000	2.50619466
4.17900000	2.49712418
4.18000000	2.49420866
4.18100000	2.49582839
4.18200000	2.50068758
4.18300000	2.50813834
4.18400000	2.50846228
4.18500000	2.50425099
4.18600000	2.50295520
4.18700000	2.49615234
4.18800000	2.49032131
4.18900000	2.48967342
4.19000000	2.48967342
4.19100000	2.48643396
4.19200000	2.48319451
4.19300000	2.48351845
4.19400000	2.48351845
4.19500000	2.48125083
4.19600000	2.48222267
4.19700000	2.48222267
4.19800000	2.48416634
4.19900000	2.48481424
4.20000000	2.48513818
4.20100000	2.48092689
4.20200000	2.47639164
4.20300000	2.47347613
4.20400000	2.47736348
4.20500000	2.48060294
4.20600000	2.48578607
4.20700000	2.48416634
4.20800000	2.47833532
4.20900000	2.47282824
4.21000000	2.47185640
4.21100000	2.47541981
4.21200000	2.47444797
4.21300000	2.47315219
4.21400000	2.47768743
4.21500000	2.48384240
4.21600000	2.48772975
4.21700000	2.48222267
4.21800000	2.47963110
4.21900000	2.48060294
4.22000000	2.48319451
4.22100000	2.48708186
4.22200000	2.48870159
4.22300000	2.48416634
4.22400000	2.48481424
4.22500000	2.48870159
4.22600000	2.49032131
4.22700000	2.49226499
4.22800000	2.49356077
4.22900000	2.48967342
4.23000000	2.48902553
4.23100000	2.49096921
4.23200000	2.49420866
4.23300000	2.49841996
4.23400000	2.49971574
4.23500000	2.49356077
4.23600000	0.00000000
