0.00000000	2.50263126
0.00100000	2.49582839
0.00200000	2.49582839
0.00300000	2.49874391
0.00400000	2.50068758
0.00500000	2.50587071
0.00600000	2.51234963
0.00700000	2.51591304
0.00800000	2.51720882
0.00900000	2.51267358
0.01000000	2.50554677
0.01100000	2.50295520
0.01200000	2.50716650
0.01300000	2.50392704
0.01400000	2.49841996
0.01500000	2.49971574
0.01600000	2.50425099
0.01700000	2.51040596
0.01800000	2.51623698
0.01900000	2.51915249
0.02000000	2.51720882
0.02100000	2.51299752
0.02200000	2.50522282
0.02300000	2.49971574
0.02400000	2.49420866
0.02500000	2.49323683
0.02600000	2.49194104
0.02700000	2.49453261
0.02800000	2.49841996
0.02900000	2.50392704
0.03000000	2.50198336
0.03100000	2.50133547
0.03200000	2.50198336
0.03300000	2.50392704
0.03400000	2.50846228
0.03500000	2.51234963
0.03600000	2.51105385
0.03700000	2.50749044
0.03800000	2.50425099
0.03900000	2.50068758
0.04000000	2.50133547
0.04100000	2.50360309
0.04200000	2.50230731
0.04300000	2.50263126
0.04400000	2.50327915
0.04500000	2.50749044
0.04600000	2.50716650
0.04700000	2.50554677
0.04800000	2.49971574
0.04900000	2.49582839
0.05000000	2.50165942
0.05100000	2.50911017
0.05200000	2.51364541
0.05300000	2.51234963
0.05400000	2.50425099
0.05500000	2.49518050
0.05600000	2.48708186
0.05700000	2.48708186
0.05800000	2.49356077
0.05900000	2.49971574
0.06000000	2.50425099
0.06100000	2.50392704
0.06200000	2.50198336
0.06300000	2.50101153
0.06400000	2.50684255
0.06500000	2.50943412
0.06600000	2.51267358
0.06700000	2.51688487
0.06800000	2.51040596
0.06900000	2.50489888
0.07000000	2.49841996
0.07100000	2.49550445
0.07200000	2.49841996
0.07300000	2.50489888
0.07400000	2.50327915
0.07500000	2.50295520
0.07600000	2.50133547
0.07700000	2.50230731
0.07800000	2.49939180
0.07900000	2.49906785
0.08000000	2.50230731
0.08100000	2.50263126
0.08200000	2.50554677
0.08300000	2.50716650
0.08400000	2.51072990
0.08500000	2.51072990
0.08600000	2.50749044
0.08700000	2.50425099
0.08800000	2.50165942
0.08900000	2.49874391
0.09000000	2.49939180
0.09100000	2.50425099
0.09200000	2.50554677
0.09300000	2.50425099
0.09400000	2.50230731
0.09500000	2.50263126
0.09600000	2.50587071
0.09700000	2.51299752
0.09800000	2.51429331
0.09900000	2.50716650
0.10000000	2.49744812
0.10100000	2.49518050
0.10200000	2.49744812
0.10300000	2.49777207
0.10400000	2.50263126
0.10500000	2.51008201
0.10600000	2.51720882
0.10700000	2.51688487
0.10800000	2.51202569
0.10900000	2.50846228
0.11000000	2.50457493
0.11100000	2.50133547
0.11200000	2.49939180
0.11300000	2.49744812
0.11400000	2.49939180
0.11500000	2.49971574
0.11600000	2.49971574
0.11700000	2.50587071
0.11800000	2.50651861
0.11900000	2.50651861
0.12000000	2.50068758
0.12100000	2.49518050
0.12200000	2.49194104
0.12300000	2.49356077
0.12400000	2.50101153
0.12500000	2.50651861
0.12600000	2.51105385
0.12700000	2.51396936
0.12800000	2.51202569
0.12900000	2.50619466
0.13000000	2.50813834
0.13100000	2.51364541
0.13200000	2.51526514
0.13300000	2.50684255
0.13400000	2.49712418
0.13500000	2.49518050
0.13600000	2.49744812
0.13700000	2.50036364
0.13800000	2.50457493
0.13900000	2.50878623
0.14000000	2.50684255
0.14100000	2.50813834
0.14200000	2.51267358
0.14300000	2.50878623
0.14400000	2.49809601
0.14500000	2.49129315
0.14600000	2.48870159
0.14700000	2.49258894
0.14800000	2.50068758
0.14900000	2.50198336
0.15000000	2.50327915
0.15100000	2.50813834
0.15200000	2.50943412
0.15300000	2.50295520
0.15400000	2.49906785
0.15500000	2.50263126
0.15600000	2.50619466
0.15700000	2.51332147
0.15800000	2.52044828
0.15900000	2.51818066
0.16000000	2.51202569
0.16100000	2.50911017
0.16200000	2.50522282
0.16300000	2.50619466
0.16400000	2.50684255
0.16500000	2.50101153
0.16600000	2.49744812
0.16700000	2.50165942
0.16800000	2.50651861
0.16900000	2.50684255
0.17000000	2.50327915
0.17100000	2.50101153
0.17200000	2.50101153
0.17300000	2.49874391
0.17400000	2.49647629
0.17500000	2.50619466
0.17600000	2.50943412
0.17700000	2.51623698
0.17800000	2.51753277
0.17900000	2.51915249
0.18000000	2.51202569
0.18100000	2.50587071
0.18200000	2.49485656
0.18300000	2.48675791
0.18400000	2.48837764
0.18500000	2.49194104
0.18600000	2.49582839
0.18700000	2.49680023
0.18800000	2.49777207
0.18900000	2.49550445
0.19000000	2.49744812
0.19100000	2.50392704
0.19200000	2.50813834
0.19300000	2.50846228
0.19400000	2.50716650
0.19500000	2.50327915
0.19600000	2.49971574
0.19700000	2.50133547
0.19800000	2.50425099
0.19900000	2.50457493
0.20000000	2.50327915
0.20100000	2.50587071
0.20200000	2.50230731
0.20300000	2.49744812
0.20400000	2.49453261
0.20500000	2.49129315
0.20600000	2.49258894
0.20700000	2.49744812
0.20800000	2.50587071
0.20900000	2.50813834
0.21000000	2.51202569
0.21100000	2.51591304
0.21200000	2.51558909
0.21300000	2.51591304
0.21400000	2.51753277
0.21500000	2.51105385
0.21600000	2.50133547
0.21700000	2.49809601
0.21800000	2.50230731
0.21900000	2.50587071
0.22000000	2.50327915
0.22100000	2.49809601
0.22200000	2.50036364
0.22300000	2.50489888
0.22400000	2.51072990
0.22500000	2.51137779
0.22600000	2.50911017
0.22700000	2.50522282
0.22800000	2.50003969
0.22900000	2.50133547
0.23000000	2.50295520
0.23100000	2.50554677
0.23200000	2.50198336
0.23300000	2.50230731
0.23400000	2.50198336
0.23500000	2.49647629
0.23600000	2.49647629
0.23700000	2.49939180
0.23800000	2.50068758
0.23900000	2.50036364
0.24000000	2.49744812
0.24100000	2.49809601
0.24200000	2.50230731
0.24300000	2.50619466
0.24400000	2.50781439
0.24500000	2.50587071
0.24600000	2.50716650
0.24700000	2.50619466
0.24800000	2.50587071
0.24900000	2.50813834
0.25000000	2.51202569
0.25100000	2.51688487
0.25200000	2.51558909
0.25300000	2.50813834
0.25400000	2.49971574
0.25500000	2.49388472
0.25600000	2.49388472
0.25700000	2.49453261
0.25800000	2.49680023
0.25900000	2.49971574
0.26000000	2.49809601
0.26100000	2.49744812
0.26200000	2.49939180
0.26300000	2.50263126
0.26400000	2.50133547
0.26500000	2.49485656
0.26600000	2.49777207
0.26700000	2.50068758
0.26800000	2.50684255
0.26900000	2.50975806
0.27000000	2.50651861
0.27100000	2.50489888
0.27200000	2.50392704
0.27300000	2.50716650
0.27400000	2.50716650
0.27500000	2.50651861
0.27600000	2.50975806
0.27700000	2.50781439
0.27800000	2.50781439
0.27900000	2.50716650
0.28000000	2.50295520
0.28100000	2.49809601
0.28200000	2.49615234
0.28300000	2.50263126
0.28400000	2.50781439
0.28500000	2.50781439
0.28600000	2.50684255
0.28700000	2.50684255
0.28800000	2.50522282
0.28900000	2.50846228
0.29000000	2.50846228
0.29100000	2.50392704
0.29200000	2.50457493
0.29300000	2.50425099
0.29400000	2.50198336
0.29500000	2.50036364
0.29600000	2.50198336
0.29700000	2.50716650
0.29800000	2.50878623
0.29900000	2.50975806
0.30000000	2.50684255
0.30100000	2.50263126
0.30200000	2.50263126
0.30300000	2.50327915
0.30400000	2.50554677
0.30500000	2.51040596
0.30600000	2.51267358
0.30700000	2.50587071
0.30800000	2.50295520
0.30900000	2.49971574
0.31000000	2.50489888
0.31100000	2.50651861
0.31200000	2.50522282
0.31300000	2.50327915
0.31400000	2.50036364
0.31500000	2.49939180
0.31600000	2.50036364
0.31700000	2.50587071
0.31800000	2.50846228
0.31900000	2.50360309
0.32000000	2.49744812
0.32100000	2.49420866
0.32200000	2.49485656
0.32300000	2.50003969
0.32400000	2.50360309
0.32500000	2.50360309
0.32600000	2.50036364
0.32700000	2.49874391
0.32800000	2.50554677
0.32900000	2.51137779
0.33000000	2.51040596
0.33100000	2.50425099
0.33200000	2.49744812
0.33300000	2.49485656
0.33400000	2.49712418
0.33500000	2.50295520
0.33600000	2.50295520
0.33700000	2.50295520
0.33800000	2.50813834
0.33900000	2.51137779
0.34000000	2.50878623
0.34100000	2.50651861
0.34200000	2.50327915
0.34300000	2.50101153
0.34400000	2.50263126
0.34500000	2.50392704
0.34600000	2.50327915
0.34700000	2.49939180
0.34800000	2.50133547
0.34900000	2.50457493
0.35000000	2.50651861
0.35100000	2.50425099
0.35200000	2.50425099
0.35300000	2.50684255
0.35400000	2.50911017
0.35500000	2.50911017
0.35600000	2.50587071
0.35700000	2.50263126
0.35800000	2.50554677
0.35900000	2.50522282
0.36000000	2.50230731
0.36100000	2.50457493
0.36200000	2.50425099
0.36300000	2.50684255
0.36400000	2.50846228
0.36500000	2.51234963
0.36600000	2.51396936
0.36700000	2.51591304
0.36800000	2.51299752
0.36900000	2.49939180
0.37000000	2.49032131
0.37100000	2.48870159
0.37200000	2.49356077
0.37300000	2.50295520
0.37400000	2.51072990
0.37500000	2.50846228
0.37600000	2.50457493
0.37700000	2.50425099
0.37800000	2.50489888
0.37900000	2.50716650
0.38000000	2.50684255
0.38100000	2.50101153
0.38200000	2.49485656
0.38300000	2.49550445
0.38400000	2.49939180
0.38500000	2.50295520
0.38600000	2.50198336
0.38700000	2.50198336
0.38800000	2.50068758
0.38900000	2.49906785
0.39000000	2.49777207
0.39100000	2.49356077
0.39200000	2.49356077
0.39300000	2.49809601
0.39400000	2.50068758
0.39500000	2.50036364
0.39600000	2.50781439
0.39700000	2.51332147
0.39800000	2.51494120
0.39900000	2.51170174
0.40000000	2.50975806
0.40100000	2.51234963
0.40200000	2.51526514
0.40300000	2.51040596
0.40400000	2.50165942
0.40500000	2.49453261
0.40600000	2.49518050
0.40700000	2.50036364
0.40800000	2.50619466
0.40900000	2.50975806
0.41000000	2.50781439
0.41100000	2.50781439
0.41200000	2.51008201
0.41300000	2.51202569
0.41400000	2.50943412
0.41500000	2.50198336
0.41600000	2.50230731
0.41700000	2.50392704
0.41800000	2.50619466
0.41900000	2.50651861
0.42000000	2.50425099
0.42100000	2.50587071
0.42200000	2.50489888
0.42300000	2.50133547
0.42400000	2.49906785
0.42500000	2.50327915
0.42600000	2.50619466
0.42700000	2.50716650
0.42800000	2.50522282
0.42900000	2.50651861
0.43000000	2.50943412
0.43100000	2.50522282
0.43200000	2.49971574
0.43300000	2.49712418
0.43400000	2.49647629
0.43500000	2.49939180
0.43600000	2.49841996
0.43700000	2.49680023
0.43800000	2.49874391
0.43900000	2.50327915
0.44000000	2.50813834
0.44100000	2.50651861
0.44200000	2.50230731
0.44300000	2.49874391
0.44400000	2.49712418
0.44500000	2.49939180
0.44600000	2.49841996
0.44700000	2.49712418
0.44800000	2.49744812
0.44900000	2.50360309
0.45000000	2.50911017
0.45100000	2.51299752
0.45200000	2.50846228
0.45300000	2.50036364
0.45400000	2.49226499
0.45500000	2.49096921
0.45600000	2.49485656
0.45700000	2.49485656
0.45800000	2.49939180
0.45900000	2.49939180
0.46000000	2.49518050
0.46100000	2.49582839
0.46200000	2.50101153
0.46300000	2.50911017
0.46400000	2.51947644
0.46500000	2.52271590
0.46600000	2.51494120
0.46700000	2.50943412
0.46800000	2.50522282
0.46900000	2.50651861
0.47000000	2.50911017
0.47100000	2.51040596
0.47200000	2.51008201
0.47300000	2.51332147
0.47400000	2.51072990
0.47500000	2.50716650
0.47600000	2.49712418
0.47700000	2.48902553
0.47800000	2.48870159
0.47900000	2.49550445
0.48000000	2.50295520
0.48100000	2.50425099
0.48200000	2.50781439
0.48300000	2.51656093
0.48400000	2.52563141
0.48500000	2.52595536
0.48600000	2.51980039
0.48700000	2.50554677
0.48800000	2.48934948
0.48900000	2.48125083
0.49000000	2.48449029
0.49100000	2.49582839
0.49200000	2.50554677
0.49300000	2.51170174
0.49400000	2.51105385
0.49500000	2.50489888
0.49600000	2.49777207
0.49700000	2.49550445
0.49800000	2.49485656
0.49900000	2.49906785
0.50000000	2.49874391
0.50100000	2.49841996
0.50200000	2.50263126
0.50300000	2.50489888
0.50400000	2.50878623
0.50500000	2.50684255
0.50600000	2.50133547
0.50700000	2.50101153
0.50800000	2.50230731
0.50900000	2.50327915
0.51000000	2.50522282
0.51100000	2.50684255
0.51200000	2.50587071
0.51300000	2.50036364
0.51400000	2.49680023
0.51500000	2.49841996
0.51600000	2.50133547
0.51700000	2.50198336
0.51800000	2.49971574
0.51900000	2.49615234
0.52000000	2.50392704
0.52100000	2.50846228
0.52200000	2.51072990
0.52300000	2.51105385
0.52400000	2.50684255
0.52500000	2.50392704
0.52600000	2.49777207
0.52700000	2.49550445
0.52800000	2.50133547
0.52900000	2.50749044
0.53000000	2.51688487
0.53100000	2.52012433
0.53200000	2.51072990
0.53300000	2.50554677
0.53400000	2.50101153
0.53500000	2.49939180
0.53600000	2.49647629
0.53700000	2.49874391
0.53800000	2.50165942
0.53900000	2.50133547
0.54000000	2.50133547
0.54100000	2.50295520
0.54200000	2.50263126
0.54300000	2.50392704
0.54400000	2.50522282
0.54500000	2.50425099
0.54600000	2.50101153
0.54700000	2.49874391
0.54800000	2.50165942
0.54900000	2.50587071
0.55000000	2.50781439
0.55100000	2.50101153
0.55200000	2.49680023
0.55300000	2.50198336
0.55400000	2.50392704
0.55500000	2.50068758
0.55600000	2.49744812
0.55700000	2.49809601
0.55800000	2.50003969
0.55900000	2.50198336
0.56000000	2.50522282
0.56100000	2.50327915
0.56200000	2.49582839
0.56300000	2.49420866
0.56400000	2.49971574
0.56500000	2.50749044
0.56600000	2.51494120
0.56700000	2.51753277
0.56800000	2.51494120
0.56900000	2.50878623
0.57000000	2.50587071
0.57100000	2.50425099
0.57200000	2.50716650
0.57300000	2.50943412
0.57400000	2.50878623
0.57500000	2.50651861
0.57600000	2.49874391
0.57700000	2.49194104
0.57800000	2.48837764
0.57900000	2.49485656
0.58000000	2.49647629
0.58100000	2.50036364
0.58200000	2.50327915
0.58300000	2.51008201
0.58400000	2.51753277
0.58500000	2.51656093
0.58600000	2.51299752
0.58700000	2.50781439
0.58800000	2.50068758
0.58900000	2.49939180
0.59000000	2.50068758
0.59100000	2.50036364
0.59200000	2.50554677
0.59300000	2.50068758
0.59400000	2.49453261
0.59500000	2.49485656
0.59600000	2.49744812
0.59700000	2.50554677
0.59800000	2.51072990
0.59900000	2.50943412
0.60000000	2.50295520
0.60100000	2.49777207
0.60200000	2.50133547
0.60300000	2.50360309
0.60400000	2.50651861
0.60500000	2.50651861
0.60600000	2.50165942
0.60700000	2.50003969
0.60800000	2.50230731
0.60900000	2.49971574
0.61000000	2.50036364
0.61100000	2.50263126
0.61200000	2.50522282
0.61300000	2.50651861
0.61400000	2.50878623
0.61500000	2.51105385
0.61600000	2.51364541
0.61700000	2.51332147
0.61800000	2.50911017
0.61900000	2.49939180
0.62000000	2.49518050
0.62100000	2.49971574
0.62200000	2.50392704
0.62300000	2.50716650
0.62400000	2.50392704
0.62500000	2.50003969
0.62600000	2.49971574
0.62700000	2.50198336
0.62800000	2.49550445
0.62900000	2.49129315
0.63000000	2.48772975
0.63100000	2.49064526
0.63200000	2.50165942
0.63300000	2.51040596
0.63400000	2.51267358
0.63500000	2.51105385
0.63600000	2.50943412
0.63700000	2.50457493
0.63800000	2.50230731
0.63900000	2.50587071
0.64000000	2.50781439
0.64100000	2.50198336
0.64200000	2.49809601
0.64300000	2.49453261
0.64400000	2.49939180
0.64500000	2.50295520
0.64600000	2.50392704
0.64700000	2.50263126
0.64800000	2.50554677
0.64900000	2.50554677
0.65000000	2.50327915
0.65100000	2.50327915
0.65200000	2.50975806
0.65300000	2.51267358
0.65400000	2.50943412
0.65500000	2.50878623
0.65600000	2.50911017
0.65700000	2.51105385
0.65800000	2.51105385
0.65900000	2.50684255
0.66000000	2.50230731
0.66100000	2.49712418
0.66200000	2.49777207
0.66300000	2.50003969
0.66400000	2.50327915
0.66500000	2.50813834
0.66600000	2.50943412
0.66700000	2.51332147
0.66800000	2.51040596
0.66900000	2.50781439
0.67000000	2.49841996
0.67100000	2.49356077
0.67200000	2.49485656
0.67300000	2.49615234
0.67400000	2.50133547
0.67500000	2.50813834
0.67600000	2.51429331
0.67700000	2.51753277
0.67800000	2.51202569
0.67900000	2.50392704
0.68000000	2.49518050
0.68100000	2.49194104
0.68200000	2.49712418
0.68300000	2.50327915
0.68400000	2.51040596
0.68500000	2.51234963
0.68600000	2.51170174
0.68700000	2.50716650
0.68800000	2.50457493
0.68900000	2.50684255
0.69000000	2.50522282
0.69100000	2.50101153
0.69200000	2.50165942
0.69300000	2.50101153
0.69400000	2.49841996
0.69500000	2.50360309
0.69600000	2.50554677
0.69700000	2.50068758
0.69800000	2.49680023
0.69900000	2.49356077
0.70000000	2.49680023
0.70100000	2.49906785
0.70200000	2.50003969
0.70300000	2.49777207
0.70400000	2.49615234
0.70500000	2.49453261
0.70600000	2.49550445
0.70700000	2.49582839
0.70800000	2.49647629
0.70900000	2.50068758
0.71000000	2.50846228
0.71100000	2.51072990
0.71200000	2.50813834
0.71300000	2.50651861
0.71400000	2.50425099
0.71500000	2.50101153
0.71600000	2.50327915
0.71700000	2.51105385
0.71800000	2.51072990
0.71900000	2.50489888
0.72000000	2.49874391
0.72100000	2.49744812
0.72200000	2.50230731
0.72300000	2.50943412
0.72400000	2.51332147
0.72500000	2.51558909
0.72600000	2.51656093
0.72700000	2.51234963
0.72800000	2.51008201
0.72900000	2.50684255
0.73000000	2.50133547
0.73100000	2.49874391
0.73200000	2.49841996
0.73300000	2.49874391
0.73400000	2.50003969
0.73500000	2.49841996
0.73600000	2.49744812
0.73700000	2.50068758
0.73800000	2.50133547
0.73900000	2.50263126
0.74000000	2.49841996
0.74100000	2.50003969
0.74200000	2.50295520
0.74300000	2.50587071
0.74400000	2.50716650
0.74500000	2.50036364
0.74600000	2.49939180
0.74700000	2.50068758
0.74800000	2.50489888
0.74900000	2.51040596
0.75000000	2.51656093
0.75100000	2.51429331
0.75200000	2.50716650
0.75300000	2.50651861
0.75400000	2.50651861
0.75500000	2.50554677
0.75600000	2.50101153
0.75700000	2.49712418
0.75800000	2.49615234
0.75900000	2.50003969
0.76000000	2.50263126
0.76100000	2.50327915
0.76200000	2.50165942
0.76300000	2.49388472
0.76400000	2.49129315
0.76500000	2.49647629
0.76600000	2.50457493
0.76700000	2.50295520
0.76800000	2.49971574
0.76900000	2.49874391
0.77000000	2.49971574
0.77100000	2.50133547
0.77200000	2.50684255
0.77300000	2.50813834
0.77400000	2.51008201
0.77500000	2.51234963
0.77600000	2.50749044
0.77700000	2.50392704
0.77800000	2.50003969
0.77900000	2.50003969
0.78000000	2.49777207
0.78100000	2.50036364
0.78200000	2.50392704
0.78300000	2.50813834
0.78400000	2.50554677
0.78500000	2.50457493
0.78600000	2.50619466
0.78700000	2.50878623
0.78800000	2.50813834
0.78900000	2.50003969
0.79000000	2.49777207
0.79100000	2.50198336
0.79200000	2.50619466
0.79300000	2.51234963
0.79400000	2.51753277
0.79500000	2.51461725
0.79600000	2.51299752
0.79700000	2.50230731
0.79800000	2.49356077
0.79900000	2.49258894
0.80000000	2.49518050
0.80100000	2.50003969
0.80200000	2.50489888
0.80300000	2.50651861
0.80400000	2.50489888
0.80500000	2.50554677
0.80600000	2.50975806
0.80700000	2.51364541
0.80800000	2.50878623
0.80900000	2.50263126
0.81000000	2.50230731
0.81100000	2.50133547
0.81200000	2.50068758
0.81300000	2.50198336
0.81400000	2.50101153
0.81500000	2.49809601
0.81600000	2.50068758
0.81700000	2.50230731
0.81800000	2.49971574
0.81900000	2.50068758
0.82000000	2.50263126
0.82100000	2.50619466
0.82200000	2.50522282
0.82300000	2.50003969
0.82400000	2.49323683
0.82500000	2.49453261
0.82600000	2.49744812
0.82700000	2.50263126
0.82800000	2.50457493
0.82900000	2.50263126
0.83000000	2.49582839
0.83100000	2.49032131
0.83200000	2.48902553
0.83300000	2.49129315
0.83400000	2.48675791
0.83500000	2.48513818
0.83600000	2.48837764
0.83700000	2.49453261
0.83800000	2.49971574
0.83900000	2.50165942
0.84000000	2.49485656
0.84100000	2.48449029
0.84200000	2.47865926
0.84300000	2.47768743
0.84400000	2.46991273
0.84500000	2.45954646
0.84600000	2.44464495
0.84700000	2.42002507
0.84800000	2.38503892
0.84900000	2.34130624
0.85000000	2.28364389
0.85100000	2.20978425
0.85200000	2.12167101
0.85300000	2.02221967
0.85400000	1.91952887
0.85500000	1.81489441
0.85600000	1.71025996
0.85700000	1.60335789
0.85800000	1.50099106
0.85900000	1.40510315
0.86000000	1.31407443
0.86100000	1.22984857
0.86200000	1.15210162
0.86300000	1.07565046
0.86400000	1.00535426
0.86500000	0.94218487
0.86600000	0.87804364
0.86700000	0.81617003
0.86800000	0.75008512
0.86900000	0.67622553
0.87000000	0.59329545
0.87100000	0.51068932
0.87200000	0.41966060
0.87300000	0.32150508
0.87400000	0.22140589
0.87500000	0.11741934
0.87600000	0.02865823
0.87700000	0.02639061
0.87800000	0.02703850
0.87900000	0.02736245
0.88000000	0.02639061
0.88100000	0.02703850
0.88200000	0.02639061
0.88300000	0.02995402
0.88400000	0.02995402
0.88500000	0.03060191
0.88600000	0.03060191
0.88700000	0.02995402
0.88800000	0.03027796
0.88900000	0.03124980
0.89000000	0.02963007
0.89100000	0.03027796
0.89200000	0.03027796
0.89300000	0.03027796
0.89400000	0.02995402
0.89500000	0.05554572
0.89600000	0.07757402
0.89700000	0.10348968
0.89800000	0.13491240
0.89900000	0.16925064
0.90000000	0.20812411
0.90100000	0.24991310
0.90200000	0.29947678
0.90300000	0.35033624
0.90400000	0.40897040
0.90500000	0.47959054
0.90600000	0.56154878
0.90700000	0.65484512
0.90800000	0.76207111
0.90900000	0.87998731
0.91000000	1.00891766
0.91100000	1.14918611
0.91200000	1.29398980
0.91300000	1.44430058
0.91400000	1.59687898
0.91500000	1.74880949
0.91600000	1.89847240
0.91700000	2.04262825
0.91800000	2.18322070
0.91900000	2.31571452
0.92000000	2.44237733
0.92100000	2.55543443
0.92200000	2.65909711
0.92300000	2.75984428
0.92400000	2.85994357
0.92500000	2.94708504
0.92600000	3.03746597
0.92700000	3.12622718
0.92800000	3.21984758
0.92900000	3.31282011
0.93000000	3.40708844
0.93100000	3.50265255
0.93200000	3.60080825
0.93300000	3.70609079
0.93400000	3.81331701
0.93500000	3.92119115
0.93600000	4.02776951
0.93700000	4.13013659
0.93800000	4.22958817
0.93900000	4.32774398
0.94000000	4.41942087
0.94100000	4.50235122
0.94200000	4.57718291
0.94300000	4.63614121
0.94400000	4.68343744
0.94500000	4.72133922
0.94600000	4.75179022
0.94700000	4.77705808
0.94800000	4.80167804
0.94900000	4.81398802
0.95000000	4.82241064
0.95100000	4.82111485
0.95200000	4.81495986
0.95300000	4.80848092
0.95400000	4.80297383
0.95500000	4.80200198
0.95600000	4.80362172
0.95700000	4.80394567
0.95800000	4.80329777
0.95900000	4.79649489
0.96000000	4.78548069
0.96100000	4.77122703
0.96200000	4.75276206
0.96300000	4.73397315
0.96400000	4.71129687
0.96500000	4.67080352
0.96600000	4.62545097
0.96700000	4.57070397
0.96800000	4.50105543
0.96900000	4.43011111
0.97000000	4.35333576
0.97100000	4.26651808
0.97200000	4.16933412
0.97300000	4.07085439
0.97400000	3.97302257
0.97500000	3.87162735
0.97600000	3.76926031
0.97700000	3.66883697
0.97800000	3.57100520
0.97900000	3.47900448
0.98000000	3.38765167
0.98100000	3.29759465
0.98200000	3.21336866
0.98300000	3.13335399
0.98400000	3.05333932
0.98500000	2.96716969
0.98600000	2.87873244
0.98700000	2.79061914
0.98800000	2.69861850
0.98900000	2.60143474
0.99000000	2.50068758
0.99100000	2.39378546
0.99200000	2.28688335
0.99300000	2.18127703
0.99400000	2.07761439
0.99500000	1.97168413
0.99600000	1.86542994
0.99700000	1.75755603
0.99800000	1.65454130
0.99900000	1.55800550
1.00000000	1.46568099
1.00100000	1.37821567
1.00200000	1.29269402
1.00300000	1.22272177
1.00400000	1.16149604
1.00500000	1.10318583
1.00600000	1.04811508
1.00700000	0.99563589
1.00800000	0.94833983
1.00900000	0.90169167
1.01000000	0.85893085
1.01100000	0.82102921
1.01200000	0.78507125
1.01300000	0.75138091
1.01400000	0.71769056
1.01500000	0.68335233
1.01600000	0.65030988
1.01700000	0.61402797
1.01800000	0.57547844
1.01900000	0.54373177
1.02000000	0.51004143
1.02100000	0.48898497
1.02200000	0.47343558
1.02300000	0.46274537
1.02400000	0.45237911
1.02500000	0.45723830
1.02600000	0.46825245
1.02700000	0.48606945
1.02800000	0.50453435
1.02900000	0.53433735
1.03000000	0.57385871
1.03100000	0.61823926
1.03200000	0.67136634
1.03300000	0.72935260
1.03400000	0.78960649
1.03500000	0.84694486
1.03600000	0.90460718
1.03700000	0.96356528
1.03800000	1.02738256
1.03900000	1.08828434
1.04000000	1.14983400
1.04100000	1.20684843
1.04200000	1.26483470
1.04300000	1.32282096
1.04400000	1.38242696
1.04500000	1.44397663
1.04600000	1.50779392
1.04700000	1.57323094
1.04800000	1.64482293
1.04900000	1.71835860
1.05000000	1.79804924
1.05100000	1.88389485
1.05200000	1.97492359
1.05300000	2.07048758
1.05400000	2.16605158
1.05500000	2.26291136
1.05600000	2.36074299
1.05700000	2.45857462
1.05800000	2.55802600
1.05900000	2.65682949
1.06000000	2.75109774
1.06100000	2.83888709
1.06200000	2.92440882
1.06300000	3.00183191
1.06400000	3.07407187
1.06500000	3.14177659
1.06600000	3.20591790
1.06700000	3.27070712
1.06800000	3.33322872
1.06900000	3.39283480
1.07000000	3.44466619
1.07100000	3.49617363
1.07200000	3.54800502
1.07300000	3.60178009
1.07400000	3.65393544
1.07500000	3.70900630
1.07600000	3.76083771
1.07700000	3.81266912
1.07800000	3.86612026
1.07900000	3.91471222
1.08000000	3.96524785
1.08100000	4.01545955
1.08200000	4.06307967
1.08300000	4.10551666
1.08400000	4.14115077
1.08500000	4.17322148
1.08600000	4.19719352
1.08700000	4.21403874
1.08800000	4.22019372
1.08900000	4.21825004
1.09000000	4.21533452
1.09100000	4.20950349
1.09200000	4.19978509
1.09300000	4.18650328
1.09400000	4.17386937
1.09500000	4.15410863
1.09600000	4.12560134
1.09700000	4.09385459
1.09800000	4.06307967
1.09900000	4.03230476
1.10000000	4.00606510
1.10100000	3.98338885
1.10200000	3.95876893
1.10300000	3.92928981
1.10400000	3.89948674
1.10500000	3.86482448
1.10600000	3.82724670
1.10700000	3.78254211
1.10800000	3.73556990
1.10900000	3.68471033
1.11000000	3.62866763
1.11100000	3.57035731
1.11200000	3.50459623
1.11300000	3.43527175
1.11400000	3.36691911
1.11500000	3.29079178
1.11600000	3.21531234
1.11700000	3.13983291
1.11800000	3.05981824
1.11900000	2.97624017
1.12000000	2.89914103
1.12100000	2.82333768
1.12200000	2.74721039
1.12300000	2.66719575
1.12400000	2.59722344
1.12500000	2.53275822
1.12600000	2.47120851
1.12700000	2.40998275
1.12800000	2.34519359
1.12900000	2.27748892
1.13000000	2.21626317
1.13100000	2.15568531
1.13200000	2.09543140
1.13300000	2.03679722
1.13400000	1.97330386
1.13500000	1.90333159
1.13600000	1.83109170
1.13700000	1.75982365
1.13800000	1.69114716
1.13900000	1.62473830
1.14000000	1.56383652
1.14100000	1.50714603
1.14200000	1.45401895
1.14300000	1.40121581
1.14400000	1.35327185
1.14500000	1.30791947
1.14600000	1.26969388
1.14700000	1.23276408
1.14800000	1.19648217
1.14900000	1.16376366
1.15000000	1.13687618
1.15100000	1.11776339
1.15200000	1.10221400
1.15300000	1.08666461
1.15400000	1.07597440
1.15500000	1.06528420
1.15600000	1.05167848
1.15700000	1.04455168
1.15800000	1.04066433
1.15900000	1.04131222
1.16000000	1.04293195
1.16100000	1.04325590
1.16200000	1.04098828
1.16300000	1.04098828
1.16400000	1.04941086
1.16500000	1.06366447
1.16600000	1.07791808
1.16700000	1.09638298
1.16800000	1.12067890
1.16900000	1.15307346
1.17000000	1.18805959
1.17100000	1.22790490
1.17200000	1.27228545
1.17300000	1.31375049
1.17400000	1.35780709
1.17500000	1.40575105
1.17600000	1.45790629
1.17700000	1.51070943
1.17800000	1.56416047
1.17900000	1.62020306
1.18000000	1.67397804
1.18100000	1.72840092
1.18200000	1.78573930
1.18300000	1.84534531
1.18400000	1.90203581
1.18500000	1.96228971
1.18600000	2.02286756
1.18700000	2.07696649
1.18800000	2.12782598
1.18900000	2.18516437
1.19000000	2.24800985
1.19100000	2.31247506
1.19200000	2.37953184
1.19300000	2.44432101
1.19400000	2.51170174
1.19500000	2.57843458
1.19600000	2.64743505
1.19700000	2.71708342
1.19800000	2.78414022
1.19900000	2.85087309
1.20000000	2.91760595
1.20100000	2.97753596
1.20200000	3.03519834
1.20300000	3.09448046
1.20400000	3.14825551
1.20500000	3.20332634
1.20600000	3.25612955
1.20700000	3.30439751
1.20800000	3.35428522
1.20900000	3.39542637
1.21000000	3.43235623
1.21100000	3.45924377
1.21200000	3.49390601
1.21300000	3.52954009
1.21400000	3.56355444
1.21500000	3.59368144
1.21600000	3.61830135
1.21700000	3.63870996
1.21800000	3.65749885
1.21900000	3.68244271
1.22000000	3.71062603
1.22100000	3.73556990
1.22200000	3.74982353
1.22300000	3.76310533
1.22400000	3.77703502
1.22500000	3.79355629
1.22600000	3.80619019
1.22700000	3.80942965
1.22800000	3.80586625
1.22900000	3.79614786
1.23000000	3.78351395
1.23100000	3.77314767
1.23200000	3.76083771
1.23300000	3.74204882
1.23400000	3.72002048
1.23500000	3.69410477
1.23600000	3.66818907
1.23700000	3.63870996
1.23800000	3.60534350
1.23900000	3.57035731
1.24000000	3.53245560
1.24100000	3.49293417
1.24200000	3.45244090
1.24300000	3.41551103
1.24400000	3.38214458
1.24500000	3.34618656
1.24600000	3.30634119
1.24700000	3.26649582
1.24800000	3.21790391
1.24900000	3.16607254
1.25000000	3.11683274
1.25100000	3.06402954
1.25200000	3.01155029
1.25300000	2.95388790
1.25400000	2.89492973
1.25500000	2.83823919
1.25600000	2.78446417
1.25700000	2.72939337
1.25800000	2.66687181
1.25900000	2.60111080
1.26000000	2.53729346
1.26100000	2.47250429
1.26200000	2.41030670
1.26300000	2.35750353
1.26400000	2.30923561
1.26500000	2.26291136
1.26600000	2.21269976
1.26700000	2.15989661
1.26800000	2.10903712
1.26900000	2.06174105
1.27000000	2.01509286
1.27100000	1.96455733
1.27200000	1.91726125
1.27300000	1.87450042
1.27400000	1.82882408
1.27500000	1.79059849
1.27600000	1.75399263
1.27700000	1.71220363
1.27800000	1.67073859
1.27900000	1.63542851
1.28000000	1.60173816
1.28100000	1.57096332
1.28200000	1.54148427
1.28300000	1.51070943
1.28400000	1.48058249
1.28500000	1.45499078
1.28600000	1.44041323
1.28700000	1.42453989
1.28800000	1.40769472
1.28900000	1.39506084
1.29000000	1.38501852
1.29100000	1.38145512
1.29200000	1.37853961
1.29300000	1.37627199
1.29400000	1.37627199
1.29500000	1.38339880
1.29600000	1.38955376
1.29700000	1.39830030
1.29800000	1.40899050
1.29900000	1.42162438
1.30000000	1.43944139
1.30100000	1.45239922
1.30200000	1.47377963
1.30300000	1.49418821
1.30400000	1.52204753
1.30500000	1.55055475
1.30600000	1.57582251
1.30700000	1.60109027
1.30800000	1.63121722
1.30900000	1.66263995
1.31000000	1.69179506
1.31100000	1.72775303
1.31200000	1.77148569
1.31300000	1.81327469
1.31400000	1.85700735
1.31500000	1.90074002
1.31600000	1.94512059
1.31700000	1.99274061
1.31800000	2.04262825
1.31900000	2.09316378
1.32000000	2.14272748
1.32100000	2.19455880
1.32200000	2.24444645
1.32300000	2.29401015
1.32400000	2.34616543
1.32500000	2.39637703
1.32600000	2.44367312
1.32700000	2.49129315
1.32800000	2.53696952
1.32900000	2.58135010
1.33000000	2.62022360
1.33100000	2.66492813
1.33200000	2.71157634
1.33300000	2.75692877
1.33400000	2.80487276
1.33500000	2.84730968
1.33600000	2.88294373
1.33700000	2.91954963
1.33800000	2.95874709
1.33900000	2.99859245
1.34000000	3.03778991
1.34100000	3.07471976
1.34200000	3.11294539
1.34300000	3.14825551
1.34400000	3.18745298
1.34500000	3.22341099
1.34600000	3.25580560
1.34700000	3.28107339
1.34800000	3.30374962
1.34900000	3.32610190
1.35000000	3.34651051
1.35100000	3.36076414
1.35200000	3.37728539
1.35300000	3.39121507
1.35400000	3.39737005
1.35500000	3.40190530
1.35600000	3.40546870
1.35700000	3.40870817
1.35800000	3.41389130
1.35900000	3.41875050
1.36000000	3.42004628
1.36100000	3.41972233
1.36200000	3.41680682
1.36300000	3.41518709
1.36400000	3.41129973
1.36500000	3.40611660
1.36600000	3.39704610
1.36700000	3.38927140
1.36800000	3.37922907
1.36900000	3.36205992
1.37000000	3.34327105
1.37100000	3.32545401
1.37200000	3.30698908
1.37300000	3.27621420
1.37400000	3.24511538
1.37500000	3.21757996
1.37600000	3.18874876
1.37700000	3.16121335
1.37800000	3.12784691
1.37900000	3.08832549
1.38000000	3.04588856
1.38100000	3.00895872
1.38200000	2.97429650
1.38300000	2.94028217
1.38400000	2.90108471
1.38500000	2.85994357
1.38600000	2.82592925
1.38700000	2.79385860
1.38800000	2.75822455
1.38900000	2.71352002
1.39000000	2.66816759
1.39100000	2.62994198
1.39200000	2.59787134
1.39300000	2.56774437
1.39400000	2.53567373
1.39500000	2.49388472
1.39600000	2.45533517
1.39700000	2.41516588
1.39800000	2.37532055
1.39900000	2.33353154
1.40000000	2.29530594
1.40100000	2.26161558
1.40200000	2.22889705
1.40300000	2.19715037
1.40400000	2.15892477
1.40500000	2.11875550
1.40600000	2.08312146
1.40700000	2.05299451
1.40800000	2.02578307
1.40900000	1.99986741
1.41000000	1.97686727
1.41100000	1.95451501
1.41200000	1.92989514
1.41300000	1.90559921
1.41400000	1.88324696
1.41500000	1.86316232
1.41600000	1.84502136
1.41700000	1.83011986
1.41800000	1.81359863
1.41900000	1.80355631
1.42000000	1.79059849
1.42100000	1.78347168
1.42200000	1.77569699
1.42300000	1.76338705
1.42400000	1.75464052
1.42500000	1.74848555
1.42600000	1.74524609
1.42700000	1.74395031
1.42800000	1.73909112
1.42900000	1.73520378
1.43000000	1.74103480
1.43100000	1.74848555
1.43200000	1.75787997
1.43300000	1.76533072
1.43400000	1.77796461
1.43500000	1.78347168
1.43600000	1.79902108
1.43700000	1.81457047
1.43800000	1.83238748
1.43900000	1.85312001
1.44000000	1.87709199
1.44100000	1.89944424
1.44200000	1.91985282
1.44300000	1.94155718
1.44400000	1.96520522
1.44500000	1.98658564
1.44600000	2.00731816
1.44700000	2.03031831
1.44800000	2.05850159
1.44900000	2.09089616
1.45000000	2.12264284
1.45100000	2.15179796
1.45200000	2.17965730
1.45300000	2.20848847
1.45400000	2.23472808
1.45500000	2.26064374
1.45600000	2.29271437
1.45700000	2.32932025
1.45800000	2.36398245
1.45900000	2.39540519
1.46000000	2.42650399
1.46100000	2.46019435
1.46200000	2.49485656
1.46300000	2.53243427
1.46400000	2.56353308
1.46500000	2.59236426
1.46600000	2.62054755
1.46700000	2.64581533
1.46800000	2.67108310
1.46900000	2.70153402
1.47000000	2.73101309
1.47100000	2.75692877
1.47200000	2.78349233
1.47300000	2.80681644
1.47400000	2.83240817
1.47500000	2.85508438
1.47600000	2.87387325
1.47700000	2.89104238
1.47800000	2.91371860
1.47900000	2.93931033
1.48000000	2.96652179
1.48100000	2.99211353
1.48200000	3.01414185
1.48300000	3.03195888
1.48400000	3.04588856
1.48500000	3.05755062
1.48600000	3.06726900
1.48700000	3.07990289
1.48800000	3.08832549
1.48900000	3.09869176
1.49000000	3.10290306
1.49100000	3.10387490
1.49200000	3.10517068
1.49300000	3.10841014
1.49400000	3.11326933
1.49500000	3.11197355
1.49600000	3.11424117
1.49700000	3.10905804
1.49800000	3.10517068
1.49900000	3.10549463
1.50000000	3.10679041
1.50100000	3.10355095
1.50200000	3.09804387
1.50300000	3.09026917
1.50400000	3.07795922
1.50500000	3.06694505
1.50600000	3.05593089
1.50700000	3.04653645
1.50800000	3.03422651
1.50900000	3.02191656
1.51000000	3.00312769
1.51100000	2.98369093
1.51200000	2.96198655
1.51300000	2.93898639
1.51400000	2.91533833
1.51500000	2.89590157
1.51600000	2.87938033
1.51700000	2.86253514
1.51800000	2.84180260
1.51900000	2.81718271
1.52000000	2.79159098
1.52100000	2.76146401
1.52200000	2.73068915
1.52300000	2.70542137
1.52400000	2.68760434
1.52500000	2.66395629
1.52600000	2.63836457
1.52700000	2.61212495
1.52800000	2.58653323
1.52900000	2.55932178
1.53000000	2.53178638
1.53100000	2.50457493
1.53200000	2.48125083
1.53300000	2.46181408
1.53400000	2.43654631
1.53500000	2.41063064
1.53600000	2.38568681
1.53700000	2.35620775
1.53800000	2.32608079
1.53900000	2.29757356
1.54000000	2.27165790
1.54100000	2.24962958
1.54200000	2.23181257
1.54300000	2.21431949
1.54400000	2.19358696
1.54500000	2.17317838
1.54600000	2.15503742
1.54700000	2.13592462
1.54800000	2.11907944
1.54900000	2.10353005
1.55000000	2.08441725
1.55100000	2.06562839
1.55200000	2.04878322
1.55300000	2.03776906
1.55400000	2.02416334
1.55500000	2.01671259
1.55600000	2.00893789
1.55700000	2.00083925
1.55800000	1.99824768
1.55900000	1.99209271
1.56000000	1.98269829
1.56100000	1.97524754
1.56200000	1.97200808
1.56300000	1.97200808
1.56400000	1.97524754
1.56500000	1.98010672
1.56600000	1.98043067
1.56700000	1.97751516
1.56800000	1.97038835
1.56900000	1.97038835
1.57000000	1.97686727
1.57100000	1.98464196
1.57200000	1.98982509
1.57300000	2.00731816
1.57400000	2.01800837
1.57500000	2.02999436
1.57600000	2.04100852
1.57700000	2.05331846
1.57800000	2.06303683
1.57900000	2.07340309
1.58000000	2.09316378
1.58100000	2.11292447
1.58200000	2.13462884
1.58300000	2.14920640
1.58400000	2.16961498
1.58500000	2.19002356
1.58600000	2.21205187
1.58700000	2.23343229
1.58800000	2.25060142
1.58900000	2.26550293
1.59000000	2.28882702
1.59100000	2.31603847
1.59200000	2.34454570
1.59300000	2.37013742
1.59400000	2.38698260
1.59500000	2.39961648
1.59600000	2.41872929
1.59700000	2.44464495
1.59800000	2.47444797
1.59900000	2.50036364
1.60000000	2.52401168
1.60100000	2.54377238
1.60200000	2.56320913
1.60300000	2.58880085
1.60400000	2.61374468
1.60500000	2.64095614
1.60600000	2.66719575
1.60700000	2.69343537
1.60800000	2.71352002
1.60900000	2.73036520
1.61000000	2.74591461
1.61100000	2.76081612
1.61200000	2.77701341
1.61300000	2.79677412
1.61400000	2.81426720
1.61500000	2.82690109
1.61600000	2.84180260
1.61700000	2.85346465
1.61800000	2.86253514
1.61900000	2.87776060
1.62000000	2.89363395
1.62100000	2.90821152
1.62200000	2.91792990
1.62300000	2.92862011
1.62400000	2.93671876
1.62500000	2.94578925
1.62600000	2.95291606
1.62700000	2.95874709
1.62800000	2.96263444
1.62900000	2.96911336
1.63000000	2.97494439
1.63100000	2.97332466
1.63200000	2.97105704
1.63300000	2.96619785
1.63400000	2.96846547
1.63500000	2.97494439
1.63600000	2.97656412
1.63700000	2.97170493
1.63800000	2.96263444
1.63900000	2.95000055
1.64000000	2.93671876
1.64100000	2.92700038
1.64200000	2.92019752
1.64300000	2.91177492
1.64400000	2.90432417
1.64500000	2.89590157
1.64600000	2.88423952
1.64700000	2.87419719
1.64800000	2.86221119
1.64900000	2.84601390
1.65000000	2.82722503
1.65100000	2.80908406
1.65200000	2.79450649
1.65300000	2.77766131
1.65400000	2.75887244
1.65500000	2.73846385
1.65600000	2.71546369
1.65700000	2.69278748
1.65800000	2.67626624
1.65900000	2.65359003
1.66000000	2.63091382
1.66100000	2.60888550
1.66200000	2.58847691
1.66300000	2.56774437
1.66400000	2.54701184
1.66500000	2.52725114
1.66600000	2.50522282
1.66700000	2.48416634
1.66800000	2.45954646
1.66900000	2.44237733
1.67000000	2.42326453
1.67100000	2.40317989
1.67200000	2.38568681
1.67300000	2.36430639
1.67400000	2.34746121
1.67500000	2.33061603
1.67600000	2.31247506
1.67700000	2.29530594
1.67800000	2.28040443
1.67900000	2.26550293
1.68000000	2.25092537
1.68100000	2.23181257
1.68200000	2.21302371
1.68300000	2.19488275
1.68400000	2.18095308
1.68500000	2.16831920
1.68600000	2.15503742
1.68700000	2.13884013
1.68800000	2.12717808
1.68900000	2.11778366
1.69000000	2.11551604
1.69100000	2.11292447
1.69200000	2.10385399
1.69300000	2.08992432
1.69400000	2.08150174
1.69500000	2.08214963
1.69600000	2.08150174
1.69700000	2.08085384
1.69800000	2.07891017
1.69900000	2.07599466
1.70000000	2.07469887
1.70100000	2.07729044
1.70200000	2.08214963
1.70300000	2.08700881
1.70400000	2.09089616
1.70500000	2.09802297
1.70600000	2.10871318
1.70700000	2.11745971
1.70800000	2.12523441
1.70900000	2.13495278
1.71000000	2.14143170
1.71100000	2.15212191
1.71200000	2.16605158
1.71300000	2.18224886
1.71400000	2.19650248
1.71500000	2.20719269
1.71600000	2.22047446
1.71700000	2.22760127
1.71800000	2.24412250
1.71900000	2.26193952
1.72000000	2.27716497
1.72100000	2.29271437
1.72200000	2.30826377
1.72300000	2.32867235
1.72400000	2.35199645
1.72500000	2.37499660
1.72600000	2.39670097
1.72700000	2.41775745
1.72800000	2.43298290
1.72900000	2.44982809
1.73000000	2.46537749
1.73100000	2.48254661
1.73200000	2.50230731
1.73300000	2.52044828
1.73400000	2.54053292
1.73500000	2.56029362
1.73600000	2.57940642
1.73700000	2.59819528
1.73800000	2.61406863
1.73900000	2.62573068
1.74000000	2.64192797
1.74100000	2.65618159
1.74200000	2.67497045
1.74300000	2.69473115
1.74400000	2.71190029
1.74500000	2.72421023
1.74600000	2.73392861
1.74700000	2.74429488
1.74800000	2.75822455
1.74900000	2.77280212
1.75000000	2.78640785
1.75100000	2.80066147
1.75200000	2.81135168
1.75300000	2.81912638
1.75400000	2.82107006
1.75500000	2.82495741
1.75600000	2.83111238
1.75700000	2.84018287
1.75800000	2.84633784
1.75900000	2.85314071
1.76000000	2.85767595
1.76100000	2.86156330
1.76200000	2.86156330
1.76300000	2.85994357
1.76400000	2.86026752
1.76500000	2.85832384
1.76600000	2.85378860
1.76700000	2.85216887
1.76800000	2.84828152
1.76900000	2.84504206
1.77000000	2.84633784
1.77100000	2.83921103
1.77200000	2.83661946
1.77300000	2.82819687
1.77400000	2.82139401
1.77500000	2.81361930
1.77600000	2.80714038
1.77700000	2.79385860
1.77800000	2.77766131
1.77900000	2.76340769
1.78000000	2.75466115
1.78100000	2.74818223
1.78200000	2.74008358
1.78300000	2.72550601
1.78400000	2.71254818
1.78500000	2.69797061
1.78600000	2.68080148
1.78700000	2.65974500
1.78800000	2.64516743
1.78900000	2.63480117
1.79000000	2.62702646
1.79100000	2.61309679
1.79200000	2.59301215
1.79300000	2.57065988
1.79400000	2.55478654
1.79500000	2.53794135
1.79600000	2.52627930
1.79700000	2.51396936
1.79800000	2.49680023
1.79900000	2.47671559
1.80000000	2.46019435
1.80100000	2.44756047
1.80200000	2.43395474
1.80300000	2.42099691
1.80400000	2.41192643
1.80500000	2.39799676
1.80600000	2.38503892
1.80700000	2.37337687
1.80800000	2.36139088
1.80900000	2.34681332
1.81000000	2.33612311
1.81100000	2.32381317
1.81200000	2.31441874
1.81300000	2.30567220
1.81400000	2.29368621
1.81500000	2.28299600
1.81600000	2.26809449
1.81700000	2.25902401
1.81800000	2.25286904
1.81900000	2.24541829
1.82000000	2.24153094
1.82100000	2.23991121
1.82200000	2.23537597
1.82300000	2.23019284
1.82400000	2.22403787
1.82500000	2.22177025
1.82600000	2.22274208
1.82700000	2.22500970
1.82800000	2.22436181
1.82900000	2.22079841
1.83000000	2.21723501
1.83100000	2.21302371
1.83200000	2.21464344
1.83300000	2.22306603
1.83400000	2.23019284
1.83500000	2.22986889
1.83600000	2.23116467
1.83700000	2.23116467
1.83800000	2.23505202
1.83900000	2.24282672
1.84000000	2.24962958
1.84100000	2.26129163
1.84200000	2.27198184
1.84300000	2.28105232
1.84400000	2.28785518
1.84500000	2.29886934
1.84600000	2.31020744
1.84700000	2.31927793
1.84800000	2.32575684
1.84900000	2.33353154
1.85000000	2.34098229
1.85100000	2.35037672
1.85200000	2.36333455
1.85300000	2.38017974
1.85400000	2.39832070
1.85500000	2.41322221
1.85600000	2.42456031
1.85700000	2.43103923
1.85800000	2.43557447
1.85900000	2.44270128
1.86000000	2.45047598
1.86100000	2.45954646
1.86200000	2.47120851
1.86300000	2.48513818
1.86400000	2.50165942
1.86500000	2.51656093
1.86600000	2.53178638
1.86700000	2.54118081
1.86800000	2.55025130
1.86900000	2.56029362
1.87000000	2.57098383
1.87100000	2.58523745
1.87200000	2.59592766
1.87300000	2.59981501
1.87400000	2.60758971
1.87500000	2.61439258
1.87600000	2.62184333
1.87700000	2.62832225
1.87800000	2.63674484
1.87900000	2.64484349
1.88000000	2.65844921
1.88100000	2.66816759
1.88200000	2.66751970
1.88300000	2.66492813
1.88400000	2.66719575
1.88500000	2.67594229
1.88600000	2.68695645
1.88700000	2.69667483
1.88800000	2.70023823
1.88900000	2.69926640
1.89000000	2.70056218
1.89100000	2.70380164
1.89200000	2.70574531
1.89300000	2.70606926
1.89400000	2.70833688
1.89500000	2.70833688
1.89600000	2.71254818
1.89700000	2.72129472
1.89800000	2.72744969
1.89900000	2.72356234
1.90000000	2.71125239
1.90100000	2.69829456
1.90200000	2.69278748
1.90300000	2.69213959
1.90400000	2.68728040
1.90500000	2.69116775
1.90600000	2.69408326
1.90700000	2.69537905
1.90800000	2.69246353
1.90900000	2.68922407
1.91000000	2.68468883
1.91100000	2.67756202
1.91200000	2.66881548
1.91300000	2.66330840
1.91400000	2.65488581
1.91500000	2.64387165
1.91600000	2.63998430
1.91700000	2.62897014
1.91800000	2.61925176
1.91900000	2.60726577
1.92000000	2.60078685
1.92100000	2.59689950
1.92200000	2.59333609
1.92300000	2.58685718
1.92400000	2.58232194
1.92500000	2.57292751
1.92600000	2.56029362
1.92700000	2.55187102
1.92800000	2.54215265
1.92900000	2.53243427
1.93000000	2.52595536
1.93100000	2.51947644
1.93200000	2.50684255
1.93300000	2.50036364
1.93400000	2.49874391
1.93500000	2.49096921
1.93600000	2.48027899
1.93700000	2.46796905
1.93800000	2.45501122
1.93900000	2.44982809
1.94000000	2.44982809
1.94100000	2.44432101
1.94200000	2.43589842
1.94300000	2.42585610
1.94400000	2.41646167
1.94500000	2.41387010
1.94600000	2.41095459
1.94700000	2.40026438
1.94800000	2.39151784
1.94900000	2.38601076
1.95000000	2.38179946
1.95100000	2.37629239
1.95200000	2.37240504
1.95300000	2.36916558
1.95400000	2.36560217
1.95500000	2.36041904
1.95600000	2.34875699
1.95700000	2.34422175
1.95800000	2.34681332
1.95900000	2.34260202
1.96000000	2.34713726
1.96100000	2.34616543
1.96200000	2.34227808
1.96300000	2.34195413
1.96400000	2.33968651
1.96500000	2.33806678
1.96600000	2.33547522
1.96700000	2.33191181
1.96800000	2.33288365
1.96900000	2.33547522
1.97000000	2.33482732
1.97100000	2.33677100
1.97200000	2.34065835
1.97300000	2.34648937
1.97400000	2.35232040
1.97500000	2.35329223
1.97600000	2.35199645
1.97700000	2.35329223
1.97800000	2.35717958
1.97900000	2.36171483
1.98000000	2.36301061
1.98100000	2.36884163
1.98200000	2.37240504
1.98300000	2.37564449
1.98400000	2.38633471
1.98500000	2.39605308
1.98600000	2.40220805
1.98700000	2.40317989
1.98800000	2.39994043
1.98900000	2.40091227
1.99000000	2.40803908
1.99100000	2.41354615
1.99200000	2.42034902
1.99300000	2.42747582
1.99400000	2.44237733
1.99500000	2.45468727
1.99600000	2.45987041
1.99700000	2.46181408
1.99800000	2.46537749
1.99900000	2.46440565
2.00000000	2.47218035
2.00100000	2.48287056
2.00200000	2.49582839
2.00300000	2.50684255
2.00400000	2.51688487
2.00500000	2.52530747
2.00600000	2.53178638
2.00700000	2.53664557
2.00800000	2.53437795
2.00900000	2.53113849
2.01000000	2.53761741
2.01100000	2.55251892
2.01200000	2.57001199
2.01300000	2.58458956
2.01400000	2.58620929
2.01500000	2.58750507
2.01600000	2.59527977
2.01700000	2.59949107
2.01800000	2.60111080
2.01900000	2.60856155
2.02000000	2.61471652
2.02100000	2.61892782
2.02200000	2.62573068
2.02300000	2.63512511
2.02400000	2.64387165
2.02500000	2.64678716
2.02600000	2.65099846
2.02700000	2.64808295
2.02800000	2.64905478
2.02900000	2.65099846
2.03000000	2.65715343
2.03100000	2.65974500
2.03200000	2.65812527
2.03300000	2.65359003
2.03400000	2.65164635
2.03500000	2.65326608
2.03600000	2.65682949
2.03700000	2.66201262
2.03800000	2.66330840
2.03900000	2.65812527
2.04000000	2.65326608
2.04100000	2.64743505
2.04200000	2.64030825
2.04300000	2.64128008
2.04400000	2.64354770
2.04500000	2.65326608
2.04600000	2.66006894
2.04700000	2.64808295
2.04800000	2.63804062
2.04900000	2.62799830
2.05000000	2.62897014
2.05100000	2.62767436
2.05200000	2.62832225
2.05300000	2.62637857
2.05400000	2.62119544
2.05500000	2.61536441
2.05600000	2.60564604
2.05700000	2.59851923
2.05800000	2.59366004
2.05900000	2.58750507
2.06000000	2.57940642
2.06100000	2.57227961
2.06200000	2.56385702
2.06300000	2.55511048
2.06400000	2.54765973
2.06500000	2.54377238
2.06600000	2.53308217
2.06700000	2.52465957
2.06800000	2.51753277
2.06900000	2.51072990
2.07000000	2.49939180
2.07100000	2.48999737
2.07200000	2.48546213
2.07300000	2.48189872
2.07400000	2.47509586
2.07500000	2.46958878
2.07600000	2.46667327
2.07700000	2.45727884
2.07800000	2.44853230
2.07900000	2.44237733
2.08000000	2.43784209
2.08100000	2.43103923
2.08200000	2.42391242
2.08300000	2.41387010
2.08400000	2.40771513
2.08500000	2.40674329
2.08600000	2.40415173
2.08700000	2.39702492
2.08800000	2.39022206
2.08900000	2.38017974
2.09000000	2.37467266
2.09100000	2.37305293
2.09200000	2.36754585
2.09300000	2.36463034
2.09400000	2.36365850
2.09500000	2.36139088
2.09600000	2.36106693
2.09700000	2.36009510
2.09800000	2.35426407
2.09900000	2.34713726
2.10000000	2.34616543
2.10100000	2.34616543
2.10200000	2.34616543
2.10300000	2.35070067
2.10400000	2.35167251
2.10500000	2.35232040
2.10600000	2.35296829
2.10700000	2.35588380
2.10800000	2.35296829
2.10900000	2.35199645
2.11000000	2.35199645
2.11100000	2.35555985
2.11200000	2.36398245
2.11300000	2.36625007
2.11400000	2.36819374
2.11500000	2.37305293
2.11600000	2.37791212
2.11700000	2.37953184
2.11800000	2.38082763
2.11900000	2.38568681
2.12000000	2.39896859
2.12100000	2.41322221
2.12200000	2.42196875
2.12300000	2.42553215
2.12400000	2.43071528
2.12500000	2.43784209
2.12600000	2.44237733
2.12700000	2.45533517
2.12800000	2.46213803
2.12900000	2.46408170
2.13000000	2.46926484
2.13100000	2.47703954
2.13200000	2.48578607
2.13300000	2.48934948
2.13400000	2.48805369
2.13500000	2.48902553
2.13600000	2.49712418
2.13700000	2.50587071
2.13800000	2.51915249
2.13900000	2.52887087
2.14000000	2.53826530
2.14100000	2.54571605
2.14200000	2.54960340
2.14300000	2.55543443
2.14400000	2.56612464
2.14500000	2.57551907
2.14600000	2.58523745
2.14700000	2.59301215
2.14800000	2.59495582
2.14900000	2.59722344
2.15000000	2.60143474
2.15100000	2.60758971
2.15200000	2.61050523
2.15300000	2.61730809
2.15400000	2.62151938
2.15500000	2.62411095
2.15600000	2.62670252
2.15700000	2.62897014
2.15800000	2.62994198
2.15900000	2.63058987
2.16000000	2.63156171
2.16100000	2.63123776
2.16200000	2.63318144
2.16300000	2.63771668
2.16400000	2.64581533
2.16500000	2.65132241
2.16600000	2.65456186
2.16700000	2.65423792
2.16800000	2.65002662
2.16900000	2.64581533
2.17000000	2.63804062
2.17100000	2.63382933
2.17200000	2.63285749
2.17300000	2.63577300
2.17400000	2.63933641
2.17500000	2.63901246
2.17600000	2.62961803
2.17700000	2.62767436
2.17800000	2.62313911
2.17900000	2.61277285
2.18000000	2.60888550
2.18100000	2.60435025
2.18200000	2.60305447
2.18300000	2.60273052
2.18400000	2.59851923
2.18500000	2.59366004
2.18600000	2.58912480
2.18700000	2.57940642
2.18800000	2.56904016
2.18900000	2.56126545
2.19000000	2.55478654
2.19100000	2.55316681
2.19200000	2.55349075
2.19300000	2.55122313
2.19400000	2.54344843
2.19500000	2.53275822
2.19600000	2.51882855
2.19700000	2.51137779
2.19800000	2.50813834
2.19900000	2.50749044
2.20000000	2.50198336
2.20100000	2.49194104
2.20200000	2.48384240
2.20300000	2.47218035
2.20400000	2.46246197
2.20500000	2.45306754
2.20600000	2.44367312
2.20700000	2.44237733
2.20800000	2.44237733
2.20900000	2.43784209
2.21000000	2.43233501
2.21100000	2.42747582
2.21200000	2.42132085
2.21300000	2.42164480
2.21400000	2.41225037
2.21500000	2.40188411
2.21600000	2.39605308
2.21700000	2.39799676
2.21800000	2.39799676
2.21900000	2.39605308
2.22000000	2.39767281
2.22100000	2.39702492
2.22200000	2.39443335
2.22300000	2.39119389
2.22400000	2.38633471
2.22500000	2.38277130
2.22600000	2.38277130
2.22700000	2.38244736
2.22800000	2.38277130
2.22900000	2.38147552
2.23000000	2.37532055
2.23100000	2.37240504
2.23200000	2.37596844
2.23300000	2.37791212
2.23400000	2.38212341
2.23500000	2.38665865
2.23600000	2.38827838
2.23700000	2.38601076
2.23800000	2.38795444
2.23900000	2.39184178
2.24000000	2.39961648
2.24100000	2.40544751
2.24200000	2.40771513
2.24300000	2.41387010
2.24400000	2.42747582
2.24500000	2.43427869
2.24600000	2.43460263
2.24700000	2.43395474
2.24800000	2.43103923
2.24900000	2.43265896
2.25000000	2.44108155
2.25100000	2.45598306
2.25200000	2.46537749
2.25300000	2.46505354
2.25400000	2.46375776
2.25500000	2.45889857
2.25600000	2.45533517
2.25700000	2.46472959
2.25800000	2.47898321
2.25900000	2.49129315
2.26000000	2.49647629
2.26100000	2.49615234
2.26200000	2.49680023
2.26300000	2.50587071
2.26400000	2.51882855
2.26500000	2.53081454
2.26600000	2.54150476
2.26700000	2.54636395
2.26800000	2.54733578
2.26900000	2.54765973
2.27000000	2.55057524
2.27100000	2.55446259
2.27200000	2.56029362
2.27300000	2.56644859
2.27400000	2.57001199
2.27500000	2.57195567
2.27600000	2.57163172
2.27700000	2.57065988
2.27800000	2.57519513
2.27900000	2.57811064
2.28000000	2.58588534
2.28100000	2.58944874
2.28200000	2.59495582
2.28300000	2.59657555
2.28400000	2.60046290
2.28500000	2.59851923
2.28600000	2.59204031
2.28700000	2.59009664
2.28800000	2.59074453
2.28900000	2.58977269
2.29000000	2.58815296
2.29100000	2.58815296
2.29200000	2.59366004
2.29300000	2.59689950
2.29400000	2.59754739
2.29500000	2.59301215
2.29600000	2.58944874
2.29700000	2.58880085
2.29800000	2.58880085
2.29900000	2.58620929
2.30000000	2.58653323
2.30100000	2.58361772
2.30200000	2.57973037
2.30300000	2.57811064
2.30400000	2.57292751
2.30500000	2.56968805
2.30600000	2.56968805
2.30700000	2.56871621
2.30800000	2.56353308
2.30900000	2.55867389
2.31000000	2.55154708
2.31100000	2.54409632
2.31200000	2.54215265
2.31300000	2.54312449
2.31400000	2.53923714
2.31500000	2.53567373
2.31600000	2.52984271
2.31700000	2.52336379
2.31800000	2.52142012
2.31900000	2.51818066
2.32000000	2.51785671
2.32100000	2.52012433
2.32200000	2.52012433
2.32300000	2.51656093
2.32400000	2.50911017
2.32500000	2.49809601
2.32600000	2.49129315
2.32700000	2.48708186
2.32800000	2.48287056
2.32900000	2.48157478
2.33000000	2.48481424
2.33100000	2.48481424
2.33200000	2.48449029
2.33300000	2.48643396
2.33400000	2.48513818
2.33500000	2.48222267
2.33600000	2.47315219
2.33700000	2.46699721
2.33800000	2.46019435
2.33900000	2.45630700
2.34000000	2.45889857
2.34100000	2.45987041
2.34200000	2.45533517
2.34300000	2.44950414
2.34400000	2.45241965
2.34500000	2.45436333
2.34600000	2.45663095
2.34700000	2.45630700
2.34800000	2.45112387
2.34900000	2.45436333
2.35000000	2.45889857
2.35100000	2.45760279
2.35200000	2.45306754
2.35300000	2.45533517
2.35400000	2.45825068
2.35500000	2.45533517
2.35600000	2.45241965
2.35700000	2.45047598
2.35800000	2.45598306
2.35900000	2.46116619
2.36000000	2.45695489
2.36100000	2.45209571
2.36200000	2.44723652
2.36300000	2.44756047
2.36400000	2.45079992
2.36500000	2.45663095
2.36600000	2.45630700
2.36700000	2.45760279
2.36800000	2.46149014
2.36900000	2.46472959
2.37000000	2.46051830
2.37100000	2.46051830
2.37200000	2.46537749
2.37300000	2.46991273
2.37400000	2.47768743
2.37500000	2.48027899
2.37600000	2.47801137
2.37700000	2.47833532
2.37800000	2.47671559
2.37900000	2.47703954
2.38000000	2.47736348
2.38100000	2.47703954
2.38200000	2.47768743
2.38300000	2.47995505
2.38400000	2.48611002
2.38500000	2.48902553
2.38600000	2.49323683
2.38700000	2.49258894
2.38800000	2.49356077
2.38900000	2.49744812
2.39000000	2.49809601
2.39100000	2.49971574
2.39200000	2.50554677
2.39300000	2.50911017
2.39400000	2.50943412
2.39500000	2.50911017
2.39600000	2.50522282
2.39700000	2.49874391
2.39800000	2.49615234
2.39900000	2.49777207
2.40000000	2.49939180
2.40100000	2.50295520
2.40200000	2.50457493
2.40300000	2.50651861
2.40400000	2.50911017
2.40500000	2.51332147
2.40600000	2.51785671
2.40700000	2.52142012
2.40800000	2.52271590
2.40900000	2.52725114
2.41000000	2.53243427
2.41100000	2.53178638
2.41200000	2.53405400
2.41300000	2.52822298
2.41400000	2.51980039
2.41500000	2.51332147
2.41600000	2.51105385
2.41700000	2.51234963
2.41800000	2.51818066
2.41900000	2.52142012
2.42000000	2.52530747
2.42100000	2.52822298
2.42200000	2.52563141
2.42300000	2.52465957
2.42400000	2.53113849
2.42500000	2.54020897
2.42600000	2.54506816
2.42700000	2.54020897
2.42800000	2.53599768
2.42900000	2.52822298
2.43000000	2.53243427
2.43100000	2.54150476
2.43200000	2.54733578
2.43300000	2.55122313
2.43400000	2.54830762
2.43500000	2.54377238
2.43600000	2.53826530
2.43700000	2.53502584
2.43800000	2.53567373
2.43900000	2.53211033
2.44000000	2.52984271
2.44100000	2.52789903
2.44200000	2.52660325
2.44300000	2.52757509
2.44400000	2.53113849
2.44500000	2.53405400
2.44600000	2.53729346
2.44700000	2.53567373
2.44800000	2.53405400
2.44900000	2.53729346
2.45000000	2.53696952
2.45100000	2.53308217
2.45200000	2.53049060
2.45300000	2.52660325
2.45400000	2.52530747
2.45500000	2.53016665
2.45600000	2.53502584
2.45700000	2.53113849
2.45800000	2.52465957
2.45900000	2.52077222
2.46000000	2.51980039
2.46100000	2.51947644
2.46200000	2.52465957
2.46300000	2.52595536
2.46400000	2.52401168
2.46500000	2.52303984
2.46600000	2.51591304
2.46700000	2.51558909
2.46800000	2.51429331
2.46900000	2.51105385
2.47000000	2.50878623
2.47100000	2.50943412
2.47200000	2.50749044
2.47300000	2.50327915
2.47400000	2.50360309
2.47500000	2.50716650
2.47600000	2.50619466
2.47700000	2.49615234
2.47800000	2.49161710
2.47900000	2.48805369
2.48000000	2.49161710
2.48100000	2.49485656
2.48200000	2.49291288
2.48300000	2.48870159
2.48400000	2.48254661
2.48500000	2.48222267
2.48600000	2.48416634
2.48700000	2.48546213
2.48800000	2.48481424
2.48900000	2.48481424
2.49000000	2.48351845
2.49100000	2.48060294
2.49200000	2.47574375
2.49300000	2.47315219
2.49400000	2.47153246
2.49500000	2.46505354
2.49600000	2.46084224
2.49700000	2.46084224
2.49800000	2.46537749
2.49900000	2.46861694
2.50000000	2.46861694
2.50100000	2.46570143
2.50200000	2.45954646
2.50300000	2.45598306
2.50400000	2.45274360
2.50500000	2.45177176
2.50600000	2.45274360
2.50700000	2.45825068
2.50800000	2.46213803
2.50900000	2.46310986
2.51000000	2.46181408
2.51100000	2.45792673
2.51200000	2.45987041
2.51300000	2.46375776
2.51400000	2.46343381
2.51500000	2.46278592
2.51600000	2.46116619
2.51700000	2.45468727
2.51800000	2.45695489
2.51900000	2.45889857
2.52000000	2.46570143
2.52100000	2.47282824
2.52200000	2.47120851
2.52300000	2.47574375
2.52400000	2.47898321
2.52500000	2.47930716
2.52600000	2.48287056
2.52700000	2.48254661
2.52800000	2.48060294
2.52900000	2.47639164
2.53000000	2.47347613
2.53100000	2.46926484
2.53200000	2.47606770
2.53300000	2.48772975
2.53400000	2.49420866
2.53500000	2.49809601
2.53600000	2.49712418
2.53700000	2.49064526
2.53800000	2.48546213
2.53900000	2.48870159
2.54000000	2.49582839
2.54100000	2.50781439
2.54200000	2.51494120
2.54300000	2.51720882
2.54400000	2.52498352
2.54500000	2.53146244
2.54600000	2.53373006
2.54700000	2.53405400
2.54800000	2.52854692
2.54900000	2.52530747
2.55000000	2.52433563
2.55100000	2.52627930
2.55200000	2.53211033
2.55300000	2.53826530
2.55400000	2.53826530
2.55500000	2.53826530
2.55600000	2.53794135
2.55700000	2.53632162
2.55800000	2.53405400
2.55900000	2.53923714
2.56000000	2.54150476
2.56100000	2.53956108
2.56200000	2.54312449
2.56300000	2.54798367
2.56400000	2.55478654
2.56500000	2.56158940
2.56600000	2.56515280
2.56700000	2.56580070
2.56800000	2.56256124
2.56900000	2.55575838
2.57000000	2.55381470
2.57100000	2.55543443
2.57200000	2.55770205
2.57300000	2.55996967
2.57400000	2.55673021
2.57500000	2.54863157
2.57600000	2.54539211
2.57700000	2.54960340
2.57800000	2.55057524
2.57900000	2.55122313
2.58000000	2.55187102
2.58100000	2.54863157
2.58200000	2.54377238
2.58300000	2.54377238
2.58400000	2.54539211
2.58500000	2.54539211
2.58600000	2.54604000
2.58700000	2.53988503
2.58800000	2.53373006
2.58900000	2.53113849
2.59000000	2.53016665
2.59100000	2.53146244
2.59200000	2.53211033
2.59300000	2.52563141
2.59400000	2.51656093
2.59500000	2.51591304
2.59600000	2.51591304
2.59700000	2.51526514
2.59800000	2.51332147
2.59900000	2.51494120
2.60000000	2.51753277
2.60100000	2.51170174
2.60200000	2.50003969
2.60300000	2.49161710
2.60400000	2.48416634
2.60500000	2.47833532
2.60600000	2.47412402
2.60700000	2.47282824
2.60800000	2.47185640
2.60900000	2.47671559
2.61000000	2.48513818
2.61100000	2.49226499
2.61200000	2.48805369
2.61300000	2.48027899
2.61400000	2.47088456
2.61500000	2.46019435
2.61600000	2.45695489
2.61700000	2.45630700
2.61800000	2.46699721
2.61900000	2.46861694
2.62000000	2.46764511
2.62100000	2.46213803
2.62200000	2.45501122
2.62300000	2.45565911
2.62400000	2.45403938
2.62500000	2.44918019
2.62600000	2.45047598
2.62700000	2.45047598
2.62800000	2.45403938
2.62900000	2.45663095
2.63000000	2.45533517
2.63100000	2.45112387
2.63200000	2.45047598
2.63300000	2.45144782
2.63400000	2.45241965
2.63500000	2.45079992
2.63600000	2.44756047
2.63700000	2.44820836
2.63800000	2.45468727
2.63900000	2.46829300
2.64000000	2.47541981
2.64100000	2.47444797
2.64200000	2.46894089
2.64300000	2.46440565
2.64400000	2.46602538
2.64500000	2.47056062
2.64600000	2.46958878
2.64700000	2.47218035
2.64800000	2.47477191
2.64900000	2.47347613
2.65000000	2.47703954
2.65100000	2.48027899
2.65200000	2.47995505
2.65300000	2.48384240
2.65400000	2.48870159
2.65500000	2.49032131
2.65600000	2.49453261
2.65700000	2.49518050
2.65800000	2.50068758
2.65900000	2.50457493
2.66000000	2.50587071
2.66100000	2.50684255
2.66200000	2.51202569
2.66300000	2.51785671
2.66400000	2.52142012
2.66500000	2.52692719
2.66600000	2.52854692
2.66700000	2.52465957
2.66800000	2.51915249
2.66900000	2.51558909
2.67000000	2.51850460
2.67100000	2.52465957
2.67200000	2.53243427
2.67300000	2.53632162
2.67400000	2.53858924
2.67500000	2.53826530
2.67600000	2.53956108
2.67700000	2.54442027
2.67800000	2.54636395
2.67900000	2.54636395
2.68000000	2.54539211
2.68100000	2.54442027
2.68200000	2.54506816
2.68300000	2.54474422
2.68400000	2.54668789
2.68500000	2.55057524
2.68600000	2.54992735
2.68700000	2.54733578
2.68800000	2.54733578
2.68900000	2.54798367
2.69000000	2.54798367
2.69100000	2.54701184
2.69200000	2.54668789
2.69300000	2.54636395
2.69400000	2.54636395
2.69500000	2.54506816
2.69600000	2.54150476
2.69700000	2.54150476
2.69800000	2.54506816
2.69900000	2.54668789
2.70000000	2.54409632
2.70100000	2.53794135
2.70200000	2.53308217
2.70300000	2.53178638
2.70400000	2.53308217
2.70500000	2.53664557
2.70600000	2.53794135
2.70700000	2.53534979
2.70800000	2.52789903
2.70900000	2.52368774
2.71000000	2.51882855
2.71100000	2.51623698
2.71200000	2.51332147
2.71300000	2.51008201
2.71400000	2.51137779
2.71500000	2.50846228
2.71600000	2.50878623
2.71700000	2.50749044
2.71800000	2.50230731
2.71900000	2.49647629
2.72000000	2.48740580
2.72100000	2.48416634
2.72200000	2.48643396
2.72300000	2.48740580
2.72400000	2.49096921
2.72500000	2.49680023
2.72600000	2.49939180
2.72700000	2.49356077
2.72800000	2.48837764
2.72900000	2.48384240
2.73000000	2.47736348
2.73100000	2.47477191
2.73200000	2.47315219
2.73300000	2.47088456
2.73400000	2.46926484
2.73500000	2.46861694
2.73600000	2.46926484
2.73700000	2.47056062
2.73800000	2.47088456
2.73900000	2.47380008
2.74000000	2.47412402
2.74100000	2.47250429
2.74200000	2.47120851
2.74300000	2.46894089
2.74400000	2.46699721
2.74500000	2.46926484
2.74600000	2.46570143
2.74700000	2.46343381
2.74800000	2.45760279
2.74900000	2.45954646
2.75000000	2.46116619
2.75100000	2.46991273
2.75200000	2.47282824
2.75300000	2.47444797
2.75400000	2.47639164
2.75500000	2.47671559
2.75600000	2.47509586
2.75700000	2.47639164
2.75800000	2.47412402
2.75900000	2.47380008
2.76000000	2.47639164
2.76100000	2.48027899
2.76200000	2.48384240
2.76300000	2.48157478
2.76400000	2.48384240
2.76500000	2.49064526
2.76600000	2.49356077
2.76700000	2.49777207
2.76800000	2.49939180
2.76900000	2.50230731
2.77000000	2.50554677
2.77100000	2.50392704
2.77200000	2.50489888
2.77300000	2.50230731
2.77400000	2.50198336
2.77500000	2.50587071
2.77600000	2.50457493
2.77700000	2.50425099
2.77800000	2.50813834
2.77900000	2.50716650
2.78000000	2.50975806
2.78100000	2.51461725
2.78200000	2.51915249
2.78300000	2.51980039
2.78400000	2.51818066
2.78500000	2.51947644
2.78600000	2.52271590
2.78700000	2.52206801
2.78800000	2.52303984
2.78900000	2.52692719
2.79000000	2.52692719
2.79100000	2.52336379
2.79200000	2.52303984
2.79300000	2.52563141
2.79400000	2.52595536
2.79500000	2.52498352
2.79600000	2.52271590
2.79700000	2.52692719
2.79800000	2.52595536
2.79900000	2.52660325
2.80000000	2.52660325
2.80100000	2.52757509
2.80200000	2.53470189
2.80300000	2.53794135
2.80400000	2.53405400
2.80500000	2.53113849
2.80600000	2.52142012
2.80700000	2.51850460
2.80800000	2.52012433
2.80900000	2.52239195
2.81000000	2.52401168
2.81100000	2.52757509
2.81200000	2.53049060
2.81300000	2.52789903
2.81400000	2.52239195
2.81500000	2.51850460
2.81600000	2.51526514
2.81700000	2.51267358
2.81800000	2.51267358
2.81900000	2.51656093
2.82000000	2.51785671
2.82100000	2.51753277
2.82200000	2.51429331
2.82300000	2.50911017
2.82400000	2.50489888
2.82500000	2.49906785
2.82600000	2.49453261
2.82700000	2.49388472
2.82800000	2.49258894
2.82900000	2.49550445
2.83000000	2.50036364
2.83100000	2.50716650
2.83200000	2.50943412
2.83300000	2.50911017
2.83400000	2.50619466
2.83500000	2.50489888
2.83600000	2.49971574
2.83700000	2.49518050
2.83800000	2.49032131
2.83900000	2.49129315
2.84000000	2.49485656
2.84100000	2.48999737
2.84200000	2.48449029
2.84300000	2.48157478
2.84400000	2.48578607
2.84500000	2.49615234
2.84600000	2.50295520
2.84700000	2.49874391
2.84800000	2.48967342
2.84900000	2.48125083
2.85000000	2.47768743
2.85100000	2.47898321
2.85200000	2.48546213
2.85300000	2.49550445
2.85400000	2.49874391
2.85500000	2.49161710
2.85600000	2.48611002
2.85700000	2.48708186
2.85800000	2.48967342
2.85900000	2.49841996
2.86000000	2.50392704
2.86100000	2.50263126
2.86200000	2.49971574
2.86300000	2.49809601
2.86400000	2.50198336
2.86500000	2.50813834
2.86600000	2.50716650
2.86700000	2.50489888
2.86800000	2.50327915
2.86900000	2.50036364
2.87000000	2.49939180
2.87100000	2.49809601
2.87200000	2.50003969
2.87300000	2.50327915
2.87400000	2.50975806
2.87500000	2.50878623
2.87600000	2.50554677
2.87700000	2.49971574
2.87800000	2.49809601
2.87900000	2.50068758
2.88000000	2.50295520
2.88100000	2.50003969
2.88200000	2.50489888
2.88300000	2.51202569
2.88400000	2.51364541
2.88500000	2.51267358
2.88600000	2.50975806
2.88700000	2.50846228
2.88800000	2.50425099
2.88900000	2.50425099
2.89000000	2.50749044
2.89100000	2.51656093
2.89200000	2.52174406
2.89300000	2.52465957
2.89400000	2.52498352
2.89500000	2.51720882
2.89600000	2.51170174
2.89700000	2.50813834
2.89800000	2.50749044
2.89900000	2.51299752
2.90000000	2.51429331
2.90100000	2.51364541
2.90200000	2.51202569
2.90300000	2.50327915
2.90400000	2.50101153
2.90500000	2.49874391
2.90600000	2.50198336
2.90700000	2.50878623
2.90800000	2.50878623
2.90900000	2.51072990
2.91000000	2.51170174
2.91100000	2.50749044
2.91200000	2.50587071
2.91300000	2.50781439
2.91400000	2.50846228
2.91500000	2.50846228
2.91600000	2.51170174
2.91700000	2.50457493
2.91800000	2.49582839
2.91900000	2.48934948
2.92000000	2.48934948
2.92100000	2.49194104
2.92200000	2.49744812
2.92300000	2.49680023
2.92400000	2.49518050
2.92500000	2.49258894
2.92600000	2.49096921
2.92700000	2.49291288
2.92800000	2.48999737
2.92900000	2.48870159
2.93000000	2.49096921
2.93100000	2.49323683
2.93200000	2.50392704
2.93300000	2.49971574
2.93400000	2.49226499
2.93500000	2.48805369
2.93600000	2.49064526
2.93700000	2.48837764
2.93800000	2.48351845
2.93900000	2.48189872
2.94000000	2.48546213
2.94100000	2.49064526
2.94200000	2.49129315
2.94300000	2.49129315
2.94400000	2.49550445
2.94500000	2.49777207
2.94600000	2.49712418
2.94700000	2.50068758
2.94800000	2.50327915
2.94900000	2.50619466
2.95000000	2.50457493
2.95100000	2.50165942
2.95200000	2.50036364
2.95300000	2.50425099
2.95400000	2.50489888
2.95500000	2.50716650
2.95600000	2.51008201
2.95700000	2.51008201
2.95800000	2.51072990
2.95900000	2.51072990
2.96000000	2.51105385
2.96100000	2.51396936
2.96200000	2.51980039
2.96300000	2.52271590
2.96400000	2.52109617
2.96500000	2.51494120
2.96600000	2.50943412
2.96700000	2.50554677
2.96800000	2.50522282
2.96900000	2.50813834
2.97000000	2.51105385
2.97100000	2.51332147
2.97200000	2.51105385
2.97300000	2.51623698
2.97400000	2.51818066
2.97500000	2.51656093
2.97600000	2.51785671
2.97700000	2.51915249
2.97800000	2.52498352
2.97900000	2.52465957
2.98000000	2.51558909
2.98100000	2.51656093
2.98200000	2.52465957
2.98300000	2.52951876
2.98400000	2.52919482
2.98500000	2.52595536
2.98600000	2.52206801
2.98700000	2.51785671
2.98800000	2.51526514
2.98900000	2.51656093
2.99000000	2.52044828
2.99100000	2.52725114
2.99200000	2.52563141
2.99300000	2.51623698
2.99400000	2.50716650
2.99500000	2.50522282
2.99600000	2.51202569
2.99700000	2.51818066
2.99800000	2.51915249
2.99900000	2.51688487
3.00000000	2.51137779
3.00100000	2.50489888
3.00200000	2.50327915
3.00300000	2.50846228
3.00400000	2.51137779
3.00500000	2.51591304
3.00600000	2.51785671
3.00700000	2.51688487
3.00800000	2.51623698
3.00900000	2.51396936
3.01000000	2.50684255
3.01100000	2.50036364
3.01200000	2.49356077
3.01300000	2.49291288
3.01400000	2.49032131
3.01500000	2.49032131
3.01600000	2.48934948
3.01700000	2.48351845
3.01800000	2.48384240
3.01900000	2.48870159
3.02000000	2.49194104
3.02100000	2.49129315
3.02200000	2.49129315
3.02300000	2.48384240
3.02400000	2.48643396
3.02500000	2.48934948
3.02600000	2.49226499
3.02700000	2.49453261
3.02800000	2.49518050
3.02900000	2.49323683
3.03000000	2.48546213
3.03100000	2.47865926
3.03200000	2.47088456
3.03300000	2.46861694
3.03400000	2.46634932
3.03500000	2.46570143
3.03600000	2.46958878
3.03700000	2.47315219
3.03800000	2.47833532
3.03900000	2.48092689
3.04000000	2.47768743
3.04100000	2.47347613
3.04200000	2.47120851
3.04300000	2.47444797
3.04400000	2.48287056
3.04500000	2.48999737
3.04600000	2.49420866
3.04700000	2.49777207
3.04800000	2.49809601
3.04900000	2.50068758
3.05000000	2.50198336
3.05100000	2.49712418
3.05200000	2.48934948
3.05300000	2.48449029
3.05400000	2.48578607
3.05500000	2.48902553
3.05600000	2.49356077
3.05700000	2.49129315
3.05800000	2.49161710
3.05900000	2.49485656
3.06000000	2.49356077
3.06100000	2.49615234
3.06200000	2.49809601
3.06300000	2.49712418
3.06400000	2.49939180
3.06500000	2.50522282
3.06600000	2.50813834
3.06700000	2.50716650
3.06800000	2.50619466
3.06900000	2.50749044
3.07000000	2.51429331
3.07100000	2.51688487
3.07200000	2.51947644
3.07300000	2.51980039
3.07400000	2.51850460
3.07500000	2.51818066
3.07600000	2.51591304
3.07700000	2.51137779
3.07800000	2.50943412
3.07900000	2.51623698
3.08000000	2.52822298
3.08100000	2.53567373
3.08200000	2.53761741
3.08300000	2.53243427
3.08400000	2.53178638
3.08500000	2.53405400
3.08600000	2.53308217
3.08700000	2.53146244
3.08800000	2.53113849
3.08900000	2.53243427
3.09000000	2.53373006
3.09100000	2.53275822
3.09200000	2.53308217
3.09300000	2.53696952
3.09400000	2.53826530
3.09500000	2.54118081
3.09600000	2.54280054
3.09700000	2.54020897
3.09800000	2.54020897
3.09900000	2.53437795
3.10000000	2.52271590
3.10100000	2.51591304
3.10200000	2.51332147
3.10300000	2.51980039
3.10400000	2.52984271
3.10500000	2.53243427
3.10600000	2.53113849
3.10700000	2.52627930
3.10800000	2.52174406
3.10900000	2.52012433
3.11000000	2.52174406
3.11100000	2.51688487
3.11200000	2.51105385
3.11300000	2.50587071
3.11400000	2.50587071
3.11500000	2.50684255
3.11600000	2.50878623
3.11700000	2.50878623
3.11800000	2.50813834
3.11900000	2.50165942
3.12000000	2.50198336
3.12100000	2.50522282
3.12200000	2.50360309
3.12300000	2.49777207
3.12400000	2.49582839
3.12500000	2.49194104
3.12600000	2.48934948
3.12700000	2.48384240
3.12800000	2.47801137
3.12900000	2.47865926
3.13000000	2.48578607
3.13100000	2.48416634
3.13200000	2.47768743
3.13300000	2.47153246
3.13400000	2.47736348
3.13500000	2.48772975
3.13600000	2.49129315
3.13700000	2.48449029
3.13800000	2.48125083
3.13900000	2.48157478
3.14000000	2.48125083
3.14100000	2.47703954
3.14200000	2.47023667
3.14300000	2.46958878
3.14400000	2.47218035
3.14500000	2.47898321
3.14600000	2.48287056
3.14700000	2.48351845
3.14800000	2.47833532
3.14900000	2.47541981
3.15000000	2.47056062
3.15100000	2.47380008
3.15200000	2.47995505
3.15300000	2.48578607
3.15400000	2.49032131
3.15500000	2.48772975
3.15600000	2.47736348
3.15700000	2.46958878
3.15800000	2.46926484
3.15900000	2.47250429
3.16000000	2.47865926
3.16100000	2.48416634
3.16200000	2.48805369
3.16300000	2.49064526
3.16400000	2.48837764
3.16500000	2.48805369
3.16600000	2.48934948
3.16700000	2.49129315
3.16800000	2.49096921
3.16900000	2.48934948
3.17000000	2.49226499
3.17100000	2.49582839
3.17200000	2.49809601
3.17300000	2.50230731
3.17400000	2.50554677
3.17500000	2.50425099
3.17600000	2.50198336
3.17700000	2.49777207
3.17800000	2.48837764
3.17900000	2.49518050
3.18000000	2.50068758
3.18100000	2.50489888
3.18200000	2.51170174
3.18300000	2.51753277
3.18400000	2.52044828
3.18500000	2.52498352
3.18600000	2.53146244
3.18700000	2.53243427
3.18800000	2.53308217
3.18900000	2.52854692
3.19000000	2.52336379
3.19100000	2.52465957
3.19200000	2.52368774
3.19300000	2.52433563
3.19400000	2.52725114
3.19500000	2.52984271
3.19600000	2.52919482
3.19700000	2.53146244
3.19800000	2.53049060
3.19900000	2.53146244
3.20000000	2.52919482
3.20100000	2.52692719
3.20200000	2.52336379
3.20300000	2.52757509
3.20400000	2.53373006
3.20500000	2.53891319
3.20600000	2.54150476
3.20700000	2.53794135
3.20800000	2.53567373
3.20900000	2.53373006
3.21000000	2.52887087
3.21100000	2.52174406
3.21200000	2.51947644
3.21300000	2.52012433
3.21400000	2.52336379
3.21500000	2.52109617
3.21600000	2.51591304
3.21700000	2.51882855
3.21800000	2.51915249
3.21900000	2.52044828
3.22000000	2.51882855
3.22100000	2.51818066
3.22200000	2.51688487
3.22300000	2.51072990
3.22400000	2.50716650
3.22500000	2.51040596
3.22600000	2.51720882
3.22700000	2.52077222
3.22800000	2.52627930
3.22900000	2.52401168
3.23000000	2.51429331
3.23100000	2.51299752
3.23200000	2.50781439
3.23300000	2.49680023
3.23400000	2.49323683
3.23500000	2.49291288
3.23600000	2.48611002
3.23700000	2.48578607
3.23800000	2.48902553
3.23900000	2.49291288
3.24000000	2.49388472
3.24100000	2.49096921
3.24200000	2.48546213
3.24300000	2.48287056
3.24400000	2.48384240
3.24500000	2.48772975
3.24600000	2.48902553
3.24700000	2.48708186
3.24800000	2.48125083
3.24900000	2.47671559
3.25000000	2.47477191
3.25100000	2.47509586
3.25200000	2.47509586
3.25300000	2.47477191
3.25400000	2.47541981
3.25500000	2.47736348
3.25600000	2.47541981
3.25700000	2.47865926
3.25800000	2.48254661
3.25900000	2.48157478
3.26000000	2.48287056
3.26100000	2.48351845
3.26200000	2.48416634
3.26300000	2.48189872
3.26400000	2.47412402
3.26500000	2.47023667
3.26600000	2.47282824
3.26700000	2.47703954
3.26800000	2.48384240
3.26900000	2.48708186
3.27000000	2.48870159
3.27100000	2.49356077
3.27200000	2.49388472
3.27300000	2.48708186
3.27400000	2.48351845
3.27500000	2.48546213
3.27600000	2.49064526
3.27700000	2.49874391
3.27800000	2.50781439
3.27900000	2.50878623
3.28000000	2.50295520
3.28100000	2.50165942
3.28200000	2.50003969
3.28300000	2.50003969
3.28400000	2.50327915
3.28500000	2.50684255
3.28600000	2.50684255
3.28700000	2.50619466
3.28800000	2.50165942
3.28900000	2.50457493
3.29000000	2.51170174
3.29100000	2.52109617
3.29200000	2.52239195
3.29300000	2.51591304
3.29400000	2.51202569
3.29500000	2.51332147
3.29600000	2.51818066
3.29700000	2.51753277
3.29800000	2.51558909
3.29900000	2.51234963
3.30000000	2.51591304
3.30100000	2.51688487
3.30200000	2.51882855
3.30300000	2.52401168
3.30400000	2.52757509
3.30500000	2.53146244
3.30600000	2.53437795
3.30700000	2.53664557
3.30800000	2.53534979
3.30900000	2.52822298
3.31000000	2.52077222
3.31100000	2.51656093
3.31200000	2.51623698
3.31300000	2.51396936
3.31400000	2.51494120
3.31500000	2.51720882
3.31600000	2.51980039
3.31700000	2.51720882
3.31800000	2.51785671
3.31900000	2.52303984
3.32000000	2.52595536
3.32100000	2.52757509
3.32200000	2.52789903
3.32300000	2.52465957
3.32400000	2.51850460
3.32500000	2.51072990
3.32600000	2.50587071
3.32700000	2.50457493
3.32800000	2.50684255
3.32900000	2.51299752
3.33000000	2.51720882
3.33100000	2.51105385
3.33200000	2.50263126
3.33300000	2.50068758
3.33400000	2.50198336
3.33500000	2.50198336
3.33600000	2.50295520
3.33700000	2.50619466
3.33800000	2.50781439
3.33900000	2.50813834
3.34000000	2.50457493
3.34100000	2.49841996
3.34200000	2.49809601
3.34300000	2.49906785
3.34400000	2.49906785
3.34500000	2.50295520
3.34600000	2.50360309
3.34700000	2.50133547
3.34800000	2.49615234
3.34900000	2.49161710
3.35000000	2.49323683
3.35100000	2.50295520
3.35200000	2.49809601
3.35300000	2.49161710
3.35400000	2.48416634
3.35500000	2.47639164
3.35600000	2.47541981
3.35700000	2.47736348
3.35800000	2.48319451
3.35900000	2.48934948
3.36000000	2.49129315
3.36100000	2.48934948
3.36200000	2.48934948
3.36300000	2.48934948
3.36400000	2.49161710
3.36500000	2.49874391
3.36600000	2.49453261
3.36700000	2.49194104
3.36800000	2.49291288
3.36900000	2.49550445
3.37000000	2.49939180
3.37100000	2.49939180
3.37200000	2.49226499
3.37300000	2.48611002
3.37400000	2.48222267
3.37500000	2.48125083
3.37600000	2.48708186
3.37700000	2.49388472
3.37800000	2.49712418
3.37900000	2.49161710
3.38000000	2.49129315
3.38100000	2.49518050
3.38200000	2.49809601
3.38300000	2.49809601
3.38400000	2.49615234
3.38500000	2.49874391
3.38600000	2.50327915
3.38700000	2.51040596
3.38800000	2.51105385
3.38900000	2.50457493
3.39000000	2.50036364
3.39100000	2.50295520
3.39200000	2.50619466
3.39300000	2.51364541
3.39400000	2.51720882
3.39500000	2.51656093
3.39600000	2.51688487
3.39700000	2.51850460
3.39800000	2.52206801
3.39900000	2.52368774
3.40000000	2.51980039
3.40100000	2.51882855
3.40200000	2.51818066
3.40300000	2.51818066
3.40400000	2.51785671
3.40500000	2.51753277
3.40600000	2.51850460
3.40700000	2.51267358
3.40800000	2.50813834
3.40900000	2.51299752
3.41000000	2.51818066
3.41100000	2.51461725
3.41200000	2.50975806
3.41300000	2.50651861
3.41400000	2.51202569
3.41500000	2.51720882
3.41600000	2.51429331
3.41700000	2.50781439
3.41800000	2.50554677
3.41900000	2.50716650
3.42000000	2.51170174
3.42100000	2.51396936
3.42200000	2.51234963
3.42300000	2.51267358
3.42400000	2.51429331
3.42500000	2.51591304
3.42600000	2.51720882
3.42700000	2.51526514
3.42800000	2.51461725
3.42900000	2.51040596
3.43000000	2.50327915
3.43100000	2.49809601
3.43200000	2.49744812
3.43300000	2.49582839
3.43400000	2.49064526
3.43500000	2.48967342
3.43600000	2.48643396
3.43700000	2.48481424
3.43800000	2.48708186
3.43900000	2.49518050
3.44000000	2.50425099
3.44100000	2.50651861
3.44200000	2.50133547
3.44300000	2.49615234
3.44400000	2.48934948
3.44500000	2.48805369
3.44600000	2.49096921
3.44700000	2.49388472
3.44800000	2.49194104
3.44900000	2.48578607
3.45000000	2.48805369
3.45100000	2.48902553
3.45200000	2.48708186
3.45300000	2.48902553
3.45400000	2.49485656
3.45500000	2.49582839
3.45600000	2.48837764
3.45700000	2.48708186
3.45800000	2.48837764
3.45900000	2.49194104
3.46000000	2.49291288
3.46100000	2.48902553
3.46200000	2.48351845
3.46300000	2.47865926
3.46400000	2.47833532
3.46500000	2.48675791
3.46600000	2.49550445
3.46700000	2.50230731
3.46800000	2.51105385
3.46900000	2.51461725
3.47000000	2.51072990
3.47100000	2.50036364
3.47200000	2.49226499
3.47300000	2.49356077
3.47400000	2.49874391
3.47500000	2.50457493
3.47600000	2.50716650
3.47700000	2.50651861
3.47800000	2.50522282
3.47900000	2.50230731
3.48000000	2.50263126
3.48100000	2.50392704
3.48200000	2.50133547
3.48300000	2.50036364
3.48400000	2.50392704
3.48500000	2.51105385
3.48600000	2.51526514
3.48700000	2.51753277
3.48800000	2.52077222
3.48900000	2.51623698
3.49000000	2.51364541
3.49100000	2.51526514
3.49200000	2.51720882
3.49300000	2.52044828
3.49400000	2.51947644
3.49500000	2.51364541
3.49600000	2.51170174
3.49700000	2.51072990
3.49800000	2.51105385
3.49900000	2.51040596
3.50000000	2.51785671
3.50100000	2.52303984
3.50200000	2.52174406
3.50300000	2.52142012
3.50400000	2.52142012
3.50500000	2.52433563
3.50600000	2.52336379
3.50700000	2.52498352
3.50800000	2.52660325
3.50900000	2.52498352
3.51000000	2.52044828
3.51100000	2.51882855
3.51200000	2.52142012
3.51300000	2.52401168
3.51400000	2.52660325
3.51500000	2.52725114
3.51600000	2.53016665
3.51700000	2.52822298
3.51800000	2.52433563
3.51900000	2.51623698
3.52000000	2.51072990
3.52100000	2.50587071
3.52200000	2.50360309
3.52300000	2.50587071
3.52400000	2.50975806
3.52500000	2.51137779
3.52600000	2.51267358
3.52700000	2.50943412
3.52800000	2.50619466
3.52900000	2.50684255
3.53000000	2.50522282
3.53100000	2.50263126
3.53200000	2.49809601
3.53300000	2.49712418
3.53400000	2.50101153
3.53500000	2.50360309
3.53600000	2.50101153
3.53700000	2.49582839
3.53800000	2.49485656
3.53900000	2.49841996
3.54000000	2.50198336
3.54100000	2.49939180
3.54200000	2.49194104
3.54300000	2.48643396
3.54400000	2.48578607
3.54500000	2.48805369
3.54600000	2.49064526
3.54700000	2.49194104
3.54800000	2.49096921
3.54900000	2.49161710
3.55000000	2.49420866
3.55100000	2.48902553
3.55200000	2.48222267
3.55300000	2.47801137
3.55400000	2.47509586
3.55500000	2.47347613
3.55600000	2.47574375
3.55700000	2.48157478
3.55800000	2.48805369
3.55900000	2.48999737
3.56000000	2.49615234
3.56100000	2.49550445
3.56200000	2.48999737
3.56300000	2.48189872
3.56400000	2.47768743
3.56500000	2.48125083
3.56600000	2.48384240
3.56700000	2.48675791
3.56800000	2.48740580
3.56900000	2.48805369
3.57000000	2.48449029
3.57100000	2.48805369
3.57200000	2.49258894
3.57300000	2.49647629
3.57400000	2.49906785
3.57500000	2.49647629
3.57600000	2.49226499
3.57700000	2.48416634
3.57800000	2.48449029
3.57900000	2.49356077
3.58000000	2.49971574
3.58100000	2.50392704
3.58200000	2.50263126
3.58300000	2.50198336
3.58400000	2.50198336
3.58500000	2.50425099
3.58600000	2.50975806
3.58700000	2.51429331
3.58800000	2.51818066
3.58900000	2.52044828
3.59000000	2.52401168
3.59100000	2.52822298
3.59200000	2.52530747
3.59300000	2.51753277
3.59400000	2.51105385
3.59500000	2.50781439
3.59600000	2.50651861
3.59700000	2.50846228
3.59800000	2.50878623
3.59900000	2.51429331
3.60000000	2.51688487
3.60100000	2.52174406
3.60200000	2.52951876
3.60300000	2.52919482
3.60400000	2.52984271
3.60500000	2.53211033
3.60600000	2.53632162
3.60700000	2.53567373
3.60800000	2.52951876
3.60900000	2.52044828
3.61000000	2.51882855
3.61100000	2.52044828
3.61200000	2.52303984
3.61300000	2.52401168
3.61400000	2.52044828
3.61500000	2.51882855
3.61600000	2.51785671
3.61700000	2.51461725
3.61800000	2.52012433
3.61900000	2.52239195
3.62000000	2.51882855
3.62100000	2.51785671
3.62200000	2.51202569
3.62300000	2.50911017
3.62400000	2.51040596
3.62500000	2.51396936
3.62600000	2.52109617
3.62700000	2.52271590
3.62800000	2.51818066
3.62900000	2.51526514
3.63000000	2.51170174
3.63100000	2.50813834
3.63200000	2.50684255
3.63300000	2.50911017
3.63400000	2.50781439
3.63500000	2.50781439
3.63600000	2.50749044
3.63700000	2.50587071
3.63800000	2.50198336
3.63900000	2.49906785
3.64000000	2.49809601
3.64100000	2.49939180
3.64200000	2.49809601
3.64300000	2.49777207
3.64400000	2.50068758
3.64500000	2.50716650
3.64600000	2.50230731
3.64700000	2.49744812
3.64800000	2.49388472
3.64900000	2.49420866
3.65000000	2.49420866
3.65100000	2.49096921
3.65200000	2.48157478
3.65300000	2.48027899
3.65400000	2.47930716
3.65500000	2.48222267
3.65600000	2.48740580
3.65700000	2.49129315
3.65800000	2.49129315
3.65900000	2.48675791
3.66000000	2.48222267
3.66100000	2.48157478
3.66200000	2.48092689
3.66300000	2.48287056
3.66400000	2.48384240
3.66500000	2.48643396
3.66600000	2.48708186
3.66700000	2.48254661
3.66800000	2.47833532
3.66900000	2.47477191
3.67000000	2.47250429
3.67100000	2.47477191
3.67200000	2.48060294
3.67300000	2.48481424
3.67400000	2.48805369
3.67500000	2.48416634
3.67600000	2.48189872
3.67700000	2.48481424
3.67800000	2.48967342
3.67900000	2.49323683
3.68000000	2.49453261
3.68100000	2.49518050
3.68200000	2.49550445
3.68300000	2.49841996
3.68400000	2.49680023
3.68500000	2.49777207
3.68600000	2.49680023
3.68700000	2.48934948
3.68800000	2.48449029
3.68900000	2.48805369
3.69000000	2.49680023
3.69100000	2.50749044
3.69200000	2.51332147
3.69300000	2.51332147
3.69400000	2.50943412
3.69500000	2.50522282
3.69600000	2.50587071
3.69700000	2.50554677
3.69800000	2.51008201
3.69900000	2.51040596
3.70000000	2.51267358
3.70100000	2.51526514
3.70200000	2.51818066
3.70300000	2.51882855
3.70400000	2.51688487
3.70500000	2.51526514
3.70600000	2.51818066
3.70700000	2.52303984
3.70800000	2.52530747
3.70900000	2.51850460
3.71000000	2.51591304
3.71100000	2.51558909
3.71200000	2.51688487
3.71300000	2.51882855
3.71400000	2.52239195
3.71500000	2.52239195
3.71600000	2.52174406
3.71700000	2.52044828
3.71800000	2.51818066
3.71900000	2.51785671
3.72000000	2.51591304
3.72100000	2.51753277
3.72200000	2.52206801
3.72300000	2.52368774
3.72400000	2.52336379
3.72500000	2.52465957
3.72600000	2.52789903
3.72700000	2.53211033
3.72800000	2.53308217
3.72900000	2.52919482
3.73000000	2.52433563
3.73100000	2.52044828
3.73200000	2.52142012
3.73300000	2.52174406
3.73400000	2.51461725
3.73500000	2.50457493
3.73600000	2.49777207
3.73700000	2.50036364
3.73800000	2.50619466
3.73900000	2.50878623
3.74000000	2.51396936
3.74100000	2.51364541
3.74200000	2.51267358
3.74300000	2.50554677
3.74400000	2.49939180
3.74500000	2.49647629
3.74600000	2.49291288
3.74700000	2.49615234
3.74800000	2.49777207
3.74900000	2.49615234
3.75000000	2.49323683
3.75100000	2.49226499
3.75200000	2.48902553
3.75300000	2.49258894
3.75400000	2.50036364
3.75500000	2.50651861
3.75600000	2.50716650
3.75700000	2.50003969
3.75800000	2.49291288
3.75900000	2.49323683
3.76000000	2.49582839
3.76100000	2.49809601
3.76200000	2.49680023
3.76300000	2.48902553
3.76400000	2.48643396
3.76500000	2.49032131
3.76600000	2.49388472
3.76700000	2.49485656
3.76800000	2.49485656
3.76900000	2.49356077
3.77000000	2.49680023
3.77100000	2.49194104
3.77200000	2.48643396
3.77300000	2.48675791
3.77400000	2.48611002
3.77500000	2.48578607
3.77600000	2.48384240
3.77700000	2.48060294
3.77800000	2.48060294
3.77900000	2.48222267
3.78000000	2.48157478
3.78100000	2.48578607
3.78200000	2.49064526
3.78300000	2.49226499
3.78400000	2.49226499
3.78500000	2.49323683
3.78600000	2.49615234
3.78700000	2.50522282
3.78800000	2.50587071
3.78900000	2.50263126
3.79000000	2.49582839
3.79100000	2.49485656
3.79200000	2.49874391
3.79300000	2.50684255
3.79400000	2.51040596
3.79500000	2.50619466
3.79600000	2.50295520
3.79700000	2.50684255
3.79800000	2.50813834
3.79900000	2.50684255
3.80000000	2.50425099
3.80100000	2.50392704
3.80200000	2.50651861
3.80300000	2.51267358
3.80400000	2.51785671
3.80500000	2.52465957
3.80600000	2.52336379
3.80700000	2.51688487
3.80800000	2.50911017
3.80900000	2.50619466
3.81000000	2.50554677
3.81100000	2.50781439
3.81200000	2.51558909
3.81300000	2.51850460
3.81400000	2.52142012
3.81500000	2.52692719
3.81600000	2.52465957
3.81700000	2.51785671
3.81800000	2.51040596
3.81900000	2.50684255
3.82000000	2.50846228
3.82100000	2.51040596
3.82200000	2.50943412
3.82300000	2.50457493
3.82400000	2.50716650
3.82500000	2.51364541
3.82600000	2.51980039
3.82700000	2.52433563
3.82800000	2.52303984
3.82900000	2.51850460
3.83000000	2.51785671
3.83100000	2.51558909
3.83200000	2.50554677
3.83300000	2.50489888
3.83400000	2.50295520
3.83500000	2.50716650
3.83600000	2.51202569
3.83700000	2.51299752
3.83800000	2.51008201
3.83900000	2.50749044
3.84000000	2.50489888
3.84100000	2.50716650
3.84200000	2.51008201
3.84300000	2.51008201
3.84400000	2.50846228
3.84500000	2.50360309
3.84600000	2.50295520
3.84700000	2.50651861
3.84800000	2.50263126
3.84900000	2.50068758
3.85000000	2.49971574
3.85100000	2.49485656
3.85200000	2.48643396
3.85300000	2.48319451
3.85400000	2.48513818
3.85500000	2.49032131
3.85600000	2.49680023
3.85700000	2.50036364
3.85800000	2.49744812
3.85900000	2.49712418
3.86000000	2.48934948
3.86100000	2.48708186
3.86200000	2.49064526
3.86300000	2.48837764
3.86400000	2.48513818
3.86500000	2.48546213
3.86600000	2.48740580
3.86700000	2.49096921
3.86800000	2.49777207
3.86900000	2.49809601
3.87000000	2.49550445
3.87100000	2.49161710
3.87200000	2.48934948
3.87300000	2.49388472
3.87400000	2.49809601
3.87500000	2.49582839
3.87600000	2.49323683
3.87700000	2.49680023
3.87800000	2.49680023
3.87900000	2.49420866
3.88000000	2.49388472
3.88100000	2.50003969
3.88200000	2.50457493
3.88300000	2.50425099
3.88400000	2.50036364
3.88500000	2.49291288
3.88600000	2.48999737
3.88700000	2.49226499
3.88800000	2.49874391
3.88900000	2.51072990
3.89000000	2.51170174
3.89100000	2.50781439
3.89200000	2.50392704
3.89300000	2.49809601
3.89400000	2.50133547
3.89500000	2.50587071
3.89600000	2.50554677
3.89700000	2.50392704
3.89800000	2.50360309
3.89900000	2.50911017
3.90000000	2.51072990
3.90100000	2.50619466
3.90200000	2.50878623
3.90300000	2.51818066
3.90400000	2.52530747
3.90500000	2.52984271
3.90600000	2.53243427
3.90700000	2.53211033
3.90800000	2.52563141
3.90900000	2.51688487
3.91000000	2.51364541
3.91100000	2.51494120
3.91200000	2.51980039
3.91300000	2.52206801
3.91400000	2.52142012
3.91500000	2.52142012
3.91600000	2.52206801
3.91700000	2.52109617
3.91800000	2.52239195
3.91900000	2.52271590
3.92000000	2.52012433
3.92100000	2.51753277
3.92200000	2.51753277
3.92300000	2.52077222
3.92400000	2.52433563
3.92500000	2.52757509
3.92600000	2.52595536
3.92700000	2.52174406
3.92800000	2.51720882
3.92900000	2.50943412
3.93000000	2.50684255
3.93100000	2.51040596
3.93200000	2.51461725
3.93300000	2.50975806
3.93400000	2.50651861
3.93500000	2.50457493
3.93600000	2.50749044
3.93700000	2.51105385
3.93800000	2.50813834
3.93900000	2.50198336
3.94000000	2.49841996
3.94100000	2.49777207
3.94200000	2.49647629
3.94300000	2.49582839
3.94400000	2.49550445
3.94500000	2.49388472
3.94600000	2.49032131
3.94700000	2.49161710
3.94800000	2.49096921
3.94900000	2.49680023
3.95000000	2.49971574
3.95100000	2.49680023
3.95200000	2.50036364
3.95300000	2.50165942
3.95400000	2.49939180
3.95500000	2.49129315
3.95600000	2.48449029
3.95700000	2.48157478
3.95800000	2.48384240
3.95900000	2.48254661
3.96000000	2.48416634
3.96100000	2.48902553
3.96200000	2.49291288
3.96300000	2.49226499
3.96400000	2.48902553
3.96500000	2.48643396
3.96600000	2.48416634
3.96700000	2.48189872
3.96800000	2.47736348
3.96900000	2.47768743
3.97000000	2.47801137
3.97100000	2.48092689
3.97200000	2.48351845
3.97300000	2.47963110
3.97400000	2.47574375
3.97500000	2.47898321
3.97600000	2.48416634
3.97700000	2.48578607
3.97800000	2.48675791
3.97900000	2.48772975
3.98000000	2.48740580
3.98100000	2.48578607
3.98200000	2.48837764
3.98300000	2.49064526
3.98400000	2.49323683
3.98500000	2.49258894
3.98600000	2.49096921
3.98700000	2.49647629
3.98800000	2.50068758
3.98900000	2.50360309
3.99000000	2.50327915
3.99100000	2.50198336
3.99200000	2.50003969
3.99300000	2.50425099
3.99400000	2.50425099
3.99500000	2.50554677
3.99600000	2.50975806
3.99700000	2.51558909
3.99800000	2.51882855
3.99900000	2.52142012
4.00000000	2.52239195
4.00100000	2.52368774
4.00200000	2.52563141
4.00300000	2.52303984
4.00400000	2.51915249
4.00500000	2.51623698
4.00600000	2.51688487
4.00700000	2.51299752
4.00800000	2.51202569
4.00900000	2.51753277
4.01000000	2.52142012
4.01100000	2.51980039
4.01200000	2.51526514
4.01300000	2.51494120
4.01400000	2.51494120
4.01500000	2.51364541
4.01600000	2.51785671
4.01700000	2.52142012
4.01800000	2.51656093
4.01900000	2.51558909
4.02000000	2.51818066
4.02100000	2.52271590
4.02200000	2.52433563
4.02300000	2.51980039
4.02400000	2.51915249
4.02500000	2.51882855
4.02600000	2.52660325
4.02700000	2.52822298
4.02800000	2.52271590
4.02900000	2.51688487
4.03000000	2.51656093
4.03100000	2.52012433
4.03200000	2.52044828
4.03300000	2.52044828
4.03400000	2.51785671
4.03500000	2.52044828
4.03600000	2.51591304
4.03700000	2.51526514
4.03800000	2.51688487
4.03900000	2.51688487
4.04000000	2.51591304
4.04100000	2.51267358
4.04200000	2.50781439
4.04300000	2.50230731
4.04400000	2.49841996
4.04500000	2.49939180
4.04600000	2.50684255
4.04700000	2.51040596
4.04800000	2.51558909
4.04900000	2.51623698
4.05000000	2.50489888
4.05100000	2.49777207
4.05200000	2.49680023
4.05300000	2.49971574
4.05400000	2.50489888
4.05500000	2.50036364
4.05600000	0.00000000
