0.00000000	2.50489888
0.00100000	2.51072990
0.00200000	2.51202569
0.00300000	2.50943412
0.00400000	2.50036364
0.00500000	2.49096921
0.00600000	2.48708186
0.00700000	2.49129315
0.00800000	2.49161710
0.00900000	2.49258894
0.01000000	2.49680023
0.01100000	2.50230731
0.01200000	2.50457493
0.01300000	2.50716650
0.01400000	2.50781439
0.01500000	2.50813834
0.01600000	2.51072990
0.01700000	2.50878623
0.01800000	2.50327915
0.01900000	2.49712418
0.02000000	2.49356077
0.02100000	2.49291288
0.02200000	2.49550445
0.02300000	2.49485656
0.02400000	2.49518050
0.02500000	2.49420866
0.02600000	2.49485656
0.02700000	2.49712418
0.02800000	2.50068758
0.02900000	2.50651861
0.03000000	2.50943412
0.03100000	2.51558909
0.03200000	2.51623698
0.03300000	2.51623698
0.03400000	2.51364541
0.03500000	2.50619466
0.03600000	2.49582839
0.03700000	2.49356077
0.03800000	2.49744812
0.03900000	2.50327915
0.04000000	2.50457493
0.04100000	2.49906785
0.04200000	2.49485656
0.04300000	2.49680023
0.04400000	2.49680023
0.04500000	2.49582839
0.04600000	2.50003969
0.04700000	2.50619466
0.04800000	2.51072990
0.04900000	2.51429331
0.05000000	2.51720882
0.05100000	2.51234963
0.05200000	2.50554677
0.05300000	2.49647629
0.05400000	2.48999737
0.05500000	2.48740580
0.05600000	2.49032131
0.05700000	2.49258894
0.05800000	2.49615234
0.05900000	2.49647629
0.06000000	2.49582839
0.06100000	2.49615234
0.06200000	2.50036364
0.06300000	2.50619466
0.06400000	2.51137779
0.06500000	2.50975806
0.06600000	2.50911017
0.06700000	2.50943412
0.06800000	2.50911017
0.06900000	2.50522282
0.07000000	2.50101153
0.07100000	2.50392704
0.07200000	2.50457493
0.07300000	2.49971574
0.07400000	2.49874391
0.07500000	2.50327915
0.07600000	2.50198336
0.07700000	2.50101153
0.07800000	2.49226499
0.07900000	2.49064526
0.08000000	2.49258894
0.08100000	2.49971574
0.08200000	2.50489888
0.08300000	2.51105385
0.08400000	2.51396936
0.08500000	2.51234963
0.08600000	2.50716650
0.08700000	2.50587071
0.08800000	2.50878623
0.08900000	2.50587071
0.09000000	2.50068758
0.09100000	2.49647629
0.09200000	2.49485656
0.09300000	2.49064526
0.09400000	2.49032131
0.09500000	2.49420866
0.09600000	2.50165942
0.09700000	2.50295520
0.09800000	2.50263126
0.09900000	2.50295520
0.10000000	2.50522282
0.10100000	2.50846228
0.10200000	2.50911017
0.10300000	2.50878623
0.10400000	2.50813834
0.10500000	2.50651861
0.10600000	2.50165942
0.10700000	2.49356077
0.10800000	2.48967342
0.10900000	2.48934948
0.11000000	2.49420866
0.11100000	2.50165942
0.11200000	2.50360309
0.11300000	2.50230731
0.11400000	2.50327915
0.11500000	2.50651861
0.11600000	2.50230731
0.11700000	2.50068758
0.11800000	2.50101153
0.11900000	2.50003969
0.12000000	2.49939180
0.12100000	2.50165942
0.12200000	2.50781439
0.12300000	2.51072990
0.12400000	2.50975806
0.12500000	2.50198336
0.12600000	2.49841996
0.12700000	2.49841996
0.12800000	2.50165942
0.12900000	2.49744812
0.13000000	2.49582839
0.13100000	2.50165942
0.13200000	2.50327915
0.13300000	2.50295520
0.13400000	2.50133547
0.13500000	2.50263126
0.13600000	2.50457493
0.13700000	2.50327915
0.13800000	2.49971574
0.13900000	2.49582839
0.14000000	2.49647629
0.14100000	2.49777207
0.14200000	2.49971574
0.14300000	2.50392704
0.14400000	2.50392704
0.14500000	2.50133547
0.14600000	2.50230731
0.14700000	2.50684255
0.14800000	2.50911017
0.14900000	2.51202569
0.15000000	2.51008201
0.15100000	2.50749044
0.15200000	2.50392704
0.15300000	2.50068758
0.15400000	2.49518050
0.15500000	2.49485656
0.15600000	2.49518050
0.15700000	2.49777207
0.15800000	2.49841996
0.15900000	2.49388472
0.16000000	2.49356077
0.16100000	2.49615234
0.16200000	2.50522282
0.16300000	2.51494120
0.16400000	2.51753277
0.16500000	2.51105385
0.16600000	2.50781439
0.16700000	2.50781439
0.16800000	2.50975806
0.16900000	2.50198336
0.17000000	2.49841996
0.17100000	2.49550445
0.17200000	2.49323683
0.17300000	2.49032131
0.17400000	2.49064526
0.17500000	2.48902553
0.17600000	2.49064526
0.17700000	2.49744812
0.17800000	2.50295520
0.17900000	2.50975806
0.18000000	2.51267358
0.18100000	2.51234963
0.18200000	2.51332147
0.18300000	2.50911017
0.18400000	2.50263126
0.18500000	2.50165942
0.18600000	2.50619466
0.18700000	2.50716650
0.18800000	2.49809601
0.18900000	2.49485656
0.19000000	2.49615234
0.19100000	2.49647629
0.19200000	2.49680023
0.19300000	2.49518050
0.19400000	2.49712418
0.19500000	2.50165942
0.19600000	2.50619466
0.19700000	2.50781439
0.19800000	2.50749044
0.19900000	2.50327915
0.20000000	2.50101153
0.20100000	2.50587071
0.20200000	2.50878623
0.20300000	2.50587071
0.20400000	2.50036364
0.20500000	2.49258894
0.20600000	2.48708186
0.20700000	2.49161710
0.20800000	2.49647629
0.20900000	2.50327915
0.21000000	2.50846228
0.21100000	2.51105385
0.21200000	2.50878623
0.21300000	2.50425099
0.21400000	2.49874391
0.21500000	2.49615234
0.21600000	2.50198336
0.21700000	2.50813834
0.21800000	2.50943412
0.21900000	2.50295520
0.22000000	2.50036364
0.22100000	2.49582839
0.22200000	2.49582839
0.22300000	2.50522282
0.22400000	2.50975806
0.22500000	2.50554677
0.22600000	2.50327915
0.22700000	2.49971574
0.22800000	2.50036364
0.22900000	2.50425099
0.23000000	2.50587071
0.23100000	2.50392704
0.23200000	2.50068758
0.23300000	2.49582839
0.23400000	2.48837764
0.23500000	2.48805369
0.23600000	2.49582839
0.23700000	2.50392704
0.23800000	2.50813834
0.23900000	2.50846228
0.24000000	2.50554677
0.24100000	2.50554677
0.24200000	2.50813834
0.24300000	2.51040596
0.24400000	2.50975806
0.24500000	2.50619466
0.24600000	2.49971574
0.24700000	2.50165942
0.24800000	2.50457493
0.24900000	2.50327915
0.25000000	2.50457493
0.25100000	2.50813834
0.25200000	2.50684255
0.25300000	2.50165942
0.25400000	2.49388472
0.25500000	2.48546213
0.25600000	2.48772975
0.25700000	2.49744812
0.25800000	2.50327915
0.25900000	2.50587071
0.26000000	2.50360309
0.26100000	2.50263126
0.26200000	2.49874391
0.26300000	2.49647629
0.26400000	2.49939180
0.26500000	2.50295520
0.26600000	2.50716650
0.26700000	2.50651861
0.26800000	2.50263126
0.26900000	2.50036364
0.27000000	2.49939180
0.27100000	2.49615234
0.27200000	2.49518050
0.27300000	2.49615234
0.27400000	2.49226499
0.27500000	2.49356077
0.27600000	2.49809601
0.27700000	2.50101153
0.27800000	2.49874391
0.27900000	2.49582839
0.28000000	2.49356077
0.28100000	2.49453261
0.28200000	2.50101153
0.28300000	2.50457493
0.28400000	2.50911017
0.28500000	2.51364541
0.28600000	2.51623698
0.28700000	2.51494120
0.28800000	2.51332147
0.28900000	2.50846228
0.29000000	2.49874391
0.29100000	2.49453261
0.29200000	2.49939180
0.29300000	2.50068758
0.29400000	2.50360309
0.29500000	2.50230731
0.29600000	2.50133547
0.29700000	2.50392704
0.29800000	2.50587071
0.29900000	2.50360309
0.30000000	2.50101153
0.30100000	2.50327915
0.30200000	2.50360309
0.30300000	2.50133547
0.30400000	2.49550445
0.30500000	2.49064526
0.30600000	2.49064526
0.30700000	2.49356077
0.30800000	2.49777207
0.30900000	2.50165942
0.31000000	2.50911017
0.31100000	2.51105385
0.31200000	2.50846228
0.31300000	2.50295520
0.31400000	2.50425099
0.31500000	2.49971574
0.31600000	2.49777207
0.31700000	2.49744812
0.31800000	2.50198336
0.31900000	2.50684255
0.32000000	2.51072990
0.32100000	2.51072990
0.32200000	2.51072990
0.32300000	2.51202569
0.32400000	2.51396936
0.32500000	2.51105385
0.32600000	2.50813834
0.32700000	2.50133547
0.32800000	2.49258894
0.32900000	2.49064526
0.33000000	2.49161710
0.33100000	2.49420866
0.33200000	2.49420866
0.33300000	2.49518050
0.33400000	2.49615234
0.33500000	2.49712418
0.33600000	2.49874391
0.33700000	2.49744812
0.33800000	2.49453261
0.33900000	2.49388472
0.34000000	2.49518050
0.34100000	2.49712418
0.34200000	2.49971574
0.34300000	2.50425099
0.34400000	2.50327915
0.34500000	2.50327915
0.34600000	2.50101153
0.34700000	2.50036364
0.34800000	2.49874391
0.34900000	2.49906785
0.35000000	2.50457493
0.35100000	2.50619466
0.35200000	2.50781439
0.35300000	2.50846228
0.35400000	2.51072990
0.35500000	2.51267358
0.35600000	2.51785671
0.35700000	2.51364541
0.35800000	2.50716650
0.35900000	2.49906785
0.36000000	2.49096921
0.36100000	2.49032131
0.36200000	2.49485656
0.36300000	2.50101153
0.36400000	2.50133547
0.36500000	2.49680023
0.36600000	2.49453261
0.36700000	2.49550445
0.36800000	2.50489888
0.36900000	2.51137779
0.37000000	2.51105385
0.37100000	2.50943412
0.37200000	2.50619466
0.37300000	2.50068758
0.37400000	2.49420866
0.37500000	2.49680023
0.37600000	2.49615234
0.37700000	2.49582839
0.37800000	2.49291288
0.37900000	2.49096921
0.38000000	2.49420866
0.38100000	2.50263126
0.38200000	2.50911017
0.38300000	2.50716650
0.38400000	2.50522282
0.38500000	2.50360309
0.38600000	2.50392704
0.38700000	2.50457493
0.38800000	2.50360309
0.38900000	2.49971574
0.39000000	2.50036364
0.39100000	2.50392704
0.39200000	2.50133547
0.39300000	2.49453261
0.39400000	2.49582839
0.39500000	2.50003969
0.39600000	2.50587071
0.39700000	2.50554677
0.39800000	2.50133547
0.39900000	2.49971574
0.40000000	2.50101153
0.40100000	2.49874391
0.40200000	2.49647629
0.40300000	2.50133547
0.40400000	2.50554677
0.40500000	2.50619466
0.40600000	2.50165942
0.40700000	2.49680023
0.40800000	2.49809601
0.40900000	2.49971574
0.41000000	2.50392704
0.41100000	2.50781439
0.41200000	2.50781439
0.41300000	2.50522282
0.41400000	2.49777207
0.41500000	2.49485656
0.41600000	2.49161710
0.41700000	2.49582839
0.41800000	2.49712418
0.41900000	2.49906785
0.42000000	2.50230731
0.42100000	2.50198336
0.42200000	2.49971574
0.42300000	2.50295520
0.42400000	2.50846228
0.42500000	2.50943412
0.42600000	2.50619466
0.42700000	2.49906785
0.42800000	2.49518050
0.42900000	2.49712418
0.43000000	2.50684255
0.43100000	2.51429331
0.43200000	2.51170174
0.43300000	2.50327915
0.43400000	2.50003969
0.43500000	2.49874391
0.43600000	2.49550445
0.43700000	2.49388472
0.43800000	2.49161710
0.43900000	2.49129315
0.44000000	2.49712418
0.44100000	2.49777207
0.44200000	2.50263126
0.44300000	2.50846228
0.44400000	2.50943412
0.44500000	2.50619466
0.44600000	2.49841996
0.44700000	2.49420866
0.44800000	2.49680023
0.44900000	2.49809601
0.45000000	2.49939180
0.45100000	2.50522282
0.45200000	2.51105385
0.45300000	2.51364541
0.45400000	2.50587071
0.45500000	2.50198336
0.45600000	2.49971574
0.45700000	2.50198336
0.45800000	2.50425099
0.45900000	2.50230731
0.46000000	2.49161710
0.46100000	2.48934948
0.46200000	2.49615234
0.46300000	2.50360309
0.46400000	2.50781439
0.46500000	2.50943412
0.46600000	2.50943412
0.46700000	2.50554677
0.46800000	2.50165942
0.46900000	2.50360309
0.47000000	2.50587071
0.47100000	2.50878623
0.47200000	2.50522282
0.47300000	2.49680023
0.47400000	2.49453261
0.47500000	2.50554677
0.47600000	2.50716650
0.47700000	2.50263126
0.47800000	2.49582839
0.47900000	2.48708186
0.48000000	2.48837764
0.48100000	2.49582839
0.48200000	2.50133547
0.48300000	2.50198336
0.48400000	2.50651861
0.48500000	2.51234963
0.48600000	2.51267358
0.48700000	2.51105385
0.48800000	2.50975806
0.48900000	2.50587071
0.49000000	2.50457493
0.49100000	2.50554677
0.49200000	2.50522282
0.49300000	2.50230731
0.49400000	2.50068758
0.49500000	2.49841996
0.49600000	2.49874391
0.49700000	2.49680023
0.49800000	2.49291288
0.49900000	2.49323683
0.50000000	2.49615234
0.50100000	2.49809601
0.50200000	2.50295520
0.50300000	2.50975806
0.50400000	2.50716650
0.50500000	2.50003969
0.50600000	2.49420866
0.50700000	2.49582839
0.50800000	2.50068758
0.50900000	2.50522282
0.51000000	2.50295520
0.51100000	2.50230731
0.51200000	2.50327915
0.51300000	2.50457493
0.51400000	2.50230731
0.51500000	2.49485656
0.51600000	2.49420866
0.51700000	2.50230731
0.51800000	2.50619466
0.51900000	2.50878623
0.52000000	2.51234963
0.52100000	2.51072990
0.52200000	2.50781439
0.52300000	2.50684255
0.52400000	2.50716650
0.52500000	2.50554677
0.52600000	2.50263126
0.52700000	2.50327915
0.52800000	2.50619466
0.52900000	2.50587071
0.53000000	2.50489888
0.53100000	2.49874391
0.53200000	2.49226499
0.53300000	2.49129315
0.53400000	2.49323683
0.53500000	2.49582839
0.53600000	2.49712418
0.53700000	2.49744812
0.53800000	2.49809601
0.53900000	2.50327915
0.54000000	2.50489888
0.54100000	2.50489888
0.54200000	2.50198336
0.54300000	2.50133547
0.54400000	2.50263126
0.54500000	2.50716650
0.54600000	2.50554677
0.54700000	2.50230731
0.54800000	2.49582839
0.54900000	2.49550445
0.55000000	2.50133547
0.55100000	2.50554677
0.55200000	2.50651861
0.55300000	2.49841996
0.55400000	2.49453261
0.55500000	2.49712418
0.55600000	2.50003969
0.55700000	2.50133547
0.55800000	2.50198336
0.55900000	2.50619466
0.56000000	2.50457493
0.56100000	2.50068758
0.56200000	2.49615234
0.56300000	2.49680023
0.56400000	2.50101153
0.56500000	2.49777207
0.56600000	2.49226499
0.56700000	2.49582839
0.56800000	2.50327915
0.56900000	2.50975806
0.57000000	2.50846228
0.57100000	2.50489888
0.57200000	2.50068758
0.57300000	2.50133547
0.57400000	2.50587071
0.57500000	2.51170174
0.57600000	2.50425099
0.57700000	2.50489888
0.57800000	2.50716650
0.57900000	2.50975806
0.58000000	2.50101153
0.58100000	2.49388472
0.58200000	2.49356077
0.58300000	2.49906785
0.58400000	2.50813834
0.58500000	2.51137779
0.58600000	2.50911017
0.58700000	2.50230731
0.58800000	2.49323683
0.58900000	2.49161710
0.59000000	2.49647629
0.59100000	2.49777207
0.59200000	2.49777207
0.59300000	2.49809601
0.59400000	2.49744812
0.59500000	2.49582839
0.59600000	2.49744812
0.59700000	2.50230731
0.59800000	2.50489888
0.59900000	2.50716650
0.60000000	2.50360309
0.60100000	2.49906785
0.60200000	2.50165942
0.60300000	2.49971574
0.60400000	2.49841996
0.60500000	2.50360309
0.60600000	2.50554677
0.60700000	2.50587071
0.60800000	2.50911017
0.60900000	2.50392704
0.61000000	2.50101153
0.61100000	2.50295520
0.61200000	2.50651861
0.61300000	2.50554677
0.61400000	2.50198336
0.61500000	2.49226499
0.61600000	2.48189872
0.61700000	2.48060294
0.61800000	2.48189872
0.61900000	2.48481424
0.62000000	2.49518050
0.62100000	2.50619466
0.62200000	2.51105385
0.62300000	2.51170174
0.62400000	2.51299752
0.62500000	2.51202569
0.62600000	2.51267358
0.62700000	2.51170174
0.62800000	2.50716650
0.62900000	2.50522282
0.63000000	2.50036364
0.63100000	2.49939180
0.63200000	2.50068758
0.63300000	2.49582839
0.63400000	2.48643396
0.63500000	2.48675791
0.63600000	2.48934948
0.63700000	2.49129315
0.63800000	2.49550445
0.63900000	2.50198336
0.64000000	2.50684255
0.64100000	2.50425099
0.64200000	2.50619466
0.64300000	2.50684255
0.64400000	2.50975806
0.64500000	2.51008201
0.64600000	2.50684255
0.64700000	2.50457493
0.64800000	2.50619466
0.64900000	2.50587071
0.65000000	2.49809601
0.65100000	2.49161710
0.65200000	2.48481424
0.65300000	2.47833532
0.65400000	2.48222267
0.65500000	2.48772975
0.65600000	2.49485656
0.65700000	2.50036364
0.65800000	2.50619466
0.65900000	2.50781439
0.66000000	2.50813834
0.66100000	2.50975806
0.66200000	2.51040596
0.66300000	2.50101153
0.66400000	2.48934948
0.66500000	2.48254661
0.66600000	2.48351845
0.66700000	2.49161710
0.66800000	2.49453261
0.66900000	2.49453261
0.67000000	2.49226499
0.67100000	2.48837764
0.67200000	2.48546213
0.67300000	2.48643396
0.67400000	2.48870159
0.67500000	2.49194104
0.67600000	2.49064526
0.67700000	2.49647629
0.67800000	2.49647629
0.67900000	2.49550445
0.68000000	2.49485656
0.68100000	2.49291288
0.68200000	2.48675791
0.68300000	2.47768743
0.68400000	2.47865926
0.68500000	2.48125083
0.68600000	2.48351845
0.68700000	2.48222267
0.68800000	2.48222267
0.68900000	2.48092689
0.69000000	2.47574375
0.69100000	2.47088456
0.69200000	2.46894089
0.69300000	2.46343381
0.69400000	2.45792673
0.69500000	2.44950414
0.69600000	2.43946182
0.69700000	2.42877161
0.69800000	2.41905323
0.69900000	2.39961648
0.70000000	2.37694028
0.70100000	2.35717958
0.70200000	2.34001046
0.70300000	2.32867235
0.70400000	2.31992582
0.70500000	2.30632009
0.70600000	2.28850308
0.70700000	2.27133395
0.70800000	2.25060142
0.70900000	2.22403787
0.71000000	2.19585459
0.71100000	2.15633320
0.71200000	2.10417794
0.71300000	2.03031831
0.71400000	1.94674031
0.71500000	1.85052844
0.71600000	1.75269684
0.71700000	1.65065396
0.71800000	1.54537162
0.71900000	1.44397663
0.72000000	1.34517321
0.72100000	1.25382055
0.72200000	1.17153836
0.72300000	1.09055196
0.72400000	1.01312895
0.72500000	0.94088908
0.72600000	0.87448024
0.72700000	0.81455030
0.72800000	0.76498662
0.72900000	0.71088771
0.73000000	0.65192961
0.73100000	0.59135178
0.73200000	0.52526687
0.73300000	0.45691435
0.73400000	0.38337870
0.73500000	0.30627964
0.73600000	0.23209609
0.73700000	0.15888438
0.73800000	0.08632056
0.73900000	0.02606667
0.74000000	0.02639061
0.74100000	0.02995402
0.74200000	0.02898218
0.74300000	0.03092585
0.74400000	0.02995402
0.74500000	0.02930612
0.74600000	0.02995402
0.74700000	0.02963007
0.74800000	0.02898218
0.74900000	0.02963007
0.75000000	0.02995402
0.75100000	0.02898218
0.75200000	0.06072885
0.75300000	0.10413757
0.75400000	0.15272941
0.75500000	0.20812411
0.75600000	0.26287093
0.75700000	0.32020930
0.75800000	0.37398427
0.75900000	0.42387190
0.76000000	0.47052007
0.76100000	0.51814007
0.76200000	0.56770375
0.76300000	0.61823926
0.76400000	0.67687342
0.76500000	0.73809914
0.76600000	0.80062064
0.76700000	0.87869153
0.76800000	0.97393154
0.76900000	1.07856597
0.77000000	1.19162299
0.77100000	1.30727157
0.77200000	1.42356806
0.77300000	1.55120264
0.77400000	1.68758376
0.77500000	1.82526068
0.77600000	1.96293760
0.77700000	2.10061453
0.77800000	2.22922100
0.77900000	2.35491196
0.78000000	2.47574375
0.78100000	2.59074453
0.78200000	2.69894245
0.78300000	2.80260514
0.78400000	2.89201422
0.78500000	2.97688807
0.78600000	3.05722667
0.78700000	3.13950896
0.78800000	3.21563629
0.78900000	3.29176362
0.79000000	3.36951068
0.79100000	3.45114511
0.79200000	3.53634296
0.79300000	3.62218871
0.79400000	3.71192182
0.79500000	3.80295073
0.79600000	3.89462754
0.79700000	3.98533253
0.79800000	4.07312201
0.79900000	4.15637626
0.80000000	4.23833473
0.80100000	4.31705374
0.80200000	4.38799805
0.80300000	4.44598450
0.80400000	4.49749202
0.80500000	4.54219666
0.80600000	4.57815475
0.80700000	4.60277470
0.80800000	4.61994388
0.80900000	4.62609886
0.81000000	4.62415518
0.81100000	4.61411283
0.81200000	4.60309865
0.81300000	4.59305630
0.81400000	4.58171816
0.81500000	4.57232371
0.81600000	4.56552082
0.81700000	4.55871794
0.81800000	4.55094322
0.81900000	4.53992903
0.82000000	4.52275986
0.82100000	4.50461884
0.82200000	4.48291442
0.82300000	4.45861842
0.82400000	4.43270268
0.82500000	4.39512487
0.82600000	4.35268787
0.82700000	4.30668745
0.82800000	4.24643339
0.82900000	4.18358776
0.83000000	4.11167164
0.83100000	4.03554423
0.83200000	3.95390973
0.83300000	3.86676816
0.83400000	3.77249978
0.83500000	3.67855535
0.83600000	3.58558278
0.83700000	3.49196233
0.83800000	3.39931373
0.83900000	3.30407357
0.84000000	3.20850947
0.84100000	3.12525534
0.84200000	3.04491672
0.84300000	2.97170493
0.84400000	2.89590157
0.84500000	2.82042217
0.84600000	2.74818223
0.84700000	2.67691413
0.84800000	2.59042058
0.84900000	2.50749044
0.85000000	2.41937718
0.85100000	2.33126392
0.85200000	2.24477040
0.85300000	2.15957266
0.85400000	2.06886785
0.85500000	1.97621937
0.85600000	1.88227512
0.85700000	1.78671114
0.85800000	1.69406268
0.85900000	1.60076632
0.86000000	1.50973760
0.86100000	1.43134275
0.86200000	1.36234233
0.86300000	1.29949688
0.86400000	1.24442612
0.86500000	1.18967931
0.86600000	1.14043958
0.86700000	1.09379141
0.86800000	1.05200243
0.86900000	1.01831208
0.87000000	0.98948093
0.87100000	0.96356528
0.87200000	0.93635385
0.87300000	0.91432554
0.87400000	0.89002962
0.87500000	0.87253656
0.87600000	0.85050826
0.87700000	0.82653629
0.87800000	0.80353615
0.87900000	0.78085996
0.88000000	0.75947955
0.88100000	0.74522594
0.88200000	0.73518363
0.88300000	0.73162022
0.88400000	0.72838077
0.88500000	0.73194417
0.88600000	0.74295832
0.88700000	0.76109927
0.88800000	0.78215574
0.88900000	0.81681792
0.89000000	0.85957874
0.89100000	0.90493112
0.89200000	0.95157929
0.89300000	0.99660773
0.89400000	1.05005875
0.89500000	1.10739713
0.89600000	1.16343972
0.89700000	1.22174993
0.89800000	1.28394749
0.89900000	1.34484927
0.90000000	1.40153975
0.90100000	1.45855418
0.90200000	1.51459678
0.90300000	1.56934360
0.90400000	1.62603409
0.90500000	1.67883723
0.90600000	1.73617561
0.90700000	1.79772529
0.90800000	1.86186654
0.90900000	1.93183881
0.91000000	2.00537449
0.91100000	2.07599466
0.91200000	2.14953034
0.91300000	2.22695338
0.91400000	2.29951723
0.91500000	2.37791212
0.91600000	2.46310986
0.91700000	2.55154708
0.91800000	2.63512511
0.91900000	2.71935104
0.92000000	2.79806990
0.92100000	2.87095773
0.92200000	2.94416952
0.92300000	3.00604320
0.92400000	3.06662111
0.92500000	3.12460745
0.92600000	3.18324168
0.92700000	3.23863646
0.92800000	3.28917205
0.92900000	3.33905975
0.93000000	3.38991929
0.93100000	3.43689148
0.93200000	3.47965237
0.93300000	3.52241327
0.93400000	3.56387839
0.93500000	3.60437166
0.93600000	3.64616073
0.93700000	3.68697796
0.93800000	3.72811913
0.93900000	3.77088004
0.94000000	3.80359862
0.94100000	3.83372563
0.94200000	3.86352869
0.94300000	3.89106413
0.94400000	3.91762774
0.94500000	3.93609268
0.94600000	3.95034632
0.94700000	3.95909287
0.94800000	3.96265628
0.94900000	3.95844498
0.95000000	3.95229000
0.95100000	3.94192371
0.95200000	3.92734613
0.95300000	3.91309249
0.95400000	3.89171203
0.95500000	3.87259919
0.95600000	3.84927505
0.95700000	3.82238751
0.95800000	3.79355629
0.95900000	3.76213349
0.96000000	3.73168254
0.96100000	3.71030209
0.96200000	3.68471033
0.96300000	3.65425938
0.96400000	3.61992108
0.96500000	3.58039964
0.96600000	3.53731480
0.96700000	3.49682152
0.96800000	3.44887749
0.96900000	3.40060951
0.97000000	3.35363732
0.97100000	3.29824254
0.97200000	3.24187592
0.97300000	3.18453746
0.97400000	3.12395955
0.97500000	3.06176192
0.97600000	2.98887407
0.97700000	2.91857779
0.97800000	2.85216887
0.97900000	2.78316839
0.98000000	2.71481580
0.98100000	2.64970268
0.98200000	2.59398399
0.98300000	2.53923714
0.98400000	2.48254661
0.98500000	2.42747582
0.98600000	2.37402477
0.98700000	2.32186949
0.98800000	2.26971422
0.98900000	2.21885473
0.99000000	2.16410790
0.99100000	2.10871318
0.99200000	2.04975505
0.99300000	1.99436033
0.99400000	1.94479664
0.99500000	1.89361322
0.99600000	1.84081007
0.99700000	1.78671114
0.99800000	1.73520378
0.99900000	1.69114716
1.00000000	1.64806239
1.00100000	1.60206211
1.00200000	1.55703366
1.00300000	1.51589256
1.00400000	1.47863881
1.00500000	1.45013160
1.00600000	1.42453989
1.00700000	1.39862424
1.00800000	1.37562410
1.00900000	1.35521553
1.01000000	1.33739852
1.01100000	1.32606042
1.01200000	1.31860967
1.01300000	1.31504627
1.01400000	1.31472232
1.01500000	1.30889130
1.01600000	1.30046872
1.01700000	1.29334191
1.01800000	1.29949688
1.01900000	1.30500395
1.02000000	1.31148287
1.02100000	1.31796178
1.02200000	1.32314491
1.02300000	1.32994777
1.02400000	1.34484927
1.02500000	1.35586342
1.02600000	1.37724383
1.02700000	1.40089186
1.02800000	1.42810329
1.02900000	1.45855418
1.03000000	1.49192059
1.03100000	1.52690672
1.03200000	1.56934360
1.03300000	1.60821707
1.03400000	1.65162579
1.03500000	1.69082322
1.03600000	1.73682350
1.03700000	1.78055617
1.03800000	1.82752830
1.03900000	1.87773988
1.04000000	1.93054303
1.04100000	1.98043067
1.04200000	2.02869858
1.04300000	2.07599466
1.04400000	2.12296679
1.04500000	2.18127703
1.04600000	2.23246046
1.04700000	2.28105232
1.04800000	2.33158787
1.04900000	2.38082763
1.05000000	2.42941950
1.05100000	2.47963110
1.05200000	2.52757509
1.05300000	2.57811064
1.05400000	2.63058987
1.05500000	2.68566067
1.05600000	2.73716807
1.05700000	2.79159098
1.05800000	2.84471811
1.05900000	2.89492973
1.06000000	2.94157795
1.06100000	2.98725434
1.06200000	3.02839548
1.06300000	3.07374792
1.06400000	3.11229750
1.06500000	3.15279075
1.06600000	3.18777692
1.06700000	3.22114337
1.06800000	3.25191825
1.06900000	3.27945366
1.07000000	3.30310173
1.07100000	3.32707374
1.07200000	3.35817257
1.07300000	3.38246853
1.07400000	3.40287714
1.07500000	3.42328574
1.07600000	3.43689148
1.07700000	3.45114511
1.07800000	3.46475085
1.07900000	3.47803264
1.08000000	3.49099049
1.08100000	3.50200466
1.08200000	3.51269489
1.08300000	3.52079354
1.08400000	3.52532879
1.08500000	3.52532879
1.08600000	3.52241327
1.08700000	3.51852592
1.08800000	3.51269489
1.08900000	3.50297650
1.09000000	3.48645524
1.09100000	3.46151139
1.09200000	3.43786332
1.09300000	3.41615893
1.09400000	3.39445454
1.09500000	3.37048252
1.09600000	3.34262315
1.09700000	3.31411590
1.09800000	3.28593259
1.09900000	3.25936901
1.10000000	3.23053781
1.10100000	3.20041082
1.10200000	3.16801621
1.10300000	3.13335399
1.10400000	3.10193122
1.10500000	3.06435348
1.10600000	3.02386023
1.10700000	2.98693039
1.10800000	2.94352163
1.10900000	2.90335233
1.11000000	2.86350698
1.11100000	2.82009822
1.11200000	2.77571763
1.11300000	2.73004126
1.11400000	2.68371699
1.11500000	2.64030825
1.11600000	2.59495582
1.11700000	2.55154708
1.11800000	2.50781439
1.11900000	2.45533517
1.12000000	2.40317989
1.12100000	2.35750353
1.12200000	2.31765820
1.12300000	2.27846076
1.12400000	2.24088305
1.12500000	2.19650248
1.12600000	2.16151633
1.12700000	2.12653019
1.12800000	2.09251589
1.12900000	2.05947343
1.13000000	2.03064226
1.13100000	1.99857163
1.13200000	1.96585311
1.13300000	1.93345854
1.13400000	1.90300764
1.13500000	1.87612015
1.13600000	1.84761293
1.13700000	1.81716203
1.13800000	1.79513373
1.13900000	1.77083780
1.14000000	1.74816160
1.14100000	1.72904881
1.14200000	1.71058390
1.14300000	1.69276689
1.14400000	1.67656961
1.14500000	1.66199205
1.14600000	1.65065396
1.14700000	1.64709055
1.14800000	1.64741450
1.14900000	1.64514688
1.15000000	1.64417504
1.15100000	1.64482293
1.15200000	1.64611872
1.15300000	1.65227368
1.15400000	1.65778076
1.15500000	1.66717519
1.15600000	1.68466825
1.15700000	1.69989370
1.15800000	1.71414731
1.15900000	1.72256989
1.16000000	1.73487983
1.16100000	1.74978133
1.16200000	1.77278147
1.16300000	1.80064080
1.16400000	1.82558462
1.16500000	1.84566925
1.16600000	1.86672572
1.16700000	1.89361322
1.16800000	1.92244439
1.16900000	1.95289528
1.17000000	1.98658564
1.17100000	2.01930415
1.17200000	2.04878322
1.17300000	2.07891017
1.17400000	2.11713577
1.17500000	2.15633320
1.17600000	2.19099540
1.17700000	2.22727732
1.17800000	2.26777055
1.17900000	2.30632009
1.18000000	2.34519359
1.18100000	2.38406709
1.18200000	2.42456031
1.18300000	2.46505354
1.18400000	2.50036364
1.18500000	2.53502584
1.18600000	2.56353308
1.18700000	2.59527977
1.18800000	2.62735041
1.18900000	2.66266051
1.19000000	2.69602694
1.19100000	2.72356234
1.19200000	2.74980196
1.19300000	2.78478812
1.19400000	2.81523903
1.19500000	2.84374628
1.19600000	2.87290141
1.19700000	2.90173260
1.19800000	2.92991590
1.19900000	2.95712736
1.20000000	2.98531066
1.20100000	3.01090239
1.20200000	3.03098705
1.20300000	3.05009986
1.20400000	3.07504370
1.20500000	3.09156495
1.20600000	3.11424117
1.20700000	3.12817085
1.20800000	3.13529766
1.20900000	3.14469210
1.21000000	3.15700205
1.21100000	3.16639648
1.21200000	3.17157962
1.21300000	3.17222751
1.21400000	3.17157962
1.21500000	3.17093173
1.21600000	3.17190357
1.21700000	3.17384724
1.21800000	3.17611487
1.21900000	3.17643881
1.22000000	3.17319935
1.22100000	3.16866411
1.22200000	3.16672043
1.22300000	3.16186124
1.22400000	3.15279075
1.22500000	3.13886107
1.22600000	3.12817085
1.22700000	3.11262144
1.22800000	3.09221284
1.22900000	3.07245213
1.23000000	3.05463510
1.23100000	3.03390256
1.23200000	3.01543764
1.23300000	2.99373326
1.23400000	2.96652179
1.23500000	2.94514136
1.23600000	2.92311303
1.23700000	2.89752130
1.23800000	2.87711271
1.23900000	2.85119703
1.24000000	2.82430952
1.24100000	2.79580228
1.24200000	2.76502742
1.24300000	2.73716807
1.24400000	2.71060450
1.24500000	2.67982964
1.24600000	2.64711111
1.24700000	2.61244890
1.24800000	2.58005431
1.24900000	2.55446259
1.25000000	2.52951876
1.25100000	2.50133547
1.25200000	2.47509586
1.25300000	2.44010971
1.25400000	2.41484194
1.25500000	2.39410941
1.25600000	2.37013742
1.25700000	2.34519359
1.25800000	2.32089765
1.25900000	2.29627777
1.26000000	2.27101000
1.26100000	2.24250278
1.26200000	2.21302371
1.26300000	2.19002356
1.26400000	2.16734736
1.26500000	2.14661483
1.26600000	2.12620625
1.26700000	2.10385399
1.26800000	2.08798065
1.26900000	2.07405098
1.27000000	2.05947343
1.27100000	2.04878322
1.27200000	2.03906484
1.27300000	2.02643096
1.27400000	2.00829000
1.27500000	1.99727585
1.27600000	1.98626169
1.27700000	1.97913489
1.27800000	1.97686727
1.27900000	1.97297992
1.28000000	1.96682495
1.28100000	1.96423338
1.28200000	1.96034603
1.28300000	1.95710658
1.28400000	1.95775447
1.28500000	1.95710658
1.28600000	1.95581079
1.28700000	1.95969814
1.28800000	1.96455733
1.28900000	1.97265597
1.29000000	1.98367013
1.29100000	1.98852931
1.29200000	1.98950115
1.29300000	2.00181109
1.29400000	2.01379708
1.29500000	2.03258593
1.29600000	2.05007900
1.29700000	2.06044526
1.29800000	2.07664255
1.29900000	2.09283984
1.30000000	2.10774134
1.30100000	2.12782598
1.30200000	2.14758667
1.30300000	2.16346001
1.30400000	2.17998124
1.30500000	2.19747431
1.30600000	2.21626317
1.30700000	2.23375624
1.30800000	2.25902401
1.30900000	2.28331994
1.31000000	2.30891166
1.31100000	2.33288365
1.31200000	2.35361618
1.31300000	2.37434871
1.31400000	2.39605308
1.31500000	2.42294058
1.31600000	2.44982809
1.31700000	2.47056062
1.31800000	2.49032131
1.31900000	2.50846228
1.32000000	2.53081454
1.32100000	2.55187102
1.32200000	2.57908248
1.32300000	2.60467420
1.32400000	2.62475884
1.32500000	2.64128008
1.32600000	2.66201262
1.32700000	2.68080148
1.32800000	2.69699878
1.32900000	2.71319607
1.33000000	2.72615391
1.33100000	2.74332304
1.33200000	2.76178796
1.33300000	2.77409790
1.33400000	2.79353466
1.33500000	2.81264747
1.33600000	2.82884476
1.33700000	2.83985892
1.33800000	2.85346465
1.33900000	2.86447882
1.34000000	2.87873244
1.34100000	2.88747898
1.34200000	2.89395790
1.34300000	2.90432417
1.34400000	2.91566228
1.34500000	2.92732433
1.34600000	2.93153563
1.34700000	2.93185957
1.34800000	2.93023984
1.34900000	2.93056379
1.35000000	2.93736666
1.35100000	2.94060612
1.35200000	2.93963428
1.35300000	2.93639482
1.35400000	2.93315536
1.35500000	2.92926801
1.35600000	2.92700038
1.35700000	2.92214120
1.35800000	2.91436649
1.35900000	2.90723968
1.36000000	2.90011287
1.36100000	2.89525368
1.36200000	2.88812687
1.36300000	2.88132400
1.36400000	2.87063379
1.36500000	2.85799990
1.36600000	2.84245049
1.36700000	2.82528136
1.36800000	2.80746433
1.36900000	2.79321071
1.37000000	2.77928104
1.37100000	2.76826687
1.37200000	2.75757666
1.37300000	2.74915407
1.37400000	2.74008358
1.37500000	2.73004126
1.37600000	2.70930872
1.37700000	2.68274516
1.37800000	2.65877316
1.37900000	2.63804062
1.38000000	2.61989966
1.38100000	2.60305447
1.38200000	2.58523745
1.38300000	2.56806832
1.38400000	2.55316681
1.38500000	2.53373006
1.38600000	2.51494120
1.38700000	2.49615234
1.38800000	2.47606770
1.38900000	2.45857462
1.39000000	2.44010971
1.39100000	2.42326453
1.39200000	2.40933486
1.39300000	2.39767281
1.39400000	2.38536287
1.39500000	2.36981347
1.39600000	2.35134856
1.39700000	2.33158787
1.39800000	2.31506663
1.39900000	2.29951723
1.40000000	2.28170021
1.40100000	2.26679871
1.40200000	2.25384088
1.40300000	2.24379856
1.40400000	2.23278440
1.40500000	2.22177025
1.40600000	2.20686874
1.40700000	2.20006588
1.40800000	2.18807989
1.40900000	2.17738968
1.41000000	2.17285444
1.41100000	2.16248817
1.41200000	2.15374164
1.41300000	2.14855850
1.41400000	2.14369932
1.41500000	2.14272748
1.41600000	2.13884013
1.41700000	2.13884013
1.41800000	2.13689646
1.41900000	2.14045986
1.42000000	2.14402326
1.42100000	2.14434721
1.42200000	2.14207959
1.42300000	2.13851619
1.42400000	2.14240354
1.42500000	2.14467116
1.42600000	2.14531905
1.42700000	2.14726272
1.42800000	2.15147402
1.42900000	2.15471347
1.43000000	2.16054450
1.43100000	2.16540368
1.43200000	2.17317838
1.43300000	2.18419254
1.43400000	2.19488275
1.43500000	2.20816452
1.43600000	2.22695338
1.43700000	2.24088305
1.43800000	2.25222115
1.43900000	2.26517898
1.44000000	2.26971422
1.44100000	2.28072838
1.44200000	2.29951723
1.44300000	2.31474268
1.44400000	2.33093997
1.44500000	2.34454570
1.44600000	2.35394013
1.44700000	2.36884163
1.44800000	2.38827838
1.44900000	2.40706724
1.45000000	2.42423637
1.45100000	2.43978577
1.45200000	2.45371544
1.45300000	2.46894089
1.45400000	2.48805369
1.45500000	2.50813834
1.45600000	2.52401168
1.45700000	2.54280054
1.45800000	2.55964573
1.45900000	2.57357540
1.46000000	2.58880085
1.46100000	2.60143474
1.46200000	2.61860387
1.46300000	2.63480117
1.46400000	2.64970268
1.46500000	2.66104078
1.46600000	2.67367467
1.46700000	2.68501278
1.46800000	2.69797061
1.46900000	2.70866083
1.47000000	2.71643553
1.47100000	2.72777364
1.47200000	2.73749201
1.47300000	2.74623855
1.47400000	2.75401325
1.47500000	2.76146401
1.47600000	2.77215423
1.47700000	2.78640785
1.47800000	2.79871779
1.47900000	2.80714038
1.48000000	2.81102774
1.48100000	2.81232352
1.48200000	2.81588692
1.48300000	2.82592925
1.48400000	2.83046449
1.48500000	2.83143633
1.48600000	2.82787292
1.48700000	2.82852082
1.48800000	2.83402790
1.48900000	2.83888709
1.49000000	2.83532368
1.49100000	2.83240817
1.49200000	2.82625319
1.49300000	2.81783060
1.49400000	2.80778828
1.49500000	2.80066147
1.49600000	2.79612622
1.49700000	2.78640785
1.49800000	2.77992893
1.49900000	2.76923871
1.50000000	2.75919639
1.50100000	2.75044985
1.50200000	2.74008358
1.50300000	2.73587228
1.50400000	2.73263282
1.50500000	2.72647785
1.50600000	2.71384396
1.50700000	2.70380164
1.50800000	2.68987197
1.50900000	2.67367467
1.51000000	2.66428024
1.51100000	2.65423792
1.51200000	2.64257587
1.51300000	2.62799830
1.51400000	2.61180101
1.51500000	2.59754739
1.51600000	2.58426561
1.51700000	2.57325145
1.51800000	2.55673021
1.51900000	2.53891319
1.52000000	2.51818066
1.52100000	2.49874391
1.52200000	2.48513818
1.52300000	2.47153246
1.52400000	2.45663095
1.52500000	2.43719420
1.52600000	2.42326453
1.52700000	2.41127853
1.52800000	2.40317989
1.52900000	2.39734886
1.53000000	2.38989811
1.53100000	2.37791212
1.53200000	2.36625007
1.53300000	2.34940488
1.53400000	2.34001046
1.53500000	2.32802446
1.53600000	2.31571452
1.53700000	2.30437642
1.53800000	2.29530594
1.53900000	2.28850308
1.54000000	2.28137627
1.54100000	2.26939027
1.54200000	2.25448877
1.54300000	2.24444645
1.54400000	2.23731964
1.54500000	2.23019284
1.54600000	2.22598154
1.54700000	2.22274208
1.54800000	2.22144630
1.54900000	2.22047446
1.55000000	2.21950263
1.55100000	2.21237582
1.55200000	2.20881242
1.55300000	2.20719269
1.55400000	2.20848847
1.55500000	2.20395323
1.55600000	2.20946031
1.55700000	2.21820684
1.55800000	2.22338998
1.55900000	2.22533365
1.56000000	2.22598154
1.56100000	2.23213651
1.56200000	2.24088305
1.56300000	2.24347461
1.56400000	2.25027747
1.56500000	2.25513666
1.56600000	2.26420714
1.56700000	2.27230579
1.56800000	2.28008049
1.56900000	2.28817913
1.57000000	2.29854540
1.57100000	2.31441874
1.57200000	2.32348922
1.57300000	2.33353154
1.57400000	2.34422175
1.57500000	2.35232040
1.57600000	2.35847537
1.57700000	2.36689796
1.57800000	2.37888395
1.57900000	2.39929254
1.58000000	2.42067296
1.58100000	2.43881393
1.58200000	2.45079992
1.58300000	2.46278592
1.58400000	2.47282824
1.58500000	2.48060294
1.58600000	2.49096921
1.58700000	2.50457493
1.58800000	2.52336379
1.58900000	2.53956108
1.59000000	2.54830762
1.59100000	2.55543443
1.59200000	2.56029362
1.59300000	2.56968805
1.59400000	2.58005431
1.59500000	2.59754739
1.59600000	2.61147706
1.59700000	2.62281517
1.59800000	2.63318144
1.59900000	2.64322376
1.60000000	2.64970268
1.60100000	2.65812527
1.60200000	2.67043521
1.60300000	2.68436489
1.60400000	2.69635088
1.60500000	2.70218191
1.60600000	2.70736504
1.60700000	2.70995661
1.60800000	2.71416791
1.60900000	2.71837920
1.61000000	2.72323839
1.61100000	2.72939337
1.61200000	2.72939337
1.61300000	2.72906942
1.61400000	2.72906942
1.61500000	2.73490045
1.61600000	2.74008358
1.61700000	2.74494277
1.61800000	2.74105542
1.61900000	2.73749201
1.62000000	2.73490045
1.62100000	2.73295677
1.62200000	2.73101309
1.62300000	2.72939337
1.62400000	2.72777364
1.62500000	2.72356234
1.62600000	2.71481580
1.62700000	2.71060450
1.62800000	2.71287212
1.62900000	2.71352002
1.63000000	2.70833688
1.63100000	2.69829456
1.63200000	2.68825224
1.63300000	2.68015359
1.63400000	2.67270283
1.63500000	2.66201262
1.63600000	2.65391397
1.63700000	2.64775900
1.63800000	2.64257587
1.63900000	2.63512511
1.64000000	2.62281517
1.64100000	2.61147706
1.64200000	2.60111080
1.64300000	2.59042058
1.64400000	2.58070221
1.64500000	2.56644859
1.64600000	2.55770205
1.64700000	2.54927946
1.64800000	2.53534979
1.64900000	2.52498352
1.65000000	2.52012433
1.65100000	2.51170174
1.65200000	2.50133547
1.65300000	2.49194104
1.65400000	2.48125083
1.65500000	2.46991273
1.65600000	2.46408170
1.65700000	2.45177176
1.65800000	2.44010971
1.65900000	2.43265896
1.66000000	2.42585610
1.66100000	2.41872929
1.66200000	2.40901091
1.66300000	2.39896859
1.66400000	2.39248968
1.66500000	2.38406709
1.66600000	2.37596844
1.66700000	2.36560217
1.66800000	2.35264434
1.66900000	2.34972883
1.67000000	2.34616543
1.67100000	2.33936256
1.67200000	2.33644705
1.67300000	2.33158787
1.67400000	2.33093997
1.67500000	2.33223576
1.67600000	2.33191181
1.67700000	2.32575684
1.67800000	2.32381317
1.67900000	2.31992582
1.68000000	2.31539058
1.68100000	2.31765820
1.68200000	2.31960187
1.68300000	2.32219344
1.68400000	2.32413711
1.68500000	2.32284133
1.68600000	2.32219344
1.68700000	2.32608079
1.68800000	2.33061603
1.68900000	2.33126392
1.69000000	2.33482732
1.69100000	2.33774284
1.69200000	2.34001046
1.69300000	2.33677100
1.69400000	2.34098229
1.69500000	2.34616543
1.69600000	2.35232040
1.69700000	2.35588380
1.69800000	2.36203877
1.69900000	2.37337687
1.70000000	2.38017974
1.70100000	2.38406709
1.70200000	2.38633471
1.70300000	2.38989811
1.70400000	2.40156016
1.70500000	2.41516588
1.70600000	2.42682793
1.70700000	2.43233501
1.70800000	2.43751814
1.70900000	2.44334917
1.71000000	2.45079992
1.71100000	2.46019435
1.71200000	2.46699721
1.71300000	2.47088456
1.71400000	2.47736348
1.71500000	2.48351845
1.71600000	2.48740580
1.71700000	2.49226499
1.71800000	2.49744812
1.71900000	2.50651861
1.72000000	2.51364541
1.72100000	2.52401168
1.72200000	2.53405400
1.72300000	2.53988503
1.72400000	2.54344843
1.72500000	2.54409632
1.72600000	2.54895551
1.72700000	2.55478654
1.72800000	2.56385702
1.72900000	2.57292751
1.73000000	2.57681486
1.73100000	2.57519513
1.73200000	2.57778669
1.73300000	2.58199799
1.73400000	2.58880085
1.73500000	2.59592766
1.73600000	2.60046290
1.73700000	2.60402631
1.73800000	2.60856155
1.73900000	2.61504047
1.74000000	2.61568836
1.74100000	2.61536441
1.74200000	2.61536441
1.74300000	2.62249122
1.74400000	2.62864619
1.74500000	2.62864619
1.74600000	2.62540674
1.74700000	2.62119544
1.74800000	2.62022360
1.74900000	2.62411095
1.75000000	2.62864619
1.75100000	2.62832225
1.75200000	2.62573068
1.75300000	2.61989966
1.75400000	2.61795598
1.75500000	2.61471652
1.75600000	2.61698414
1.75700000	2.61471652
1.75800000	2.61212495
1.75900000	2.61082917
1.76000000	2.60888550
1.76100000	2.60856155
1.76200000	2.60920944
1.76300000	2.60435025
1.76400000	2.59787134
1.76500000	2.59204031
1.76600000	2.58847691
1.76700000	2.58718112
1.76800000	2.59009664
1.76900000	2.58556139
1.77000000	2.58005431
1.77100000	2.57227961
1.77200000	2.56644859
1.77300000	2.55737810
1.77400000	2.54798367
1.77500000	2.54506816
1.77600000	2.54474422
1.77700000	2.54636395
1.77800000	2.54668789
1.77900000	2.53891319
1.78000000	2.53632162
1.78100000	2.53049060
1.78200000	2.52887087
1.78300000	2.52336379
1.78400000	2.51753277
1.78500000	2.50846228
1.78600000	2.50198336
1.78700000	2.50003969
1.78800000	2.49647629
1.78900000	2.49841996
1.79000000	2.49647629
1.79100000	2.49194104
1.79200000	2.48287056
1.79300000	2.47282824
1.79400000	2.46505354
1.79500000	2.45987041
1.79600000	2.45501122
1.79700000	2.45079992
1.79800000	2.44950414
1.79900000	2.45209571
1.80000000	2.44723652
1.80100000	2.44108155
1.80200000	2.43363079
1.80300000	2.42844766
1.80400000	2.42877161
1.80500000	2.42779977
1.80600000	2.42779977
1.80700000	2.42585610
1.80800000	2.42682793
1.80900000	2.43006739
1.81000000	2.43103923
1.81100000	2.43071528
1.81200000	2.42585610
1.81300000	2.41613772
1.81400000	2.40803908
1.81500000	2.40415173
1.81600000	2.40577145
1.81700000	2.40771513
1.81800000	2.40771513
1.81900000	2.40544751
1.82000000	2.40479962
1.82100000	2.40479962
1.82200000	2.40803908
1.82300000	2.40836302
1.82400000	2.40156016
1.82500000	2.39832070
1.82600000	2.40253200
1.82700000	2.40771513
1.82800000	2.40965880
1.82900000	2.41646167
1.83000000	2.42132085
1.83100000	2.42553215
1.83200000	2.42229269
1.83300000	2.41775745
1.83400000	2.41581378
1.83500000	2.41872929
1.83600000	2.42488426
1.83700000	2.43265896
1.83800000	2.44108155
1.83900000	2.44626468
1.84000000	2.45047598
1.84100000	2.45306754
1.84200000	2.45241965
1.84300000	2.45533517
1.84400000	2.45954646
1.84500000	2.46505354
1.84600000	2.46667327
1.84700000	2.46537749
1.84800000	2.46505354
1.84900000	2.46570143
1.85000000	2.47282824
1.85100000	2.47509586
1.85200000	2.47703954
1.85300000	2.48416634
1.85400000	2.48578607
1.85500000	2.48513818
1.85600000	2.48934948
1.85700000	2.49453261
1.85800000	2.50425099
1.85900000	2.51072990
1.86000000	2.51915249
1.86100000	2.52498352
1.86200000	2.53049060
1.86300000	2.53599768
1.86400000	2.53956108
1.86500000	2.53502584
1.86600000	2.53146244
1.86700000	2.53113849
1.86800000	2.53308217
1.86900000	2.53858924
1.87000000	2.54863157
1.87100000	2.56029362
1.87200000	2.57130778
1.87300000	2.57649091
1.87400000	2.57487118
1.87500000	2.57227961
1.87600000	2.56580070
1.87700000	2.56256124
1.87800000	2.56742043
1.87900000	2.57130778
1.88000000	2.57584302
1.88100000	2.57940642
1.88200000	2.58102615
1.88300000	2.58556139
1.88400000	2.59009664
1.88500000	2.59106847
1.88600000	2.58782901
1.88700000	2.58944874
1.88800000	2.59074453
1.88900000	2.59009664
1.89000000	2.59430793
1.89100000	2.59625161
1.89200000	2.59625161
1.89300000	2.59171637
1.89400000	2.58880085
1.89500000	2.58588534
1.89600000	2.58264588
1.89700000	2.58135010
1.89800000	2.58232194
1.89900000	2.58232194
1.90000000	2.58037826
1.90100000	2.57811064
1.90200000	2.58264588
1.90300000	2.58102615
1.90400000	2.58135010
1.90500000	2.58037826
1.90600000	2.57584302
1.90700000	2.56839226
1.90800000	2.56936410
1.90900000	2.57454723
1.91000000	2.57001199
1.91100000	2.56418097
1.91200000	2.55673021
1.91300000	2.54960340
1.91400000	2.54442027
1.91500000	2.54215265
1.91600000	2.53761741
1.91700000	2.53308217
1.91800000	2.52725114
1.91900000	2.52530747
1.92000000	2.52239195
1.92100000	2.51753277
1.92200000	2.51170174
1.92300000	2.50522282
1.92400000	2.49550445
1.92500000	2.48870159
1.92600000	2.48740580
1.92700000	2.48870159
1.92800000	2.49194104
1.92900000	2.48902553
1.93000000	2.47930716
1.93100000	2.47120851
1.93200000	2.46375776
1.93300000	2.46181408
1.93400000	2.45857462
1.93500000	2.45468727
1.93600000	2.45112387
1.93700000	2.44723652
1.93800000	2.44561679
1.93900000	2.44075760
1.94000000	2.44270128
1.94100000	2.44367312
1.94200000	2.43913787
1.94300000	2.43622236
1.94400000	2.42974345
1.94500000	2.42099691
1.94600000	2.41710956
1.94700000	2.41581378
1.94800000	2.41646167
1.94900000	2.41937718
1.95000000	2.42034902
1.95100000	2.41840534
1.95200000	2.41872929
1.95300000	2.42002507
1.95400000	2.42002507
1.95500000	2.42196875
1.95600000	2.42196875
1.95700000	2.41808140
1.95800000	2.41613772
1.95900000	2.41516588
1.96000000	2.41257432
1.96100000	2.41030670
1.96200000	2.41192643
1.96300000	2.41484194
1.96400000	2.41905323
1.96500000	2.42423637
1.96600000	2.42844766
1.96700000	2.43363079
1.96800000	2.43719420
1.96900000	2.43687025
1.97000000	2.43719420
1.97100000	2.43946182
1.97200000	2.43751814
1.97300000	2.43848998
1.97400000	2.43816604
1.97500000	2.44367312
1.97600000	2.45403938
1.97700000	2.46246197
1.97800000	2.46894089
1.97900000	2.46894089
1.98000000	2.46894089
1.98100000	2.47088456
1.98200000	2.47444797
1.98300000	2.47833532
1.98400000	2.48384240
1.98500000	2.49129315
1.98600000	2.49485656
1.98700000	2.49453261
1.98800000	2.49258894
1.98900000	2.49874391
1.99000000	2.50749044
1.99100000	2.51364541
1.99200000	2.51558909
1.99300000	2.51526514
1.99400000	2.51915249
1.99500000	2.52303984
1.99600000	2.52757509
1.99700000	2.53016665
1.99800000	2.53308217
1.99900000	2.53178638
2.00000000	2.53308217
2.00100000	2.54085687
2.00200000	2.54733578
2.00300000	2.55381470
2.00400000	2.55640627
2.00500000	2.55511048
2.00600000	2.55316681
2.00700000	2.55478654
2.00800000	2.56029362
2.00900000	2.56482886
2.01000000	2.56968805
2.01100000	2.57292751
2.01200000	2.57519513
2.01300000	2.57713880
2.01400000	2.57584302
2.01500000	2.57325145
2.01600000	2.57454723
2.01700000	2.57908248
2.01800000	2.58361772
2.01900000	2.58620929
2.02000000	2.58556139
2.02100000	2.58653323
2.02200000	2.58232194
2.02300000	2.57908248
2.02400000	2.57746275
2.02500000	2.57357540
2.02600000	2.57001199
2.02700000	2.57325145
2.02800000	2.57584302
2.02900000	2.57843458
2.03000000	2.57195567
2.03100000	2.56061756
2.03200000	2.55316681
2.03300000	2.55251892
2.03400000	2.55511048
2.03500000	2.55608232
2.03600000	2.55154708
2.03700000	2.54765973
2.03800000	2.54474422
2.03900000	2.54539211
2.04000000	2.54474422
2.04100000	2.54118081
2.04200000	2.53826530
2.04300000	2.53761741
2.04400000	2.53632162
2.04500000	2.53340611
2.04600000	2.52692719
2.04700000	2.51526514
2.04800000	2.51105385
2.04900000	2.50554677
2.05000000	2.49971574
2.05100000	2.49582839
2.05200000	2.49615234
2.05300000	2.49744812
2.05400000	2.49550445
2.05500000	2.48772975
2.05600000	2.48060294
2.05700000	2.47639164
2.05800000	2.47056062
2.05900000	2.47088456
2.06000000	2.47380008
2.06100000	2.46958878
2.06200000	2.46149014
2.06300000	2.45630700
2.06400000	2.45565911
2.06500000	2.45144782
2.06600000	2.45079992
2.06700000	2.44982809
2.06800000	2.44885625
2.06900000	2.44756047
2.07000000	2.44561679
2.07100000	2.44302522
2.07200000	2.44010971
2.07300000	2.43654631
2.07400000	2.43978577
2.07500000	2.44982809
2.07600000	2.44853230
2.07700000	2.44237733
2.07800000	2.43978577
2.07900000	2.43719420
2.08000000	2.43687025
2.08100000	2.44010971
2.08200000	2.44140549
2.08300000	2.44043366
2.08400000	2.44140549
2.08500000	2.43978577
2.08600000	2.43881393
2.08700000	2.43881393
2.08800000	2.44302522
2.08900000	2.44982809
2.09000000	2.45177176
2.09100000	2.45209571
2.09200000	2.45274360
2.09300000	2.45695489
2.09400000	2.46084224
2.09500000	2.46472959
2.09600000	2.46278592
2.09700000	2.46667327
2.09800000	2.46699721
2.09900000	2.46375776
2.10000000	2.46375776
2.10100000	2.46699721
2.10200000	2.47606770
2.10300000	2.48319451
2.10400000	2.48643396
2.10500000	2.48934948
2.10600000	2.49258894
2.10700000	2.49453261
2.10800000	2.49323683
2.10900000	2.49096921
2.11000000	2.49906785
2.11100000	2.50716650
2.11200000	2.50975806
2.11300000	2.50781439
2.11400000	2.50781439
2.11500000	2.51299752
2.11600000	2.51494120
2.11700000	2.51364541
2.11800000	2.51591304
2.11900000	2.52336379
2.12000000	2.52692719
2.12100000	2.53178638
2.12200000	2.53794135
2.12300000	2.53567373
2.12400000	2.53275822
2.12500000	2.53113849
2.12600000	2.53211033
2.12700000	2.53729346
2.12800000	2.54150476
2.12900000	2.54442027
2.13000000	2.54474422
2.13100000	2.54215265
2.13200000	2.53988503
2.13300000	2.54280054
2.13400000	2.54604000
2.13500000	2.54604000
2.13600000	2.54474422
2.13700000	2.54442027
2.13800000	2.54377238
2.13900000	2.54150476
2.14000000	2.54442027
2.14100000	2.54571605
2.14200000	2.54960340
2.14300000	2.55251892
2.14400000	2.54798367
2.14500000	2.54377238
2.14600000	2.54182870
2.14700000	2.54150476
2.14800000	2.54215265
2.14900000	2.54020897
2.15000000	2.54344843
2.15100000	2.54182870
2.15200000	2.53923714
2.15300000	2.53599768
2.15400000	2.53794135
2.15500000	2.53502584
2.15600000	2.52951876
2.15700000	2.52854692
2.15800000	2.52368774
2.15900000	2.51785671
2.16000000	2.51753277
2.16100000	2.52077222
2.16200000	2.52336379
2.16300000	2.52401168
2.16400000	2.52044828
2.16500000	2.51234963
2.16600000	2.50781439
2.16700000	2.50587071
2.16800000	2.50068758
2.16900000	2.49680023
2.17000000	2.49841996
2.17100000	2.50003969
2.17200000	2.49841996
2.17300000	2.49064526
2.17400000	2.48578607
2.17500000	2.48805369
2.17600000	2.49194104
2.17700000	2.49388472
2.17800000	2.49420866
2.17900000	2.48870159
2.18000000	2.48189872
2.18100000	2.47995505
2.18200000	2.47995505
2.18300000	2.47412402
2.18400000	2.47056062
2.18500000	2.47088456
2.18600000	2.47509586
2.18700000	2.47574375
2.18800000	2.47250429
2.18900000	2.47023667
2.19000000	2.47509586
2.19100000	2.47185640
2.19200000	2.46861694
2.19300000	2.46926484
2.19400000	2.47185640
2.19500000	2.47088456
2.19600000	2.47120851
2.19700000	2.47250429
2.19800000	2.47736348
2.19900000	2.47898321
2.20000000	2.47347613
2.20100000	2.46764511
2.20200000	2.46958878
2.20300000	2.47444797
2.20400000	2.47703954
2.20500000	2.47930716
2.20600000	2.47477191
2.20700000	2.47218035
2.20800000	2.47088456
2.20900000	2.46861694
2.21000000	2.47282824
2.21100000	2.48125083
2.21200000	2.48805369
2.21300000	2.48934948
2.21400000	2.49226499
2.21500000	2.49323683
2.21600000	2.49161710
2.21700000	2.49420866
2.21800000	2.49582839
2.21900000	2.49161710
2.22000000	2.49323683
2.22100000	2.49129315
2.22200000	2.49226499
2.22300000	2.49420866
2.22400000	2.49420866
2.22500000	2.49971574
2.22600000	2.50198336
2.22700000	2.50263126
2.22800000	2.50554677
2.22900000	2.50878623
2.23000000	2.51267358
2.23100000	2.51364541
2.23200000	2.50943412
2.23300000	2.50684255
2.23400000	2.50587071
2.23500000	2.50198336
2.23600000	2.49777207
2.23700000	2.49744812
2.23800000	2.49906785
2.23900000	2.50392704
2.24000000	2.51267358
2.24100000	2.51688487
2.24200000	2.52012433
2.24300000	2.51720882
2.24400000	2.51170174
2.24500000	2.51105385
2.24600000	2.51332147
2.24700000	2.51202569
2.24800000	2.50878623
2.24900000	2.50781439
2.25000000	2.50911017
2.25100000	2.50781439
2.25200000	2.50522282
2.25300000	2.50101153
2.25400000	2.50263126
2.25500000	2.50392704
2.25600000	2.50554677
2.25700000	2.51008201
2.25800000	2.50846228
2.25900000	2.50327915
2.26000000	2.49939180
2.26100000	2.50198336
2.26200000	2.50749044
2.26300000	2.50749044
2.26400000	2.50425099
2.26500000	2.50587071
2.26600000	2.51008201
2.26700000	2.51299752
2.26800000	2.51202569
2.26900000	2.50943412
2.27000000	2.51040596
2.27100000	2.51494120
2.27200000	2.51137779
2.27300000	2.50425099
2.27400000	2.49615234
2.27500000	2.49226499
2.27600000	2.49518050
2.27700000	2.49777207
2.27800000	2.50198336
2.27900000	2.50392704
2.28000000	2.50587071
2.28100000	2.50684255
2.28200000	2.51137779
2.28300000	2.51170174
2.28400000	2.51137779
2.28500000	2.51299752
2.28600000	2.51429331
2.28700000	2.51105385
2.28800000	2.50619466
2.28900000	2.50101153
2.29000000	2.50101153
2.29100000	2.50230731
2.29200000	2.49971574
2.29300000	2.49680023
2.29400000	2.49647629
2.29500000	2.49809601
2.29600000	2.50101153
2.29700000	2.50068758
2.29800000	2.50068758
2.29900000	2.50003969
2.30000000	2.50392704
2.30100000	2.50975806
2.30200000	2.50943412
2.30300000	2.50749044
2.30400000	2.49971574
2.30500000	2.49874391
2.30600000	2.50198336
2.30700000	2.50878623
2.30800000	2.51429331
2.30900000	2.51688487
2.31000000	2.51461725
2.31100000	2.51202569
2.31200000	2.50878623
2.31300000	2.50846228
2.31400000	2.50781439
2.31500000	2.50781439
2.31600000	2.50457493
2.31700000	2.50457493
2.31800000	2.50846228
2.31900000	2.51429331
2.32000000	2.51461725
2.32100000	2.51267358
2.32200000	2.51396936
2.32300000	2.51623698
2.32400000	2.51591304
2.32500000	2.51137779
2.32600000	2.50619466
2.32700000	2.50101153
2.32800000	2.49582839
2.32900000	2.49453261
2.33000000	2.49485656
2.33100000	2.49647629
2.33200000	2.49777207
2.33300000	2.50003969
2.33400000	2.50295520
2.33500000	2.50360309
2.33600000	2.50392704
2.33700000	2.50749044
2.33800000	2.50813834
2.33900000	2.50457493
2.34000000	2.50198336
2.34100000	2.49906785
2.34200000	2.49680023
2.34300000	2.50036364
2.34400000	2.50133547
2.34500000	2.50554677
2.34600000	2.50781439
2.34700000	2.50846228
2.34800000	2.50489888
2.34900000	2.50392704
2.35000000	2.50101153
2.35100000	2.50003969
2.35200000	2.49582839
2.35300000	2.48416634
2.35400000	2.48319451
2.35500000	2.49096921
2.35600000	2.49420866
2.35700000	2.48902553
2.35800000	2.48546213
2.35900000	2.48643396
2.36000000	2.48675791
2.36100000	2.49096921
2.36200000	2.49194104
2.36300000	2.50003969
2.36400000	2.50003969
2.36500000	2.49291288
2.36600000	2.48513818
2.36700000	2.48189872
2.36800000	2.48384240
2.36900000	2.48740580
2.37000000	2.49258894
2.37100000	2.49291288
2.37200000	2.49744812
2.37300000	2.49971574
2.37400000	2.50133547
2.37500000	2.49323683
2.37600000	2.49096921
2.37700000	2.48351845
2.37800000	2.47671559
2.37900000	2.47412402
2.38000000	2.47768743
2.38100000	2.48189872
2.38200000	2.48351845
2.38300000	2.47768743
2.38400000	2.47250429
2.38500000	2.47703954
2.38600000	2.48449029
2.38700000	2.48999737
2.38800000	2.49615234
2.38900000	2.50101153
2.39000000	2.50295520
2.39100000	2.50133547
2.39200000	2.49874391
2.39300000	2.49971574
2.39400000	2.50263126
2.39500000	2.50489888
2.39600000	2.50684255
2.39700000	2.50943412
2.39800000	2.50619466
2.39900000	2.50230731
2.40000000	2.50522282
2.40100000	2.51072990
2.40200000	2.51332147
2.40300000	2.51008201
2.40400000	2.50651861
2.40500000	2.50554677
2.40600000	2.50554677
2.40700000	2.50684255
2.40800000	2.51202569
2.40900000	2.51720882
2.41000000	2.52206801
2.41100000	2.52012433
2.41200000	2.51526514
2.41300000	2.51040596
2.41400000	2.50911017
2.41500000	2.51170174
2.41600000	2.52077222
2.41700000	2.52984271
2.41800000	2.53211033
2.41900000	2.52951876
2.42000000	2.52757509
2.42100000	2.52530747
2.42200000	2.53081454
2.42300000	2.52660325
2.42400000	2.52595536
2.42500000	2.52239195
2.42600000	2.52465957
2.42700000	2.52627930
2.42800000	2.52174406
2.42900000	2.52206801
2.43000000	2.52174406
2.43100000	2.52627930
2.43200000	2.52919482
2.43300000	2.52368774
2.43400000	2.52174406
2.43500000	2.51947644
2.43600000	2.51720882
2.43700000	2.51915249
2.43800000	2.52433563
2.43900000	2.52725114
2.44000000	2.52401168
2.44100000	2.52044828
2.44200000	2.51915249
2.44300000	2.51656093
2.44400000	2.51364541
2.44500000	2.51170174
2.44600000	2.50878623
2.44700000	2.51170174
2.44800000	2.51429331
2.44900000	2.51494120
2.45000000	2.50943412
2.45100000	2.50749044
2.45200000	2.50554677
2.45300000	2.50489888
2.45400000	2.50522282
2.45500000	2.50457493
2.45600000	2.50036364
2.45700000	2.49226499
2.45800000	2.48578607
2.45900000	2.48740580
2.46000000	2.49129315
2.46100000	2.49388472
2.46200000	2.49388472
2.46300000	2.48449029
2.46400000	2.48060294
2.46500000	2.48416634
2.46600000	2.48967342
2.46700000	2.49518050
2.46800000	2.48999737
2.46900000	2.48837764
2.47000000	2.48708186
2.47100000	2.48513818
2.47200000	2.47574375
2.47300000	2.47056062
2.47400000	2.46699721
2.47500000	2.46926484
2.47600000	2.47120851
2.47700000	2.46829300
2.47800000	2.46699721
2.47900000	2.47153246
2.48000000	2.47347613
2.48100000	2.46861694
2.48200000	2.46472959
2.48300000	2.46764511
2.48400000	2.47088456
2.48500000	2.47315219
2.48600000	2.47088456
2.48700000	2.46796905
2.48800000	2.46926484
2.48900000	2.47218035
2.49000000	2.47282824
2.49100000	2.47120851
2.49200000	2.47088456
2.49300000	2.47023667
2.49400000	2.47477191
2.49500000	2.47541981
2.49600000	2.48189872
2.49700000	2.48513818
2.49800000	2.48805369
2.49900000	2.48643396
2.50000000	2.48287056
2.50100000	2.47995505
2.50200000	2.48092689
2.50300000	2.48157478
2.50400000	2.48254661
2.50500000	2.48611002
2.50600000	2.49291288
2.50700000	2.49939180
2.50800000	2.50392704
2.50900000	2.50846228
2.51000000	2.50943412
2.51100000	2.50295520
2.51200000	2.49744812
2.51300000	2.49485656
2.51400000	2.49906785
2.51500000	2.50101153
2.51600000	2.50943412
2.51700000	2.51396936
2.51800000	2.51656093
2.51900000	2.52174406
2.52000000	2.52401168
2.52100000	2.52595536
2.52200000	2.52822298
2.52300000	2.52725114
2.52400000	2.52725114
2.52500000	2.52757509
2.52600000	2.52595536
2.52700000	2.52498352
2.52800000	2.52951876
2.52900000	2.53502584
2.53000000	2.53373006
2.53100000	2.53081454
2.53200000	2.53049060
2.53300000	2.53081454
2.53400000	2.53081454
2.53500000	2.52627930
2.53600000	2.52239195
2.53700000	2.52174406
2.53800000	2.52530747
2.53900000	2.53016665
2.54000000	2.53049060
2.54100000	2.53599768
2.54200000	2.54442027
2.54300000	2.54701184
2.54400000	2.54344843
2.54500000	2.53373006
2.54600000	2.52984271
2.54700000	2.52951876
2.54800000	2.52660325
2.54900000	2.52336379
2.55000000	2.52465957
2.55100000	2.52692719
2.55200000	2.52627930
2.55300000	2.53113849
2.55400000	2.53113849
2.55500000	2.52563141
2.55600000	2.51591304
2.55700000	2.50878623
2.55800000	2.49939180
2.55900000	2.49744812
2.56000000	2.50489888
2.56100000	2.51526514
2.56200000	2.51623698
2.56300000	2.50975806
2.56400000	2.50392704
2.56500000	2.50230731
2.56600000	2.50101153
2.56700000	2.49939180
2.56800000	2.49971574
2.56900000	2.50101153
2.57000000	2.49971574
2.57100000	2.49388472
2.57200000	2.48643396
2.57300000	2.48157478
2.57400000	2.48027899
2.57500000	2.48287056
2.57600000	2.48157478
2.57700000	2.48416634
2.57800000	2.48934948
2.57900000	2.48837764
2.58000000	2.48384240
2.58100000	2.47833532
2.58200000	2.47574375
2.58300000	2.47380008
2.58400000	2.47736348
2.58500000	2.48254661
2.58600000	2.48189872
2.58700000	2.47574375
2.58800000	2.47153246
2.58900000	2.46699721
2.59000000	2.46440565
2.59100000	2.46505354
2.59200000	2.46537749
2.59300000	2.46861694
2.59400000	2.47153246
2.59500000	2.47315219
2.59600000	2.47444797
2.59700000	2.47671559
2.59800000	2.47736348
2.59900000	2.47930716
2.60000000	2.47801137
2.60100000	2.47671559
2.60200000	2.47833532
2.60300000	2.47898321
2.60400000	2.48384240
2.60500000	2.48643396
2.60600000	2.48675791
2.60700000	2.48481424
2.60800000	2.48060294
2.60900000	2.48254661
2.61000000	2.48578607
2.61100000	2.49356077
2.61200000	2.49550445
2.61300000	2.50036364
2.61400000	2.49939180
2.61500000	2.49841996
2.61600000	2.49291288
2.61700000	2.48837764
2.61800000	2.49161710
2.61900000	2.49647629
2.62000000	2.49841996
2.62100000	2.50327915
2.62200000	2.50392704
2.62300000	2.49647629
2.62400000	2.49194104
2.62500000	2.48805369
2.62600000	2.49323683
2.62700000	2.49971574
2.62800000	2.50684255
2.62900000	2.51591304
2.63000000	2.51267358
2.63100000	2.51364541
2.63200000	2.51656093
2.63300000	2.51818066
2.63400000	2.51947644
2.63500000	2.52044828
2.63600000	2.52303984
2.63700000	2.52789903
2.63800000	2.53016665
2.63900000	2.52627930
2.64000000	2.52206801
2.64100000	2.51753277
2.64200000	2.50975806
2.64300000	2.50911017
2.64400000	2.51072990
2.64500000	2.52044828
2.64600000	2.52854692
2.64700000	2.53049060
2.64800000	2.52595536
2.64900000	2.52239195
2.65000000	2.52077222
2.65100000	2.52109617
2.65200000	2.52239195
2.65300000	2.52660325
2.65400000	2.52433563
2.65500000	2.52206801
2.65600000	2.52401168
2.65700000	2.52660325
2.65800000	2.52725114
2.65900000	2.52822298
2.66000000	2.52465957
2.66100000	2.51850460
2.66200000	2.51818066
2.66300000	2.51980039
2.66400000	2.51818066
2.66500000	2.51461725
2.66600000	2.50975806
2.66700000	2.51137779
2.66800000	2.51494120
2.66900000	2.51105385
2.67000000	2.50425099
2.67100000	2.49809601
2.67200000	2.49809601
2.67300000	2.50003969
2.67400000	2.50327915
2.67500000	2.50813834
2.67600000	2.51040596
2.67700000	2.50911017
2.67800000	2.50716650
2.67900000	2.50036364
2.68000000	2.49550445
2.68100000	2.49485656
2.68200000	2.49680023
2.68300000	2.49777207
2.68400000	2.49420866
2.68500000	2.49129315
2.68600000	2.48772975
2.68700000	2.48708186
2.68800000	2.48902553
2.68900000	2.49291288
2.69000000	2.49388472
2.69100000	2.49453261
2.69200000	2.48902553
2.69300000	2.47639164
2.69400000	2.47703954
2.69500000	2.48027899
2.69600000	2.48513818
2.69700000	2.49226499
2.69800000	2.49518050
2.69900000	2.49356077
2.70000000	2.49032131
2.70100000	2.48805369
2.70200000	2.48611002
2.70300000	2.48416634
2.70400000	2.48222267
2.70500000	2.47963110
2.70600000	2.47995505
2.70700000	2.48254661
2.70800000	2.48319451
2.70900000	2.48092689
2.71000000	2.48319451
2.71100000	2.48611002
2.71200000	2.48934948
2.71300000	2.49129315
2.71400000	2.49323683
2.71500000	2.49809601
2.71600000	2.49906785
2.71700000	2.49129315
2.71800000	2.49096921
2.71900000	2.49582839
2.72000000	2.49777207
2.72100000	2.50165942
2.72200000	2.50619466
2.72300000	2.50781439
2.72400000	2.50716650
2.72500000	2.50457493
2.72600000	2.51105385
2.72700000	2.51202569
2.72800000	2.51364541
2.72900000	2.51623698
2.73000000	2.51170174
2.73100000	2.50554677
2.73200000	2.50360309
2.73300000	2.50651861
2.73400000	2.50846228
2.73500000	2.51299752
2.73600000	2.51656093
2.73700000	2.51461725
2.73800000	2.50943412
2.73900000	2.50975806
2.74000000	2.51170174
2.74100000	2.51396936
2.74200000	2.51915249
2.74300000	2.51785671
2.74400000	2.51720882
2.74500000	2.51720882
2.74600000	2.51656093
2.74700000	2.51526514
2.74800000	2.51915249
2.74900000	2.52239195
2.75000000	2.52595536
2.75100000	2.52401168
2.75200000	2.51882855
2.75300000	2.51461725
2.75400000	2.51332147
2.75500000	2.51072990
2.75600000	2.50911017
2.75700000	2.50554677
2.75800000	2.49906785
2.75900000	2.49323683
2.76000000	2.49777207
2.76100000	2.50392704
2.76200000	2.50489888
2.76300000	2.50587071
2.76400000	2.50781439
2.76500000	2.51202569
2.76600000	2.51396936
2.76700000	2.51008201
2.76800000	2.50651861
2.76900000	2.50813834
2.77000000	2.50522282
2.77100000	2.50198336
2.77200000	2.49777207
2.77300000	2.49841996
2.77400000	2.50263126
2.77500000	2.50749044
2.77600000	2.50457493
2.77700000	2.49939180
2.77800000	2.50101153
2.77900000	2.50327915
2.78000000	2.50198336
2.78100000	2.49777207
2.78200000	2.49777207
2.78300000	2.49485656
2.78400000	2.48546213
2.78500000	2.48287056
2.78600000	2.48772975
2.78700000	2.48934948
2.78800000	2.48675791
2.78900000	2.48740580
2.79000000	2.48902553
2.79100000	2.49096921
2.79200000	2.48708186
2.79300000	2.48287056
2.79400000	2.47963110
2.79500000	2.48092689
2.79600000	2.48837764
2.79700000	2.49420866
2.79800000	2.49291288
2.79900000	2.48967342
2.80000000	2.48287056
2.80100000	2.47995505
2.80200000	2.47995505
2.80300000	2.48546213
2.80400000	2.49388472
2.80500000	2.49647629
2.80600000	2.49582839
2.80700000	2.49518050
2.80800000	2.49258894
2.80900000	2.49226499
2.81000000	2.49064526
2.81100000	2.48740580
2.81200000	2.48546213
2.81300000	2.48708186
2.81400000	2.49064526
2.81500000	2.49226499
2.81600000	2.49258894
2.81700000	2.48967342
2.81800000	2.49194104
2.81900000	2.49809601
2.82000000	2.49582839
2.82100000	2.49129315
2.82200000	2.49129315
2.82300000	2.49323683
2.82400000	2.50003969
2.82500000	2.50327915
2.82600000	2.50522282
2.82700000	2.50457493
2.82800000	2.50230731
2.82900000	2.50133547
2.83000000	2.50327915
2.83100000	2.50263126
2.83200000	2.50684255
2.83300000	2.51105385
2.83400000	2.51170174
2.83500000	2.50846228
2.83600000	2.51008201
2.83700000	2.51494120
2.83800000	2.51753277
2.83900000	2.51494120
2.84000000	2.51591304
2.84100000	2.51882855
2.84200000	2.51623698
2.84300000	2.51461725
2.84400000	2.51234963
2.84500000	2.51623698
2.84600000	2.52142012
2.84700000	2.51947644
2.84800000	2.51429331
2.84900000	2.51040596
2.85000000	2.51202569
2.85100000	2.51332147
2.85200000	2.50943412
2.85300000	2.50230731
2.85400000	2.50263126
2.85500000	2.50943412
2.85600000	2.51299752
2.85700000	2.51202569
2.85800000	2.50975806
2.85900000	2.51137779
2.86000000	2.51202569
2.86100000	2.50943412
2.86200000	2.50911017
2.86300000	2.51267358
2.86400000	2.51623698
2.86500000	2.51882855
2.86600000	2.51494120
2.86700000	2.50749044
2.86800000	2.50295520
2.86900000	2.50230731
2.87000000	2.50165942
2.87100000	2.50619466
2.87200000	2.51202569
2.87300000	2.51234963
2.87400000	2.50911017
2.87500000	2.50587071
2.87600000	2.50425099
2.87700000	2.50003969
2.87800000	2.49420866
2.87900000	2.49356077
2.88000000	2.49777207
2.88100000	2.49582839
2.88200000	2.48934948
2.88300000	2.48611002
2.88400000	2.48805369
2.88500000	2.49064526
2.88600000	2.48999737
2.88700000	2.48546213
2.88800000	2.48384240
2.88900000	2.49096921
2.89000000	2.49809601
2.89100000	2.50068758
2.89200000	2.50165942
2.89300000	2.49582839
2.89400000	2.49841996
2.89500000	2.50101153
2.89600000	2.49356077
2.89700000	2.48675791
2.89800000	2.48546213
2.89900000	2.48611002
2.90000000	2.48772975
2.90100000	2.49161710
2.90200000	2.49194104
2.90300000	2.49388472
2.90400000	2.49744812
2.90500000	2.49550445
2.90600000	2.49096921
2.90700000	2.48481424
2.90800000	2.48837764
2.90900000	2.49194104
2.91000000	2.49712418
2.91100000	2.49680023
2.91200000	2.49129315
2.91300000	2.49096921
2.91400000	2.48870159
2.91500000	2.48611002
2.91600000	2.48772975
2.91700000	2.49485656
2.91800000	2.50036364
2.91900000	2.50327915
2.92000000	2.50133547
2.92100000	2.49518050
2.92200000	2.49550445
2.92300000	2.49518050
2.92400000	2.49323683
2.92500000	2.49096921
2.92600000	2.49420866
2.92700000	2.49550445
2.92800000	2.50198336
2.92900000	2.50813834
2.93000000	2.51299752
2.93100000	2.51364541
2.93200000	2.51267358
2.93300000	2.51267358
2.93400000	2.51105385
2.93500000	2.50911017
2.93600000	2.51137779
2.93700000	2.51461725
2.93800000	2.52109617
2.93900000	2.52142012
2.94000000	2.51720882
2.94100000	2.50781439
2.94200000	2.50425099
2.94300000	2.50522282
2.94400000	2.50716650
2.94500000	2.51137779
2.94600000	2.51267358
2.94700000	2.51623698
2.94800000	2.51623698
2.94900000	2.51623698
2.95000000	2.51850460
2.95100000	2.52303984
2.95200000	2.52303984
2.95300000	2.51591304
2.95400000	2.50587071
2.95500000	2.50230731
2.95600000	2.50651861
2.95700000	2.51396936
2.95800000	2.52109617
2.95900000	2.52595536
2.96000000	2.52627930
2.96100000	2.52206801
2.96200000	2.51785671
2.96300000	2.51008201
2.96400000	2.50198336
2.96500000	2.49615234
2.96600000	2.49744812
2.96700000	2.50133547
2.96800000	2.50522282
2.96900000	2.50651861
2.97000000	2.50425099
2.97100000	2.50230731
2.97200000	2.50198336
2.97300000	2.50619466
2.97400000	2.50911017
2.97500000	2.51170174
2.97600000	2.51008201
2.97700000	2.51040596
2.97800000	2.50975806
2.97900000	2.50651861
2.98000000	2.50295520
2.98100000	2.49939180
2.98200000	2.48902553
2.98300000	2.48351845
2.98400000	2.48351845
2.98500000	2.48740580
2.98600000	2.48934948
2.98700000	2.48999737
2.98800000	2.48546213
2.98900000	2.48254661
2.99000000	2.48611002
2.99100000	2.49356077
2.99200000	2.49194104
2.99300000	2.48805369
2.99400000	2.48027899
2.99500000	2.47250429
2.99600000	2.47250429
2.99700000	2.47509586
2.99800000	2.47639164
2.99900000	2.47671559
3.00000000	2.47930716
3.00100000	2.48060294
3.00200000	2.48319451
3.00300000	2.48805369
3.00400000	2.48611002
3.00500000	2.48254661
3.00600000	2.47898321
3.00700000	2.47736348
3.00800000	2.48351845
3.00900000	2.49064526
3.01000000	2.49420866
3.01100000	2.49582839
3.01200000	2.49485656
3.01300000	2.49064526
3.01400000	2.48740580
3.01500000	2.49096921
3.01600000	2.49356077
3.01700000	2.49744812
3.01800000	2.50230731
3.01900000	2.50716650
3.02000000	2.50943412
3.02100000	2.50360309
3.02200000	2.49129315
3.02300000	2.48675791
3.02400000	2.49096921
3.02500000	2.49777207
3.02600000	2.50165942
3.02700000	2.50101153
3.02800000	2.49874391
3.02900000	2.49194104
3.03000000	2.49550445
3.03100000	2.50263126
3.03200000	2.50619466
3.03300000	2.50878623
3.03400000	2.51202569
3.03500000	2.51591304
3.03600000	2.51818066
3.03700000	2.51332147
3.03800000	2.50943412
3.03900000	2.51072990
3.04000000	2.51429331
3.04100000	2.51818066
3.04200000	2.52271590
3.04300000	2.52401168
3.04400000	2.52174406
3.04500000	2.51656093
3.04600000	2.51396936
3.04700000	2.51137779
3.04800000	2.51299752
3.04900000	2.51591304
3.05000000	2.52077222
3.05100000	2.52433563
3.05200000	2.52465957
3.05300000	2.51623698
3.05400000	2.51364541
3.05500000	2.51882855
3.05600000	2.52627930
3.05700000	2.52563141
3.05800000	2.52239195
3.05900000	2.52142012
3.06000000	2.51947644
3.06100000	2.51785671
3.06200000	2.51656093
3.06300000	2.51753277
3.06400000	2.51915249
3.06500000	2.51785671
3.06600000	2.51818066
3.06700000	2.51720882
3.06800000	2.51202569
3.06900000	2.50587071
3.07000000	2.50813834
3.07100000	2.51494120
3.07200000	2.51947644
3.07300000	2.51558909
3.07400000	2.51040596
3.07500000	2.51170174
3.07600000	2.51105385
3.07700000	2.51137779
3.07800000	2.50651861
3.07900000	2.50489888
3.08000000	2.50587071
3.08100000	2.50425099
3.08200000	2.50003969
3.08300000	2.49906785
3.08400000	2.50036364
3.08500000	2.50327915
3.08600000	2.50133547
3.08700000	2.49939180
3.08800000	2.50036364
3.08900000	2.50230731
3.09000000	2.49680023
3.09100000	2.48805369
3.09200000	2.47865926
3.09300000	2.47833532
3.09400000	2.48189872
3.09500000	2.48999737
3.09600000	2.49582839
3.09700000	2.49323683
3.09800000	2.48870159
3.09900000	2.48902553
3.10000000	2.49291288
3.10100000	2.49939180
3.10200000	2.50133547
3.10300000	2.49582839
3.10400000	2.49064526
3.10500000	2.48319451
3.10600000	2.47963110
3.10700000	2.47768743
3.10800000	2.47509586
3.10900000	2.48157478
3.11000000	2.48449029
3.11100000	2.48611002
3.11200000	2.48189872
3.11300000	2.47865926
3.11400000	2.47833532
3.11500000	2.48189872
3.11600000	2.48643396
3.11700000	2.48870159
3.11800000	2.48772975
3.11900000	2.48481424
3.12000000	2.48934948
3.12100000	2.49194104
3.12200000	2.49615234
3.12300000	2.49194104
3.12400000	2.48740580
3.12500000	2.48578607
3.12600000	2.49420866
3.12700000	2.49809601
3.12800000	2.49744812
3.12900000	2.49971574
3.13000000	2.49680023
3.13100000	2.49258894
3.13200000	2.49258894
3.13300000	2.49388472
3.13400000	2.49518050
3.13500000	2.49485656
3.13600000	2.49518050
3.13700000	2.49809601
3.13800000	2.50327915
3.13900000	2.50587071
3.14000000	2.50813834
3.14100000	2.50878623
3.14200000	2.51234963
3.14300000	2.51623698
3.14400000	2.51623698
3.14500000	2.51558909
3.14600000	2.51526514
3.14700000	2.51105385
3.14800000	2.50975806
3.14900000	2.51040596
3.15000000	2.51299752
3.15100000	2.51591304
3.15200000	2.52206801
3.15300000	2.52142012
3.15400000	2.51850460
3.15500000	2.51267358
3.15600000	2.51202569
3.15700000	2.51688487
3.15800000	2.52174406
3.15900000	2.52239195
3.16000000	2.51720882
3.16100000	2.51850460
3.16200000	2.51947644
3.16300000	2.51170174
3.16400000	2.50587071
3.16500000	2.50425099
3.16600000	2.50392704
3.16700000	2.50587071
3.16800000	2.50392704
3.16900000	2.50425099
3.17000000	2.50749044
3.17100000	2.50943412
3.17200000	2.51267358
3.17300000	2.51753277
3.17400000	2.51980039
3.17500000	2.51429331
3.17600000	2.50911017
3.17700000	2.50554677
3.17800000	2.50133547
3.17900000	2.50327915
3.18000000	2.50846228
3.18100000	2.51072990
3.18200000	2.51234963
3.18300000	2.51396936
3.18400000	2.51461725
3.18500000	2.50943412
3.18600000	2.50392704
3.18700000	2.50263126
3.18800000	2.50327915
3.18900000	2.50716650
3.19000000	2.50263126
3.19100000	2.49356077
3.19200000	2.49129315
3.19300000	2.48934948
3.19400000	2.48740580
3.19500000	2.49096921
3.19600000	2.49485656
3.19700000	2.49680023
3.19800000	2.49291288
3.19900000	2.48902553
3.20000000	2.48611002
3.20100000	2.48999737
3.20200000	2.49291288
3.20300000	2.49485656
3.20400000	2.48999737
3.20500000	2.48416634
3.20600000	2.47963110
3.20700000	2.48060294
3.20800000	2.48675791
3.20900000	2.49291288
3.21000000	2.49841996
3.21100000	2.49841996
3.21200000	2.49161710
3.21300000	2.48740580
3.21400000	2.48902553
3.21500000	2.49032131
3.21600000	2.48967342
3.21700000	2.49291288
3.21800000	2.49161710
3.21900000	2.48481424
3.22000000	2.48740580
3.22100000	2.49194104
3.22200000	2.50003969
3.22300000	2.50619466
3.22400000	2.50457493
3.22500000	2.49939180
3.22600000	2.49809601
3.22700000	2.49841996
3.22800000	2.50295520
3.22900000	2.50522282
3.23000000	2.49841996
3.23100000	2.48934948
3.23200000	2.49032131
3.23300000	2.49615234
3.23400000	2.50036364
3.23500000	2.50522282
3.23600000	2.50975806
3.23700000	2.51008201
3.23800000	2.50425099
3.23900000	2.50327915
3.24000000	2.50392704
3.24100000	2.50716650
3.24200000	2.50911017
3.24300000	2.50651861
3.24400000	2.50295520
3.24500000	2.49939180
3.24600000	2.49874391
3.24700000	2.50263126
3.24800000	2.50749044
3.24900000	2.51234963
3.25000000	2.51720882
3.25100000	2.51947644
3.25200000	2.52206801
3.25300000	2.52012433
3.25400000	2.51623698
3.25500000	2.51170174
3.25600000	2.50943412
3.25700000	2.50975806
3.25800000	2.50749044
3.25900000	2.50360309
3.26000000	2.50360309
3.26100000	2.50684255
3.26200000	2.51656093
3.26300000	2.52433563
3.26400000	2.52303984
3.26500000	2.51494120
3.26600000	2.50651861
3.26700000	2.50133547
3.26800000	2.50295520
3.26900000	2.50716650
3.27000000	2.51137779
3.27100000	2.51656093
3.27200000	2.52271590
3.27300000	2.52174406
3.27400000	2.52077222
3.27500000	2.51105385
3.27600000	2.49680023
3.27700000	2.49356077
3.27800000	2.49971574
3.27900000	2.50587071
3.28000000	2.50781439
3.28100000	2.50327915
3.28200000	2.50295520
3.28300000	2.50587071
3.28400000	2.50554677
3.28500000	2.50554677
3.28600000	2.50716650
3.28700000	2.50684255
3.28800000	2.50457493
3.28900000	2.50457493
3.29000000	2.50230731
3.29100000	2.49939180
3.29200000	2.49647629
3.29300000	2.49453261
3.29400000	2.48999737
3.29500000	2.48643396
3.29600000	2.48546213
3.29700000	2.49064526
3.29800000	2.50101153
3.29900000	2.50943412
3.30000000	2.50101153
3.30100000	2.48999737
3.30200000	2.48060294
3.30300000	2.47995505
3.30400000	2.48449029
3.30500000	2.48772975
3.30600000	2.48708186
3.30700000	2.48578607
3.30800000	2.48351845
3.30900000	2.47801137
3.31000000	2.47606770
3.31100000	2.47315219
3.31200000	2.47865926
3.31300000	2.48611002
3.31400000	2.48837764
3.31500000	2.48934948
3.31600000	2.48870159
3.31700000	2.48287056
3.31800000	2.48222267
3.31900000	2.48254661
3.32000000	2.48351845
3.32100000	2.48805369
3.32200000	2.49615234
3.32300000	2.49841996
3.32400000	2.49680023
3.32500000	2.48513818
3.32600000	2.48546213
3.32700000	2.48837764
3.32800000	2.48837764
3.32900000	2.49032131
3.33000000	2.49647629
3.33100000	2.50198336
3.33200000	2.50781439
3.33300000	2.50716650
3.33400000	2.50198336
3.33500000	2.49809601
3.33600000	2.50036364
3.33700000	2.50295520
3.33800000	2.50133547
3.33900000	2.49647629
3.34000000	2.49809601
3.34100000	2.50327915
3.34200000	2.50911017
3.34300000	2.51364541
3.34400000	2.51623698
3.34500000	2.51720882
3.34600000	2.51526514
3.34700000	2.51396936
3.34800000	2.51785671
3.34900000	2.51882855
3.35000000	2.51364541
3.35100000	2.51267358
3.35200000	2.51170174
3.35300000	2.50943412
3.35400000	2.51461725
3.35500000	2.51818066
3.35600000	2.52142012
3.35700000	2.52401168
3.35800000	2.52401168
3.35900000	2.52077222
3.36000000	2.52303984
3.36100000	2.52498352
3.36200000	2.52854692
3.36300000	2.52692719
3.36400000	2.52109617
3.36500000	2.51105385
3.36600000	2.50554677
3.36700000	2.50781439
3.36800000	2.51234963
3.36900000	2.51558909
3.37000000	2.51882855
3.37100000	2.52109617
3.37200000	2.52530747
3.37300000	2.53016665
3.37400000	2.53081454
3.37500000	2.52206801
3.37600000	2.51332147
3.37700000	2.50522282
3.37800000	2.50295520
3.37900000	2.50716650
3.38000000	2.51234963
3.38100000	2.51720882
3.38200000	2.51915249
3.38300000	2.51785671
3.38400000	2.51299752
3.38500000	2.50943412
3.38600000	2.50716650
3.38700000	2.51137779
3.38800000	2.50943412
3.38900000	2.50489888
3.39000000	2.49647629
3.39100000	2.49356077
3.39200000	2.48999737
3.39300000	2.48837764
3.39400000	2.48967342
3.39500000	2.49194104
3.39600000	2.48772975
3.39700000	2.48546213
3.39800000	2.48449029
3.39900000	2.48546213
3.40000000	2.48708186
3.40100000	2.48967342
3.40200000	2.49291288
3.40300000	2.49874391
3.40400000	2.50457493
3.40500000	2.50068758
3.40600000	2.49323683
3.40700000	2.48351845
3.40800000	2.48092689
3.40900000	2.48772975
3.41000000	2.49388472
3.41100000	2.49129315
3.41200000	2.48287056
3.41300000	2.47736348
3.41400000	2.47444797
3.41500000	2.47412402
3.41600000	2.47865926
3.41700000	2.48125083
3.41800000	2.48125083
3.41900000	2.48384240
3.42000000	2.48222267
3.42100000	2.47995505
3.42200000	2.48287056
3.42300000	2.49032131
3.42400000	2.49518050
3.42500000	2.48999737
3.42600000	2.48416634
3.42700000	2.48222267
3.42800000	2.48870159
3.42900000	2.49550445
3.43000000	2.49518050
3.43100000	2.49032131
3.43200000	2.48902553
3.43300000	2.49258894
3.43400000	2.49906785
3.43500000	2.50198336
3.43600000	2.50036364
3.43700000	2.49971574
3.43800000	2.49906785
3.43900000	2.49939180
3.44000000	2.49420866
3.44100000	2.49226499
3.44200000	2.49518050
3.44300000	2.49809601
3.44400000	2.50068758
3.44500000	2.50554677
3.44600000	2.50975806
3.44700000	2.51494120
3.44800000	2.52044828
3.44900000	2.51591304
3.45000000	2.51170174
3.45100000	2.51461725
3.45200000	2.51526514
3.45300000	2.51591304
3.45400000	2.51850460
3.45500000	2.52012433
3.45600000	2.51558909
3.45700000	2.51170174
3.45800000	2.51105385
3.45900000	2.51429331
3.46000000	2.51947644
3.46100000	2.52239195
3.46200000	2.51818066
3.46300000	2.51461725
3.46400000	2.51591304
3.46500000	2.51850460
3.46600000	2.52303984
3.46700000	2.52174406
3.46800000	2.51720882
3.46900000	2.51591304
3.47000000	2.51591304
3.47100000	2.52044828
3.47200000	2.52336379
3.47300000	2.52530747
3.47400000	2.52303984
3.47500000	2.51818066
3.47600000	2.51656093
3.47700000	2.51429331
3.47800000	2.51137779
3.47900000	2.50554677
3.48000000	2.50489888
3.48100000	2.50554677
3.48200000	2.50878623
3.48300000	2.51137779
3.48400000	2.51234963
3.48500000	2.51332147
3.48600000	2.51753277
3.48700000	2.51656093
3.48800000	2.50975806
3.48900000	2.50295520
3.49000000	2.49939180
3.49100000	2.49485656
3.49200000	2.49194104
3.49300000	2.49226499
3.49400000	2.49388472
3.49500000	2.49906785
3.49600000	2.50133547
3.49700000	2.50165942
3.49800000	2.50198336
3.49900000	2.49680023
3.50000000	2.49096921
3.50100000	2.49032131
3.50200000	2.49226499
3.50300000	2.49388472
3.50400000	2.48934948
3.50500000	2.48643396
3.50600000	2.48643396
3.50700000	2.48805369
3.50800000	2.49323683
3.50900000	2.49971574
3.51000000	2.50198336
3.51100000	2.49777207
3.51200000	2.49064526
3.51300000	2.48611002
3.51400000	2.48643396
3.51500000	2.48708186
3.51600000	2.48319451
3.51700000	2.48157478
3.51800000	2.47768743
3.51900000	2.47801137
3.52000000	2.47963110
3.52100000	2.48319451
3.52200000	2.48578607
3.52300000	2.48611002
3.52400000	2.48513818
3.52500000	2.48611002
3.52600000	2.49258894
3.52700000	2.49258894
3.52800000	2.49323683
3.52900000	2.49323683
3.53000000	2.49064526
3.53100000	2.48513818
3.53200000	2.48287056
3.53300000	2.48611002
3.53400000	2.49194104
3.53500000	2.49809601
3.53600000	2.50165942
3.53700000	2.50003969
3.53800000	2.49323683
3.53900000	2.48740580
3.54000000	2.48643396
3.54100000	2.49226499
3.54200000	2.49744812
3.54300000	2.50392704
3.54400000	2.50327915
3.54500000	2.50101153
3.54600000	2.50230731
3.54700000	2.50165942
3.54800000	2.51040596
3.54900000	2.52012433
3.55000000	2.52465957
3.55100000	2.52012433
3.55200000	2.51008201
3.55300000	2.49906785
3.55400000	2.49388472
3.55500000	2.49518050
3.55600000	2.49841996
3.55700000	2.50263126
3.55800000	2.50846228
3.55900000	2.51526514
3.56000000	2.51947644
3.56100000	2.51591304
3.56200000	2.51461725
3.56300000	2.51623698
3.56400000	2.51753277
3.56500000	2.51785671
3.56600000	2.52012433
3.56700000	2.51656093
3.56800000	2.51818066
3.56900000	2.51915249
3.57000000	2.52109617
3.57100000	2.52174406
3.57200000	2.51526514
3.57300000	2.50846228
3.57400000	2.51105385
3.57500000	2.51656093
3.57600000	2.51234963
3.57700000	2.50878623
3.57800000	2.51170174
3.57900000	2.50975806
3.58000000	2.51332147
3.58100000	2.51558909
3.58200000	2.51720882
3.58300000	2.51008201
3.58400000	2.50392704
3.58500000	2.50619466
3.58600000	2.50392704
3.58700000	2.50360309
3.58800000	2.50457493
3.58900000	2.51202569
3.59000000	2.51818066
3.59100000	2.51558909
3.59200000	2.50943412
3.59300000	2.50587071
3.59400000	2.50651861
3.59500000	2.50651861
3.59600000	2.49777207
3.59700000	2.49388472
3.59800000	2.49356077
3.59900000	2.49777207
3.60000000	2.50295520
3.60100000	2.49939180
3.60200000	2.49323683
3.60300000	2.49129315
3.60400000	2.49096921
3.60500000	2.49453261
3.60600000	2.49744812
3.60700000	2.49874391
3.60800000	2.49647629
3.60900000	2.49809601
3.61000000	2.49550445
3.61100000	2.49485656
3.61200000	2.49680023
3.61300000	2.49680023
3.61400000	2.49032131
3.61500000	2.48578607
3.61600000	2.48611002
3.61700000	2.48805369
3.61800000	2.49032131
3.61900000	2.48708186
3.62000000	2.48643396
3.62100000	2.48740580
3.62200000	2.48675791
3.62300000	2.48805369
3.62400000	2.49582839
3.62500000	2.50068758
3.62600000	2.49777207
3.62700000	2.49356077
3.62800000	2.49420866
3.62900000	2.49712418
3.63000000	2.49841996
3.63100000	2.49841996
3.63200000	2.49485656
3.63300000	2.49096921
3.63400000	2.48837764
3.63500000	2.48287056
3.63600000	2.48027899
3.63700000	2.48416634
3.63800000	2.49323683
3.63900000	2.49841996
3.64000000	2.49971574
3.64100000	2.49874391
3.64200000	2.50036364
3.64300000	2.50068758
3.64400000	2.50554677
3.64500000	2.50813834
3.64600000	2.50716650
3.64700000	2.50165942
3.64800000	2.49777207
3.64900000	2.49550445
3.65000000	2.50133547
3.65100000	2.50781439
3.65200000	2.51202569
3.65300000	2.50878623
3.65400000	2.51202569
3.65500000	2.51429331
3.65600000	2.51299752
3.65700000	2.50327915
3.65800000	2.49874391
3.65900000	2.50360309
3.66000000	2.50975806
3.66100000	2.51526514
3.66200000	2.51364541
3.66300000	2.51202569
3.66400000	2.51170174
3.66500000	2.51267358
3.66600000	2.51396936
3.66700000	2.51202569
3.66800000	2.50975806
3.66900000	2.51008201
3.67000000	2.50749044
3.67100000	2.50036364
3.67200000	2.49939180
3.67300000	2.50165942
3.67400000	2.50392704
3.67500000	2.51267358
3.67600000	2.51299752
3.67700000	2.51072990
3.67800000	2.50781439
3.67900000	2.50651861
3.68000000	2.50975806
3.68100000	2.51785671
3.68200000	2.52044828
3.68300000	2.51785671
3.68400000	2.51558909
3.68500000	2.51429331
3.68600000	2.51267358
3.68700000	2.51072990
3.68800000	2.51267358
3.68900000	2.51202569
3.69000000	2.50392704
3.69100000	2.50263126
3.69200000	2.50489888
3.69300000	2.50263126
3.69400000	2.49777207
3.69500000	2.49356077
3.69600000	2.49453261
3.69700000	2.50101153
3.69800000	2.50068758
3.69900000	2.49874391
3.70000000	2.50036364
3.70100000	2.50133547
3.70200000	2.50360309
3.70300000	2.50425099
3.70400000	2.49906785
3.70500000	2.49485656
3.70600000	2.49194104
3.70700000	2.48934948
3.70800000	2.49323683
3.70900000	2.50068758
3.71000000	2.50457493
3.71100000	2.49874391
3.71200000	2.49194104
3.71300000	2.49258894
3.71400000	2.49582839
3.71500000	2.50068758
3.71600000	2.49841996
3.71700000	2.49323683
3.71800000	2.48449029
3.71900000	2.47768743
3.72000000	2.47250429
3.72100000	2.47801137
3.72200000	2.48934948
3.72300000	2.49712418
3.72400000	2.49582839
3.72500000	2.49323683
3.72600000	2.49712418
3.72700000	2.48902553
3.72800000	2.48837764
3.72900000	2.48643396
3.73000000	2.48027899
3.73100000	2.48125083
3.73200000	2.48481424
3.73300000	2.49064526
3.73400000	2.49518050
3.73500000	2.49226499
3.73600000	2.49129315
3.73700000	2.49129315
3.73800000	2.49420866
3.73900000	2.49680023
3.74000000	2.50198336
3.74100000	2.50263126
3.74200000	2.49971574
3.74300000	2.49420866
3.74400000	2.48772975
3.74500000	2.49032131
3.74600000	2.49518050
3.74700000	2.50036364
3.74800000	2.50068758
3.74900000	2.50489888
3.75000000	2.51170174
3.75100000	2.51429331
3.75200000	2.51040596
3.75300000	2.50716650
3.75400000	2.50684255
3.75500000	2.50684255
3.75600000	2.50489888
3.75700000	2.50101153
3.75800000	2.50295520
3.75900000	2.50554677
3.76000000	2.50911017
3.76100000	2.50911017
3.76200000	2.51040596
3.76300000	2.51267358
3.76400000	2.51040596
3.76500000	2.50651861
3.76600000	2.50651861
3.76700000	2.51008201
3.76800000	2.51785671
3.76900000	2.51720882
3.77000000	2.51364541
3.77100000	2.51072990
3.77200000	2.50911017
3.77300000	2.51234963
3.77400000	2.51753277
3.77500000	2.51850460
3.77600000	2.51105385
3.77700000	2.50716650
3.77800000	2.50943412
3.77900000	2.51396936
3.78000000	2.52142012
3.78100000	2.52595536
3.78200000	2.52757509
3.78300000	2.52725114
3.78400000	2.52206801
3.78500000	2.51461725
3.78600000	2.51364541
3.78700000	2.51461725
3.78800000	2.50943412
3.78900000	2.50425099
3.79000000	2.50263126
3.79100000	2.50457493
3.79200000	2.50489888
3.79300000	2.50036364
3.79400000	2.50036364
3.79500000	2.50327915
3.79600000	2.50489888
3.79700000	2.50425099
3.79800000	2.50587071
3.79900000	2.50749044
3.80000000	2.51072990
3.80100000	2.51299752
3.80200000	2.51072990
3.80300000	2.50651861
3.80400000	2.50165942
3.80500000	2.50263126
3.80600000	2.50878623
3.80700000	2.51267358
3.80800000	2.50846228
3.80900000	2.49841996
3.81000000	2.48837764
3.81100000	2.48546213
3.81200000	2.48708186
3.81300000	2.49032131
3.81400000	2.49388472
3.81500000	2.49680023
3.81600000	2.49971574
3.81700000	2.49906785
3.81800000	2.49680023
3.81900000	2.49064526
3.82000000	2.48740580
3.82100000	2.49194104
3.82200000	2.49971574
3.82300000	2.50263126
3.82400000	2.49744812
3.82500000	2.49420866
3.82600000	2.49161710
3.82700000	2.49129315
3.82800000	2.49647629
3.82900000	2.50068758
3.83000000	2.49518050
3.83100000	2.48934948
3.83200000	2.48513818
3.83300000	2.48578607
3.83400000	2.48967342
3.83500000	2.49032131
3.83600000	2.48837764
3.83700000	2.49032131
3.83800000	2.49420866
3.83900000	2.49712418
3.84000000	2.49485656
3.84100000	2.49388472
3.84200000	2.49258894
3.84300000	2.49485656
3.84400000	2.49615234
3.84500000	2.49680023
3.84600000	2.49550445
3.84700000	2.49518050
3.84800000	2.49096921
3.84900000	2.48675791
3.85000000	2.48934948
3.85100000	2.49485656
3.85200000	2.49874391
3.85300000	2.49647629
3.85400000	2.49096921
3.85500000	2.48934948
3.85600000	2.49550445
3.85700000	2.50263126
3.85800000	2.50198336
3.85900000	2.49777207
3.86000000	2.49096921
3.86100000	2.48546213
3.86200000	2.48934948
3.86300000	2.49356077
3.86400000	2.50036364
3.86500000	2.50619466
3.86600000	2.50911017
3.86700000	2.50522282
3.86800000	2.50036364
3.86900000	2.50133547
3.87000000	2.50522282
3.87100000	2.50975806
3.87200000	2.51688487
3.87300000	2.51234963
3.87400000	2.51040596
3.87500000	2.50263126
3.87600000	2.49777207
3.87700000	2.50165942
3.87800000	2.50489888
3.87900000	2.51105385
3.88000000	2.51688487
3.88100000	2.51461725
3.88200000	2.51202569
3.88300000	2.50619466
3.88400000	2.50749044
3.88500000	2.51364541
3.88600000	2.52077222
3.88700000	2.52109617
3.88800000	2.51234963
3.88900000	2.50327915
3.89000000	2.50133547
3.89100000	2.50263126
3.89200000	2.50489888
3.89300000	2.50878623
3.89400000	2.51234963
3.89500000	2.51040596
3.89600000	2.50975806
3.89700000	2.51202569
3.89800000	2.50619466
3.89900000	2.49712418
3.90000000	2.49453261
3.90100000	2.49582839
3.90200000	2.49809601
3.90300000	2.50036364
3.90400000	2.50360309
3.90500000	2.51040596
3.90600000	2.51558909
3.90700000	2.51170174
3.90800000	2.50749044
3.90900000	2.50327915
3.91000000	2.50101153
3.91100000	2.50133547
3.91200000	2.50263126
3.91300000	2.50036364
3.91400000	2.49712418
3.91500000	2.49971574
3.91600000	2.50327915
3.91700000	2.50003969
3.91800000	2.49291288
3.91900000	2.49096921
3.92000000	2.49161710
3.92100000	2.49647629
3.92200000	2.49712418
3.92300000	2.49777207
3.92400000	2.49744812
3.92500000	2.50133547
3.92600000	2.50554677
3.92700000	2.51137779
3.92800000	2.51429331
3.92900000	2.51072990
3.93000000	2.50263126
3.93100000	2.49712418
3.93200000	2.49550445
3.93300000	2.49291288
3.93400000	2.49258894
3.93500000	2.49226499
3.93600000	2.49291288
3.93700000	2.49647629
3.93800000	2.50003969
3.93900000	2.50619466
3.94000000	2.50878623
3.94100000	2.50813834
3.94200000	2.50327915
3.94300000	2.49680023
3.94400000	2.49388472
3.94500000	2.49712418
3.94600000	2.49777207
3.94700000	2.50327915
3.94800000	2.50360309
3.94900000	2.50036364
3.95000000	2.50003969
3.95100000	2.49518050
3.95200000	2.49615234
3.95300000	2.49777207
3.95400000	2.49874391
3.95500000	2.49841996
3.95600000	2.49777207
3.95700000	2.49939180
3.95800000	2.50133547
3.95900000	2.50327915
3.96000000	2.50327915
3.96100000	2.49712418
3.96200000	2.49453261
3.96300000	2.49712418
3.96400000	2.50068758
3.96500000	2.50327915
3.96600000	2.50327915
3.96700000	2.50327915
3.96800000	2.49518050
3.96900000	2.49615234
3.97000000	2.50003969
3.97100000	2.50554677
3.97200000	2.50716650
3.97300000	2.51137779
3.97400000	2.51072990
3.97500000	2.51072990
3.97600000	2.51202569
3.97700000	2.51332147
3.97800000	2.51396936
3.97900000	2.51364541
3.98000000	2.51299752
3.98100000	2.51656093
3.98200000	2.51688487
3.98300000	2.51299752
3.98400000	2.50619466
3.98500000	2.50263126
3.98600000	2.50295520
3.98700000	2.50295520
3.98800000	2.50975806
3.98900000	2.51170174
3.99000000	2.50943412
3.99100000	2.50813834
3.99200000	2.50522282
3.99300000	2.50230731
3.99400000	2.50554677
3.99500000	2.51072990
3.99600000	2.51623698
3.99700000	2.51429331
3.99800000	2.50846228
3.99900000	2.49939180
4.00000000	2.49356077
4.00100000	2.49485656
4.00200000	2.50036364
4.00300000	2.50684255
4.00400000	2.50878623
4.00500000	2.50716650
4.00600000	2.50554677
4.00700000	2.50457493
4.00800000	2.50425099
4.00900000	2.49841996
4.01000000	2.49064526
4.01100000	2.48384240
4.01200000	2.48513818
4.01300000	2.49096921
4.01400000	2.49226499
4.01500000	2.48967342
4.01600000	2.48481424
4.01700000	2.48351845
4.01800000	2.47930716
4.01900000	2.48287056
4.02000000	2.48740580
4.02100000	2.49096921
4.02200000	2.49161710
4.02300000	2.48934948
4.02400000	2.48934948
4.02500000	2.49096921
4.02600000	2.49485656
4.02700000	2.49809601
4.02800000	2.49874391
4.02900000	2.49777207
4.03000000	2.49258894
4.03100000	2.48837764
4.03200000	2.48578607
4.03300000	2.48481424
4.03400000	2.48611002
4.03500000	2.48546213
4.03600000	2.48287056
4.03700000	2.48513818
4.03800000	2.48772975
4.03900000	2.49194104
4.04000000	2.49744812
4.04100000	2.49712418
4.04200000	2.50003969
4.04300000	2.50133547
4.04400000	2.50165942
4.04500000	2.50619466
4.04600000	2.50716650
4.04700000	2.50327915
4.04800000	2.50036364
4.04900000	2.50165942
4.05000000	2.50198336
4.05100000	2.50003969
4.05200000	2.50295520
4.05300000	2.50489888
4.05400000	2.50684255
4.05500000	2.50813834
4.05600000	2.50684255
4.05700000	2.50489888
4.05800000	2.50230731
4.05900000	2.50587071
4.06000000	2.50911017
4.06100000	2.51558909
4.06200000	2.51688487
4.06300000	2.50943412
4.06400000	2.50457493
4.06500000	2.50392704
4.06600000	2.50911017
4.06700000	2.51623698
4.06800000	2.51980039
4.06900000	2.52174406
4.07000000	2.52044828
4.07100000	2.51850460
4.07200000	2.51623698
4.07300000	2.51429331
4.07400000	2.51332147
4.07500000	2.51461725
4.07600000	2.51915249
4.07700000	2.51818066
4.07800000	2.51720882
4.07900000	2.51656093
4.08000000	2.52012433
4.08100000	2.51623698
4.08200000	2.51137779
4.08300000	2.50878623
4.08400000	2.51234963
4.08500000	2.50975806
4.08600000	2.50295520
4.08700000	2.49906785
4.08800000	2.50198336
4.08900000	2.50651861
4.09000000	2.50716650
4.09100000	2.50522282
4.09200000	2.50749044
4.09300000	2.51202569
4.09400000	2.51364541
4.09500000	2.50846228
4.09600000	2.50425099
4.09700000	2.50003969
4.09800000	2.49906785
4.09900000	2.49712418
4.10000000	2.50230731
4.10100000	2.50716650
4.10200000	2.50813834
4.10300000	2.50684255
4.10400000	2.50165942
4.10500000	2.50101153
4.10600000	2.50360309
4.10700000	2.50230731
4.10800000	2.50457493
4.10900000	2.50295520
4.11000000	2.50068758
4.11100000	2.49356077
4.11200000	2.49712418
4.11300000	2.49971574
4.11400000	2.50263126
4.11500000	2.50522282
4.11600000	2.50327915
4.11700000	2.50036364
4.11800000	2.49680023
4.11900000	2.49453261
4.12000000	2.49161710
4.12100000	2.48999737
4.12200000	2.49096921
4.12300000	2.49420866
4.12400000	2.49356077
4.12500000	2.49096921
4.12600000	2.49291288
4.12700000	2.49680023
4.12800000	2.49258894
4.12900000	2.48837764
4.13000000	2.48837764
4.13100000	2.48772975
4.13200000	2.48708186
4.13300000	2.49129315
4.13400000	2.49582839
4.13500000	2.49874391
4.13600000	2.49841996
4.13700000	2.49939180
4.13800000	2.49550445
4.13900000	2.49032131
4.14000000	2.48319451
4.14100000	2.48222267
4.14200000	2.48837764
4.14300000	2.49194104
4.14400000	2.49323683
4.14500000	2.49971574
4.14600000	2.50036364
4.14700000	2.49777207
4.14800000	2.49323683
4.14900000	2.49453261
4.15000000	2.50003969
4.15100000	2.50263126
4.15200000	2.49906785
4.15300000	2.49420866
4.15400000	0.00000000
