0.00000000	2.50327915
0.00100000	2.50068758
0.00200000	2.50165942
0.00300000	2.50457493
0.00400000	2.50619466
0.00500000	2.50522282
0.00600000	2.50198336
0.00700000	2.49874391
0.00800000	2.50003969
0.00900000	2.49874391
0.01000000	2.49615234
0.01100000	2.49453261
0.01200000	2.49582839
0.01300000	2.49323683
0.01400000	2.49582839
0.01500000	2.50068758
0.01600000	2.50392704
0.01700000	2.50749044
0.01800000	2.51137779
0.01900000	2.51267358
0.02000000	2.50911017
0.02100000	2.51040596
0.02200000	2.51396936
0.02300000	2.51299752
0.02400000	2.50619466
0.02500000	2.49777207
0.02600000	2.49388472
0.02700000	2.49550445
0.02800000	2.50133547
0.02900000	2.50133547
0.03000000	2.49712418
0.03100000	2.49615234
0.03200000	2.49809601
0.03300000	2.50068758
0.03400000	2.50327915
0.03500000	2.50392704
0.03600000	2.50619466
0.03700000	2.50975806
0.03800000	2.50975806
0.03900000	2.50813834
0.04000000	2.50619466
0.04100000	2.49841996
0.04200000	2.49420866
0.04300000	2.49258894
0.04400000	2.49809601
0.04500000	2.49971574
0.04600000	2.50489888
0.04700000	2.50457493
0.04800000	2.50230731
0.04900000	2.49518050
0.05000000	2.49291288
0.05100000	2.49258894
0.05200000	2.49874391
0.05300000	2.50489888
0.05400000	2.50943412
0.05500000	2.50651861
0.05600000	2.50101153
0.05700000	2.49809601
0.05800000	2.49906785
0.05900000	2.50457493
0.06000000	2.50813834
0.06100000	2.50651861
0.06200000	2.50230731
0.06300000	2.49647629
0.06400000	2.49615234
0.06500000	2.49971574
0.06600000	2.50522282
0.06700000	2.50263126
0.06800000	2.50068758
0.06900000	2.50198336
0.07000000	2.50425099
0.07100000	2.50684255
0.07200000	2.50749044
0.07300000	2.50813834
0.07400000	2.50716650
0.07500000	2.50263126
0.07600000	2.49582839
0.07700000	2.49809601
0.07800000	2.49939180
0.07900000	2.50068758
0.08000000	2.50554677
0.08100000	2.50619466
0.08200000	2.50587071
0.08300000	2.50554677
0.08400000	2.50716650
0.08500000	2.50716650
0.08600000	2.50425099
0.08700000	2.50360309
0.08800000	2.50489888
0.08900000	2.50425099
0.09000000	2.50522282
0.09100000	2.50587071
0.09200000	2.50425099
0.09300000	2.49777207
0.09400000	2.49485656
0.09500000	2.49518050
0.09600000	2.49647629
0.09700000	2.49712418
0.09800000	2.50360309
0.09900000	2.50651861
0.10000000	2.50392704
0.10100000	2.50327915
0.10200000	2.50165942
0.10300000	2.50425099
0.10400000	2.50619466
0.10500000	2.51072990
0.10600000	2.51202569
0.10700000	2.50975806
0.10800000	2.50425099
0.10900000	2.50295520
0.11000000	2.50165942
0.11100000	2.50360309
0.11200000	2.50295520
0.11300000	2.49874391
0.11400000	2.49420866
0.11500000	2.49291288
0.11600000	2.49388472
0.11700000	2.49939180
0.11800000	2.50230731
0.11900000	2.50587071
0.12000000	2.50878623
0.12100000	2.50295520
0.12200000	2.49777207
0.12300000	2.49485656
0.12400000	2.49485656
0.12500000	2.49615234
0.12600000	2.50068758
0.12700000	2.50327915
0.12800000	2.50295520
0.12900000	2.50263126
0.13000000	2.50263126
0.13100000	2.49647629
0.13200000	2.49194104
0.13300000	2.49420866
0.13400000	2.50036364
0.13500000	2.50943412
0.13600000	2.50911017
0.13700000	2.50749044
0.13800000	2.50133547
0.13900000	2.50230731
0.14000000	2.50587071
0.14100000	2.50813834
0.14200000	2.50619466
0.14300000	2.50781439
0.14400000	2.51008201
0.14500000	2.51234963
0.14600000	2.51040596
0.14700000	2.50165942
0.14800000	2.49777207
0.14900000	2.50165942
0.15000000	2.50522282
0.15100000	2.50684255
0.15200000	2.50360309
0.15300000	2.50165942
0.15400000	2.50295520
0.15500000	2.50392704
0.15600000	2.50425099
0.15700000	2.49939180
0.15800000	2.49420866
0.15900000	2.49809601
0.16000000	2.49906785
0.16100000	2.50619466
0.16200000	2.50846228
0.16300000	2.50749044
0.16400000	2.50295520
0.16500000	2.50230731
0.16600000	2.50263126
0.16700000	2.50165942
0.16800000	2.50295520
0.16900000	2.49939180
0.17000000	2.49323683
0.17100000	2.49453261
0.17200000	2.49453261
0.17300000	2.49356077
0.17400000	2.49323683
0.17500000	2.48967342
0.17600000	2.49096921
0.17700000	2.49906785
0.17800000	2.50749044
0.17900000	2.51461725
0.18000000	2.51202569
0.18100000	2.50813834
0.18200000	2.50813834
0.18300000	2.50878623
0.18400000	2.51105385
0.18500000	2.51072990
0.18600000	2.50587071
0.18700000	2.50360309
0.18800000	2.50457493
0.18900000	2.50716650
0.19000000	2.50554677
0.19100000	2.49939180
0.19200000	2.49388472
0.19300000	2.49291288
0.19400000	2.49647629
0.19500000	2.50360309
0.19600000	2.50846228
0.19700000	2.51396936
0.19800000	2.51623698
0.19900000	2.51267358
0.20000000	2.50554677
0.20100000	2.49680023
0.20200000	2.49096921
0.20300000	2.49226499
0.20400000	2.49485656
0.20500000	2.49906785
0.20600000	2.49971574
0.20700000	2.49777207
0.20800000	2.49518050
0.20900000	2.49291288
0.21000000	2.49226499
0.21100000	2.49647629
0.21200000	2.50101153
0.21300000	2.50684255
0.21400000	2.51105385
0.21500000	2.50846228
0.21600000	2.50587071
0.21700000	2.50619466
0.21800000	2.50911017
0.21900000	2.50619466
0.22000000	2.49809601
0.22100000	2.49129315
0.22200000	2.49226499
0.22300000	2.49680023
0.22400000	2.50101153
0.22500000	2.49777207
0.22600000	2.49680023
0.22700000	2.49906785
0.22800000	2.50392704
0.22900000	2.50813834
0.23000000	2.51072990
0.23100000	2.50457493
0.23200000	2.50133547
0.23300000	2.49906785
0.23400000	2.50068758
0.23500000	2.49874391
0.23600000	2.50165942
0.23700000	2.50781439
0.23800000	2.51137779
0.23900000	2.51267358
0.24000000	2.51234963
0.24100000	2.50975806
0.24200000	2.50619466
0.24300000	2.49680023
0.24400000	2.49615234
0.24500000	2.49582839
0.24600000	2.49712418
0.24700000	2.49906785
0.24800000	2.49582839
0.24900000	2.49226499
0.25000000	2.49323683
0.25100000	2.49712418
0.25200000	2.49550445
0.25300000	2.49809601
0.25400000	2.50522282
0.25500000	2.50749044
0.25600000	2.50749044
0.25700000	2.50651861
0.25800000	2.49906785
0.25900000	2.49226499
0.26000000	2.49161710
0.26100000	2.49518050
0.26200000	2.50360309
0.26300000	2.50975806
0.26400000	2.51105385
0.26500000	2.50619466
0.26600000	2.50425099
0.26700000	2.50263126
0.26800000	2.50327915
0.26900000	2.50425099
0.27000000	2.50522282
0.27100000	2.49971574
0.27200000	2.49777207
0.27300000	2.49939180
0.27400000	2.49258894
0.27500000	2.48643396
0.27600000	2.48643396
0.27700000	2.49291288
0.27800000	2.50036364
0.27900000	2.50554677
0.28000000	2.50489888
0.28100000	2.50619466
0.28200000	2.51008201
0.28300000	2.51267358
0.28400000	2.51137779
0.28500000	2.50619466
0.28600000	2.49841996
0.28700000	2.49615234
0.28800000	2.49874391
0.28900000	2.50133547
0.29000000	2.49777207
0.29100000	2.49712418
0.29200000	2.50036364
0.29300000	2.49939180
0.29400000	2.49712418
0.29500000	2.49518050
0.29600000	2.49582839
0.29700000	2.50360309
0.29800000	2.51396936
0.29900000	2.51623698
0.30000000	2.51461725
0.30100000	2.50943412
0.30200000	2.50554677
0.30300000	2.50133547
0.30400000	2.50003969
0.30500000	2.49971574
0.30600000	2.50165942
0.30700000	2.50263126
0.30800000	2.50165942
0.30900000	2.49485656
0.31000000	2.49258894
0.31100000	2.49453261
0.31200000	2.49518050
0.31300000	2.49453261
0.31400000	2.49096921
0.31500000	2.48675791
0.31600000	2.48384240
0.31700000	2.48027899
0.31800000	2.47671559
0.31900000	2.47963110
0.32000000	2.48287056
0.32100000	2.48578607
0.32200000	2.48934948
0.32300000	2.49518050
0.32400000	2.49323683
0.32500000	2.49291288
0.32600000	2.49323683
0.32700000	2.47930716
0.32800000	2.46505354
0.32900000	2.44950414
0.33000000	2.43136317
0.33100000	2.40965880
0.33200000	2.38439103
0.33300000	2.35329223
0.33400000	2.31798214
0.33500000	2.28202416
0.33600000	2.23440413
0.33700000	2.17868546
0.33800000	2.11454420
0.33900000	2.03971274
0.34000000	1.95743052
0.34100000	1.86704967
0.34200000	1.76921807
0.34300000	1.66393573
0.34400000	1.56156890
0.34500000	1.46082180
0.34600000	1.36299022
0.34700000	1.26677837
0.34800000	1.17251020
0.34900000	1.08277726
0.35000000	0.99919929
0.35100000	0.91886078
0.35200000	0.83593071
0.35300000	0.75980349
0.35400000	0.68788757
0.35500000	0.61338008
0.35600000	0.53563313
0.35700000	0.45529462
0.35800000	0.36653352
0.35900000	0.28068793
0.36000000	0.19322262
0.36100000	0.10413757
0.36200000	0.02574272
0.36300000	0.02703850
0.36400000	0.02606667
0.36500000	0.02574272
0.36600000	0.02703850
0.36700000	0.02703850
0.36800000	0.02541878
0.36900000	0.02963007
0.37000000	0.03027796
0.37100000	0.02963007
0.37200000	0.02995402
0.37300000	0.02995402
0.37400000	0.02995402
0.37500000	0.02963007
0.37600000	0.02963007
0.37700000	0.02963007
0.37800000	0.02963007
0.37900000	0.02995402
0.38000000	0.03027796
0.38100000	0.02930612
0.38200000	0.03092585
0.38300000	0.05101048
0.38400000	0.07854586
0.38500000	0.11579961
0.38600000	0.16179989
0.38700000	0.20909595
0.38800000	0.25768780
0.38900000	0.31599801
0.39000000	0.38013924
0.39100000	0.45399884
0.39200000	0.53595708
0.39300000	0.62407028
0.39400000	0.71769056
0.39500000	0.82491656
0.39600000	0.94121303
0.39700000	1.06560814
0.39800000	1.20036952
0.39900000	1.34582110
0.40000000	1.49904739
0.40100000	1.64709055
0.40200000	1.79157032
0.40300000	1.93637405
0.40400000	2.07955806
0.40500000	2.21820684
0.40600000	2.34778516
0.40700000	2.47120851
0.40800000	2.59204031
0.40900000	2.70606926
0.41000000	2.81945033
0.41100000	2.92505671
0.41200000	3.02418418
0.41300000	3.11910036
0.41400000	3.21563629
0.41500000	3.31379195
0.41600000	3.41129973
0.41700000	3.51042726
0.41800000	3.61311821
0.41900000	3.71094998
0.42000000	3.81234517
0.42100000	3.91179670
0.42200000	4.01027641
0.42300000	4.10875612
0.42400000	4.21015138
0.42500000	4.30571561
0.42600000	4.39318119
0.42700000	4.47578759
0.42800000	4.54964743
0.42900000	4.61994388
0.43000000	4.67955008
0.43100000	4.72717026
0.43200000	4.77122703
0.43300000	4.80426961
0.43400000	4.83310089
0.43500000	4.84994612
0.43600000	4.86225611
0.43700000	4.86873504
0.43800000	4.87132662
0.43900000	4.86970688
0.44000000	4.86452373
0.44100000	4.85707296
0.44200000	4.84832639
0.44300000	4.84022772
0.44400000	4.83342483
0.44500000	4.82241064
0.44600000	4.80718513
0.44700000	4.78872016
0.44800000	4.76669178
0.44900000	4.73915630
0.45000000	4.70870529
0.45100000	4.67631061
0.45200000	4.63678911
0.45300000	4.59273235
0.45400000	4.54608402
0.45500000	4.48064679
0.45600000	4.40711090
0.45700000	4.32515241
0.45800000	4.23898262
0.45900000	4.14957338
0.46000000	4.05757258
0.46100000	3.95779709
0.46200000	3.85607793
0.46300000	3.75468273
0.46400000	3.65263965
0.46500000	3.55286421
0.46600000	3.45341274
0.46700000	3.36011625
0.46800000	3.26811555
0.46900000	3.17287541
0.47000000	3.07860711
0.47100000	2.98369093
0.47200000	2.88909871
0.47300000	2.79612622
0.47400000	2.70477348
0.47500000	2.61342074
0.47600000	2.52174406
0.47700000	2.42553215
0.47800000	2.32413711
0.47900000	2.21755895
0.48000000	2.10838923
0.48100000	1.99921952
0.48200000	1.89523295
0.48300000	1.79610556
0.48400000	1.69535846
0.48500000	1.59525925
0.48600000	1.49775161
0.48700000	1.40024397
0.48800000	1.31018708
0.48900000	1.23017252
0.49000000	1.15696081
0.49100000	1.08990406
0.49200000	1.02705862
0.49300000	0.96810051
0.49400000	0.91497344
0.49500000	0.87091683
0.49600000	0.83204336
0.49700000	0.79738118
0.49800000	0.76693029
0.49900000	0.73162022
0.50000000	0.69663410
0.50100000	0.66035219
0.50200000	0.62601396
0.50300000	0.59426729
0.50400000	0.56543613
0.50500000	0.53628102
0.50600000	0.50874565
0.50700000	0.48509762
0.50800000	0.46792850
0.50900000	0.45140727
0.51000000	0.43844945
0.51100000	0.43780156
0.51200000	0.44654809
0.51300000	0.46112564
0.51400000	0.48023843
0.51500000	0.50388646
0.51600000	0.53498524
0.51700000	0.57353477
0.51800000	0.62115477
0.51900000	0.67298607
0.52000000	0.72773288
0.52100000	0.78312757
0.52200000	0.83981806
0.52300000	0.89910010
0.52400000	0.96194555
0.52500000	1.02187549
0.52600000	1.08245331
0.52700000	1.14659455
0.52800000	1.20814421
0.52900000	1.26742626
0.53000000	1.32735620
0.53100000	1.39408900
0.53200000	1.45823024
0.53300000	1.53338563
0.53400000	1.60400578
0.53500000	1.67300621
0.53600000	1.74427425
0.53700000	1.82526068
0.53800000	1.91952887
0.53900000	2.01768443
0.54000000	2.11616393
0.54100000	2.21496739
0.54200000	2.31312296
0.54300000	2.40803908
0.54400000	2.50263126
0.54500000	2.59819528
0.54600000	2.69181564
0.54700000	2.78543601
0.54800000	2.87225352
0.54900000	2.95550763
0.55000000	3.03228283
0.55100000	3.10711436
0.55200000	3.17838249
0.55300000	3.24479143
0.55400000	3.30666514
0.55500000	3.36497544
0.55600000	3.42393363
0.55700000	3.48030027
0.55800000	3.53245560
0.55900000	3.58817435
0.56000000	3.64421705
0.56100000	3.70090765
0.56200000	3.75727430
0.56300000	3.81299306
0.56400000	3.86741605
0.56500000	3.92119115
0.56600000	3.97107889
0.56700000	4.01967085
0.56800000	4.06664308
0.56900000	4.10810823
0.57000000	4.14439024
0.57100000	4.17678489
0.57200000	4.20043298
0.57300000	4.22116556
0.57400000	4.23639105
0.57500000	4.24546155
0.57600000	4.25258837
0.57700000	4.25647573
0.57800000	4.25323627
0.57900000	4.24319392
0.58000000	4.22958817
0.58100000	4.20982743
0.58200000	4.18812302
0.58300000	4.16350308
0.58400000	4.13629158
0.58500000	4.11167164
0.58600000	4.08478409
0.58700000	4.05336128
0.58800000	4.02129058
0.58900000	3.99310725
0.59000000	3.96298023
0.59100000	3.92928981
0.59200000	3.89009229
0.59300000	3.84279613
0.59400000	3.79290839
0.59500000	3.74561223
0.59600000	3.69280899
0.59700000	3.63611839
0.59800000	3.57294888
0.59900000	3.50524412
0.60000000	3.43397597
0.60100000	3.35752468
0.60200000	3.28010156
0.60300000	3.20365028
0.60400000	3.12007220
0.60500000	3.03973359
0.60600000	2.95550763
0.60700000	2.87970428
0.60800000	2.80843617
0.60900000	2.74235120
0.61000000	2.67075916
0.61100000	2.60370236
0.61200000	2.53113849
0.61300000	2.45857462
0.61400000	2.39119389
0.61500000	2.32672868
0.61600000	2.25772823
0.61700000	2.18872778
0.61800000	2.12814992
0.61900000	2.06595234
0.62000000	2.00375476
0.62100000	1.93896562
0.62200000	1.87255675
0.62300000	1.80096475
0.62400000	1.73455588
0.62500000	1.67009070
0.62600000	1.60335789
0.62700000	1.53856876
0.62800000	1.47507541
0.62900000	1.41708914
0.63000000	1.36363811
0.63100000	1.31472232
0.63200000	1.26418681
0.63300000	1.21786258
0.63400000	1.18190462
0.63500000	1.15307346
0.63600000	1.12780570
0.63700000	1.10059427
0.63800000	1.07565046
0.63900000	1.05265032
0.64000000	1.03742488
0.64100000	1.02900229
0.64200000	1.01701630
0.64300000	1.00697399
0.64400000	0.99563589
0.64500000	0.98915698
0.64600000	0.98462174
0.64700000	0.97976256
0.64800000	0.97393154
0.64900000	0.97263575
0.65000000	0.97717099
0.65100000	0.98753725
0.65200000	0.99984718
0.65300000	1.01636841
0.65400000	1.03904460
0.65500000	1.05912923
0.65600000	1.08472093
0.65700000	1.11581971
0.65800000	1.15534108
0.65900000	1.20296108
0.66000000	1.25803184
0.66100000	1.30953919
0.66200000	1.36072260
0.66300000	1.40931445
0.66400000	1.46179364
0.66500000	1.51848413
0.66600000	1.57873802
0.66700000	1.63802008
0.66800000	1.69697819
0.66900000	1.75820392
0.67000000	1.81845782
0.67100000	1.87806382
0.67200000	1.93605011
0.67300000	1.98917720
0.67400000	2.04586770
0.67500000	2.10579767
0.67600000	2.16929103
0.67700000	2.22986889
0.67800000	2.29886934
0.67900000	2.36851769
0.68000000	2.43557447
0.68100000	2.50554677
0.68200000	2.56871621
0.68300000	2.63577300
0.68400000	2.70509742
0.68500000	2.77474579
0.68600000	2.84407022
0.68700000	2.91080309
0.68800000	2.97494439
0.68900000	3.03746597
0.69000000	3.09836782
0.69100000	3.16088940
0.69200000	3.22211521
0.69300000	3.27427053
0.69400000	3.32351033
0.69500000	3.37048252
0.69600000	3.41453920
0.69700000	3.45697614
0.69800000	3.50232861
0.69900000	3.54185004
0.70000000	3.57327283
0.70100000	3.60437166
0.70200000	3.63806207
0.70300000	3.67142854
0.70400000	3.71062603
0.70500000	3.74140093
0.70600000	3.76569690
0.70700000	3.79226050
0.70800000	3.81720437
0.70900000	3.83534536
0.71000000	3.84959900
0.71100000	3.86061318
0.71200000	3.86935973
0.71300000	3.88102180
0.71400000	3.88976835
0.71500000	3.89138808
0.71600000	3.89041624
0.71700000	3.87907812
0.71800000	3.86547237
0.71900000	3.85154268
0.72000000	3.83761299
0.72100000	3.81234517
0.72200000	3.78610552
0.72300000	3.75630246
0.72400000	3.72714729
0.72500000	3.69604845
0.72600000	3.66073831
0.72700000	3.62154081
0.72800000	3.58234332
0.72900000	3.54217399
0.73000000	3.49876520
0.73100000	3.45017327
0.73200000	3.40482081
0.73300000	3.36205992
0.73400000	3.32318639
0.73500000	3.27459447
0.73600000	3.22405888
0.73700000	3.17611487
0.73800000	3.12622718
0.73900000	3.06921267
0.74000000	3.00733899
0.74100000	2.94514136
0.74200000	2.88618319
0.74300000	2.82916871
0.74400000	2.76826687
0.74500000	2.70606926
0.74600000	2.63868852
0.74700000	2.57033594
0.74800000	2.50165942
0.74900000	2.43687025
0.75000000	2.37434871
0.75100000	2.31474268
0.75200000	2.26064374
0.75300000	2.20686874
0.75400000	2.14920640
0.75500000	2.09283984
0.75600000	2.03582539
0.75700000	1.98269829
0.75800000	1.93702194
0.75900000	1.89361322
0.76000000	1.84826082
0.76100000	1.80452815
0.76200000	1.76047154
0.76300000	1.71609098
0.76400000	1.66814702
0.76500000	1.62603409
0.76600000	1.58489299
0.76700000	1.54504767
0.76800000	1.50585025
0.76900000	1.46470915
0.77000000	1.42583567
0.77100000	1.38987771
0.77200000	1.36331417
0.77300000	1.34096192
0.77400000	1.32184913
0.77500000	1.30629974
0.77600000	1.28848273
0.77700000	1.27196150
0.77800000	1.26451075
0.77900000	1.25997551
0.78000000	1.26256708
0.78100000	1.26710232
0.78200000	1.26936994
0.78300000	1.27422912
0.78400000	1.28135592
0.78500000	1.29107429
0.78600000	1.30014477
0.78700000	1.31634205
0.78800000	1.33351117
0.78900000	1.35003240
0.79000000	1.36720152
0.79100000	1.38793404
0.79200000	1.41741309
0.79300000	1.44948371
0.79400000	1.48058249
0.79500000	1.50876576
0.79600000	1.54342794
0.79700000	1.57873802
0.79800000	1.61923123
0.79900000	1.66393573
0.80000000	1.70507683
0.80100000	1.74945739
0.80200000	1.79869713
0.80300000	1.85344395
0.80400000	1.90559921
0.80500000	1.96034603
0.80600000	2.01476891
0.80700000	2.06757207
0.80800000	2.11907944
0.80900000	2.17026287
0.81000000	2.22436181
0.81100000	2.28558756
0.81200000	2.34713726
0.81300000	2.40965880
0.81400000	2.46375776
0.81500000	2.51396936
0.81600000	2.56191335
0.81700000	2.61406863
0.81800000	2.66492813
0.81900000	2.71319607
0.82000000	2.76211190
0.82100000	2.81037984
0.82200000	2.85638017
0.82300000	2.90853547
0.82400000	2.96101471
0.82500000	3.01057845
0.82600000	3.05657878
0.82700000	3.10031149
0.82800000	3.14210053
0.82900000	3.18810087
0.83000000	3.22859413
0.83100000	3.26746766
0.83200000	3.30504541
0.83300000	3.33938369
0.83400000	3.37145436
0.83500000	3.40417292
0.83600000	3.43008861
0.83700000	3.45082117
0.83800000	3.47349740
0.83900000	3.49422995
0.84000000	3.51042726
0.84100000	3.52403300
0.84200000	3.53407533
0.84300000	3.54217399
0.84400000	3.54962475
0.84500000	3.55772341
0.84600000	3.56161076
0.84700000	3.56387839
0.84800000	3.56258260
0.84900000	3.55966708
0.85000000	3.55675157
0.85100000	3.55059659
0.85200000	3.54217399
0.85300000	3.52856825
0.85400000	3.51561040
0.85500000	3.50006098
0.85600000	3.48353973
0.85700000	3.46669453
0.85800000	3.44337040
0.85900000	3.41939839
0.86000000	3.39315875
0.86100000	3.36367965
0.86200000	3.33063715
0.86300000	3.29662281
0.86400000	3.25807322
0.86500000	3.21660812
0.86600000	3.17676276
0.86700000	3.13821318
0.86800000	3.09545230
0.86900000	3.05204354
0.87000000	3.01219818
0.87100000	2.97235282
0.87200000	2.93185957
0.87300000	2.89007055
0.87400000	2.84245049
0.87500000	2.80033752
0.87600000	2.76211190
0.87700000	2.72064683
0.87800000	2.67885781
0.87900000	2.63318144
0.88000000	2.58685718
0.88100000	2.53858924
0.88200000	2.48999737
0.88300000	2.44302522
0.88400000	2.39767281
0.88500000	2.35815142
0.88600000	2.31539058
0.88700000	2.26874238
0.88800000	2.22177025
0.88900000	2.17220654
0.89000000	2.13074149
0.89100000	2.09316378
0.89200000	2.06368472
0.89300000	2.02092388
0.89400000	1.97881094
0.89500000	1.94447269
0.89600000	1.91045839
0.89700000	1.88130328
0.89800000	1.85506368
0.89900000	1.82947197
0.90000000	1.80711972
0.90100000	1.78444352
0.90200000	1.76144338
0.90300000	1.73714745
0.90400000	1.71576704
0.90500000	1.69762608
0.90600000	1.67948512
0.90700000	1.66328784
0.90800000	1.65065396
0.90900000	1.63996375
0.91000000	1.63478062
0.91100000	1.61987912
0.91200000	1.61534388
0.91300000	1.61080864
0.91400000	1.60789313
0.91500000	1.60594945
0.91600000	1.61178048
0.91700000	1.61663966
0.91800000	1.62473830
0.91900000	1.63478062
0.92000000	1.64449899
0.92100000	1.65680892
0.92200000	1.66911886
0.92300000	1.68304852
0.92400000	1.70313315
0.92500000	1.72451357
0.92600000	1.74459820
0.92700000	1.76565467
0.92800000	1.78800692
0.92900000	1.81748598
0.93000000	1.84728898
0.93100000	1.87514831
0.93200000	1.90430343
0.93300000	1.93216276
0.93400000	1.96455733
0.93500000	2.00148714
0.93600000	2.03614933
0.93700000	2.06821996
0.93800000	2.09867086
0.93900000	2.12912176
0.94000000	2.16248817
0.94100000	2.19909404
0.94200000	2.23731964
0.94300000	2.27586919
0.94400000	2.31344690
0.94500000	2.35264434
0.94600000	2.38795444
0.94700000	2.42553215
0.94800000	2.46634932
0.94900000	2.50392704
0.95000000	2.53988503
0.95100000	2.57519513
0.95200000	2.60953339
0.95300000	2.64516743
0.95400000	2.68501278
0.95500000	2.72161866
0.95600000	2.75401325
0.95700000	2.78284444
0.95800000	2.81394325
0.95900000	2.84439417
0.96000000	2.87322536
0.96100000	2.90238049
0.96200000	2.92926801
0.96300000	2.95550763
0.96400000	2.98142331
0.96500000	3.00636715
0.96600000	3.02645180
0.96700000	3.04880408
0.96800000	3.06791689
0.96900000	3.08443814
0.97000000	3.10257911
0.97100000	3.11780458
0.97200000	3.13303004
0.97300000	3.15538232
0.97400000	3.18000222
0.97500000	3.19587558
0.97600000	3.20818553
0.97700000	3.21498839
0.97800000	3.22243915
0.97900000	3.22729834
0.98000000	3.23215754
0.98100000	3.23053781
0.98200000	3.22470678
0.98300000	3.22665045
0.98400000	3.22341099
0.98500000	3.21660812
0.98600000	3.20624185
0.98700000	3.19587558
0.98800000	3.18550930
0.98900000	3.17384724
0.99000000	3.16283308
0.99100000	3.15603021
0.99200000	3.14663578
0.99300000	3.13497372
0.99400000	3.12590323
0.99500000	3.10743831
0.99600000	3.08508603
0.99700000	3.06467743
0.99800000	3.04491672
0.99900000	3.02353629
1.00000000	3.00312769
1.00100000	2.98239515
1.00200000	2.95162028
1.00300000	2.92635249
1.00400000	2.89849314
1.00500000	2.87160563
1.00600000	2.84018287
1.00700000	2.80843617
1.00800000	2.77766131
1.00900000	2.74623855
1.01000000	2.71254818
1.01100000	2.68209726
1.01200000	2.65812527
1.01300000	2.63382933
1.01400000	2.60564604
1.01500000	2.57551907
1.01600000	2.54960340
1.01700000	2.52174406
1.01800000	2.49064526
1.01900000	2.46278592
1.02000000	2.43233501
1.02100000	2.40739118
1.02200000	2.37856001
1.02300000	2.35102461
1.02400000	2.32770052
1.02500000	2.30372853
1.02600000	2.27327762
1.02700000	2.24023516
1.02800000	2.21140398
1.02900000	2.18419254
1.03000000	2.16086844
1.03100000	2.13657251
1.03200000	2.11260053
1.03300000	2.08700881
1.03400000	2.06206499
1.03500000	2.04003668
1.03600000	2.02286756
1.03700000	2.01023367
1.03800000	1.99921952
1.03900000	1.99047299
1.04000000	1.97459965
1.04100000	1.95937420
1.04200000	1.94544453
1.04300000	1.93443038
1.04400000	1.92147255
1.04500000	1.91272601
1.04600000	1.90495132
1.04700000	1.89588084
1.04800000	1.88648641
1.04900000	1.88162723
1.05000000	1.87871172
1.05100000	1.88065539
1.05200000	1.89037376
1.05300000	1.89814846
1.05400000	1.89555689
1.05500000	1.89004982
1.05600000	1.88972587
1.05700000	1.89750057
1.05800000	1.90948656
1.05900000	1.92082466
1.06000000	1.93021908
1.06100000	1.94026140
1.06200000	1.95224739
1.06300000	1.96358549
1.06400000	1.97848699
1.06500000	1.99695190
1.06600000	2.01250129
1.06700000	2.02902253
1.06800000	2.04716349
1.06900000	2.06206499
1.07000000	2.08538908
1.07100000	2.10838923
1.07200000	2.13203727
1.07300000	2.15406558
1.07400000	2.17479811
1.07500000	2.19455880
1.07600000	2.22177025
1.07700000	2.25416482
1.07800000	2.28202416
1.07900000	2.30664404
1.08000000	2.32996814
1.08100000	2.35296829
1.08200000	2.37856001
1.08300000	2.40868697
1.08400000	2.44010971
1.08500000	2.47250429
1.08600000	2.49939180
1.08700000	2.52109617
1.08800000	2.54053292
1.08900000	2.56191335
1.09000000	2.59074453
1.09100000	2.62119544
1.09200000	2.65488581
1.09300000	2.68306910
1.09400000	2.70704110
1.09500000	2.73036520
1.09600000	2.74883012
1.09700000	2.77021055
1.09800000	2.79645017
1.09900000	2.82074611
1.10000000	2.84147865
1.10100000	2.85994357
1.10200000	2.87290141
1.10300000	2.88521136
1.10400000	2.89978892
1.10500000	2.91631017
1.10600000	2.93704271
1.10700000	2.95939498
1.10800000	2.97721201
1.10900000	2.98919801
1.11000000	3.00150796
1.11100000	3.01187423
1.11200000	3.01478975
1.11300000	3.01802921
1.11400000	3.02191656
1.11500000	3.03098705
1.11600000	3.04135332
1.11700000	3.04815618
1.11800000	3.05625483
1.11900000	3.05884640
1.12000000	3.05981824
1.12100000	3.05755062
1.12200000	3.05333932
1.12300000	3.04977591
1.12400000	3.04491672
1.12500000	3.03714202
1.12600000	3.03066310
1.12700000	3.01738131
1.12800000	3.00863477
1.12900000	3.00442347
1.13000000	2.99924034
1.13100000	2.98660644
1.13200000	2.97494439
1.13300000	2.96101471
1.13400000	2.94546531
1.13500000	2.92926801
1.13600000	2.91209887
1.13700000	2.89460579
1.13800000	2.87743665
1.13900000	2.85864779
1.14000000	2.83823919
1.14100000	2.82139401
1.14200000	2.80616855
1.14300000	2.78575995
1.14400000	2.76211190
1.14500000	2.73749201
1.14600000	2.70801294
1.14700000	2.67982964
1.14800000	2.65585765
1.14900000	2.62637857
1.15000000	2.59981501
1.15100000	2.57713880
1.15200000	2.55608232
1.15300000	2.53470189
1.15400000	2.51364541
1.15500000	2.48805369
1.15600000	2.46472959
1.15700000	2.44334917
1.15800000	2.42034902
1.15900000	2.39605308
1.16000000	2.36786980
1.16100000	2.34227808
1.16200000	2.32219344
1.16300000	2.30146091
1.16400000	2.27684103
1.16500000	2.25254509
1.16600000	2.23667175
1.16700000	2.21431949
1.16800000	2.19067145
1.16900000	2.16637552
1.17000000	2.14369932
1.17100000	2.12426257
1.17200000	2.10579767
1.17300000	2.09316378
1.17400000	2.07988201
1.17500000	2.07113547
1.17600000	2.06238894
1.17700000	2.05461424
1.17800000	2.04392403
1.17900000	2.03193804
1.18000000	2.01962810
1.18100000	2.00861395
1.18200000	2.00083925
1.18300000	1.99500823
1.18400000	1.99079693
1.18500000	1.98982509
1.18600000	1.98950115
1.18700000	1.98723353
1.18800000	1.98302223
1.18900000	1.98367013
1.19000000	1.99047299
1.19100000	1.99792374
1.19200000	1.99986741
1.19300000	2.00213503
1.19400000	2.00764211
1.19500000	2.01509286
1.19600000	2.02448729
1.19700000	2.03874090
1.19800000	2.05331846
1.19900000	2.06400867
1.20000000	2.07340309
1.20100000	2.08441725
1.20200000	2.09899481
1.20300000	2.11648788
1.20400000	2.13592462
1.20500000	2.15698109
1.20600000	2.17965730
1.20700000	2.19974193
1.20800000	2.21172793
1.20900000	2.22565760
1.21000000	2.24606618
1.21100000	2.27133395
1.21200000	2.29951723
1.21300000	2.32575684
1.21400000	2.34681332
1.21500000	2.36592612
1.21600000	2.38730654
1.21700000	2.40803908
1.21800000	2.42844766
1.21900000	2.45339149
1.22000000	2.47833532
1.22100000	2.50068758
1.22200000	2.51947644
1.22300000	2.54085687
1.22400000	2.56580070
1.22500000	2.59625161
1.22600000	2.62475884
1.22700000	2.64516743
1.22800000	2.66525208
1.22900000	2.68630856
1.23000000	2.70347769
1.23100000	2.71805526
1.23200000	2.73716807
1.23300000	2.75822455
1.23400000	2.77928104
1.23500000	2.79677412
1.23600000	2.81070379
1.23700000	2.82592925
1.23800000	2.84407022
1.23900000	2.86091541
1.24000000	2.87419719
1.24100000	2.88618319
1.24200000	2.89654946
1.24300000	2.90464811
1.24400000	2.91566228
1.24500000	2.92700038
1.24600000	2.93671876
1.24700000	2.94416952
1.24800000	2.94676109
1.24900000	2.95000055
1.25000000	2.95421185
1.25100000	2.95583158
1.25200000	2.95647947
1.25300000	2.96360628
1.25400000	2.96652179
1.25500000	2.96619785
1.25600000	2.96133866
1.25700000	2.95259212
1.25800000	2.94708504
1.25900000	2.94578925
1.26000000	2.94384558
1.26100000	2.93866244
1.26200000	2.93153563
1.26300000	2.92311303
1.26400000	2.91112703
1.26500000	2.89525368
1.26600000	2.88359163
1.26700000	2.86869011
1.26800000	2.85346465
1.26900000	2.83564763
1.27000000	2.81977428
1.27100000	2.80616855
1.27200000	2.79126703
1.27300000	2.77571763
1.27400000	2.75854850
1.27500000	2.74105542
1.27600000	2.71870315
1.27700000	2.69699878
1.27800000	2.68015359
1.27900000	2.66589997
1.28000000	2.64646322
1.28100000	2.62508279
1.28200000	2.59722344
1.28300000	2.57065988
1.28400000	2.54895551
1.28500000	2.52919482
1.28600000	2.51526514
1.28700000	2.49323683
1.28800000	2.47023667
1.28900000	2.45047598
1.29000000	2.42941950
1.29100000	2.40965880
1.29200000	2.38730654
1.29300000	2.37046136
1.29400000	2.35588380
1.29500000	2.33968651
1.29600000	2.32608079
1.29700000	2.30696799
1.29800000	2.28688335
1.29900000	2.26615082
1.30000000	2.24541829
1.30100000	2.23116467
1.30200000	2.22371392
1.30300000	2.21431949
1.30400000	2.20362928
1.30500000	2.19034751
1.30600000	2.17933335
1.30700000	2.17123471
1.30800000	2.16216423
1.30900000	2.14791061
1.31000000	2.13527673
1.31100000	2.12458652
1.31200000	2.11907944
1.31300000	2.11648788
1.31400000	2.11519209
1.31500000	2.11324842
1.31600000	2.10709345
1.31700000	2.10353005
1.31800000	2.10061453
1.31900000	2.10288215
1.32000000	2.10385399
1.32100000	2.10385399
1.32200000	2.10936107
1.32300000	2.11616393
1.32400000	2.12491046
1.32500000	2.13106543
1.32600000	2.13560067
1.32700000	2.14078381
1.32800000	2.14693878
1.32900000	2.15762899
1.33000000	2.16799525
1.33100000	2.18127703
1.33200000	2.19358696
1.33300000	2.20265745
1.33400000	2.21237582
1.33500000	2.22209419
1.33600000	2.23537597
1.33700000	2.25189720
1.33800000	2.26874238
1.33900000	2.28461573
1.34000000	2.29757356
1.34100000	2.30664404
1.34200000	2.32024976
1.34300000	2.33871467
1.34400000	2.36236272
1.34500000	2.38439103
1.34600000	2.40674329
1.34700000	2.42423637
1.34800000	2.44237733
1.34900000	2.45760279
1.35000000	2.47185640
1.35100000	2.48805369
1.35200000	2.50360309
1.35300000	2.51364541
1.35400000	2.52498352
1.35500000	2.54280054
1.35600000	2.55964573
1.35700000	2.57681486
1.35800000	2.59592766
1.35900000	2.61050523
1.36000000	2.62119544
1.36100000	2.63966035
1.36200000	2.65132241
1.36300000	2.66557602
1.36400000	2.68468883
1.36500000	2.70023823
1.36600000	2.71578764
1.36700000	2.72615391
1.36800000	2.73425255
1.36900000	2.73911174
1.37000000	2.74332304
1.37100000	2.74915407
1.37200000	2.75887244
1.37300000	2.76502742
1.37400000	2.76859082
1.37500000	2.77539368
1.37600000	2.78381628
1.37700000	2.79223887
1.37800000	2.79645017
1.37900000	2.79580228
1.38000000	2.79612622
1.38100000	2.79256282
1.38200000	2.78997125
1.38300000	2.79385860
1.38400000	2.79904174
1.38500000	2.80454882
1.38600000	2.80940801
1.38700000	2.81394325
1.38800000	2.80843617
1.38900000	2.79709806
1.39000000	2.78867547
1.39100000	2.78543601
1.39200000	2.78187260
1.39300000	2.78381628
1.39400000	2.78122471
1.39500000	2.77506974
1.39600000	2.76697109
1.39700000	2.75660482
1.39800000	2.74429488
1.39900000	2.73490045
1.40000000	2.72809758
1.40100000	2.71902710
1.40200000	2.71092845
1.40300000	2.69732272
1.40400000	2.67885781
1.40500000	2.66557602
1.40600000	2.65682949
1.40700000	2.64549138
1.40800000	2.63512511
1.40900000	2.62540674
1.41000000	2.61827993
1.41100000	2.61050523
1.41200000	2.59592766
1.41300000	2.57811064
1.41400000	2.55932178
1.41500000	2.54798367
1.41600000	2.53988503
1.41700000	2.52919482
1.41800000	2.52012433
1.41900000	2.51202569
1.42000000	2.50327915
1.42100000	2.49161710
1.42200000	2.47671559
1.42300000	2.45954646
1.42400000	2.44464495
1.42500000	2.43751814
1.42600000	2.43168712
1.42700000	2.42099691
1.42800000	2.40641935
1.42900000	2.39248968
1.43000000	2.37985579
1.43100000	2.37272898
1.43200000	2.36365850
1.43300000	2.35588380
1.43400000	2.35102461
1.43500000	2.34616543
1.43600000	2.33547522
1.43700000	2.32932025
1.43800000	2.32348922
1.43900000	2.31733425
1.44000000	2.30923561
1.44100000	2.30146091
1.44200000	2.29368621
1.44300000	2.29044675
1.44400000	2.29174253
1.44500000	2.29336226
1.44600000	2.28753124
1.44700000	2.28170021
1.44800000	2.27198184
1.44900000	2.26453109
1.45000000	2.25967190
1.45100000	2.26485503
1.45200000	2.26777055
1.45300000	2.26744660
1.45400000	2.26615082
1.45500000	2.26809449
1.45600000	2.27262973
1.45700000	2.27489735
1.45800000	2.27878470
1.45900000	2.28105232
1.46000000	2.28331994
1.46100000	2.28720729
1.46200000	2.29401015
1.46300000	2.30113696
1.46400000	2.30405247
1.46500000	2.30372853
1.46600000	2.31150323
1.46700000	2.32089765
1.46800000	2.32446106
1.46900000	2.32770052
1.47000000	2.33061603
1.47100000	2.33806678
1.47200000	2.34065835
1.47300000	2.34746121
1.47400000	2.35588380
1.47500000	2.36171483
1.47600000	2.37013742
1.47700000	2.37823606
1.47800000	2.39022206
1.47900000	2.40188411
1.48000000	2.41646167
1.48100000	2.42844766
1.48200000	2.44010971
1.48300000	2.44756047
1.48400000	2.45177176
1.48500000	2.46181408
1.48600000	2.46991273
1.48700000	2.47541981
1.48800000	2.48287056
1.48900000	2.48999737
1.49000000	2.49388472
1.49100000	2.50392704
1.49200000	2.51688487
1.49300000	2.52984271
1.49400000	2.54409632
1.49500000	2.55737810
1.49600000	2.56774437
1.49700000	2.57616696
1.49800000	2.58199799
1.49900000	2.58361772
1.50000000	2.59236426
1.50100000	2.59981501
1.50200000	2.60758971
1.50300000	2.61406863
1.50400000	2.61989966
1.50500000	2.62249122
1.50600000	2.62411095
1.50700000	2.63156171
1.50800000	2.63836457
1.50900000	2.64160403
1.51000000	2.64840689
1.51100000	2.65618159
1.51200000	2.66395629
1.51300000	2.67302678
1.51400000	2.68339305
1.51500000	2.69116775
1.51600000	2.69311142
1.51700000	2.69408326
1.51800000	2.69408326
1.51900000	2.69084380
1.52000000	2.69246353
1.52100000	2.69635088
1.52200000	2.69926640
1.52300000	2.70282980
1.52400000	2.70768899
1.52500000	2.70768899
1.52600000	2.70768899
1.52700000	2.69991429
1.52800000	2.69408326
1.52900000	2.69440721
1.53000000	2.69602694
1.53100000	2.69375932
1.53200000	2.68857618
1.53300000	2.68468883
1.53400000	2.68436489
1.53500000	2.68112543
1.53600000	2.67367467
1.53700000	2.66136473
1.53800000	2.65520976
1.53900000	2.65456186
1.54000000	2.65294213
1.54100000	2.65164635
1.54200000	2.64840689
1.54300000	2.64257587
1.54400000	2.63447722
1.54500000	2.63318144
1.54600000	2.62443490
1.54700000	2.61212495
1.54800000	2.60143474
1.54900000	2.59074453
1.55000000	2.58491350
1.55100000	2.57616696
1.55200000	2.56158940
1.55300000	2.55025130
1.55400000	2.54182870
1.55500000	2.53632162
1.55600000	2.53081454
1.55700000	2.52465957
1.55800000	2.52239195
1.55900000	2.51623698
1.56000000	2.50489888
1.56100000	2.48999737
1.56200000	2.47801137
1.56300000	2.46796905
1.56400000	2.46149014
1.56500000	2.45857462
1.56600000	2.45501122
1.56700000	2.44723652
1.56800000	2.43622236
1.56900000	2.42520820
1.57000000	2.41484194
1.57100000	2.40317989
1.57200000	2.39605308
1.57300000	2.39022206
1.57400000	2.38244736
1.57500000	2.37467266
1.57600000	2.36430639
1.57700000	2.35134856
1.57800000	2.34810910
1.57900000	2.34616543
1.58000000	2.34195413
1.58100000	2.33450338
1.58200000	2.33061603
1.58300000	2.32964419
1.58400000	2.32770052
1.58500000	2.32089765
1.58600000	2.31441874
1.58700000	2.31247506
1.58800000	2.31377085
1.58900000	2.30923561
1.59000000	2.30567220
1.59100000	2.30664404
1.59200000	2.30534826
1.59300000	2.30793982
1.59400000	2.31279901
1.59500000	2.31215112
1.59600000	2.31279901
1.59700000	2.31474268
1.59800000	2.31895398
1.59900000	2.32446106
1.60000000	2.32446106
1.60100000	2.32348922
1.60200000	2.32251738
1.60300000	2.32446106
1.60400000	2.32802446
1.60500000	2.33255970
1.60600000	2.33903862
1.60700000	2.34584148
1.60800000	2.35005278
1.60900000	2.35426407
1.61000000	2.35653169
1.61100000	2.36236272
1.61200000	2.37564449
1.61300000	2.38892627
1.61400000	2.39637703
1.61500000	2.40447567
1.61600000	2.40836302
1.61700000	2.41840534
1.61800000	2.42553215
1.61900000	2.43298290
1.62000000	2.44529284
1.62100000	2.45792673
1.62200000	2.47412402
1.62300000	2.48189872
1.62400000	2.48611002
1.62500000	2.48934948
1.62600000	2.49615234
1.62700000	2.50716650
1.62800000	2.51688487
1.62900000	2.52627930
1.63000000	2.53599768
1.63100000	2.54377238
1.63200000	2.55187102
1.63300000	2.55802600
1.63400000	2.56418097
1.63500000	2.56904016
1.63600000	2.57973037
1.63700000	2.58685718
1.63800000	2.59430793
1.63900000	2.60596998
1.64000000	2.61633625
1.64100000	2.62475884
1.64200000	2.63674484
1.64300000	2.64419560
1.64400000	2.64808295
1.64500000	2.65099846
1.64600000	2.65520976
1.64700000	2.66298446
1.64800000	2.67011127
1.64900000	2.67173100
1.65000000	2.67173100
1.65100000	2.67367467
1.65200000	2.67270283
1.65300000	2.67659018
1.65400000	2.67788597
1.65500000	2.68112543
1.65600000	2.68663251
1.65700000	2.68630856
1.65800000	2.68339305
1.65900000	2.68015359
1.66000000	2.68047753
1.66100000	2.68242121
1.66200000	2.68663251
1.66300000	2.68728040
1.66400000	2.68274516
1.66500000	2.67853386
1.66600000	2.67594229
1.66700000	2.67853386
1.66800000	2.67659018
1.66900000	2.67464651
1.67000000	2.66654786
1.67100000	2.65682949
1.67200000	2.64419560
1.67300000	2.63350538
1.67400000	2.63220960
1.67500000	2.62961803
1.67600000	2.62670252
1.67700000	2.62216728
1.67800000	2.61342074
1.67900000	2.60564604
1.68000000	2.60175869
1.68100000	2.59657555
1.68200000	2.58588534
1.68300000	2.57584302
1.68400000	2.56580070
1.68500000	2.55932178
1.68600000	2.54863157
1.68700000	2.53567373
1.68800000	2.52498352
1.68900000	2.51818066
1.69000000	2.51364541
1.69100000	2.51008201
1.69200000	2.50360309
1.69300000	2.49096921
1.69400000	2.47574375
1.69500000	2.46408170
1.69600000	2.45760279
1.69700000	2.45565911
1.69800000	2.45079992
1.69900000	2.43816604
1.70000000	2.42747582
1.70100000	2.41613772
1.70200000	2.40771513
1.70300000	2.40253200
1.70400000	2.39475730
1.70500000	2.38860233
1.70600000	2.38568681
1.70700000	2.38179946
1.70800000	2.37434871
1.70900000	2.36948952
1.71000000	2.36592612
1.71100000	2.36268666
1.71200000	2.35264434
1.71300000	2.34130624
1.71400000	2.33288365
1.71500000	2.33255970
1.71600000	2.33547522
1.71700000	2.33223576
1.71800000	2.32964419
1.71900000	2.32672868
1.72000000	2.32867235
1.72100000	2.33288365
1.72200000	2.33093997
1.72300000	2.33029208
1.72400000	2.32996814
1.72500000	2.33417943
1.72600000	2.34065835
1.72700000	2.34065835
1.72800000	2.33774284
1.72900000	2.33806678
1.73000000	2.34033440
1.73100000	2.34389781
1.73200000	2.34778516
1.73300000	2.35588380
1.73400000	2.36203877
1.73500000	2.36884163
1.73600000	2.37661633
1.73700000	2.37758817
1.73800000	2.38536287
1.73900000	2.39119389
1.74000000	2.39767281
1.74100000	2.40285594
1.74200000	2.41095459
1.74300000	2.41581378
1.74400000	2.42358847
1.74500000	2.43589842
1.74600000	2.44853230
1.74700000	2.45533517
1.74800000	2.45565911
1.74900000	2.45954646
1.75000000	2.46472959
1.75100000	2.47347613
1.75200000	2.48449029
1.75300000	2.49388472
1.75400000	2.50619466
1.75500000	2.51072990
1.75600000	2.51558909
1.75700000	2.52595536
1.75800000	2.54247660
1.75900000	2.55089919
1.76000000	2.55770205
1.76100000	2.56191335
1.76200000	2.56223729
1.76300000	2.56482886
1.76400000	2.56936410
1.76500000	2.57519513
1.76600000	2.57713880
1.76700000	2.57843458
1.76800000	2.58296983
1.76900000	2.59106847
1.77000000	2.60273052
1.77100000	2.60758971
1.77200000	2.60791366
1.77300000	2.60791366
1.77400000	2.61212495
1.77500000	2.62378701
1.77600000	2.63188565
1.77700000	2.63415327
1.77800000	2.63674484
1.77900000	2.63998430
1.78000000	2.64225192
1.78100000	2.64354770
1.78200000	2.64549138
1.78300000	2.64160403
1.78400000	2.63544906
1.78500000	2.63026592
1.78600000	2.62767436
1.78700000	2.62864619
1.78800000	2.63350538
1.78900000	2.63577300
1.79000000	2.63577300
1.79100000	2.63253354
1.79200000	2.62411095
1.79300000	2.61795598
1.79400000	2.61860387
1.79500000	2.62087149
1.79600000	2.62119544
1.79700000	2.61666020
1.79800000	2.60985733
1.79900000	2.60208263
1.80000000	2.59819528
1.80100000	2.59333609
1.80200000	2.58620929
1.80300000	2.58070221
1.80400000	2.58037826
1.80500000	2.57843458
1.80600000	2.56839226
1.80700000	2.55996967
1.80800000	2.55640627
1.80900000	2.55511048
1.81000000	2.55122313
1.81100000	2.53858924
1.81200000	2.53081454
1.81300000	2.52433563
1.81400000	2.52174406
1.81500000	2.51591304
1.81600000	2.50684255
1.81700000	2.50133547
1.81800000	2.50198336
1.81900000	2.49680023
1.82000000	2.48934948
1.82100000	2.47444797
1.82200000	2.46408170
1.82300000	2.46408170
1.82400000	2.46246197
1.82500000	2.45825068
1.82600000	2.45274360
1.82700000	2.45112387
1.82800000	2.43978577
1.82900000	2.44237733
1.83000000	2.43816604
1.83100000	2.43687025
1.83200000	2.43460263
1.83300000	2.42909555
1.83400000	2.42520820
1.83500000	2.42067296
1.83600000	2.42002507
1.83700000	2.42261664
1.83800000	2.42877161
1.83900000	2.42974345
1.84000000	2.42488426
1.84100000	2.41808140
1.84200000	2.41289826
1.84300000	2.41095459
1.84400000	2.40739118
1.84500000	2.40350383
1.84600000	2.39896859
1.84700000	2.39961648
1.84800000	2.40382778
1.84900000	2.40836302
1.85000000	2.40674329
1.85100000	2.40512356
1.85200000	2.40577145
1.85300000	2.40771513
1.85400000	2.41289826
1.85500000	2.41840534
1.85600000	2.42229269
1.85700000	2.42423637
1.85800000	2.42229269
1.85900000	2.42099691
1.86000000	2.41905323
1.86100000	2.41808140
1.86200000	2.42229269
1.86300000	2.43298290
1.86400000	2.44140549
1.86500000	2.44885625
1.86600000	2.44950414
1.86700000	2.45047598
1.86800000	2.44756047
1.86900000	2.45047598
1.87000000	2.45371544
1.87100000	2.45922251
1.87200000	2.46699721
1.87300000	2.47768743
1.87400000	2.48125083
1.87500000	2.48157478
1.87600000	2.48740580
1.87700000	2.49744812
1.87800000	2.50230731
1.87900000	2.50392704
1.88000000	2.50522282
1.88100000	2.50263126
1.88200000	2.50101153
1.88300000	2.50425099
1.88400000	2.50749044
1.88500000	2.51072990
1.88600000	2.50943412
1.88700000	2.50651861
1.88800000	2.50749044
1.88900000	2.51170174
1.89000000	2.51494120
1.89100000	2.51850460
1.89200000	2.52044828
1.89300000	2.52465957
1.89400000	2.52757509
1.89500000	2.53534979
1.89600000	2.54085687
1.89700000	2.53923714
1.89800000	2.53632162
1.89900000	2.53275822
1.90000000	2.53081454
1.90100000	2.53599768
1.90200000	2.54604000
1.90300000	2.55349075
1.90400000	2.55640627
1.90500000	2.55154708
1.90600000	2.54344843
1.90700000	2.54280054
1.90800000	2.54733578
1.90900000	2.55543443
1.91000000	2.56061756
1.91100000	2.56158940
1.91200000	2.55802600
1.91300000	2.55640627
1.91400000	2.55640627
1.91500000	2.55122313
1.91600000	2.54765973
1.91700000	2.54830762
1.91800000	2.54895551
1.91900000	2.55122313
1.92000000	2.55543443
1.92100000	2.55446259
1.92200000	2.55543443
1.92300000	2.55446259
1.92400000	2.55316681
1.92500000	2.55187102
1.92600000	2.54992735
1.92700000	2.55187102
1.92800000	2.55284286
1.92900000	2.55316681
1.93000000	2.54960340
1.93100000	2.54344843
1.93200000	2.53923714
1.93300000	2.53534979
1.93400000	2.53826530
1.93500000	2.54150476
1.93600000	2.54571605
1.93700000	2.54571605
1.93800000	2.53729346
1.93900000	2.53437795
1.94000000	2.52919482
1.94100000	2.52757509
1.94200000	2.52725114
1.94300000	2.52887087
1.94400000	2.53146244
1.94500000	2.53340611
1.94600000	2.53373006
1.94700000	2.53340611
1.94800000	2.53049060
1.94900000	2.52401168
1.95000000	2.52109617
1.95100000	2.51623698
1.95200000	2.50943412
1.95300000	2.50878623
1.95400000	2.50522282
1.95500000	2.50263126
1.95600000	2.50975806
1.95700000	2.51558909
1.95800000	2.51882855
1.95900000	2.51688487
1.96000000	2.51202569
1.96100000	2.50360309
1.96200000	2.50101153
1.96300000	2.50003969
1.96400000	2.50036364
1.96500000	2.50198336
1.96600000	2.49680023
1.96700000	2.48611002
1.96800000	2.47898321
1.96900000	2.47380008
1.97000000	2.47703954
1.97100000	2.48319451
1.97200000	2.48449029
1.97300000	2.48189872
1.97400000	2.47963110
1.97500000	2.47736348
1.97600000	2.47898321
1.97700000	2.47865926
1.97800000	2.47606770
1.97900000	2.47185640
1.98000000	2.46829300
1.98100000	2.46796905
1.98200000	2.46796905
1.98300000	2.46375776
1.98400000	2.46310986
1.98500000	2.46343381
1.98600000	2.46310986
1.98700000	2.46246197
1.98800000	2.45889857
1.98900000	2.44982809
1.99000000	2.44205339
1.99100000	2.43784209
1.99200000	2.43848998
1.99300000	2.44172944
1.99400000	2.44561679
1.99500000	2.44561679
1.99600000	2.44982809
1.99700000	2.45209571
1.99800000	2.45501122
1.99900000	2.45792673
2.00000000	2.45825068
2.00100000	2.45727884
2.00200000	2.45403938
2.00300000	2.45112387
2.00400000	2.44885625
2.00500000	2.45241965
2.00600000	2.45306754
2.00700000	2.45209571
2.00800000	2.45306754
2.00900000	2.45403938
2.01000000	2.45565911
2.01100000	2.45792673
2.01200000	2.45727884
2.01300000	2.45209571
2.01400000	2.45209571
2.01500000	2.45144782
2.01600000	2.45274360
2.01700000	2.45695489
2.01800000	2.46084224
2.01900000	2.46181408
2.02000000	2.46796905
2.02100000	2.47315219
2.02200000	2.47768743
2.02300000	2.47833532
2.02400000	2.47541981
2.02500000	2.47703954
2.02600000	2.48384240
2.02700000	2.48708186
2.02800000	2.49161710
2.02900000	2.49906785
2.03000000	2.50813834
2.03100000	2.51364541
2.03200000	2.51558909
2.03300000	2.51526514
2.03400000	2.51105385
2.03500000	2.51267358
2.03600000	2.51688487
2.03700000	2.51915249
2.03800000	2.52498352
2.03900000	2.53081454
2.04000000	2.53275822
2.04100000	2.53632162
2.04200000	2.53373006
2.04300000	2.53049060
2.04400000	2.53437795
2.04500000	2.54053292
2.04600000	2.54020897
2.04700000	2.53923714
2.04800000	2.53761741
2.04900000	2.53956108
2.05000000	2.54636395
2.05100000	2.55673021
2.05200000	2.56191335
2.05300000	2.56547675
2.05400000	2.56871621
2.05500000	2.57130778
2.05600000	2.57098383
2.05700000	2.57001199
2.05800000	2.56904016
2.05900000	2.57098383
2.06000000	2.57292751
2.06100000	2.57065988
2.06200000	2.56612464
2.06300000	2.56547675
2.06400000	2.56515280
2.06500000	2.56191335
2.06600000	2.56385702
2.06700000	2.56061756
2.06800000	2.55737810
2.06900000	2.55737810
2.07000000	2.56320913
2.07100000	2.56806832
2.07200000	2.56839226
2.07300000	2.56482886
2.07400000	2.55834994
2.07500000	2.55511048
2.07600000	2.55349075
2.07700000	2.55219497
2.07800000	2.55251892
2.07900000	2.55543443
2.08000000	2.55413865
2.08100000	2.55219497
2.08200000	2.54442027
2.08300000	2.53826530
2.08400000	2.53373006
2.08500000	2.52563141
2.08600000	2.52109617
2.08700000	2.52206801
2.08800000	2.52401168
2.08900000	2.52498352
2.09000000	2.52174406
2.09100000	2.51720882
2.09200000	2.51494120
2.09300000	2.50943412
2.09400000	2.50133547
2.09500000	2.49680023
2.09600000	2.49388472
2.09700000	2.49096921
2.09800000	2.48675791
2.09900000	2.48611002
2.10000000	2.48254661
2.10100000	2.48189872
2.10200000	2.48351845
2.10300000	2.48027899
2.10400000	2.47347613
2.10500000	2.46408170
2.10600000	2.45565911
2.10700000	2.45177176
2.10800000	2.44950414
2.10900000	2.44950414
2.11000000	2.44529284
2.11100000	2.43946182
2.11200000	2.43654631
2.11300000	2.43687025
2.11400000	2.44075760
2.11500000	2.44561679
2.11600000	2.44367312
2.11700000	2.44140549
2.11800000	2.43784209
2.11900000	2.43201107
2.12000000	2.43006739
2.12100000	2.43168712
2.12200000	2.43201107
2.12300000	2.43330685
2.12400000	2.43492658
2.12500000	2.43168712
2.12600000	2.42974345
2.12700000	2.42941950
2.12800000	2.43168712
2.12900000	2.43071528
2.13000000	2.43363079
2.13100000	2.43136317
2.13200000	2.42941950
2.13300000	2.42941950
2.13400000	2.43265896
2.13500000	2.43719420
2.13600000	2.44561679
2.13700000	2.45468727
2.13800000	2.45565911
2.13900000	2.45630700
2.14000000	2.45403938
2.14100000	2.45079992
2.14200000	2.45371544
2.14300000	2.46310986
2.14400000	2.47185640
2.14500000	2.47412402
2.14600000	2.47056062
2.14700000	2.46796905
2.14800000	2.47282824
2.14900000	2.47639164
2.15000000	2.47833532
2.15100000	2.48384240
2.15200000	2.48999737
2.15300000	2.49680023
2.15400000	2.49582839
2.15500000	2.49518050
2.15600000	2.49712418
2.15700000	2.50587071
2.15800000	2.51332147
2.15900000	2.51785671
2.16000000	2.52433563
2.16100000	2.53081454
2.16200000	2.53211033
2.16300000	2.53632162
2.16400000	2.54020897
2.16500000	2.54312449
2.16600000	2.54604000
2.16700000	2.54895551
2.16800000	2.55575838
2.16900000	2.55867389
2.17000000	2.55996967
2.17100000	2.55996967
2.17200000	2.55737810
2.17300000	2.55057524
2.17400000	2.55251892
2.17500000	2.55705416
2.17600000	2.56288518
2.17700000	2.56612464
2.17800000	2.56936410
2.17900000	2.56936410
2.18000000	2.56644859
2.18100000	2.56644859
2.18200000	2.56936410
2.18300000	2.57551907
2.18400000	2.58232194
2.18500000	2.58135010
2.18600000	2.57325145
2.18700000	2.56320913
2.18800000	2.56094151
2.18900000	2.56126545
2.19000000	2.56385702
2.19100000	2.56353308
2.19200000	2.56547675
2.19300000	2.56742043
2.19400000	2.56644859
2.19500000	2.55996967
2.19600000	2.55478654
2.19700000	2.55284286
2.19800000	2.55705416
2.19900000	2.55187102
2.20000000	2.54863157
2.20100000	2.54150476
2.20200000	2.53113849
2.20300000	2.52271590
2.20400000	2.52012433
2.20500000	2.52012433
2.20600000	2.52563141
2.20700000	2.52012433
2.20800000	2.51623698
2.20900000	2.51785671
2.21000000	2.51947644
2.21100000	2.51753277
2.21200000	2.51688487
2.21300000	2.51494120
2.21400000	2.51299752
2.21500000	2.50457493
2.21600000	2.49550445
2.21700000	2.49129315
2.21800000	2.48513818
2.21900000	2.48027899
2.22000000	2.48060294
2.22100000	2.48060294
2.22200000	2.47930716
2.22300000	2.47574375
2.22400000	2.46861694
2.22500000	2.46667327
2.22600000	2.46602538
2.22700000	2.46440565
2.22800000	2.46375776
2.22900000	2.46116619
2.23000000	2.45598306
2.23100000	2.45306754
2.23200000	2.45468727
2.23300000	2.45015203
2.23400000	2.44432101
2.23500000	2.44334917
2.23600000	2.43881393
2.23700000	2.43978577
2.23800000	2.44108155
2.23900000	2.44205339
2.24000000	2.44496890
2.24100000	2.44723652
2.24200000	2.44788441
2.24300000	2.44464495
2.24400000	2.44205339
2.24500000	2.44270128
2.24600000	2.44820836
2.24700000	2.44950414
2.24800000	2.44691257
2.24900000	2.44529284
2.25000000	2.44367312
2.25100000	2.44205339
2.25200000	2.44756047
2.25300000	2.45565911
2.25400000	2.46149014
2.25500000	2.46472959
2.25600000	2.46051830
2.25700000	2.46051830
2.25800000	2.46472959
2.25900000	2.46602538
2.26000000	2.46570143
2.26100000	2.46732116
2.26200000	2.46570143
2.26300000	2.46764511
2.26400000	2.47088456
2.26500000	2.48092689
2.26600000	2.49032131
2.26700000	2.49841996
2.26800000	2.49420866
2.26900000	2.49096921
2.27000000	2.49226499
2.27100000	2.49420866
2.27200000	2.49615234
2.27300000	2.50101153
2.27400000	2.50716650
2.27500000	2.51396936
2.27600000	2.51753277
2.27700000	2.52077222
2.27800000	2.52401168
2.27900000	2.52757509
2.28000000	2.52757509
2.28100000	2.52627930
2.28200000	2.52692719
2.28300000	2.52822298
2.28400000	2.53373006
2.28500000	2.53988503
2.28600000	2.54118081
2.28700000	2.53761741
2.28800000	2.53502584
2.28900000	2.53729346
2.29000000	2.54215265
2.29100000	2.54927946
2.29200000	2.55446259
2.29300000	2.55219497
2.29400000	2.54798367
2.29500000	2.54701184
2.29600000	2.54539211
2.29700000	2.54895551
2.29800000	2.55025130
2.29900000	2.54863157
2.30000000	2.54636395
2.30100000	2.54506816
2.30200000	2.53988503
2.30300000	2.54020897
2.30400000	2.54085687
2.30500000	2.54118081
2.30600000	2.54085687
2.30700000	2.53988503
2.30800000	2.53988503
2.30900000	2.54636395
2.31000000	2.54150476
2.31100000	2.53340611
2.31200000	2.53016665
2.31300000	2.52757509
2.31400000	2.52725114
2.31500000	2.52919482
2.31600000	2.52919482
2.31700000	2.53308217
2.31800000	2.52919482
2.31900000	2.51915249
2.32000000	2.51720882
2.32100000	2.51688487
2.32200000	2.51623698
2.32300000	2.51785671
2.32400000	2.51980039
2.32500000	2.52142012
2.32600000	2.51364541
2.32700000	2.50716650
2.32800000	2.50587071
2.32900000	2.49939180
2.33000000	2.49550445
2.33100000	2.49582839
2.33200000	2.48902553
2.33300000	2.48481424
2.33400000	2.48643396
2.33500000	2.48837764
2.33600000	2.48708186
2.33700000	2.48481424
2.33800000	2.48546213
2.33900000	2.48643396
2.34000000	2.48967342
2.34100000	2.48967342
2.34200000	2.48708186
2.34300000	2.49096921
2.34400000	2.48999737
2.34500000	2.48351845
2.34600000	2.47541981
2.34700000	2.46894089
2.34800000	2.47282824
2.34900000	2.47995505
2.35000000	2.48189872
2.35100000	2.47444797
2.35200000	2.46861694
2.35300000	2.46861694
2.35400000	2.47185640
2.35500000	2.47185640
2.35600000	2.46926484
2.35700000	2.47218035
2.35800000	2.47477191
2.35900000	2.47606770
2.36000000	2.47444797
2.36100000	2.47120851
2.36200000	2.47380008
2.36300000	2.48027899
2.36400000	2.48902553
2.36500000	2.48837764
2.36600000	2.48611002
2.36700000	2.48157478
2.36800000	2.47703954
2.36900000	2.47865926
2.37000000	2.48189872
2.37100000	2.48643396
2.37200000	2.49226499
2.37300000	2.49777207
2.37400000	2.49518050
2.37500000	2.48999737
2.37600000	2.48999737
2.37700000	2.49032131
2.37800000	2.49291288
2.37900000	2.49777207
2.38000000	2.50457493
2.38100000	2.50975806
2.38200000	2.50813834
2.38300000	2.50392704
2.38400000	2.49777207
2.38500000	2.49388472
2.38600000	2.49680023
2.38700000	2.50295520
2.38800000	2.50781439
2.38900000	2.50975806
2.39000000	2.51364541
2.39100000	2.51234963
2.39200000	2.50943412
2.39300000	2.51040596
2.39400000	2.51429331
2.39500000	2.51656093
2.39600000	2.51656093
2.39700000	2.51332147
2.39800000	2.50651861
2.39900000	2.50327915
2.40000000	2.50263126
2.40100000	2.50425099
2.40200000	2.50878623
2.40300000	2.51332147
2.40400000	2.51364541
2.40500000	2.50619466
2.40600000	2.49582839
2.40700000	2.49226499
2.40800000	2.49453261
2.40900000	2.50360309
2.41000000	2.51202569
2.41100000	2.51072990
2.41200000	2.50587071
2.41300000	2.50068758
2.41400000	2.50165942
2.41500000	2.50198336
2.41600000	2.50781439
2.41700000	2.51105385
2.41800000	2.50781439
2.41900000	2.50392704
2.42000000	2.50230731
2.42100000	2.49971574
2.42200000	2.50716650
2.42300000	2.51623698
2.42400000	2.51980039
2.42500000	2.51818066
2.42600000	2.51526514
2.42700000	2.50295520
2.42800000	2.49453261
2.42900000	2.48837764
2.43000000	2.48611002
2.43100000	2.48643396
2.43200000	2.49064526
2.43300000	2.49615234
2.43400000	2.49744812
2.43500000	2.49971574
2.43600000	2.49582839
2.43700000	2.49744812
2.43800000	2.49777207
2.43900000	2.49453261
2.44000000	2.49129315
2.44100000	2.49777207
2.44200000	2.50554677
2.44300000	2.51008201
2.44400000	2.50878623
2.44500000	2.50198336
2.44600000	2.49906785
2.44700000	2.50101153
2.44800000	2.50263126
2.44900000	2.50295520
2.45000000	2.50392704
2.45100000	2.50489888
2.45200000	2.50911017
2.45300000	2.50911017
2.45400000	2.50230731
2.45500000	2.49680023
2.45600000	2.49777207
2.45700000	2.50716650
2.45800000	2.51494120
2.45900000	2.51234963
2.46000000	2.50263126
2.46100000	2.49809601
2.46200000	2.50327915
2.46300000	2.50619466
2.46400000	2.51040596
2.46500000	2.51137779
2.46600000	2.51234963
2.46700000	2.51526514
2.46800000	2.51850460
2.46900000	2.51753277
2.47000000	2.51915249
2.47100000	2.51882855
2.47200000	2.51494120
2.47300000	2.51170174
2.47400000	2.50846228
2.47500000	2.50813834
2.47600000	2.50943412
2.47700000	2.51072990
2.47800000	2.51202569
2.47900000	2.51558909
2.48000000	2.51656093
2.48100000	2.51623698
2.48200000	2.51364541
2.48300000	2.51623698
2.48400000	2.51882855
2.48500000	2.51494120
2.48600000	2.51364541
2.48700000	2.51526514
2.48800000	2.51429331
2.48900000	2.51170174
2.49000000	2.51299752
2.49100000	2.51656093
2.49200000	2.51850460
2.49300000	2.52077222
2.49400000	2.51623698
2.49500000	2.51170174
2.49600000	2.50230731
2.49700000	2.49485656
2.49800000	2.49680023
2.49900000	2.49874391
2.50000000	2.50230731
2.50100000	2.50684255
2.50200000	2.50425099
2.50300000	2.50392704
2.50400000	2.49777207
2.50500000	2.49485656
2.50600000	2.49874391
2.50700000	2.49777207
2.50800000	2.49777207
2.50900000	2.50003969
2.51000000	2.49518050
2.51100000	2.48870159
2.51200000	2.48351845
2.51300000	2.47963110
2.51400000	2.47606770
2.51500000	2.47703954
2.51600000	2.48092689
2.51700000	2.48611002
2.51800000	2.49226499
2.51900000	2.49194104
2.52000000	2.48934948
2.52100000	2.49032131
2.52200000	2.48837764
2.52300000	2.48449029
2.52400000	2.48027899
2.52500000	2.47865926
2.52600000	2.47736348
2.52700000	2.47574375
2.52800000	2.47315219
2.52900000	2.46764511
2.53000000	2.46829300
2.53100000	2.47315219
2.53200000	2.47477191
2.53300000	2.47606770
2.53400000	2.47768743
2.53500000	2.48222267
2.53600000	2.48157478
2.53700000	2.47930716
2.53800000	2.47509586
2.53900000	2.47185640
2.54000000	2.47477191
2.54100000	2.48254661
2.54200000	2.48772975
2.54300000	2.48578607
2.54400000	2.48384240
2.54500000	2.48189872
2.54600000	2.48351845
2.54700000	2.48578607
2.54800000	2.48870159
2.54900000	2.49485656
2.55000000	2.49712418
2.55100000	2.49291288
2.55200000	2.48740580
2.55300000	2.48578607
2.55400000	2.48546213
2.55500000	2.49129315
2.55600000	2.49939180
2.55700000	2.50554677
2.55800000	2.50619466
2.55900000	2.50133547
2.56000000	2.49744812
2.56100000	2.49356077
2.56200000	2.49518050
2.56300000	2.49841996
2.56400000	2.50587071
2.56500000	2.51461725
2.56600000	2.51461725
2.56700000	2.51494120
2.56800000	2.51332147
2.56900000	2.51040596
2.57000000	2.52012433
2.57100000	2.52660325
2.57200000	2.52303984
2.57300000	2.52044828
2.57400000	2.52077222
2.57500000	2.52433563
2.57600000	2.53049060
2.57700000	2.53308217
2.57800000	2.53016665
2.57900000	2.53275822
2.58000000	2.54020897
2.58100000	2.54247660
2.58200000	2.54668789
2.58300000	2.54506816
2.58400000	2.54733578
2.58500000	2.54798367
2.58600000	2.54150476
2.58700000	2.53794135
2.58800000	2.53826530
2.58900000	2.53632162
2.59000000	2.52660325
2.59100000	2.52142012
2.59200000	2.52627930
2.59300000	2.53243427
2.59400000	2.53599768
2.59500000	2.53729346
2.59600000	2.53502584
2.59700000	2.53437795
2.59800000	2.53632162
2.59900000	2.53632162
2.60000000	2.53373006
2.60100000	2.52498352
2.60200000	2.51980039
2.60300000	2.52336379
2.60400000	2.53113849
2.60500000	2.53502584
2.60600000	2.52887087
2.60700000	2.51785671
2.60800000	2.51396936
2.60900000	2.51623698
2.61000000	2.52077222
2.61100000	2.51656093
2.61200000	2.51137779
2.61300000	2.50295520
2.61400000	2.49874391
2.61500000	2.49712418
2.61600000	2.49647629
2.61700000	2.49680023
2.61800000	2.50003969
2.61900000	2.49841996
2.62000000	2.49777207
2.62100000	2.49291288
2.62200000	2.49032131
2.62300000	2.49194104
2.62400000	2.49194104
2.62500000	2.48870159
2.62600000	2.48351845
2.62700000	2.47541981
2.62800000	2.47509586
2.62900000	2.47930716
2.63000000	2.48578607
2.63100000	2.48481424
2.63200000	2.47477191
2.63300000	2.46699721
2.63400000	2.46505354
2.63500000	2.46634932
2.63600000	2.46991273
2.63700000	2.47218035
2.63800000	2.47088456
2.63900000	2.46699721
2.64000000	2.46667327
2.64100000	2.46796905
2.64200000	2.46829300
2.64300000	2.46634932
2.64400000	2.46634932
2.64500000	2.46537749
2.64600000	2.46958878
2.64700000	2.47185640
2.64800000	2.47541981
2.64900000	2.47671559
2.65000000	2.47185640
2.65100000	2.46991273
2.65200000	2.46699721
2.65300000	2.46472959
2.65400000	2.46472959
2.65500000	2.46894089
2.65600000	2.47023667
2.65700000	2.47056062
2.65800000	2.47218035
2.65900000	2.47412402
2.66000000	2.47509586
2.66100000	2.47509586
2.66200000	2.47639164
2.66300000	2.48027899
2.66400000	2.48546213
2.66500000	2.49032131
2.66600000	2.49615234
2.66700000	2.49777207
2.66800000	2.49258894
2.66900000	2.49032131
2.67000000	2.49194104
2.67100000	2.49161710
2.67200000	2.50133547
2.67300000	2.50846228
2.67400000	2.51137779
2.67500000	2.50749044
2.67600000	2.50522282
2.67700000	2.50489888
2.67800000	2.51234963
2.67900000	2.51753277
2.68000000	2.51429331
2.68100000	2.50781439
2.68200000	2.50587071
2.68300000	2.51170174
2.68400000	2.52044828
2.68500000	2.52563141
2.68600000	2.52465957
2.68700000	2.52077222
2.68800000	2.51558909
2.68900000	2.51494120
2.69000000	2.52336379
2.69100000	2.53599768
2.69200000	2.54409632
2.69300000	2.54604000
2.69400000	2.54215265
2.69500000	2.53826530
2.69600000	2.53340611
2.69700000	2.53470189
2.69800000	2.53794135
2.69900000	2.53437795
2.70000000	2.52887087
2.70100000	2.53016665
2.70200000	2.53534979
2.70300000	2.53794135
2.70400000	2.53923714
2.70500000	2.53437795
2.70600000	2.52951876
2.70700000	2.52660325
2.70800000	2.52401168
2.70900000	2.53081454
2.71000000	2.53340611
2.71100000	2.53470189
2.71200000	2.53243427
2.71300000	2.52401168
2.71400000	2.51882855
2.71500000	2.52109617
2.71600000	2.52498352
2.71700000	2.52757509
2.71800000	2.53016665
2.71900000	2.53534979
2.72000000	2.52822298
2.72100000	2.51785671
2.72200000	2.51267358
2.72300000	2.51105385
2.72400000	2.51137779
2.72500000	2.51364541
2.72600000	2.51720882
2.72700000	2.52044828
2.72800000	2.51137779
2.72900000	2.50101153
2.73000000	2.49647629
2.73100000	2.49939180
2.73200000	2.49841996
2.73300000	2.50133547
2.73400000	2.49841996
2.73500000	2.48740580
2.73600000	2.47639164
2.73700000	2.47671559
2.73800000	2.48222267
2.73900000	2.48578607
2.74000000	2.48611002
2.74100000	2.48351845
2.74200000	2.48125083
2.74300000	2.47865926
2.74400000	2.47898321
2.74500000	2.47865926
2.74600000	2.47444797
2.74700000	2.47250429
2.74800000	2.47639164
2.74900000	2.48092689
2.75000000	2.47995505
2.75100000	2.47963110
2.75200000	2.47930716
2.75300000	2.47380008
2.75400000	2.46764511
2.75500000	2.46440565
2.75600000	2.46602538
2.75700000	2.47703954
2.75800000	2.48902553
2.75900000	2.48870159
2.76000000	2.48513818
2.76100000	2.47250429
2.76200000	2.47088456
2.76300000	2.47218035
2.76400000	2.47153246
2.76500000	2.46667327
2.76600000	2.47023667
2.76700000	2.47444797
2.76800000	2.47963110
2.76900000	2.48125083
2.77000000	2.47768743
2.77100000	2.47801137
2.77200000	2.48189872
2.77300000	2.48578607
2.77400000	2.49032131
2.77500000	2.49356077
2.77600000	2.49680023
2.77700000	2.49550445
2.77800000	2.49518050
2.77900000	2.49615234
2.78000000	2.49453261
2.78100000	2.49226499
2.78200000	2.48902553
2.78300000	2.48740580
2.78400000	2.48902553
2.78500000	2.49906785
2.78600000	2.51008201
2.78700000	2.51623698
2.78800000	2.51623698
2.78900000	2.50911017
2.79000000	2.50457493
2.79100000	2.51072990
2.79200000	2.51688487
2.79300000	2.51915249
2.79400000	2.52012433
2.79500000	2.52271590
2.79600000	2.52984271
2.79700000	2.53340611
2.79800000	2.53502584
2.79900000	2.52465957
2.80000000	2.52692719
2.80100000	2.53049060
2.80200000	2.53243427
2.80300000	2.52951876
2.80400000	2.52012433
2.80500000	2.51753277
2.80600000	2.52271590
2.80700000	2.52822298
2.80800000	2.53113849
2.80900000	2.52303984
2.81000000	2.51947644
2.81100000	2.51558909
2.81200000	2.51137779
2.81300000	2.51105385
2.81400000	2.51656093
2.81500000	2.52271590
2.81600000	2.52595536
2.81700000	2.52725114
2.81800000	2.52660325
2.81900000	2.52303984
2.82000000	2.52563141
2.82100000	2.52433563
2.82200000	2.51980039
2.82300000	2.51267358
2.82400000	2.51234963
2.82500000	2.51526514
2.82600000	2.51591304
2.82700000	2.51656093
2.82800000	2.51526514
2.82900000	2.51623698
2.83000000	2.51494120
2.83100000	2.50781439
2.83200000	2.49906785
2.83300000	2.49323683
2.83400000	2.49323683
2.83500000	2.49485656
2.83600000	2.49518050
2.83700000	2.49647629
2.83800000	2.49874391
2.83900000	2.50230731
2.84000000	2.50101153
2.84100000	2.49906785
2.84200000	2.49582839
2.84300000	2.49161710
2.84400000	2.48578607
2.84500000	2.48125083
2.84600000	2.48578607
2.84700000	2.49194104
2.84800000	2.49550445
2.84900000	2.49356077
2.85000000	2.48319451
2.85100000	2.47250429
2.85200000	2.46796905
2.85300000	2.46699721
2.85400000	2.47120851
2.85500000	2.47768743
2.85600000	2.48611002
2.85700000	2.48384240
2.85800000	2.47736348
2.85900000	2.47930716
2.86000000	2.48578607
2.86100000	2.49096921
2.86200000	2.49161710
2.86300000	2.48805369
2.86400000	2.48611002
2.86500000	2.48351845
2.86600000	2.48092689
2.86700000	2.48254661
2.86800000	2.48449029
2.86900000	2.48967342
2.87000000	2.49226499
2.87100000	2.48999737
2.87200000	2.48351845
2.87300000	2.48481424
2.87400000	2.49096921
2.87500000	2.49582839
2.87600000	2.49841996
2.87700000	2.50101153
2.87800000	2.50489888
2.87900000	2.50522282
2.88000000	2.50587071
2.88100000	2.50684255
2.88200000	2.50749044
2.88300000	2.50327915
2.88400000	2.49809601
2.88500000	2.49518050
2.88600000	2.49680023
2.88700000	2.50198336
2.88800000	2.50360309
2.88900000	2.50846228
2.89000000	2.50846228
2.89100000	2.50554677
2.89200000	2.50781439
2.89300000	2.51137779
2.89400000	2.51461725
2.89500000	2.50943412
2.89600000	2.51008201
2.89700000	2.51623698
2.89800000	2.52206801
2.89900000	2.52725114
2.90000000	2.52757509
2.90100000	2.52368774
2.90200000	2.51818066
2.90300000	2.51202569
2.90400000	2.50554677
2.90500000	2.50165942
2.90600000	2.50684255
2.90700000	2.51623698
2.90800000	2.52563141
2.90900000	2.52660325
2.91000000	2.51980039
2.91100000	2.51526514
2.91200000	2.51332147
2.91300000	2.51396936
2.91400000	2.51591304
2.91500000	2.51882855
2.91600000	2.52206801
2.91700000	2.52757509
2.91800000	2.52919482
2.91900000	2.52465957
2.92000000	2.51915249
2.92100000	2.51494120
2.92200000	2.51234963
2.92300000	2.51461725
2.92400000	2.51234963
2.92500000	2.50943412
2.92600000	2.51008201
2.92700000	2.51299752
2.92800000	2.50943412
2.92900000	2.50327915
2.93000000	2.50101153
2.93100000	2.49647629
2.93200000	2.49356077
2.93300000	2.49194104
2.93400000	2.49291288
2.93500000	2.49518050
2.93600000	2.49258894
2.93700000	2.48805369
2.93800000	2.49064526
2.93900000	2.49420866
2.94000000	2.49582839
2.94100000	2.49291288
2.94200000	2.49129315
2.94300000	2.49258894
2.94400000	2.49291288
2.94500000	2.48902553
2.94600000	2.48287056
2.94700000	2.48416634
2.94800000	2.48287056
2.94900000	2.48351845
2.95000000	2.48254661
2.95100000	2.48222267
2.95200000	2.48287056
2.95300000	2.48351845
2.95400000	2.48092689
2.95500000	2.48416634
2.95600000	2.48675791
2.95700000	2.48384240
2.95800000	2.48546213
2.95900000	2.48740580
2.96000000	2.48772975
2.96100000	2.48513818
2.96200000	2.48319451
2.96300000	2.48546213
2.96400000	2.49096921
2.96500000	2.49582839
2.96600000	2.49550445
2.96700000	2.49356077
2.96800000	2.49161710
2.96900000	2.48999737
2.97000000	2.48934948
2.97100000	2.49194104
2.97200000	2.49226499
2.97300000	2.49129315
2.97400000	2.49032131
2.97500000	2.49226499
2.97600000	2.49647629
2.97700000	2.49777207
2.97800000	2.49809601
2.97900000	2.50036364
2.98000000	2.50392704
2.98100000	2.50425099
2.98200000	2.50911017
2.98300000	2.51396936
2.98400000	2.51170174
2.98500000	2.50684255
2.98600000	2.50425099
2.98700000	2.50263126
2.98800000	2.50651861
2.98900000	2.51332147
2.99000000	2.51623698
2.99100000	2.51591304
2.99200000	2.51785671
2.99300000	2.51947644
2.99400000	2.51882855
2.99500000	2.52077222
2.99600000	2.52174406
2.99700000	2.52044828
2.99800000	2.52109617
2.99900000	2.52433563
3.00000000	2.52757509
3.00100000	2.53016665
3.00200000	2.52854692
3.00300000	2.52725114
3.00400000	2.52530747
3.00500000	2.52530747
3.00600000	2.52595536
3.00700000	2.52271590
3.00800000	2.52174406
3.00900000	2.52012433
3.01000000	2.51591304
3.01100000	2.51591304
3.01200000	2.51461725
3.01300000	2.51202569
3.01400000	2.51558909
3.01500000	2.51850460
3.01600000	2.52368774
3.01700000	2.52887087
3.01800000	2.52692719
3.01900000	2.52077222
3.02000000	2.51818066
3.02100000	2.51785671
3.02200000	2.51947644
3.02300000	2.51688487
3.02400000	2.51656093
3.02500000	2.51202569
3.02600000	2.50522282
3.02700000	2.50036364
3.02800000	2.49841996
3.02900000	2.50165942
3.03000000	2.50198336
3.03100000	2.50068758
3.03200000	2.49777207
3.03300000	2.49291288
3.03400000	2.48934948
3.03500000	2.48740580
3.03600000	2.48740580
3.03700000	2.48967342
3.03800000	2.49420866
3.03900000	2.49518050
3.04000000	2.49518050
3.04100000	2.49096921
3.04200000	2.48805369
3.04300000	2.48578607
3.04400000	2.48287056
3.04500000	2.48578607
3.04600000	2.49388472
3.04700000	2.49420866
3.04800000	2.48999737
3.04900000	2.48125083
3.05000000	2.47736348
3.05100000	2.47865926
3.05200000	2.48351845
3.05300000	2.48060294
3.05400000	2.47703954
3.05500000	2.47380008
3.05600000	2.47282824
3.05700000	2.47315219
3.05800000	2.46991273
3.05900000	2.47315219
3.06000000	2.47898321
3.06100000	2.48513818
3.06200000	2.49258894
3.06300000	2.49388472
3.06400000	2.49291288
3.06500000	2.48967342
3.06600000	2.48384240
3.06700000	2.48092689
3.06800000	2.47703954
3.06900000	2.47898321
3.07000000	2.48772975
3.07100000	2.48805369
3.07200000	2.48449029
3.07300000	2.47898321
3.07400000	2.48125083
3.07500000	2.48643396
3.07600000	2.49388472
3.07700000	2.50230731
3.07800000	2.50587071
3.07900000	2.50651861
3.08000000	2.50295520
3.08100000	2.50003969
3.08200000	2.50263126
3.08300000	2.50651861
3.08400000	2.50457493
3.08500000	2.50554677
3.08600000	2.50878623
3.08700000	2.50878623
3.08800000	2.50554677
3.08900000	2.50198336
3.09000000	2.49841996
3.09100000	2.50003969
3.09200000	2.50522282
3.09300000	2.51137779
3.09400000	2.51818066
3.09500000	2.51980039
3.09600000	2.51947644
3.09700000	2.51623698
3.09800000	2.51591304
3.09900000	2.51364541
3.10000000	2.51720882
3.10100000	2.52401168
3.10200000	2.52627930
3.10300000	2.52725114
3.10400000	2.52627930
3.10500000	2.52142012
3.10600000	2.52077222
3.10700000	2.52336379
3.10800000	2.52239195
3.10900000	2.52303984
3.11000000	2.52271590
3.11100000	2.51980039
3.11200000	2.51591304
3.11300000	2.51234963
3.11400000	2.50975806
3.11500000	2.51202569
3.11600000	2.51753277
3.11700000	2.51980039
3.11800000	2.52174406
3.11900000	2.52822298
3.12000000	2.52919482
3.12100000	2.52498352
3.12200000	2.52012433
3.12300000	2.51494120
3.12400000	2.51008201
3.12500000	2.50878623
3.12600000	2.50619466
3.12700000	2.50878623
3.12800000	2.51170174
3.12900000	2.51526514
3.13000000	2.51720882
3.13100000	2.51364541
3.13200000	2.50846228
3.13300000	2.50165942
3.13400000	2.49615234
3.13500000	2.49582839
3.13600000	2.49550445
3.13700000	2.49744812
3.13800000	2.50230731
3.13900000	2.49841996
3.14000000	2.49194104
3.14100000	2.49388472
3.14200000	2.49226499
3.14300000	2.49194104
3.14400000	2.49420866
3.14500000	2.49647629
3.14600000	2.49712418
3.14700000	2.49291288
3.14800000	2.48967342
3.14900000	2.48999737
3.15000000	2.48967342
3.15100000	2.48967342
3.15200000	2.48546213
3.15300000	2.48481424
3.15400000	2.48384240
3.15500000	2.48027899
3.15600000	2.48578607
3.15700000	2.48643396
3.15800000	2.48772975
3.15900000	2.49323683
3.16000000	2.48772975
3.16100000	2.47833532
3.16200000	2.47671559
3.16300000	2.47930716
3.16400000	2.47574375
3.16500000	2.47898321
3.16600000	2.47833532
3.16700000	2.48189872
3.16800000	2.48708186
3.16900000	2.48772975
3.17000000	2.48740580
3.17100000	2.48643396
3.17200000	2.48578607
3.17300000	2.48384240
3.17400000	2.48934948
3.17500000	2.48805369
3.17600000	2.48902553
3.17700000	2.49518050
3.17800000	2.50295520
3.17900000	2.50489888
3.18000000	2.50327915
3.18100000	2.50133547
3.18200000	2.49485656
3.18300000	2.49323683
3.18400000	2.49453261
3.18500000	2.49550445
3.18600000	2.50003969
3.18700000	2.50036364
3.18800000	2.49550445
3.18900000	2.49582839
3.19000000	2.49874391
3.19100000	2.50036364
3.19200000	2.50489888
3.19300000	2.50943412
3.19400000	2.51396936
3.19500000	2.51753277
3.19600000	2.51818066
3.19700000	2.51688487
3.19800000	2.51656093
3.19900000	2.52077222
3.20000000	2.52303984
3.20100000	2.52368774
3.20200000	2.52239195
3.20300000	2.52368774
3.20400000	2.52563141
3.20500000	2.52498352
3.20600000	2.52239195
3.20700000	2.51494120
3.20800000	2.51234963
3.20900000	2.51429331
3.21000000	2.51882855
3.21100000	2.52530747
3.21200000	2.52984271
3.21300000	2.52595536
3.21400000	2.52239195
3.21500000	2.52336379
3.21600000	2.53016665
3.21700000	2.53340611
3.21800000	2.53081454
3.21900000	2.52563141
3.22000000	2.52303984
3.22100000	2.52433563
3.22200000	2.52627930
3.22300000	2.52498352
3.22400000	2.52336379
3.22500000	2.51785671
3.22600000	2.50716650
3.22700000	2.49939180
3.22800000	2.50036364
3.22900000	2.50522282
3.23000000	2.51234963
3.23100000	2.51882855
3.23200000	2.51688487
3.23300000	2.51396936
3.23400000	2.50392704
3.23500000	2.49939180
3.23600000	2.49647629
3.23700000	2.50068758
3.23800000	2.50489888
3.23900000	2.50587071
3.24000000	2.50716650
3.24100000	2.50327915
3.24200000	2.50068758
3.24300000	2.49939180
3.24400000	2.49777207
3.24500000	2.49744812
3.24600000	2.49777207
3.24700000	2.49388472
3.24800000	2.48902553
3.24900000	2.48384240
3.25000000	2.48092689
3.25100000	2.48060294
3.25200000	2.48578607
3.25300000	2.48546213
3.25400000	2.47671559
3.25500000	2.46894089
3.25600000	2.46699721
3.25700000	2.47056062
3.25800000	2.47574375
3.25900000	2.48092689
3.26000000	2.48254661
3.26100000	2.48189872
3.26200000	2.48319451
3.26300000	2.48416634
3.26400000	2.48254661
3.26500000	2.47671559
3.26600000	2.47153246
3.26700000	2.47088456
3.26800000	2.47833532
3.26900000	2.48254661
3.27000000	2.48157478
3.27100000	2.48125083
3.27200000	2.48189872
3.27300000	2.47833532
3.27400000	2.47574375
3.27500000	2.47963110
3.27600000	2.48481424
3.27700000	2.48772975
3.27800000	2.48611002
3.27900000	2.48189872
3.28000000	2.48027899
3.28100000	2.48513818
3.28200000	2.48999737
3.28300000	2.49291288
3.28400000	2.49356077
3.28500000	2.49550445
3.28600000	2.49809601
3.28700000	2.49615234
3.28800000	2.49388472
3.28900000	2.49485656
3.29000000	2.49809601
3.29100000	2.49712418
3.29200000	2.50133547
3.29300000	2.50295520
3.29400000	2.50003969
3.29500000	2.49680023
3.29600000	2.49809601
3.29700000	2.50230731
3.29800000	2.50911017
3.29900000	2.51526514
3.30000000	2.51785671
3.30100000	2.52044828
3.30200000	2.52077222
3.30300000	2.51818066
3.30400000	2.51396936
3.30500000	2.51364541
3.30600000	2.51396936
3.30700000	2.51753277
3.30800000	2.52401168
3.30900000	2.52627930
3.31000000	2.52465957
3.31100000	2.52239195
3.31200000	2.52271590
3.31300000	2.52336379
3.31400000	2.52303984
3.31500000	2.52465957
3.31600000	2.53016665
3.31700000	2.53664557
3.31800000	2.53729346
3.31900000	2.53340611
3.32000000	2.53211033
3.32100000	2.53211033
3.32200000	2.52530747
3.32300000	2.51720882
3.32400000	2.51947644
3.32500000	2.52303984
3.32600000	2.52239195
3.32700000	2.52854692
3.32800000	2.52660325
3.32900000	2.52433563
3.33000000	2.52077222
3.33100000	2.51980039
3.33200000	2.52465957
3.33300000	2.53016665
3.33400000	2.52725114
3.33500000	2.52142012
3.33600000	2.51623698
3.33700000	2.51267358
3.33800000	2.50684255
3.33900000	2.50425099
3.34000000	2.50457493
3.34100000	2.50749044
3.34200000	2.50749044
3.34300000	2.51170174
3.34400000	2.51332147
3.34500000	2.51299752
3.34600000	2.50749044
3.34700000	2.50165942
3.34800000	2.50068758
3.34900000	2.49939180
3.35000000	2.49971574
3.35100000	2.49809601
3.35200000	2.49096921
3.35300000	2.48125083
3.35400000	2.48060294
3.35500000	2.48254661
3.35600000	2.48384240
3.35700000	2.48967342
3.35800000	2.49420866
3.35900000	2.49194104
3.36000000	2.49161710
3.36100000	2.48740580
3.36200000	2.48837764
3.36300000	2.48513818
3.36400000	2.48740580
3.36500000	2.48837764
3.36600000	2.48643396
3.36700000	2.48351845
3.36800000	2.47865926
3.36900000	2.47865926
3.37000000	2.47963110
3.37100000	2.47703954
3.37200000	2.47639164
3.37300000	2.47865926
3.37400000	2.47541981
3.37500000	2.47023667
3.37600000	2.46375776
3.37700000	2.46343381
3.37800000	2.46764511
3.37900000	2.47703954
3.38000000	2.48287056
3.38100000	2.48643396
3.38200000	2.48934948
3.38300000	2.48611002
3.38400000	2.48708186
3.38500000	2.49323683
3.38600000	2.49453261
3.38700000	2.49226499
3.38800000	2.48934948
3.38900000	2.48481424
3.39000000	2.48092689
3.39100000	2.48351845
3.39200000	2.48513818
3.39300000	2.48740580
3.39400000	2.49226499
3.39500000	2.49582839
3.39600000	2.49841996
3.39700000	2.50554677
3.39800000	2.50911017
3.39900000	2.50911017
3.40000000	2.50813834
3.40100000	2.50716650
3.40200000	2.51170174
3.40300000	2.51688487
3.40400000	2.51688487
3.40500000	2.51591304
3.40600000	2.51688487
3.40700000	2.51494120
3.40800000	2.50813834
3.40900000	2.50522282
3.41000000	2.50684255
3.41100000	2.51202569
3.41200000	2.51591304
3.41300000	2.52012433
3.41400000	2.51850460
3.41500000	2.51396936
3.41600000	2.50813834
3.41700000	2.50911017
3.41800000	2.51494120
3.41900000	2.52336379
3.42000000	2.52401168
3.42100000	2.52239195
3.42200000	2.52271590
3.42300000	2.52595536
3.42400000	2.52757509
3.42500000	2.52692719
3.42600000	2.52627930
3.42700000	2.52984271
3.42800000	2.53437795
3.42900000	2.53340611
3.43000000	2.52725114
3.43100000	2.51980039
3.43200000	2.51558909
3.43300000	2.51364541
3.43400000	2.51623698
3.43500000	2.51915249
3.43600000	2.51364541
3.43700000	2.51137779
3.43800000	2.50943412
3.43900000	2.51364541
3.44000000	2.51591304
3.44100000	2.51332147
3.44200000	2.51008201
3.44300000	2.51170174
3.44400000	2.51299752
3.44500000	2.50975806
3.44600000	2.50781439
3.44700000	2.50360309
3.44800000	2.50360309
3.44900000	2.49809601
3.45000000	2.48967342
3.45100000	2.48708186
3.45200000	2.48708186
3.45300000	2.49906785
3.45400000	2.50360309
3.45500000	2.50327915
3.45600000	2.49939180
3.45700000	2.49777207
3.45800000	2.49906785
3.45900000	2.49647629
3.46000000	2.48805369
3.46100000	2.48481424
3.46200000	2.48902553
3.46300000	2.49323683
3.46400000	2.49582839
3.46500000	2.49356077
3.46600000	2.49096921
3.46700000	2.48967342
3.46800000	2.49356077
3.46900000	2.49485656
3.47000000	2.49323683
3.47100000	2.48384240
3.47200000	2.48092689
3.47300000	2.48254661
3.47400000	2.48287056
3.47500000	2.48384240
3.47600000	2.48546213
3.47700000	2.48416634
3.47800000	2.48254661
3.47900000	2.47995505
3.48000000	2.47509586
3.48100000	2.47282824
3.48200000	2.47703954
3.48300000	2.47865926
3.48400000	2.48125083
3.48500000	2.48513818
3.48600000	2.49161710
3.48700000	2.49744812
3.48800000	2.50068758
3.48900000	2.49680023
3.49000000	2.49291288
3.49100000	2.49356077
3.49200000	2.49356077
3.49300000	2.49518050
3.49400000	2.49777207
3.49500000	2.49971574
3.49600000	2.50101153
3.49700000	2.50327915
3.49800000	2.50360309
3.49900000	2.50522282
3.50000000	2.50392704
3.50100000	2.49680023
3.50200000	2.49453261
3.50300000	2.49939180
3.50400000	2.50263126
3.50500000	2.50327915
3.50600000	2.50457493
3.50700000	2.50457493
3.50800000	2.50781439
3.50900000	2.51008201
3.51000000	2.51040596
3.51100000	2.51170174
3.51200000	2.51137779
3.51300000	2.50716650
3.51400000	2.50457493
3.51500000	2.50198336
3.51600000	2.50813834
3.51700000	2.51429331
3.51800000	2.52174406
3.51900000	2.52142012
3.52000000	2.51688487
3.52100000	2.51688487
3.52200000	2.51623698
3.52300000	2.51688487
3.52400000	2.51656093
3.52500000	2.51332147
3.52600000	2.51818066
3.52700000	2.52206801
3.52800000	2.52498352
3.52900000	2.52627930
3.53000000	2.52401168
3.53100000	2.51364541
3.53200000	2.50813834
3.53300000	2.50749044
3.53400000	2.50489888
3.53500000	2.50749044
3.53600000	2.51008201
3.53700000	2.51072990
3.53800000	2.51688487
3.53900000	2.51688487
3.54000000	2.51558909
3.54100000	2.50975806
3.54200000	2.50327915
3.54300000	2.50003969
3.54400000	2.50295520
3.54500000	2.50716650
3.54600000	2.50749044
3.54700000	2.50489888
3.54800000	2.50716650
3.54900000	2.50295520
3.55000000	2.49453261
3.55100000	2.48837764
3.55200000	2.49226499
3.55300000	2.49777207
3.55400000	2.49518050
3.55500000	2.49194104
3.55600000	2.49420866
3.55700000	2.49744812
3.55800000	2.49906785
3.55900000	2.49777207
3.56000000	2.49096921
3.56100000	2.49032131
3.56200000	2.49712418
3.56300000	2.50133547
3.56400000	2.49874391
3.56500000	2.49323683
3.56600000	2.48772975
3.56700000	2.48546213
3.56800000	2.48708186
3.56900000	2.48967342
3.57000000	2.49096921
3.57100000	2.49226499
3.57200000	2.49420866
3.57300000	2.49388472
3.57400000	2.49453261
3.57500000	2.49226499
3.57600000	2.48643396
3.57700000	2.48384240
3.57800000	2.48675791
3.57900000	2.48870159
3.58000000	2.49518050
3.58100000	2.49939180
3.58200000	2.49809601
3.58300000	2.49680023
3.58400000	2.49388472
3.58500000	2.49323683
3.58600000	2.49615234
3.58700000	2.49906785
3.58800000	2.49485656
3.58900000	2.48967342
3.59000000	2.48967342
3.59100000	2.49809601
3.59200000	2.50295520
3.59300000	2.50133547
3.59400000	2.49647629
3.59500000	2.50003969
3.59600000	2.50878623
3.59700000	2.51137779
3.59800000	2.50878623
3.59900000	2.50878623
3.60000000	2.50781439
3.60100000	2.51040596
3.60200000	2.51785671
3.60300000	2.51850460
3.60400000	2.51299752
3.60500000	2.50846228
3.60600000	2.50975806
3.60700000	2.50911017
3.60800000	2.50878623
3.60900000	2.50554677
3.61000000	2.50587071
3.61100000	2.50846228
3.61200000	2.51494120
3.61300000	2.51818066
3.61400000	2.51882855
3.61500000	2.51623698
3.61600000	2.51267358
3.61700000	2.51137779
3.61800000	2.51202569
3.61900000	2.51461725
3.62000000	2.51623698
3.62100000	2.52044828
3.62200000	2.52109617
3.62300000	2.52012433
3.62400000	2.51915249
3.62500000	2.51785671
3.62600000	2.51364541
3.62700000	2.51332147
3.62800000	2.51234963
3.62900000	2.51720882
3.63000000	2.51785671
3.63100000	2.51429331
3.63200000	2.50943412
3.63300000	2.50327915
3.63400000	2.50425099
3.63500000	2.50813834
3.63600000	2.51202569
3.63700000	2.51526514
3.63800000	2.51040596
3.63900000	2.50360309
3.64000000	2.50198336
3.64100000	2.50101153
3.64200000	2.50295520
3.64300000	2.50587071
3.64400000	2.50392704
3.64500000	2.50360309
3.64600000	2.50230731
3.64700000	2.49971574
3.64800000	2.49777207
3.64900000	2.49518050
3.65000000	2.49129315
3.65100000	2.50036364
3.65200000	2.50522282
3.65300000	2.50425099
3.65400000	2.49680023
3.65500000	2.48999737
3.65600000	2.48740580
3.65700000	2.48870159
3.65800000	2.48675791
3.65900000	2.48611002
3.66000000	2.48772975
3.66100000	2.48902553
3.66200000	2.48740580
3.66300000	2.48351845
3.66400000	2.47639164
3.66500000	2.47380008
3.66600000	2.47639164
3.66700000	2.48092689
3.66800000	2.47898321
3.66900000	2.47865926
3.67000000	2.47898321
3.67100000	2.48157478
3.67200000	2.48643396
3.67300000	2.49226499
3.67400000	2.49712418
3.67500000	2.49550445
3.67600000	2.49161710
3.67700000	2.48675791
3.67800000	2.48351845
3.67900000	2.48384240
3.68000000	2.48740580
3.68100000	2.48772975
3.68200000	2.48513818
3.68300000	2.48837764
3.68400000	2.49485656
3.68500000	2.49582839
3.68600000	2.49161710
3.68700000	2.48643396
3.68800000	2.48449029
3.68900000	2.48513818
3.69000000	2.48675791
3.69100000	2.48319451
3.69200000	2.48351845
3.69300000	2.48902553
3.69400000	2.49518050
3.69500000	2.50101153
3.69600000	2.50651861
3.69700000	2.50716650
3.69800000	2.51040596
3.69900000	2.51332147
3.70000000	2.51137779
3.70100000	2.50781439
3.70200000	2.50749044
3.70300000	2.50651861
3.70400000	2.51008201
3.70500000	2.51137779
3.70600000	2.51234963
3.70700000	2.51332147
3.70800000	2.51137779
3.70900000	2.50619466
3.71000000	2.50749044
3.71100000	2.51364541
3.71200000	2.51818066
3.71300000	2.52757509
3.71400000	2.53308217
3.71500000	2.53243427
3.71600000	2.52919482
3.71700000	2.52012433
3.71800000	2.51396936
3.71900000	2.51818066
3.72000000	2.52206801
3.72100000	2.52433563
3.72200000	2.52627930
3.72300000	2.52433563
3.72400000	2.51882855
3.72500000	2.51494120
3.72600000	2.51267358
3.72700000	2.51267358
3.72800000	2.51720882
3.72900000	2.52012433
3.73000000	2.52012433
3.73100000	2.51720882
3.73200000	2.51170174
3.73300000	2.50911017
3.73400000	2.51332147
3.73500000	2.51818066
3.73600000	2.52433563
3.73700000	2.52336379
3.73800000	2.51915249
3.73900000	2.51234963
3.74000000	2.51688487
3.74100000	2.52109617
3.74200000	2.52142012
3.74300000	2.52077222
3.74400000	2.52174406
3.74500000	2.52206801
3.74600000	2.52109617
3.74700000	2.51558909
3.74800000	2.51008201
3.74900000	2.50198336
3.75000000	2.50068758
3.75100000	2.50263126
3.75200000	2.50587071
3.75300000	2.50684255
3.75400000	2.50749044
3.75500000	2.50165942
3.75600000	2.49777207
3.75700000	2.49518050
3.75800000	2.49712418
3.75900000	2.49744812
3.76000000	2.49518050
3.76100000	2.49194104
3.76200000	2.48870159
3.76300000	2.48189872
3.76400000	2.48092689
3.76500000	2.48287056
3.76600000	2.48384240
3.76700000	2.48254661
3.76800000	2.48060294
3.76900000	2.48254661
3.77000000	2.48513818
3.77100000	2.48546213
3.77200000	2.48060294
3.77300000	2.47574375
3.77400000	2.46991273
3.77500000	2.46894089
3.77600000	2.47412402
3.77700000	2.48351845
3.77800000	2.49032131
3.77900000	2.49032131
3.78000000	2.48740580
3.78100000	2.48384240
3.78200000	2.48449029
3.78300000	2.49096921
3.78400000	2.49388472
3.78500000	2.49356077
3.78600000	2.48643396
3.78700000	2.48157478
3.78800000	2.47671559
3.78900000	2.47574375
3.79000000	2.47541981
3.79100000	2.47930716
3.79200000	2.48351845
3.79300000	2.48513818
3.79400000	2.48740580
3.79500000	2.48934948
3.79600000	2.48513818
3.79700000	2.48351845
3.79800000	2.48643396
3.79900000	2.48643396
3.80000000	2.49129315
3.80100000	2.48999737
3.80200000	2.49032131
3.80300000	2.49550445
3.80400000	2.49906785
3.80500000	2.50101153
3.80600000	2.50165942
3.80700000	2.49971574
3.80800000	2.49420866
3.80900000	2.49777207
3.81000000	2.49712418
3.81100000	2.50068758
3.81200000	2.50716650
3.81300000	2.51105385
3.81400000	2.51105385
3.81500000	2.50619466
3.81600000	2.50263126
3.81700000	2.50457493
3.81800000	2.51234963
3.81900000	2.51947644
3.82000000	2.52401168
3.82100000	2.52595536
3.82200000	2.52174406
3.82300000	2.52077222
3.82400000	2.51850460
3.82500000	2.52271590
3.82600000	2.52725114
3.82700000	2.52757509
3.82800000	2.52303984
3.82900000	2.51753277
3.83000000	2.51785671
3.83100000	2.51850460
3.83200000	2.52368774
3.83300000	2.52563141
3.83400000	2.52465957
3.83500000	2.52401168
3.83600000	2.52336379
3.83700000	2.52627930
3.83800000	2.52789903
3.83900000	2.52498352
3.84000000	2.51882855
3.84100000	2.51785671
3.84200000	2.52303984
3.84300000	2.52401168
3.84400000	2.51882855
3.84500000	2.51526514
3.84600000	2.51461725
3.84700000	2.52109617
3.84800000	2.51947644
3.84900000	2.51558909
3.85000000	2.51040596
3.85100000	2.50911017
3.85200000	2.50943412
3.85300000	2.51170174
3.85400000	2.50684255
3.85500000	2.50360309
3.85600000	2.50457493
3.85700000	2.50684255
3.85800000	2.51008201
3.85900000	2.51202569
3.86000000	2.51494120
3.86100000	2.51429331
3.86200000	2.51364541
3.86300000	2.50943412
3.86400000	2.50295520
3.86500000	2.49323683
3.86600000	2.48481424
3.86700000	2.48125083
3.86800000	2.48092689
3.86900000	2.48513818
3.87000000	2.48902553
3.87100000	2.49129315
3.87200000	2.49356077
3.87300000	2.48934948
3.87400000	2.48481424
3.87500000	2.48449029
3.87600000	2.48319451
3.87700000	2.48287056
3.87800000	2.48902553
3.87900000	2.49161710
3.88000000	2.49194104
3.88100000	2.49064526
3.88200000	2.48999737
3.88300000	2.48772975
3.88400000	2.48578607
3.88500000	2.48578607
3.88600000	2.48416634
3.88700000	2.48189872
3.88800000	2.48254661
3.88900000	2.48222267
3.89000000	2.48319451
3.89100000	2.48287056
3.89200000	2.48611002
3.89300000	2.48449029
3.89400000	2.48125083
3.89500000	2.48384240
3.89600000	2.48870159
3.89700000	2.49485656
3.89800000	2.49388472
3.89900000	2.49712418
3.90000000	2.49096921
3.90100000	2.49032131
3.90200000	2.49161710
3.90300000	2.48805369
3.90400000	2.48837764
3.90500000	2.49258894
3.90600000	2.49744812
3.90700000	2.49550445
3.90800000	2.49356077
3.90900000	2.49226499
3.91000000	2.49518050
3.91100000	2.49582839
3.91200000	2.49841996
3.91300000	2.50165942
3.91400000	2.50878623
3.91500000	2.51234963
3.91600000	2.51364541
3.91700000	2.50554677
3.91800000	2.50425099
3.91900000	2.50749044
3.92000000	2.51040596
3.92100000	2.51526514
3.92200000	2.51850460
3.92300000	2.51494120
3.92400000	2.50943412
3.92500000	2.50943412
3.92600000	2.50943412
3.92700000	2.50619466
3.92800000	2.50327915
3.92900000	2.50457493
3.93000000	2.51105385
3.93100000	2.52012433
3.93200000	2.52336379
3.93300000	2.52044828
3.93400000	2.51688487
3.93500000	2.51105385
3.93600000	2.51105385
3.93700000	2.51461725
3.93800000	2.51818066
3.93900000	2.52044828
3.94000000	2.51850460
3.94100000	2.51267358
3.94200000	2.51170174
3.94300000	2.51008201
3.94400000	2.50975806
3.94500000	2.51461725
3.94600000	2.51882855
3.94700000	2.52012433
3.94800000	0.00000000
