0.00000000	2.49874391
0.00100000	2.50198336
0.00200000	2.50489888
0.00300000	2.50489888
0.00400000	2.50425099
0.00500000	2.50003969
0.00600000	2.50198336
0.00700000	2.50975806
0.00800000	2.51526514
0.00900000	2.51753277
0.01000000	2.51494120
0.01100000	2.50943412
0.01200000	2.50295520
0.01300000	2.50003969
0.01400000	2.50165942
0.01500000	2.49874391
0.01600000	2.49744812
0.01700000	2.48902553
0.01800000	2.48999737
0.01900000	2.49680023
0.02000000	2.49906785
0.02100000	2.49744812
0.02200000	2.49680023
0.02300000	2.49615234
0.02400000	2.49712418
0.02500000	2.50522282
0.02600000	2.50619466
0.02700000	2.50133547
0.02800000	2.49680023
0.02900000	2.49809601
0.03000000	2.50003969
0.03100000	2.50101153
0.03200000	2.50295520
0.03300000	2.50619466
0.03400000	2.51170174
0.03500000	2.51623698
0.03600000	2.51429331
0.03700000	2.50781439
0.03800000	2.49874391
0.03900000	2.49096921
0.04000000	2.49129315
0.04100000	2.49744812
0.04200000	2.49809601
0.04300000	2.50036364
0.04400000	2.49777207
0.04500000	2.49777207
0.04600000	2.50457493
0.04700000	2.51267358
0.04800000	2.51915249
0.04900000	2.51850460
0.05000000	2.51170174
0.05100000	2.50651861
0.05200000	2.50457493
0.05300000	2.50716650
0.05400000	2.50716650
0.05500000	2.50846228
0.05600000	2.50813834
0.05700000	2.50133547
0.05800000	2.49680023
0.05900000	2.49647629
0.06000000	2.49712418
0.06100000	2.48999737
0.06200000	2.48999737
0.06300000	2.49582839
0.06400000	2.50327915
0.06500000	2.51137779
0.06600000	2.51850460
0.06700000	2.51494120
0.06800000	2.50749044
0.06900000	2.49971574
0.07000000	2.49194104
0.07100000	2.49064526
0.07200000	2.49453261
0.07300000	2.49712418
0.07400000	2.49485656
0.07500000	2.49323683
0.07600000	2.49291288
0.07700000	2.49647629
0.07800000	2.50263126
0.07900000	2.50975806
0.08000000	2.51332147
0.08100000	2.51591304
0.08200000	2.51008201
0.08300000	2.50554677
0.08400000	2.50716650
0.08500000	2.51299752
0.08600000	2.51202569
0.08700000	2.51072990
0.08800000	2.50230731
0.08900000	2.49680023
0.09000000	2.49647629
0.09100000	2.49809601
0.09200000	2.50425099
0.09300000	2.50425099
0.09400000	2.50230731
0.09500000	2.50327915
0.09600000	2.50975806
0.09700000	2.50975806
0.09800000	2.50489888
0.09900000	2.50619466
0.10000000	2.50749044
0.10100000	2.50036364
0.10200000	2.49388472
0.10300000	2.48805369
0.10400000	2.48805369
0.10500000	2.49388472
0.10600000	2.50165942
0.10700000	2.51072990
0.10800000	2.51396936
0.10900000	2.50878623
0.11000000	2.50165942
0.11100000	2.49194104
0.11200000	2.48967342
0.11300000	2.49096921
0.11400000	2.49939180
0.11500000	2.50425099
0.11600000	2.51494120
0.11700000	2.51461725
0.11800000	2.50846228
0.11900000	2.50165942
0.12000000	2.50101153
0.12100000	2.50068758
0.12200000	2.49971574
0.12300000	2.49550445
0.12400000	2.49518050
0.12500000	2.49874391
0.12600000	2.50360309
0.12700000	2.50943412
0.12800000	2.51623698
0.12900000	2.51882855
0.13000000	2.51850460
0.13100000	2.51785671
0.13200000	2.51656093
0.13300000	2.51332147
0.13400000	2.50749044
0.13500000	2.50457493
0.13600000	2.50327915
0.13700000	2.50133547
0.13800000	2.49744812
0.13900000	2.49906785
0.14000000	2.50068758
0.14100000	2.49971574
0.14200000	2.50263126
0.14300000	2.50619466
0.14400000	2.50522282
0.14500000	2.50036364
0.14600000	2.49939180
0.14700000	2.50068758
0.14800000	2.50327915
0.14900000	2.50198336
0.15000000	2.49939180
0.15100000	2.50198336
0.15200000	2.50522282
0.15300000	2.51008201
0.15400000	2.51461725
0.15500000	2.51008201
0.15600000	2.50133547
0.15700000	2.49744812
0.15800000	2.49777207
0.15900000	2.49518050
0.16000000	2.48999737
0.16100000	2.49161710
0.16200000	2.49258894
0.16300000	2.49906785
0.16400000	2.50522282
0.16500000	2.50651861
0.16600000	2.50651861
0.16700000	2.50684255
0.16800000	2.50781439
0.16900000	2.50943412
0.17000000	2.50716650
0.17100000	2.50295520
0.17200000	2.50425099
0.17300000	2.50425099
0.17400000	2.49874391
0.17500000	2.49032131
0.17600000	2.48578607
0.17700000	2.48513818
0.17800000	2.49161710
0.17900000	2.50198336
0.18000000	2.51267358
0.18100000	2.51558909
0.18200000	2.50911017
0.18300000	2.50101153
0.18400000	2.50133547
0.18500000	2.50522282
0.18600000	2.50975806
0.18700000	2.50878623
0.18800000	2.51072990
0.18900000	2.51072990
0.19000000	2.51170174
0.19100000	2.50943412
0.19200000	2.50489888
0.19300000	2.50165942
0.19400000	2.49874391
0.19500000	2.49744812
0.19600000	2.49841996
0.19700000	2.50198336
0.19800000	2.50457493
0.19900000	2.50101153
0.20000000	2.49453261
0.20100000	2.49485656
0.20200000	2.49744812
0.20300000	2.50165942
0.20400000	2.50781439
0.20500000	2.50878623
0.20600000	2.50198336
0.20700000	2.49712418
0.20800000	2.50003969
0.20900000	2.50392704
0.21000000	2.50651861
0.21100000	2.50846228
0.21200000	2.51364541
0.21300000	2.51429331
0.21400000	2.51396936
0.21500000	2.50457493
0.21600000	2.49939180
0.21700000	2.49420866
0.21800000	2.49356077
0.21900000	2.49939180
0.22000000	2.50457493
0.22100000	2.50360309
0.22200000	2.49777207
0.22300000	2.49939180
0.22400000	2.50651861
0.22500000	2.50975806
0.22600000	2.50587071
0.22700000	2.49809601
0.22800000	2.49226499
0.22900000	2.49194104
0.23000000	2.49582839
0.23100000	2.50036364
0.23200000	2.50230731
0.23300000	2.50165942
0.23400000	2.50263126
0.23500000	2.50360309
0.23600000	2.50392704
0.23700000	2.51008201
0.23800000	2.50975806
0.23900000	2.50392704
0.24000000	2.50425099
0.24100000	2.50457493
0.24200000	2.50003969
0.24300000	2.49485656
0.24400000	2.49161710
0.24500000	2.49323683
0.24600000	2.49939180
0.24700000	2.50457493
0.24800000	2.50813834
0.24900000	2.50813834
0.25000000	2.51234963
0.25100000	2.51558909
0.25200000	2.51494120
0.25300000	2.51688487
0.25400000	2.51234963
0.25500000	2.50716650
0.25600000	2.50489888
0.25700000	2.50522282
0.25800000	2.50489888
0.25900000	2.50813834
0.26000000	2.50651861
0.26100000	2.50133547
0.26200000	2.49712418
0.26300000	2.50068758
0.26400000	2.50133547
0.26500000	2.50133547
0.26600000	2.50263126
0.26700000	2.50230731
0.26800000	2.50489888
0.26900000	2.51008201
0.27000000	2.50781439
0.27100000	2.50457493
0.27200000	2.50554677
0.27300000	2.50327915
0.27400000	2.49809601
0.27500000	2.49712418
0.27600000	2.49874391
0.27700000	2.50068758
0.27800000	2.50003969
0.27900000	2.49615234
0.28000000	2.49485656
0.28100000	2.49388472
0.28200000	2.49647629
0.28300000	2.49518050
0.28400000	2.49680023
0.28500000	2.50392704
0.28600000	2.51332147
0.28700000	2.51753277
0.28800000	2.51332147
0.28900000	2.50489888
0.29000000	2.50295520
0.29100000	2.50716650
0.29200000	2.50878623
0.29300000	2.50781439
0.29400000	2.50327915
0.29500000	2.49874391
0.29600000	2.49485656
0.29700000	2.49096921
0.29800000	2.49226499
0.29900000	2.49356077
0.30000000	2.49874391
0.30100000	2.50425099
0.30200000	2.50684255
0.30300000	2.50425099
0.30400000	2.50165942
0.30500000	2.50489888
0.30600000	2.50749044
0.30700000	2.51234963
0.30800000	2.51558909
0.30900000	2.51720882
0.31000000	2.51332147
0.31100000	2.50554677
0.31200000	2.50263126
0.31300000	2.49712418
0.31400000	2.49291288
0.31500000	2.49226499
0.31600000	2.49518050
0.31700000	2.49906785
0.31800000	2.50198336
0.31900000	2.50133547
0.32000000	2.49841996
0.32100000	2.49874391
0.32200000	2.49874391
0.32300000	2.50198336
0.32400000	2.50619466
0.32500000	2.51040596
0.32600000	2.50878623
0.32700000	2.50943412
0.32800000	2.50489888
0.32900000	2.50198336
0.33000000	2.49939180
0.33100000	2.50036364
0.33200000	2.50813834
0.33300000	2.51008201
0.33400000	2.50619466
0.33500000	2.50003969
0.33600000	2.49809601
0.33700000	2.50133547
0.33800000	2.50327915
0.33900000	2.50457493
0.34000000	2.50846228
0.34100000	2.50651861
0.34200000	2.50360309
0.34300000	2.49874391
0.34400000	2.50587071
0.34500000	2.51105385
0.34600000	2.51170174
0.34700000	2.50975806
0.34800000	2.50425099
0.34900000	2.50036364
0.35000000	2.49518050
0.35100000	2.49615234
0.35200000	2.49647629
0.35300000	2.49841996
0.35400000	2.49615234
0.35500000	2.49226499
0.35600000	2.49096921
0.35700000	2.49291288
0.35800000	2.49388472
0.35900000	2.50489888
0.36000000	2.51267358
0.36100000	2.51202569
0.36200000	2.51267358
0.36300000	2.51008201
0.36400000	2.50360309
0.36500000	2.50003969
0.36600000	2.49647629
0.36700000	2.49129315
0.36800000	2.49032131
0.36900000	2.49291288
0.37000000	2.49582839
0.37100000	2.49777207
0.37200000	2.49777207
0.37300000	2.49874391
0.37400000	2.50101153
0.37500000	2.50587071
0.37600000	2.51170174
0.37700000	2.51720882
0.37800000	2.51364541
0.37900000	2.51105385
0.38000000	2.51040596
0.38100000	2.50943412
0.38200000	2.50295520
0.38300000	2.50068758
0.38400000	2.49841996
0.38500000	2.49550445
0.38600000	2.49744812
0.38700000	2.49809601
0.38800000	2.50003969
0.38900000	2.50587071
0.39000000	2.50975806
0.39100000	2.51429331
0.39200000	2.51882855
0.39300000	2.52044828
0.39400000	2.51720882
0.39500000	2.51688487
0.39600000	2.51526514
0.39700000	2.51202569
0.39800000	2.50716650
0.39900000	2.50133547
0.40000000	2.49712418
0.40100000	2.49356077
0.40200000	2.49032131
0.40300000	2.48546213
0.40400000	2.48708186
0.40500000	2.49356077
0.40600000	2.49874391
0.40700000	2.50522282
0.40800000	2.50943412
0.40900000	2.51396936
0.41000000	2.51688487
0.41100000	2.51267358
0.41200000	2.50651861
0.41300000	2.50522282
0.41400000	2.50911017
0.41500000	2.50781439
0.41600000	2.50457493
0.41700000	2.50263126
0.41800000	2.50392704
0.41900000	2.50684255
0.42000000	2.50684255
0.42100000	2.50068758
0.42200000	2.49388472
0.42300000	2.48870159
0.42400000	2.49226499
0.42500000	2.49258894
0.42600000	2.49712418
0.42700000	2.50327915
0.42800000	2.50522282
0.42900000	2.50651861
0.43000000	2.50749044
0.43100000	2.50975806
0.43200000	2.51008201
0.43300000	2.50813834
0.43400000	2.51040596
0.43500000	2.51429331
0.43600000	2.51494120
0.43700000	2.51008201
0.43800000	2.50101153
0.43900000	2.49485656
0.44000000	2.49258894
0.44100000	2.49550445
0.44200000	2.49906785
0.44300000	2.50327915
0.44400000	2.50781439
0.44500000	2.50327915
0.44600000	2.49680023
0.44700000	2.49388472
0.44800000	2.49971574
0.44900000	2.50716650
0.45000000	2.50975806
0.45100000	2.50716650
0.45200000	2.50716650
0.45300000	2.50813834
0.45400000	2.50198336
0.45500000	2.49744812
0.45600000	2.49550445
0.45700000	2.49226499
0.45800000	2.49550445
0.45900000	2.49906785
0.46000000	2.50068758
0.46100000	2.50522282
0.46200000	2.50749044
0.46300000	2.50975806
0.46400000	2.50975806
0.46500000	2.50327915
0.46600000	2.50263126
0.46700000	2.50165942
0.46800000	2.50425099
0.46900000	2.50522282
0.47000000	2.50360309
0.47100000	2.50036364
0.47200000	2.50425099
0.47300000	2.50263126
0.47400000	2.49906785
0.47500000	2.49906785
0.47600000	2.50165942
0.47700000	2.50619466
0.47800000	2.50684255
0.47900000	2.50489888
0.48000000	2.50587071
0.48100000	2.50943412
0.48200000	2.51299752
0.48300000	2.51396936
0.48400000	2.50651861
0.48500000	2.50198336
0.48600000	2.49744812
0.48700000	2.49356077
0.48800000	2.49485656
0.48900000	2.50133547
0.49000000	2.50554677
0.49100000	2.50911017
0.49200000	2.50554677
0.49300000	2.50068758
0.49400000	2.50101153
0.49500000	2.50587071
0.49600000	2.51202569
0.49700000	2.51072990
0.49800000	2.50133547
0.49900000	2.49161710
0.50000000	2.49032131
0.50100000	2.49518050
0.50200000	2.50327915
0.50300000	2.50619466
0.50400000	2.50425099
0.50500000	2.50165942
0.50600000	2.49971574
0.50700000	2.50101153
0.50800000	2.50651861
0.50900000	2.50651861
0.51000000	2.50068758
0.51100000	2.49680023
0.51200000	2.49971574
0.51300000	2.50295520
0.51400000	2.50781439
0.51500000	2.50327915
0.51600000	2.49841996
0.51700000	2.49874391
0.51800000	2.49971574
0.51900000	2.50457493
0.52000000	2.50781439
0.52100000	2.51396936
0.52200000	2.51753277
0.52300000	2.51396936
0.52400000	2.50263126
0.52500000	2.49809601
0.52600000	2.49841996
0.52700000	2.50068758
0.52800000	2.50587071
0.52900000	2.50457493
0.53000000	2.50068758
0.53100000	2.49874391
0.53200000	2.49874391
0.53300000	2.49939180
0.53400000	2.50327915
0.53500000	2.51072990
0.53600000	2.51072990
0.53700000	2.50749044
0.53800000	2.50878623
0.53900000	2.50457493
0.54000000	2.49939180
0.54100000	2.49032131
0.54200000	2.48060294
0.54300000	2.48060294
0.54400000	2.48611002
0.54500000	2.49388472
0.54600000	2.50425099
0.54700000	2.51396936
0.54800000	2.51526514
0.54900000	2.51299752
0.55000000	2.50813834
0.55100000	2.50327915
0.55200000	2.50198336
0.55300000	2.50587071
0.55400000	2.50651861
0.55500000	2.50457493
0.55600000	2.50101153
0.55700000	2.49388472
0.55800000	2.48902553
0.55900000	2.49161710
0.56000000	2.49777207
0.56100000	2.50360309
0.56200000	2.50587071
0.56300000	2.50651861
0.56400000	2.50781439
0.56500000	2.51461725
0.56600000	2.51461725
0.56700000	2.51202569
0.56800000	2.51234963
0.56900000	2.51364541
0.57000000	2.51267358
0.57100000	2.50846228
0.57200000	2.50587071
0.57300000	2.50133547
0.57400000	2.49420866
0.57500000	2.48740580
0.57600000	2.48870159
0.57700000	2.49615234
0.57800000	2.50101153
0.57900000	2.50101153
0.58000000	2.50133547
0.58100000	2.49809601
0.58200000	2.50036364
0.58300000	2.50489888
0.58400000	2.50781439
0.58500000	2.50878623
0.58600000	2.50878623
0.58700000	2.50651861
0.58800000	2.50587071
0.58900000	2.50392704
0.59000000	2.50230731
0.59100000	2.50360309
0.59200000	2.50425099
0.59300000	2.50716650
0.59400000	2.50813834
0.59500000	2.50651861
0.59600000	2.50198336
0.59700000	2.49971574
0.59800000	2.49906785
0.59900000	2.50165942
0.60000000	2.50781439
0.60100000	2.51170174
0.60200000	2.51396936
0.60300000	2.50878623
0.60400000	2.50360309
0.60500000	2.50133547
0.60600000	2.50133547
0.60700000	2.49647629
0.60800000	2.49096921
0.60900000	2.48967342
0.61000000	2.49420866
0.61100000	2.50230731
0.61200000	2.50813834
0.61300000	2.51008201
0.61400000	2.51105385
0.61500000	2.50619466
0.61600000	2.50392704
0.61700000	2.50198336
0.61800000	2.49841996
0.61900000	2.49647629
0.62000000	2.49161710
0.62100000	2.49258894
0.62200000	2.49874391
0.62300000	2.50198336
0.62400000	2.50360309
0.62500000	2.50230731
0.62600000	2.50230731
0.62700000	2.50295520
0.62800000	2.50554677
0.62900000	2.50975806
0.63000000	2.50813834
0.63100000	2.50425099
0.63200000	2.50068758
0.63300000	2.50003969
0.63400000	2.50295520
0.63500000	2.50619466
0.63600000	2.50651861
0.63700000	2.49971574
0.63800000	2.49615234
0.63900000	2.50230731
0.64000000	2.50943412
0.64100000	2.51234963
0.64200000	2.51137779
0.64300000	2.50425099
0.64400000	2.50165942
0.64500000	2.49744812
0.64600000	2.49485656
0.64700000	2.49680023
0.64800000	2.50036364
0.64900000	2.50554677
0.65000000	2.50878623
0.65100000	2.51332147
0.65200000	2.51105385
0.65300000	2.51105385
0.65400000	2.50878623
0.65500000	2.50554677
0.65600000	2.50684255
0.65700000	2.50684255
0.65800000	2.50781439
0.65900000	2.50554677
0.66000000	2.49971574
0.66100000	2.49323683
0.66200000	2.48934948
0.66300000	2.49518050
0.66400000	2.49777207
0.66500000	2.49874391
0.66600000	2.50425099
0.66700000	2.50457493
0.66800000	2.50295520
0.66900000	2.50554677
0.67000000	2.50457493
0.67100000	2.50263126
0.67200000	2.50198336
0.67300000	2.50489888
0.67400000	2.50813834
0.67500000	2.50781439
0.67600000	2.50651861
0.67700000	2.50360309
0.67800000	2.49841996
0.67900000	2.49744812
0.68000000	2.49841996
0.68100000	2.50101153
0.68200000	2.49809601
0.68300000	2.49356077
0.68400000	2.49453261
0.68500000	2.49550445
0.68600000	2.49550445
0.68700000	2.49420866
0.68800000	2.49420866
0.68900000	2.49647629
0.69000000	2.50133547
0.69100000	2.50360309
0.69200000	2.50813834
0.69300000	2.51234963
0.69400000	2.51332147
0.69500000	2.51785671
0.69600000	2.52044828
0.69700000	2.51753277
0.69800000	2.50781439
0.69900000	2.49906785
0.70000000	2.49615234
0.70100000	2.49680023
0.70200000	2.49744812
0.70300000	2.49744812
0.70400000	2.49680023
0.70500000	2.49096921
0.70600000	2.49550445
0.70700000	2.49680023
0.70800000	2.50684255
0.70900000	2.51364541
0.71000000	2.51137779
0.71100000	2.50749044
0.71200000	2.50198336
0.71300000	2.49453261
0.71400000	2.48708186
0.71500000	2.48675791
0.71600000	2.48999737
0.71700000	2.49518050
0.71800000	2.49485656
0.71900000	2.49841996
0.72000000	2.50068758
0.72100000	2.50684255
0.72200000	2.51396936
0.72300000	2.51785671
0.72400000	2.51558909
0.72500000	2.51008201
0.72600000	2.50522282
0.72700000	2.50587071
0.72800000	2.50878623
0.72900000	2.50295520
0.73000000	2.49388472
0.73100000	2.48384240
0.73200000	2.47930716
0.73300000	2.48222267
0.73400000	2.49226499
0.73500000	2.50198336
0.73600000	2.50198336
0.73700000	2.49906785
0.73800000	2.49680023
0.73900000	2.50003969
0.74000000	2.50619466
0.74100000	2.50489888
0.74200000	2.49906785
0.74300000	2.49647629
0.74400000	2.49647629
0.74500000	2.49420866
0.74600000	2.49615234
0.74700000	2.50295520
0.74800000	2.50716650
0.74900000	2.50781439
0.75000000	2.50975806
0.75100000	2.51170174
0.75200000	2.51170174
0.75300000	2.51234963
0.75400000	2.50943412
0.75500000	2.50522282
0.75600000	2.50554677
0.75700000	2.50295520
0.75800000	2.50198336
0.75900000	2.50068758
0.76000000	2.49680023
0.76100000	2.49258894
0.76200000	2.48999737
0.76300000	2.48934948
0.76400000	2.48999737
0.76500000	2.49323683
0.76600000	2.49550445
0.76700000	2.49356077
0.76800000	2.48481424
0.76900000	2.47477191
0.77000000	2.46375776
0.77100000	2.45241965
0.77200000	2.43848998
0.77300000	2.41646167
0.77400000	2.38730654
0.77500000	2.34584148
0.77600000	2.28591151
0.77700000	2.20848847
0.77800000	2.11875550
0.77900000	2.01995205
0.78000000	1.91628942
0.78100000	1.81035917
0.78200000	1.70183737
0.78300000	1.59396347
0.78400000	1.48738535
0.78500000	1.38987771
0.78600000	1.29722926
0.78700000	1.21300340
0.78800000	1.13493250
0.78900000	1.06690393
0.79000000	1.00179086
0.79100000	0.93797357
0.79200000	0.88160704
0.79300000	0.81973343
0.79400000	0.75040907
0.79500000	0.67136634
0.79600000	0.58811232
0.79700000	0.49935122
0.79800000	0.40378727
0.79900000	0.31373039
0.80000000	0.21751854
0.80100000	0.11579961
0.80200000	0.02639061
0.80300000	0.02736245
0.80400000	0.02703850
0.80500000	0.02477088
0.80600000	0.02703850
0.80700000	0.02703850
0.80800000	0.02995402
0.80900000	0.03027796
0.81000000	0.02963007
0.81100000	0.02995402
0.81200000	0.02930612
0.81300000	0.03060191
0.81400000	0.02963007
0.81500000	0.02801034
0.81600000	0.03027796
0.81700000	0.02995402
0.81800000	0.02898218
0.81900000	0.02898218
0.82000000	0.04161606
0.82100000	0.06720776
0.82200000	0.09895444
0.82300000	0.13134900
0.82400000	0.16147594
0.82500000	0.19775785
0.82600000	0.23760317
0.82700000	0.28165977
0.82800000	0.33219529
0.82900000	0.39147734
0.83000000	0.45594251
0.83100000	0.52883028
0.83200000	0.61111246
0.83300000	0.70538063
0.83400000	0.81163479
0.83500000	0.93311439
0.83600000	1.06463631
0.83700000	1.20069346
0.83800000	1.34614505
0.83900000	1.49418821
0.84000000	1.64320321
0.84100000	1.78962665
0.84200000	1.93637405
0.84300000	2.07826228
0.84400000	2.20946031
0.84500000	2.33320759
0.84600000	2.45209571
0.84700000	2.56385702
0.84800000	2.66589997
0.84900000	2.76275979
0.85000000	2.85443649
0.85100000	2.94416952
0.85200000	3.03552229
0.85300000	3.12039615
0.85400000	3.20721369
0.85500000	3.29889043
0.85600000	3.40028557
0.85700000	3.50006098
0.85800000	3.60048431
0.85900000	3.69896397
0.86000000	3.80068310
0.86100000	3.90628961
0.86200000	4.01124824
0.86300000	4.11264348
0.86400000	4.20820770
0.86500000	4.29794089
0.86600000	4.38475858
0.86700000	4.46120999
0.86800000	4.53312615
0.86900000	4.59499998
0.87000000	4.64391594
0.87100000	4.68246560
0.87200000	4.71097292
0.87300000	4.73267736
0.87400000	4.74693102
0.87500000	4.75438180
0.87600000	4.75632548
0.87700000	4.75438180
0.87800000	4.75146628
0.87900000	4.75146628
0.88000000	4.75146628
0.88100000	4.75373390
0.88200000	4.75081838
0.88300000	4.75081838
0.88400000	4.74822681
0.88500000	4.73980419
0.88600000	4.72846605
0.88700000	4.71162082
0.88800000	4.69121217
0.88900000	4.66464853
0.89000000	4.63711305
0.89100000	4.60439443
0.89200000	4.55353480
0.89300000	4.49684412
0.89400000	4.42460402
0.89500000	4.35042024
0.89600000	4.26878570
0.89700000	4.18196803
0.89800000	4.09093907
0.89900000	3.99569882
0.90000000	3.89883885
0.90100000	3.80197889
0.90200000	3.70673868
0.90300000	3.61279426
0.90400000	3.51690619
0.90500000	3.42814493
0.90600000	3.34132737
0.90700000	3.25224219
0.90800000	3.16801621
0.90900000	3.08994522
0.91000000	3.01155029
0.91100000	2.92926801
0.91200000	2.84601390
0.91300000	2.75952033
0.91400000	2.67173100
0.91500000	2.57843458
0.91600000	2.48222267
0.91700000	2.38050368
0.91800000	2.27781287
0.91900000	2.17350233
0.92000000	2.06821996
0.92100000	1.96488127
0.92200000	1.86186654
0.92300000	1.76079548
0.92400000	1.66523151
0.92500000	1.56901965
0.92600000	1.48058249
0.92700000	1.40413132
0.92800000	1.33318722
0.92900000	1.26483470
0.93000000	1.19939768
0.93100000	1.13881985
0.93200000	1.08634066
0.93300000	1.04228406
0.93400000	1.00341059
0.93500000	0.96583290
0.93600000	0.92825521
0.93700000	0.89456486
0.93800000	0.86055057
0.93900000	0.82394472
0.94000000	0.78442336
0.94100000	0.74231043
0.94200000	0.70278907
0.94300000	0.66683110
0.94400000	0.63702811
0.94500000	0.61111246
0.94600000	0.58681654
0.94700000	0.56511218
0.94800000	0.55215436
0.94900000	0.54632334
0.95000000	0.54405572
0.95100000	0.54794307
0.95200000	0.55604171
0.95300000	0.57839395
0.95400000	0.60884484
0.95500000	0.64998593
0.95600000	0.69436648
0.95700000	0.74328227
0.95800000	0.79543751
0.95900000	0.84791670
0.96000000	0.90233956
0.96100000	0.95773426
0.96200000	1.01150923
0.96300000	1.06625603
0.96400000	1.11549577
0.96500000	1.16376366
0.96600000	1.22207387
0.96700000	1.28135592
0.96800000	1.34160981
0.96900000	1.39765240
0.97000000	1.44915976
0.97100000	1.50196290
0.97200000	1.56513230
0.97300000	1.63154116
0.97400000	1.70442894
0.97500000	1.78411957
0.97600000	1.86348627
0.97700000	1.94155718
0.97800000	2.02675491
0.97900000	2.11583998
0.98000000	2.21075609
0.98100000	2.30923561
0.98200000	2.40415173
0.98300000	2.49550445
0.98400000	2.58491350
0.98500000	2.67237889
0.98600000	2.75466115
0.98700000	2.83759130
0.98800000	2.92214120
0.98900000	2.99114169
0.99000000	3.05431116
0.99100000	3.11359328
0.99200000	3.17417119
0.99300000	3.23377727
0.99400000	3.28884810
0.99500000	3.34003159
0.99600000	3.39218691
0.99700000	3.44758170
0.99800000	3.50265255
0.99900000	3.55480789
1.00000000	3.60339982
1.00100000	3.65458333
1.00200000	3.71094998
1.00300000	3.76342928
1.00400000	3.81104939
1.00500000	3.85834555
1.00600000	3.90110647
1.00700000	3.94321950
1.00800000	3.98047334
1.00900000	4.01740323
1.01000000	4.05141760
1.01100000	4.08122068
1.01200000	4.10033352
1.01300000	4.10940402
1.01400000	4.11523505
1.01500000	4.11393927
1.01600000	4.11167164
1.01700000	4.10422087
1.01800000	4.08931934
1.01900000	4.06761492
1.02000000	4.04720630
1.02100000	4.02485399
1.02200000	4.00412142
1.02300000	3.98306491
1.02400000	3.95779709
1.02500000	3.93285322
1.02600000	3.90790934
1.02700000	3.87940206
1.02800000	3.85154268
1.02900000	3.82271145
1.03000000	3.78966893
1.03100000	3.75273905
1.03200000	3.71321760
1.03300000	3.66980880
1.03400000	3.62575211
1.03500000	3.58266727
1.03600000	3.53018798
1.03700000	3.47058188
1.03800000	3.40417292
1.03900000	3.33808791
1.04000000	3.27038317
1.04100000	3.20332634
1.04200000	3.13011453
1.04300000	3.05625483
1.04400000	2.98401488
1.04500000	2.91274676
1.04600000	2.84147865
1.04700000	2.77701341
1.04800000	2.71837920
1.04900000	2.65844921
1.05000000	2.58977269
1.05100000	2.51753277
1.05200000	2.45598306
1.05300000	2.39637703
1.05400000	2.33612311
1.05500000	2.27489735
1.05600000	2.21237582
1.05700000	2.15050218
1.05800000	2.08830460
1.05900000	2.02675491
1.06000000	1.96714889
1.06100000	1.90948656
1.06200000	1.85117633
1.06300000	1.79221822
1.06400000	1.73034459
1.06500000	1.66879491
1.06600000	1.61178048
1.06700000	1.55994917
1.06800000	1.51394889
1.06900000	1.46989228
1.07000000	1.42939908
1.07100000	1.38696220
1.07200000	1.34711689
1.07300000	1.31698994
1.07400000	1.29237007
1.07500000	1.27066572
1.07600000	1.25349660
1.07700000	1.23535565
1.07800000	1.21915836
1.07900000	1.20328503
1.08000000	1.19097510
1.08100000	1.17866516
1.08200000	1.16765101
1.08300000	1.16084815
1.08400000	1.15922843
1.08500000	1.15793264
1.08600000	1.15598897
1.08700000	1.15274951
1.08800000	1.15436924
1.08900000	1.16279183
1.09000000	1.17153836
1.09100000	1.18903142
1.09200000	1.21008789
1.09300000	1.23211619
1.09400000	1.25738395
1.09500000	1.28751089
1.09600000	1.32282096
1.09700000	1.35586342
1.09800000	1.39214533
1.09900000	1.43296248
1.10000000	1.47863881
1.10100000	1.52334331
1.10200000	1.57128727
1.10300000	1.61696361
1.10400000	1.66749913
1.10500000	1.71965438
1.10600000	1.77018991
1.10700000	1.82266911
1.10800000	1.87385253
1.10900000	1.92309228
1.11000000	1.97492359
1.11100000	2.03193804
1.11200000	2.08992432
1.11300000	2.14693878
1.11400000	2.19974193
1.11500000	2.24639012
1.11600000	2.30405247
1.11700000	2.36495428
1.11800000	2.42585610
1.11900000	2.48772975
1.12000000	2.54960340
1.12100000	2.60953339
1.12200000	2.66816759
1.12300000	2.72615391
1.12400000	2.78511206
1.12500000	2.84212655
1.12600000	2.89881709
1.12700000	2.95485974
1.12800000	3.01122634
1.12900000	3.06014219
1.13000000	3.10517068
1.13100000	3.14890340
1.13200000	3.19717136
1.13300000	3.24705906
1.13400000	3.28755232
1.13500000	3.32091877
1.13600000	3.35363732
1.13700000	3.38182064
1.13800000	3.40903211
1.13900000	3.43753937
1.14000000	3.46993399
1.14100000	3.49390601
1.14200000	3.52241327
1.14300000	3.55156843
1.14400000	3.57327283
1.14500000	3.59335749
1.14600000	3.60663929
1.14700000	3.61992108
1.14800000	3.63806207
1.14900000	3.65393544
1.15000000	3.66559750
1.15100000	3.67628773
1.15200000	3.67887930
1.15300000	3.67823141
1.15400000	3.67240037
1.15500000	3.66397777
1.15600000	3.65263965
1.15700000	3.63773813
1.15800000	3.61894924
1.15900000	3.59756879
1.16000000	3.57716018
1.16100000	3.55124448
1.16200000	3.52176538
1.16300000	3.49261022
1.16400000	3.45989166
1.16500000	3.42620126
1.16600000	3.39866584
1.16700000	3.36951068
1.16800000	3.33970764
1.16900000	3.30536935
1.17000000	3.26746766
1.17100000	3.22827018
1.17200000	3.18648114
1.17300000	3.14501605
1.17400000	3.10128333
1.17500000	3.05917035
1.17600000	3.01252212
1.17700000	2.96878942
1.17800000	2.91890174
1.17900000	2.86933800
1.18000000	2.81621087
1.18100000	2.76016823
1.18200000	2.70671715
1.18300000	2.65423792
1.18400000	2.60208263
1.18500000	2.55089919
1.18600000	2.49971574
1.18700000	2.44853230
1.18800000	2.40026438
1.18900000	2.34778516
1.19000000	2.29951723
1.19100000	2.25254509
1.19200000	2.20686874
1.19300000	2.16767130
1.19400000	2.12264284
1.19500000	2.07664255
1.19600000	2.03161409
1.19700000	1.99436033
1.19800000	1.95905025
1.19900000	1.91985282
1.20000000	1.88324696
1.20100000	1.84404953
1.20200000	1.81424652
1.20300000	1.78217590
1.20400000	1.75237290
1.20500000	1.71965438
1.20600000	1.68693587
1.20700000	1.65518920
1.20800000	1.62830171
1.20900000	1.60271000
1.21000000	1.58294931
1.21100000	1.56578019
1.21200000	1.55152658
1.21300000	1.54018849
1.21400000	1.53047012
1.21500000	1.51913202
1.21600000	1.51362494
1.21700000	1.51362494
1.21800000	1.51135732
1.21900000	1.51686440
1.22000000	1.52528699
1.22100000	1.53500536
1.22200000	1.54634345
1.22300000	1.55217448
1.22400000	1.56059706
1.22500000	1.57128727
1.22600000	1.58392115
1.22700000	1.60044238
1.22800000	1.62085096
1.22900000	1.64125953
1.23000000	1.66231600
1.23100000	1.68240063
1.23200000	1.70378105
1.23300000	1.72710513
1.23400000	1.75528841
1.23500000	1.79124638
1.23600000	1.82882408
1.23700000	1.86575389
1.23800000	1.90009213
1.23900000	1.93864167
1.24000000	1.97913489
1.24100000	2.02157177
1.24200000	2.06400867
1.24300000	2.10126243
1.24400000	2.13689646
1.24500000	2.17998124
1.24600000	2.22727732
1.24700000	2.27489735
1.24800000	2.32381317
1.24900000	2.36560217
1.25000000	2.40544751
1.25100000	2.44529284
1.25200000	2.48805369
1.25300000	2.52303984
1.25400000	2.55899783
1.25500000	2.59430793
1.25600000	2.63058987
1.25700000	2.66784365
1.25800000	2.70509742
1.25900000	2.74461882
1.26000000	2.78608390
1.26100000	2.82981660
1.26200000	2.86804222
1.26300000	2.90335233
1.26400000	2.93121168
1.26500000	2.95745131
1.26600000	2.98952196
1.26700000	3.02288840
1.26800000	3.05755062
1.26900000	3.08929733
1.27000000	3.12072009
1.27100000	3.14631183
1.27200000	3.16542465
1.27300000	3.18259379
1.27400000	3.20073477
1.27500000	3.21693207
1.27600000	3.23118570
1.27700000	3.24317170
1.27800000	3.25418587
1.27900000	3.26293241
1.28000000	3.27135501
1.28100000	3.27750999
1.28200000	3.28236918
1.28300000	3.28658048
1.28400000	3.29241151
1.28500000	3.29370729
1.28600000	3.29435518
1.28700000	3.29014389
1.28800000	3.28722837
1.28900000	3.28236918
1.29000000	3.27362263
1.29100000	3.26552398
1.29200000	3.25580560
1.29300000	3.24349565
1.29400000	3.23183359
1.29500000	3.21596023
1.29600000	3.19879109
1.29700000	3.17773460
1.29800000	3.14825551
1.29900000	3.12590323
1.30000000	3.10581858
1.30100000	3.08217052
1.30200000	3.05560694
1.30300000	3.02774759
1.30400000	2.99859245
1.30500000	2.97202888
1.30600000	2.94449347
1.30700000	2.91469044
1.30800000	2.88391557
1.30900000	2.85281676
1.31000000	2.82107006
1.31100000	2.79126703
1.31200000	2.76275979
1.31300000	2.72906942
1.31400000	2.69181564
1.31500000	2.65618159
1.31600000	2.62897014
1.31700000	2.59495582
1.31800000	2.56158940
1.31900000	2.52692719
1.32000000	2.49258894
1.32100000	2.45825068
1.32200000	2.42682793
1.32300000	2.39313757
1.32400000	2.36106693
1.32500000	2.32964419
1.32600000	2.30048907
1.32700000	2.27781287
1.32800000	2.25481271
1.32900000	2.22274208
1.33000000	2.18775594
1.33100000	2.15633320
1.33200000	2.12750203
1.33300000	2.09834691
1.33400000	2.07081153
1.33500000	2.05169873
1.33600000	2.04003668
1.33700000	2.02643096
1.33800000	2.00893789
1.33900000	1.98723353
1.34000000	1.96552917
1.34100000	1.95095161
1.34200000	1.93605011
1.34300000	1.92471201
1.34400000	1.91499363
1.34500000	1.90657105
1.34600000	1.89523295
1.34700000	1.88810614
1.34800000	1.87935961
1.34900000	1.87709199
1.35000000	1.87644410
1.35100000	1.87255675
1.35200000	1.87093702
1.35300000	1.86899334
1.35400000	1.86899334
1.35500000	1.87417648
1.35600000	1.88065539
1.35700000	1.88519063
1.35800000	1.88972587
1.35900000	1.89458506
1.36000000	1.90689499
1.36100000	1.91920493
1.36200000	1.93151487
1.36300000	1.94803610
1.36400000	1.96196576
1.36500000	1.97719121
1.36600000	1.99403639
1.36700000	2.01444497
1.36800000	2.03776906
1.36900000	2.05493819
1.37000000	2.07437493
1.37100000	2.09802297
1.37200000	2.11907944
1.37300000	2.13851619
1.37400000	2.16022055
1.37500000	2.18354465
1.37600000	2.21367160
1.37700000	2.24185488
1.37800000	2.26615082
1.37900000	2.28947491
1.38000000	2.31344690
1.38100000	2.33320759
1.38200000	2.36171483
1.38300000	2.38633471
1.38400000	2.40901091
1.38500000	2.43881393
1.38600000	2.46796905
1.38700000	2.49388472
1.38800000	2.52012433
1.38900000	2.54701184
1.39000000	2.57227961
1.39100000	2.60273052
1.39200000	2.62151938
1.39300000	2.64030825
1.39400000	2.66006894
1.39500000	2.68695645
1.39600000	2.71222423
1.39700000	2.73392861
1.39800000	2.75239352
1.39900000	2.77215423
1.40000000	2.78932336
1.40100000	2.80584460
1.40200000	2.82560530
1.40300000	2.84471811
1.40400000	2.85897173
1.40500000	2.87938033
1.40600000	2.89525368
1.40700000	2.91047914
1.40800000	2.92764828
1.40900000	2.94125401
1.41000000	2.95097239
1.41100000	2.95907104
1.41200000	2.95939498
1.41300000	2.96911336
1.41400000	2.98077542
1.41500000	2.98887407
1.41600000	2.99859245
1.41700000	3.00280374
1.41800000	3.00571926
1.41900000	3.00798688
1.42000000	3.00604320
1.42100000	2.99794455
1.42200000	2.99373326
1.42300000	2.98984590
1.42400000	2.99016985
1.42500000	2.99146563
1.42600000	2.98855012
1.42700000	2.98336698
1.42800000	2.97202888
1.42900000	2.96069077
1.43000000	2.95259212
1.43100000	2.94060612
1.43200000	2.92991590
1.43300000	2.92376093
1.43400000	2.91663411
1.43500000	2.90853547
1.43600000	2.89622552
1.43700000	2.87905638
1.43800000	2.86059146
1.43900000	2.84277444
1.44000000	2.82722503
1.44100000	2.80487276
1.44200000	2.78511206
1.44300000	2.76405558
1.44400000	2.74688644
1.44500000	2.72842153
1.44600000	2.71157634
1.44700000	2.69246353
1.44800000	2.67367467
1.44900000	2.65423792
1.45000000	2.63220960
1.45100000	2.60791366
1.45200000	2.58296983
1.45300000	2.56158940
1.45400000	2.54150476
1.45500000	2.52595536
1.45600000	2.50230731
1.45700000	2.47865926
1.45800000	2.45987041
1.45900000	2.43784209
1.46000000	2.41937718
1.46100000	2.40317989
1.46200000	2.38698260
1.46300000	2.36527823
1.46400000	2.34260202
1.46500000	2.31895398
1.46600000	2.30081302
1.46700000	2.28396784
1.46800000	2.26744660
1.46900000	2.25286904
1.47000000	2.23667175
1.47100000	2.21626317
1.47200000	2.20362928
1.47300000	2.19488275
1.47400000	2.18386859
1.47500000	2.17350233
1.47600000	2.16346001
1.47700000	2.14629088
1.47800000	2.13462884
1.47900000	2.12134706
1.48000000	2.11065685
1.48100000	2.10514977
1.48200000	2.09996664
1.48300000	2.09057222
1.48400000	2.08409330
1.48500000	2.07891017
1.48600000	2.07631860
1.48700000	2.07178336
1.48800000	2.06919180
1.48900000	2.06983969
1.49000000	2.07664255
1.49100000	2.07923412
1.49200000	2.08247357
1.49300000	2.08344541
1.49400000	2.08571303
1.49500000	2.09154405
1.49600000	2.09543140
1.49700000	2.10126243
1.49800000	2.10806529
1.49900000	2.11616393
1.50000000	2.12458652
1.50100000	2.13203727
1.50200000	2.14369932
1.50300000	2.15536137
1.50400000	2.17415022
1.50500000	2.18775594
1.50600000	2.19877010
1.50700000	2.20395323
1.50800000	2.21593922
1.50900000	2.23375624
1.51000000	2.24865775
1.51100000	2.26031979
1.51200000	2.27489735
1.51300000	2.29303832
1.51400000	2.31441874
1.51500000	2.33191181
1.51600000	2.34648937
1.51700000	2.36139088
1.51800000	2.37953184
1.51900000	2.39929254
1.52000000	2.41970112
1.52100000	2.43881393
1.52200000	2.45663095
1.52300000	2.48027899
1.52400000	2.50068758
1.52500000	2.51688487
1.52600000	2.53243427
1.52700000	2.55316681
1.52800000	2.57389934
1.52900000	2.59495582
1.53000000	2.61374468
1.53100000	2.63253354
1.53200000	2.65099846
1.53300000	2.66557602
1.53400000	2.67691413
1.53500000	2.69051986
1.53600000	2.70574531
1.53700000	2.72064683
1.53800000	2.73360466
1.53900000	2.74397093
1.54000000	2.75336536
1.54100000	2.76373163
1.54200000	2.77668947
1.54300000	2.79288676
1.54400000	2.80487276
1.54500000	2.81329536
1.54600000	2.81912638
1.54700000	2.83078844
1.54800000	2.84536600
1.54900000	2.85897173
1.55000000	2.87192957
1.55100000	2.86901406
1.55200000	2.86869011
1.55300000	2.86901406
1.55400000	2.87808455
1.55500000	2.88391557
1.55600000	2.88391557
1.55700000	2.88423952
1.55800000	2.87743665
1.55900000	2.86901406
1.56000000	2.86771827
1.56100000	2.86415487
1.56200000	2.85767595
1.56300000	2.85378860
1.56400000	2.84925336
1.56500000	2.84730968
1.56600000	2.84828152
1.56700000	2.84504206
1.56800000	2.84115471
1.56900000	2.83273211
1.57000000	2.82268979
1.57100000	2.81037984
1.57200000	2.79612622
1.57300000	2.78252049
1.57400000	2.76794293
1.57500000	2.75401325
1.57600000	2.74202726
1.57700000	2.72712574
1.57800000	2.70963267
1.57900000	2.69505510
1.58000000	2.68339305
1.58100000	2.67270283
1.58200000	2.66006894
1.58300000	2.64549138
1.58400000	2.62313911
1.58500000	2.60370236
1.58600000	2.58588534
1.58700000	2.57422329
1.58800000	2.55867389
1.58900000	2.54344843
1.59000000	2.52563141
1.59100000	2.50651861
1.59200000	2.48513818
1.59300000	2.46634932
1.59400000	2.44820836
1.59500000	2.43006739
1.59600000	2.41192643
1.59700000	2.39605308
1.59800000	2.38665865
1.59900000	2.37467266
1.60000000	2.36171483
1.60100000	2.34940488
1.60200000	2.33774284
1.60300000	2.32737657
1.60400000	2.31182717
1.60500000	2.29660172
1.60600000	2.28170021
1.60700000	2.26874238
1.60800000	2.25546061
1.60900000	2.24217883
1.61000000	2.23116467
1.61100000	2.22079841
1.61200000	2.21431949
1.61300000	2.20978425
1.61400000	2.20719269
1.61500000	2.20071377
1.61600000	2.19617853
1.61700000	2.18710805
1.61800000	2.18095308
1.61900000	2.17576995
1.62000000	2.17415022
1.62100000	2.17382627
1.62200000	2.17091076
1.62300000	2.16572763
1.62400000	2.16313606
1.62500000	2.16216423
1.62600000	2.16443185
1.62700000	2.17479811
1.62800000	2.18192492
1.62900000	2.18840383
1.63000000	2.19326302
1.63100000	2.19455880
1.63200000	2.19877010
1.63300000	2.20362928
1.63400000	2.20784058
1.63500000	2.21788290
1.63600000	2.22922100
1.63700000	2.24250278
1.63800000	2.25384088
1.63900000	2.26258741
1.64000000	2.27489735
1.64100000	2.28817913
1.64200000	2.29303832
1.64300000	2.29919329
1.64400000	2.30923561
1.64500000	2.31927793
1.64600000	2.33871467
1.64700000	2.36041904
1.64800000	2.38082763
1.64900000	2.40350383
1.65000000	2.41484194
1.65100000	2.42520820
1.65200000	2.43848998
1.65300000	2.45436333
1.65400000	2.46829300
1.65500000	2.48416634
1.65600000	2.50392704
1.65700000	2.51850460
1.65800000	2.53049060
1.65900000	2.53729346
1.66000000	2.54765973
1.66100000	2.56256124
1.66200000	2.58167404
1.66300000	2.59722344
1.66400000	2.60758971
1.66500000	2.61504047
1.66600000	2.62832225
1.66700000	2.64322376
1.66800000	2.65812527
1.66900000	2.67594229
1.67000000	2.68890013
1.67100000	2.69635088
1.67200000	2.70347769
1.67300000	2.70995661
1.67400000	2.71967499
1.67500000	2.73101309
1.67600000	2.73749201
1.67700000	2.74364698
1.67800000	2.75044985
1.67900000	2.75466115
1.68000000	2.75595693
1.68100000	2.75952033
1.68200000	2.76373163
1.68300000	2.77085844
1.68400000	2.77733736
1.68500000	2.77733736
1.68600000	2.77539368
1.68700000	2.77312606
1.68800000	2.77150633
1.68900000	2.77636552
1.69000000	2.77928104
1.69100000	2.77798525
1.69200000	2.77668947
1.69300000	2.77474579
1.69400000	2.76988660
1.69500000	2.76794293
1.69600000	2.76632320
1.69700000	2.75725271
1.69800000	2.74591461
1.69900000	2.73425255
1.70000000	2.72388628
1.70100000	2.71967499
1.70200000	2.71352002
1.70300000	2.70671715
1.70400000	2.70121007
1.70500000	2.69019591
1.70600000	2.67982964
1.70700000	2.67237889
1.70800000	2.66525208
1.70900000	2.65812527
1.71000000	2.64873084
1.71100000	2.63804062
1.71200000	2.62508279
1.71300000	2.61406863
1.71400000	2.59981501
1.71500000	2.58232194
1.71600000	2.56547675
1.71700000	2.54927946
1.71800000	2.53567373
1.71900000	2.52854692
1.72000000	2.51818066
1.72100000	2.50619466
1.72200000	2.49841996
1.72300000	2.48708186
1.72400000	2.47380008
1.72500000	2.46634932
1.72600000	2.46375776
1.72700000	2.45501122
1.72800000	2.44270128
1.72900000	2.42650399
1.73000000	2.41160248
1.73100000	2.39832070
1.73200000	2.38665865
1.73300000	2.37758817
1.73400000	2.36981347
1.73500000	2.36203877
1.73600000	2.35491196
1.73700000	2.34908094
1.73800000	2.33968651
1.73900000	2.33223576
1.74000000	2.32284133
1.74100000	2.31506663
1.74200000	2.30632009
1.74300000	2.30826377
1.74400000	2.30858771
1.74500000	2.29886934
1.74600000	2.29562988
1.74700000	2.28850308
1.74800000	2.28655940
1.74900000	2.28720729
1.75000000	2.28947491
1.75100000	2.29271437
1.75200000	2.29206648
1.75300000	2.29141859
1.75400000	2.29206648
1.75500000	2.29498199
1.75600000	2.29498199
1.75700000	2.29660172
1.75800000	2.29368621
1.75900000	2.30016512
1.76000000	2.30793982
1.76100000	2.31506663
1.76200000	2.31863003
1.76300000	2.31603847
1.76400000	2.31344690
1.76500000	2.31571452
1.76600000	2.32219344
1.76700000	2.32770052
1.76800000	2.33741889
1.76900000	2.35264434
1.77000000	2.36463034
1.77100000	2.37532055
1.77200000	2.38406709
1.77300000	2.39443335
1.77400000	2.40026438
1.77500000	2.40512356
1.77600000	2.41030670
1.77700000	2.41451799
1.77800000	2.42553215
1.77900000	2.43525052
1.78000000	2.44723652
1.78100000	2.45889857
1.78200000	2.46537749
1.78300000	2.46894089
1.78400000	2.47541981
1.78500000	2.47639164
1.78600000	2.48870159
1.78700000	2.50263126
1.78800000	2.51623698
1.78900000	2.52401168
1.79000000	2.52725114
1.79100000	2.53211033
1.79200000	2.54053292
1.79300000	2.54798367
1.79400000	2.55284286
1.79500000	2.55057524
1.79600000	2.55575838
1.79700000	2.56418097
1.79800000	2.57616696
1.79900000	2.58782901
1.80000000	2.59236426
1.80100000	2.59657555
1.80200000	2.60273052
1.80300000	2.60823760
1.80400000	2.61406863
1.80500000	2.62087149
1.80600000	2.62119544
1.80700000	2.62378701
1.80800000	2.62735041
1.80900000	2.63318144
1.81000000	2.64160403
1.81100000	2.64581533
1.81200000	2.64581533
1.81300000	2.64808295
1.81400000	2.64808295
1.81500000	2.64516743
1.81600000	2.64840689
1.81700000	2.64970268
1.81800000	2.64873084
1.81900000	2.64678716
1.82000000	2.64419560
1.82100000	2.64128008
1.82200000	2.63933641
1.82300000	2.64063219
1.82400000	2.64516743
1.82500000	2.64711111
1.82600000	2.64484349
1.82700000	2.63739273
1.82800000	2.63220960
1.82900000	2.63058987
1.83000000	2.63253354
1.83100000	2.63253354
1.83200000	2.63026592
1.83300000	2.62346306
1.83400000	2.61504047
1.83500000	2.60856155
1.83600000	2.60532209
1.83700000	2.59949107
1.83800000	2.58977269
1.83900000	2.58394166
1.84000000	2.58361772
1.84100000	2.58523745
1.84200000	2.58426561
1.84300000	2.57487118
1.84400000	2.56547675
1.84500000	2.56256124
1.84600000	2.55478654
1.84700000	2.55025130
1.84800000	2.54992735
1.84900000	2.54506816
1.85000000	2.54053292
1.85100000	2.53373006
1.85200000	2.52692719
1.85300000	2.52465957
1.85400000	2.51818066
1.85500000	2.51040596
1.85600000	2.50263126
1.85700000	2.49647629
1.85800000	2.48902553
1.85900000	2.48027899
1.86000000	2.47995505
1.86100000	2.48125083
1.86200000	2.47671559
1.86300000	2.47023667
1.86400000	2.45727884
1.86500000	2.44594074
1.86600000	2.43978577
1.86700000	2.43687025
1.86800000	2.43978577
1.86900000	2.44399706
1.87000000	2.44075760
1.87100000	2.43913787
1.87200000	2.43395474
1.87300000	2.42779977
1.87400000	2.42164480
1.87500000	2.41516588
1.87600000	2.41127853
1.87700000	2.41127853
1.87800000	2.41095459
1.87900000	2.40512356
1.88000000	2.40253200
1.88100000	2.40123621
1.88200000	2.40479962
1.88300000	2.40447567
1.88400000	2.40447567
1.88500000	2.40350383
1.88600000	2.40317989
1.88700000	2.40220805
1.88800000	2.39929254
1.88900000	2.39864465
1.89000000	2.40026438
1.89100000	2.39670097
1.89200000	2.39378546
1.89300000	2.38892627
1.89400000	2.38665865
1.89500000	2.38568681
1.89600000	2.38925022
1.89700000	2.39508124
1.89800000	2.40058832
1.89900000	2.40512356
1.90000000	2.40965880
1.90100000	2.41354615
1.90200000	2.41581378
1.90300000	2.41743350
1.90400000	2.41970112
1.90500000	2.42164480
1.90600000	2.42099691
1.90700000	2.42002507
1.90800000	2.42358847
1.90900000	2.43136317
1.91000000	2.43557447
1.91100000	2.43687025
1.91200000	2.43978577
1.91300000	2.44691257
1.91400000	2.45015203
1.91500000	2.45209571
1.91600000	2.46149014
1.91700000	2.46440565
1.91800000	2.46278592
1.91900000	2.46602538
1.92000000	2.46796905
1.92100000	2.47347613
1.92200000	2.48481424
1.92300000	2.49388472
1.92400000	2.49485656
1.92500000	2.49777207
1.92600000	2.50327915
1.92700000	2.50911017
1.92800000	2.51396936
1.92900000	2.51980039
1.93000000	2.52109617
1.93100000	2.52271590
1.93200000	2.52660325
1.93300000	2.53243427
1.93400000	2.53275822
1.93500000	2.53146244
1.93600000	2.53567373
1.93700000	2.54668789
1.93800000	2.55996967
1.93900000	2.56612464
1.94000000	2.56547675
1.94100000	2.56256124
1.94200000	2.55673021
1.94300000	2.55802600
1.94400000	2.56191335
1.94500000	2.56936410
1.94600000	2.57681486
1.94700000	2.58135010
1.94800000	2.58685718
1.94900000	2.59398399
1.95000000	2.59527977
1.95100000	2.59981501
1.95200000	2.60273052
1.95300000	2.60467420
1.95400000	2.60920944
1.95500000	2.60694182
1.95600000	2.60435025
1.95700000	2.60273052
1.95800000	2.60208263
1.95900000	2.60305447
1.96000000	2.60629393
1.96100000	2.59981501
1.96200000	2.60208263
1.96300000	2.60370236
1.96400000	2.60208263
1.96500000	2.60208263
1.96600000	2.60629393
1.96700000	2.60564604
1.96800000	2.60370236
1.96900000	2.60305447
1.97000000	2.60013896
1.97100000	2.59949107
1.97200000	2.59592766
1.97300000	2.58491350
1.97400000	2.57843458
1.97500000	2.57163172
1.97600000	2.57130778
1.97700000	2.57033594
1.97800000	2.56968805
1.97900000	2.56580070
1.98000000	2.56126545
1.98100000	2.55737810
1.98200000	2.55284286
1.98300000	2.54895551
1.98400000	2.54215265
1.98500000	2.53858924
1.98600000	2.54150476
1.98700000	2.54182870
1.98800000	2.53470189
1.98900000	2.52789903
1.99000000	2.52692719
1.99100000	2.52174406
1.99200000	2.51720882
1.99300000	2.51105385
1.99400000	2.50619466
1.99500000	2.50263126
1.99600000	2.49971574
1.99700000	2.49194104
1.99800000	2.48319451
1.99900000	2.47509586
2.00000000	2.46570143
2.00100000	2.46116619
2.00200000	2.45857462
2.00300000	2.45501122
2.00400000	2.45274360
2.00500000	2.44334917
2.00600000	2.43946182
2.00700000	2.43881393
2.00800000	2.43978577
2.00900000	2.43978577
2.01000000	2.43784209
2.01100000	2.42909555
2.01200000	2.42423637
2.01300000	2.42261664
2.01400000	2.42067296
2.01500000	2.41516588
2.01600000	2.41354615
2.01700000	2.40739118
2.01800000	2.40577145
2.01900000	2.40674329
2.02000000	2.40739118
2.02100000	2.40641935
2.02200000	2.40091227
2.02300000	2.39572913
2.02400000	2.39637703
2.02500000	2.40350383
2.02600000	2.40641935
2.02700000	2.40479962
2.02800000	2.40382778
2.02900000	2.41095459
2.03000000	2.41840534
2.03100000	2.41937718
2.03200000	2.41678561
2.03300000	2.41451799
2.03400000	2.41192643
2.03500000	2.41289826
2.03600000	2.40998275
2.03700000	2.40998275
2.03800000	2.41192643
2.03900000	2.42099691
2.04000000	2.42844766
2.04100000	2.42941950
2.04200000	2.42682793
2.04300000	2.42682793
2.04400000	2.43071528
2.04500000	2.43557447
2.04600000	2.44270128
2.04700000	2.45306754
2.04800000	2.45825068
2.04900000	2.46019435
2.05000000	2.46408170
2.05100000	2.46764511
2.05200000	2.47250429
2.05300000	2.47833532
2.05400000	2.47703954
2.05500000	2.48481424
2.05600000	2.49615234
2.05700000	2.50392704
2.05800000	2.50651861
2.05900000	2.50684255
2.06000000	2.51040596
2.06100000	2.51656093
2.06200000	2.52336379
2.06300000	2.52951876
2.06400000	2.52789903
2.06500000	2.52498352
2.06600000	2.52822298
2.06700000	2.53956108
2.06800000	2.55446259
2.06900000	2.56288518
2.07000000	2.56612464
2.07100000	2.56126545
2.07200000	2.55705416
2.07300000	2.55608232
2.07400000	2.56256124
2.07500000	2.56871621
2.07600000	2.57746275
2.07700000	2.58361772
2.07800000	2.58523745
2.07900000	2.58750507
2.08000000	2.58556139
2.08100000	2.58199799
2.08200000	2.58232194
2.08300000	2.58491350
2.08400000	2.58847691
2.08500000	2.59592766
2.08600000	2.59689950
2.08700000	2.59592766
2.08800000	2.59268820
2.08900000	2.59268820
2.09000000	2.59139242
2.09100000	2.59106847
2.09200000	2.59042058
2.09300000	2.59074453
2.09400000	2.59463188
2.09500000	2.59884317
2.09600000	2.59851923
2.09700000	2.59301215
2.09800000	2.58426561
2.09900000	2.57973037
2.10000000	2.57811064
2.10100000	2.57811064
2.10200000	2.57973037
2.10300000	2.58199799
2.10400000	2.57746275
2.10500000	2.57195567
2.10600000	2.56904016
2.10700000	2.56418097
2.10800000	2.55316681
2.10900000	2.54150476
2.11000000	2.53534979
2.11100000	2.53243427
2.11200000	2.53340611
2.11300000	2.53502584
2.11400000	2.53664557
2.11500000	2.53308217
2.11600000	2.52887087
2.11700000	2.52401168
2.11800000	2.51105385
2.11900000	2.50198336
2.12000000	2.49874391
2.12100000	2.49841996
2.12200000	2.49291288
2.12300000	2.48481424
2.12400000	2.48125083
2.12500000	2.47671559
2.12600000	2.46894089
2.12700000	2.46926484
2.12800000	2.46570143
2.12900000	2.46634932
2.13000000	2.46343381
2.13100000	2.45987041
2.13200000	2.45857462
2.13300000	2.45727884
2.13400000	2.45436333
2.13500000	2.44626468
2.13600000	2.44302522
2.13700000	2.44302522
2.13800000	2.44529284
2.13900000	2.44594074
2.14000000	2.44140549
2.14100000	2.43751814
2.14200000	2.43363079
2.14300000	2.43330685
2.14400000	2.42844766
2.14500000	2.42747582
2.14600000	2.41872929
2.14700000	2.41710956
2.14800000	2.41710956
2.14900000	2.42132085
2.15000000	2.42488426
2.15100000	2.42974345
2.15200000	2.42941950
2.15300000	2.43395474
2.15400000	2.43427869
2.15500000	2.43395474
2.15600000	2.43460263
2.15700000	2.43525052
2.15800000	2.43460263
2.15900000	2.42747582
2.16000000	2.43427869
2.16100000	2.44399706
2.16200000	2.44756047
2.16300000	2.44367312
2.16400000	2.43848998
2.16500000	2.44010971
2.16600000	2.45015203
2.16700000	2.46116619
2.16800000	2.46634932
2.16900000	2.46602538
2.17000000	2.46440565
2.17100000	2.46829300
2.17200000	2.47250429
2.17300000	2.47282824
2.17400000	2.46958878
2.17500000	2.47606770
2.17600000	2.48449029
2.17700000	2.48967342
2.17800000	2.49906785
2.17900000	2.50554677
2.18000000	2.50878623
2.18100000	2.51202569
2.18200000	2.51494120
2.18300000	2.51850460
2.18400000	2.52077222
2.18500000	2.52206801
2.18600000	2.52109617
2.18700000	2.52142012
2.18800000	2.53081454
2.18900000	2.53923714
2.19000000	2.54506816
2.19100000	2.54053292
2.19200000	2.53437795
2.19300000	2.53534979
2.19400000	2.53794135
2.19500000	2.54118081
2.19600000	2.54992735
2.19700000	2.55770205
2.19800000	2.56126545
2.19900000	2.55867389
2.20000000	2.55867389
2.20100000	2.56385702
2.20200000	2.56806832
2.20300000	2.56450491
2.20400000	2.55899783
2.20500000	2.55608232
2.20600000	2.55673021
2.20700000	2.56061756
2.20800000	2.56580070
2.20900000	2.57001199
2.21000000	2.56968805
2.21100000	2.56839226
2.21200000	2.56094151
2.21300000	2.55899783
2.21400000	2.56029362
2.21500000	2.55964573
2.21600000	2.55932178
2.21700000	2.55899783
2.21800000	2.55543443
2.21900000	2.54895551
2.22000000	2.54474422
2.22100000	2.54215265
2.22200000	2.53956108
2.22300000	2.53729346
2.22400000	2.53534979
2.22500000	2.53049060
2.22600000	2.52887087
2.22700000	2.52627930
2.22800000	2.52757509
2.22900000	2.52692719
2.23000000	2.52142012
2.23100000	2.51267358
2.23200000	2.50651861
2.23300000	2.50392704
2.23400000	2.50392704
2.23500000	2.51234963
2.23600000	2.51818066
2.23700000	2.51720882
2.23800000	2.51170174
2.23900000	2.49971574
2.24000000	2.49485656
2.24100000	2.49096921
2.24200000	2.49420866
2.24300000	2.49291288
2.24400000	2.49129315
2.24500000	2.48513818
2.24600000	2.48546213
2.24700000	2.48513818
2.24800000	2.47995505
2.24900000	2.47412402
2.25000000	2.46602538
2.25100000	2.45987041
2.25200000	2.46634932
2.25300000	2.47250429
2.25400000	2.46861694
2.25500000	2.46634932
2.25600000	2.46699721
2.25700000	2.46634932
2.25800000	2.46764511
2.25900000	2.46732116
2.26000000	2.46732116
2.26100000	2.46537749
2.26200000	2.46375776
2.26300000	2.46375776
2.26400000	2.46375776
2.26500000	2.46246197
2.26600000	2.45954646
2.26700000	2.46440565
2.26800000	2.47023667
2.26900000	2.47347613
2.27000000	2.47282824
2.27100000	2.47541981
2.27200000	2.47898321
2.27300000	2.48125083
2.27400000	2.47963110
2.27500000	2.47963110
2.27600000	2.47833532
2.27700000	2.47963110
2.27800000	2.48125083
2.27900000	2.48481424
2.28000000	2.48416634
2.28100000	2.48708186
2.28200000	2.49258894
2.28300000	2.49161710
2.28400000	2.48675791
2.28500000	2.47995505
2.28600000	2.47801137
2.28700000	2.48254661
2.28800000	2.48934948
2.28900000	2.50133547
2.29000000	2.50878623
2.29100000	2.50457493
2.29200000	2.50036364
2.29300000	2.49615234
2.29400000	2.49096921
2.29500000	2.49420866
2.29600000	2.50619466
2.29700000	2.51040596
2.29800000	2.50975806
2.29900000	2.51396936
2.30000000	2.51461725
2.30100000	2.50943412
2.30200000	2.51105385
2.30300000	2.51137779
2.30400000	2.51656093
2.30500000	2.51785671
2.30600000	2.51818066
2.30700000	2.51461725
2.30800000	2.51202569
2.30900000	2.51396936
2.31000000	2.51494120
2.31100000	2.51882855
2.31200000	2.51980039
2.31300000	2.52174406
2.31400000	2.52336379
2.31500000	2.52077222
2.31600000	2.52271590
2.31700000	2.52433563
2.31800000	2.51753277
2.31900000	2.51332147
2.32000000	2.51332147
2.32100000	2.51332147
2.32200000	2.52044828
2.32300000	2.52174406
2.32400000	2.51980039
2.32500000	2.51364541
2.32600000	2.50813834
2.32700000	2.50716650
2.32800000	2.51040596
2.32900000	2.51170174
2.33000000	2.51105385
2.33100000	2.51234963
2.33200000	2.51623698
2.33300000	2.51429331
2.33400000	2.51753277
2.33500000	2.51818066
2.33600000	2.51688487
2.33700000	2.51785671
2.33800000	2.51008201
2.33900000	2.51170174
2.34000000	2.51494120
2.34100000	2.51818066
2.34200000	2.51850460
2.34300000	2.51947644
2.34400000	2.50975806
2.34500000	2.50425099
2.34600000	2.50198336
2.34700000	2.50425099
2.34800000	2.50489888
2.34900000	2.50295520
2.35000000	2.50263126
2.35100000	2.49777207
2.35200000	2.49744812
2.35300000	2.49809601
2.35400000	2.50036364
2.35500000	2.50198336
2.35600000	2.50392704
2.35700000	2.50295520
2.35800000	2.50068758
2.35900000	2.50133547
2.36000000	2.50263126
2.36100000	2.50068758
2.36200000	2.50392704
2.36300000	2.50911017
2.36400000	2.50943412
2.36500000	2.50587071
2.36600000	2.50068758
2.36700000	2.49356077
2.36800000	2.48870159
2.36900000	2.49226499
2.37000000	2.49874391
2.37100000	2.50198336
2.37200000	2.50554677
2.37300000	2.50457493
2.37400000	2.50392704
2.37500000	2.50457493
2.37600000	2.50651861
2.37700000	2.50619466
2.37800000	2.50263126
2.37900000	2.49939180
2.38000000	2.50263126
2.38100000	2.50813834
2.38200000	2.51234963
2.38300000	2.51008201
2.38400000	2.50522282
2.38500000	2.50230731
2.38600000	2.50263126
2.38700000	2.50425099
2.38800000	2.50684255
2.38900000	2.50489888
2.39000000	2.49971574
2.39100000	2.49453261
2.39200000	2.49809601
2.39300000	2.50425099
2.39400000	2.51105385
2.39500000	2.50846228
2.39600000	2.50425099
2.39700000	2.50392704
2.39800000	2.51202569
2.39900000	2.51558909
2.40000000	2.51720882
2.40100000	2.51332147
2.40200000	2.50846228
2.40300000	2.50554677
2.40400000	2.50327915
2.40500000	2.50425099
2.40600000	2.50522282
2.40700000	2.50133547
2.40800000	2.50036364
2.40900000	2.50587071
2.41000000	2.50554677
2.41100000	2.50230731
2.41200000	2.49582839
2.41300000	2.49258894
2.41400000	2.49226499
2.41500000	2.49194104
2.41600000	2.49744812
2.41700000	2.50003969
2.41800000	2.49939180
2.41900000	2.50068758
2.42000000	2.49906785
2.42100000	2.50101153
2.42200000	2.50392704
2.42300000	2.49777207
2.42400000	2.49258894
2.42500000	2.48837764
2.42600000	2.48319451
2.42700000	2.48125083
2.42800000	2.48157478
2.42900000	2.48092689
2.43000000	2.48384240
2.43100000	2.48772975
2.43200000	2.48772975
2.43300000	2.48578607
2.43400000	2.48416634
2.43500000	2.48675791
2.43600000	2.48805369
2.43700000	2.48611002
2.43800000	2.48546213
2.43900000	2.48254661
2.44000000	2.48125083
2.44100000	2.47995505
2.44200000	2.47606770
2.44300000	2.48125083
2.44400000	2.48870159
2.44500000	2.49485656
2.44600000	2.49388472
2.44700000	2.48902553
2.44800000	2.48416634
2.44900000	2.48481424
2.45000000	2.48805369
2.45100000	2.49258894
2.45200000	2.49744812
2.45300000	2.49874391
2.45400000	2.49680023
2.45500000	2.49323683
2.45600000	2.49226499
2.45700000	2.49518050
2.45800000	2.49647629
2.45900000	2.49485656
2.46000000	2.49615234
2.46100000	2.49939180
2.46200000	2.50392704
2.46300000	2.50878623
2.46400000	2.50911017
2.46500000	2.51332147
2.46600000	2.51494120
2.46700000	2.51299752
2.46800000	2.51008201
2.46900000	2.51008201
2.47000000	2.50943412
2.47100000	2.50911017
2.47200000	2.50975806
2.47300000	2.51040596
2.47400000	2.51202569
2.47500000	2.51623698
2.47600000	2.52174406
2.47700000	2.52627930
2.47800000	2.52854692
2.47900000	2.52725114
2.48000000	2.52692719
2.48100000	2.52465957
2.48200000	2.52206801
2.48300000	2.52206801
2.48400000	2.52401168
2.48500000	2.52368774
2.48600000	2.52595536
2.48700000	2.52692719
2.48800000	2.53049060
2.48900000	2.53405400
2.49000000	2.53340611
2.49100000	2.52887087
2.49200000	2.52692719
2.49300000	2.52465957
2.49400000	2.52336379
2.49500000	2.52660325
2.49600000	2.52627930
2.49700000	2.52239195
2.49800000	2.52206801
2.49900000	2.52206801
2.50000000	2.52206801
2.50100000	2.52757509
2.50200000	2.53243427
2.50300000	2.53178638
2.50400000	2.52725114
2.50500000	2.52530747
2.50600000	2.52433563
2.50700000	2.52401168
2.50800000	2.52271590
2.50900000	2.51720882
2.51000000	2.51753277
2.51100000	2.51591304
2.51200000	2.51688487
2.51300000	2.52530747
2.51400000	2.52271590
2.51500000	2.51461725
2.51600000	2.50813834
2.51700000	2.50846228
2.51800000	2.50846228
2.51900000	2.50489888
2.52000000	2.49744812
2.52100000	2.49129315
2.52200000	2.48999737
2.52300000	2.49226499
2.52400000	2.49485656
2.52500000	2.49582839
2.52600000	2.49258894
2.52700000	2.49323683
2.52800000	2.49420866
2.52900000	2.49550445
2.53000000	2.49356077
2.53100000	2.48902553
2.53200000	2.48449029
2.53300000	2.48189872
2.53400000	2.48449029
2.53500000	2.48708186
2.53600000	2.48092689
2.53700000	2.48157478
2.53800000	2.48449029
2.53900000	2.48157478
2.54000000	2.47574375
2.54100000	2.46958878
2.54200000	2.46667327
2.54300000	2.46634932
2.54400000	2.47023667
2.54500000	2.46894089
2.54600000	2.46699721
2.54700000	2.46732116
2.54800000	2.47088456
2.54900000	2.47509586
2.55000000	2.47347613
2.55100000	2.46958878
2.55200000	2.46958878
2.55300000	2.47023667
2.55400000	2.46894089
2.55500000	2.47250429
2.55600000	2.47703954
2.55700000	2.48157478
2.55800000	2.48481424
2.55900000	2.48384240
2.56000000	2.47898321
2.56100000	2.48060294
2.56200000	2.48481424
2.56300000	2.48708186
2.56400000	2.48481424
2.56500000	2.47995505
2.56600000	2.47963110
2.56700000	2.48254661
2.56800000	2.48319451
2.56900000	2.48287056
2.57000000	2.48513818
2.57100000	2.48967342
2.57200000	2.49582839
2.57300000	2.50133547
2.57400000	2.50619466
2.57500000	2.51072990
2.57600000	2.50813834
2.57700000	2.50068758
2.57800000	2.49518050
2.57900000	2.49485656
2.58000000	2.50263126
2.58100000	2.51040596
2.58200000	2.51396936
2.58300000	2.51364541
2.58400000	2.51364541
2.58500000	2.50781439
2.58600000	2.50619466
2.58700000	2.50392704
2.58800000	2.50911017
2.58900000	2.51591304
2.59000000	2.52142012
2.59100000	2.52271590
2.59200000	2.52530747
2.59300000	2.52854692
2.59400000	2.53275822
2.59500000	2.53275822
2.59600000	2.53502584
2.59700000	2.53534979
2.59800000	2.53761741
2.59900000	2.54280054
2.60000000	2.54377238
2.60100000	2.54344843
2.60200000	2.53923714
2.60300000	2.53373006
2.60400000	2.53308217
2.60500000	2.53405400
2.60600000	2.53599768
2.60700000	2.53794135
2.60800000	2.54215265
2.60900000	2.54247660
2.61000000	2.54442027
2.61100000	2.54182870
2.61200000	2.53729346
2.61300000	2.53761741
2.61400000	2.53956108
2.61500000	2.53502584
2.61600000	2.53178638
2.61700000	2.52692719
2.61800000	2.52206801
2.61900000	2.53081454
2.62000000	2.53178638
2.62100000	2.52725114
2.62200000	2.52077222
2.62300000	2.51688487
2.62400000	2.51332147
2.62500000	2.51494120
2.62600000	2.51623698
2.62700000	2.52206801
2.62800000	2.51720882
2.62900000	2.51105385
2.63000000	2.50392704
2.63100000	2.50295520
2.63200000	2.50425099
2.63300000	2.50425099
2.63400000	2.50295520
2.63500000	2.50230731
2.63600000	2.50101153
2.63700000	2.49680023
2.63800000	2.49258894
2.63900000	2.48837764
2.64000000	2.48967342
2.64100000	2.49356077
2.64200000	2.49518050
2.64300000	2.49291288
2.64400000	2.48934948
2.64500000	2.48643396
2.64600000	2.48222267
2.64700000	2.47639164
2.64800000	2.47898321
2.64900000	2.47963110
2.65000000	2.48125083
2.65100000	2.48027899
2.65200000	2.47801137
2.65300000	2.47347613
2.65400000	2.46861694
2.65500000	2.46278592
2.65600000	2.46084224
2.65700000	2.46213803
2.65800000	2.46505354
2.65900000	2.46958878
2.66000000	2.47250429
2.66100000	2.47250429
2.66200000	2.47412402
2.66300000	2.47185640
2.66400000	2.46343381
2.66500000	2.46278592
2.66600000	2.46343381
2.66700000	2.46667327
2.66800000	2.47282824
2.66900000	2.47768743
2.67000000	2.48060294
2.67100000	2.48449029
2.67200000	2.48837764
2.67300000	2.48546213
2.67400000	2.48254661
2.67500000	2.47995505
2.67600000	2.47963110
2.67700000	2.48092689
2.67800000	2.48740580
2.67900000	2.48902553
2.68000000	2.48675791
2.68100000	2.48805369
2.68200000	2.48481424
2.68300000	2.49064526
2.68400000	2.49744812
2.68500000	2.50619466
2.68600000	2.50619466
2.68700000	2.50230731
2.68800000	2.50263126
2.68900000	2.50619466
2.69000000	2.51105385
2.69100000	2.51526514
2.69200000	2.51591304
2.69300000	2.51461725
2.69400000	2.51364541
2.69500000	2.51364541
2.69600000	2.51170174
2.69700000	2.50878623
2.69800000	2.51364541
2.69900000	2.51461725
2.70000000	2.51818066
2.70100000	2.51720882
2.70200000	2.51850460
2.70300000	2.52174406
2.70400000	2.52465957
2.70500000	2.52336379
2.70600000	2.52077222
2.70700000	2.52498352
2.70800000	2.52465957
2.70900000	2.52563141
2.71000000	2.52725114
2.71100000	2.52789903
2.71200000	2.52919482
2.71300000	2.53016665
2.71400000	2.53049060
2.71500000	2.52951876
2.71600000	2.53178638
2.71700000	2.53113849
2.71800000	2.52887087
2.71900000	2.52757509
2.72000000	2.52660325
2.72100000	2.52951876
2.72200000	2.53794135
2.72300000	2.53664557
2.72400000	2.52789903
2.72500000	2.51591304
2.72600000	2.51105385
2.72700000	2.51494120
2.72800000	2.52142012
2.72900000	2.52498352
2.73000000	2.52822298
2.73100000	2.53146244
2.73200000	2.52627930
2.73300000	2.51850460
2.73400000	2.51494120
2.73500000	2.51461725
2.73600000	2.51558909
2.73700000	2.51688487
2.73800000	2.51332147
2.73900000	2.50587071
2.74000000	2.49971574
2.74100000	2.49550445
2.74200000	2.49647629
2.74300000	2.50101153
2.74400000	2.50716650
2.74500000	2.50198336
2.74600000	2.49194104
2.74700000	2.48546213
2.74800000	2.48125083
2.74900000	2.48675791
2.75000000	2.49453261
2.75100000	2.50068758
2.75200000	2.49841996
2.75300000	2.48902553
2.75400000	2.48675791
2.75500000	2.49032131
2.75600000	2.48967342
2.75700000	2.48416634
2.75800000	2.48125083
2.75900000	2.47898321
2.76000000	2.47995505
2.76100000	2.47898321
2.76200000	2.47995505
2.76300000	2.48254661
2.76400000	2.48319451
2.76500000	2.48092689
2.76600000	2.48222267
2.76700000	2.48351845
2.76800000	2.47898321
2.76900000	2.47736348
2.77000000	2.48027899
2.77100000	2.47865926
2.77200000	2.48157478
2.77300000	2.48513818
2.77400000	2.48870159
2.77500000	2.49129315
2.77600000	2.49096921
2.77700000	2.48578607
2.77800000	2.47606770
2.77900000	2.47541981
2.78000000	2.47606770
2.78100000	2.47963110
2.78200000	2.48934948
2.78300000	2.49518050
2.78400000	2.50036364
2.78500000	2.49744812
2.78600000	2.49323683
2.78700000	2.49518050
2.78800000	2.50068758
2.78900000	2.50263126
2.79000000	2.50133547
2.79100000	2.50295520
2.79200000	2.50068758
2.79300000	2.49744812
2.79400000	2.49809601
2.79500000	2.50522282
2.79600000	2.51072990
2.79700000	2.52077222
2.79800000	2.52142012
2.79900000	2.51947644
2.80000000	2.51558909
2.80100000	2.51299752
2.80200000	2.51202569
2.80300000	2.50749044
2.80400000	2.50295520
2.80500000	2.50425099
2.80600000	2.50651861
2.80700000	2.51008201
2.80800000	2.51526514
2.80900000	2.52239195
2.81000000	2.52077222
2.81100000	2.52044828
2.81200000	2.51882855
2.81300000	2.51623698
2.81400000	2.51494120
2.81500000	2.51008201
2.81600000	2.51494120
2.81700000	2.52077222
2.81800000	2.51785671
2.81900000	2.51915249
2.82000000	2.51850460
2.82100000	2.51980039
2.82200000	2.52142012
2.82300000	2.52044828
2.82400000	2.52303984
2.82500000	2.52109617
2.82600000	2.51623698
2.82700000	2.51040596
2.82800000	2.51105385
2.82900000	2.51364541
2.83000000	2.51526514
2.83100000	2.51364541
2.83200000	2.50651861
2.83300000	2.49680023
2.83400000	2.50198336
2.83500000	2.50943412
2.83600000	2.51494120
2.83700000	2.51850460
2.83800000	2.51332147
2.83900000	2.50457493
2.84000000	2.50068758
2.84100000	2.50295520
2.84200000	2.50813834
2.84300000	2.50813834
2.84400000	2.50749044
2.84500000	2.50749044
2.84600000	2.49971574
2.84700000	2.49582839
2.84800000	2.49906785
2.84900000	2.50327915
2.85000000	2.50749044
2.85100000	2.51040596
2.85200000	2.50716650
2.85300000	2.50392704
2.85400000	2.50263126
2.85500000	2.50133547
2.85600000	2.49874391
2.85700000	2.49291288
2.85800000	2.48287056
2.85900000	2.47995505
2.86000000	2.48254661
2.86100000	2.48934948
2.86200000	2.49453261
2.86300000	2.49582839
2.86400000	2.49032131
2.86500000	2.48805369
2.86600000	2.48967342
2.86700000	2.49096921
2.86800000	2.49744812
2.86900000	2.50003969
2.87000000	2.49809601
2.87100000	2.49194104
2.87200000	2.49096921
2.87300000	2.49258894
2.87400000	2.49129315
2.87500000	2.49064526
2.87600000	2.49129315
2.87700000	2.49356077
2.87800000	2.48999737
2.87900000	2.48481424
2.88000000	2.48611002
2.88100000	2.48934948
2.88200000	2.49323683
2.88300000	2.50068758
2.88400000	2.50068758
2.88500000	2.49550445
2.88600000	2.50133547
2.88700000	2.50036364
2.88800000	2.49971574
2.88900000	2.50230731
2.89000000	2.50651861
2.89100000	2.50975806
2.89200000	2.51040596
2.89300000	2.50749044
2.89400000	2.50165942
2.89500000	2.49874391
2.89600000	2.50068758
2.89700000	2.49388472
2.89800000	2.48967342
2.89900000	2.48967342
2.90000000	2.49161710
2.90100000	2.50003969
2.90200000	2.51040596
2.90300000	2.51688487
2.90400000	2.52174406
2.90500000	2.52142012
2.90600000	2.51267358
2.90700000	2.50813834
2.90800000	2.50716650
2.90900000	2.51364541
2.91000000	2.51980039
2.91100000	2.52271590
2.91200000	2.51980039
2.91300000	2.51202569
2.91400000	2.50781439
2.91500000	2.50684255
2.91600000	2.51234963
2.91700000	2.51947644
2.91800000	2.51947644
2.91900000	2.51429331
2.92000000	2.51299752
2.92100000	2.51364541
2.92200000	2.51623698
2.92300000	2.52077222
2.92400000	2.51818066
2.92500000	2.51234963
2.92600000	2.50749044
2.92700000	2.50457493
2.92800000	2.50230731
2.92900000	2.50522282
2.93000000	2.50813834
2.93100000	2.50749044
2.93200000	2.50684255
2.93300000	2.50975806
2.93400000	2.51202569
2.93500000	2.51234963
2.93600000	2.51137779
2.93700000	2.50943412
2.93800000	2.51040596
2.93900000	2.50878623
2.94000000	2.50230731
2.94100000	2.49744812
2.94200000	2.49809601
2.94300000	2.50133547
2.94400000	2.50554677
2.94500000	2.50781439
2.94600000	2.51008201
2.94700000	2.50943412
2.94800000	2.50878623
2.94900000	2.50036364
2.95000000	2.49194104
2.95100000	2.48708186
2.95200000	2.49032131
2.95300000	2.49582839
2.95400000	2.50003969
2.95500000	2.49777207
2.95600000	2.49647629
2.95700000	2.49096921
2.95800000	2.48449029
2.95900000	2.48611002
2.96000000	2.48708186
2.96100000	2.48837764
2.96200000	2.48675791
2.96300000	2.48513818
2.96400000	2.47541981
2.96500000	2.47088456
2.96600000	2.47477191
2.96700000	2.47995505
2.96800000	2.48287056
2.96900000	2.48999737
2.97000000	2.49258894
2.97100000	2.49356077
2.97200000	2.49712418
2.97300000	2.50003969
2.97400000	2.50003969
2.97500000	2.49906785
2.97600000	2.49971574
2.97700000	2.49485656
2.97800000	2.49129315
2.97900000	2.49129315
2.98000000	2.49420866
2.98100000	2.50036364
2.98200000	2.50813834
2.98300000	2.50554677
2.98400000	2.50133547
2.98500000	2.49485656
2.98600000	2.49064526
2.98700000	2.49518050
2.98800000	2.49939180
2.98900000	2.50068758
2.99000000	2.50295520
2.99100000	2.50716650
2.99200000	2.51008201
2.99300000	2.51332147
2.99400000	2.50943412
2.99500000	2.50684255
2.99600000	2.51137779
2.99700000	2.50943412
2.99800000	2.50846228
2.99900000	2.50587071
3.00000000	2.51072990
3.00100000	2.51202569
3.00200000	2.51526514
3.00300000	2.51429331
3.00400000	2.51202569
3.00500000	2.50813834
3.00600000	2.50651861
3.00700000	2.50911017
3.00800000	2.51461725
3.00900000	2.52336379
3.01000000	2.52984271
3.01100000	2.53308217
3.01200000	2.53146244
3.01300000	2.52984271
3.01400000	2.53081454
3.01500000	2.52887087
3.01600000	2.52498352
3.01700000	2.52239195
3.01800000	2.52109617
3.01900000	2.51753277
3.02000000	2.51105385
3.02100000	2.51137779
3.02200000	2.51461725
3.02300000	2.51882855
3.02400000	2.52465957
3.02500000	2.52595536
3.02600000	2.52239195
3.02700000	2.52044828
3.02800000	2.51558909
3.02900000	2.51202569
3.03000000	2.51008201
3.03100000	2.50943412
3.03200000	2.51332147
3.03300000	2.51267358
3.03400000	2.51332147
3.03500000	2.51720882
3.03600000	2.51882855
3.03700000	2.51494120
3.03800000	2.51072990
3.03900000	2.50975806
3.04000000	2.50975806
3.04100000	2.50327915
3.04200000	2.49971574
3.04300000	2.50068758
3.04400000	2.50619466
3.04500000	2.50911017
3.04600000	2.50554677
3.04700000	2.50295520
3.04800000	2.49615234
3.04900000	2.49582839
3.05000000	2.49615234
3.05100000	2.49323683
3.05200000	2.49096921
3.05300000	2.48740580
3.05400000	2.48805369
3.05500000	2.48513818
3.05600000	2.48287056
3.05700000	2.47865926
3.05800000	2.47671559
3.05900000	2.47477191
3.06000000	2.47282824
3.06100000	2.47801137
3.06200000	2.48611002
3.06300000	2.48805369
3.06400000	2.48740580
3.06500000	2.48027899
3.06600000	2.47250429
3.06700000	2.46472959
3.06800000	2.46472959
3.06900000	2.47153246
3.07000000	2.47801137
3.07100000	2.48222267
3.07200000	2.48157478
3.07300000	2.48092689
3.07400000	2.48125083
3.07500000	2.48643396
3.07600000	2.48902553
3.07700000	2.48740580
3.07800000	2.48287056
3.07900000	2.47930716
3.08000000	2.48125083
3.08100000	2.48967342
3.08200000	2.49129315
3.08300000	2.49194104
3.08400000	2.48934948
3.08500000	2.48805369
3.08600000	2.48611002
3.08700000	2.48837764
3.08800000	2.49323683
3.08900000	2.49971574
3.09000000	2.50975806
3.09100000	2.51072990
3.09200000	2.50749044
3.09300000	2.50813834
3.09400000	2.50813834
3.09500000	2.50522282
3.09600000	2.50133547
3.09700000	2.49226499
3.09800000	2.49194104
3.09900000	2.49615234
3.10000000	2.50068758
3.10100000	2.50522282
3.10200000	2.50943412
3.10300000	2.51299752
3.10400000	2.51753277
3.10500000	2.52239195
3.10600000	2.52433563
3.10700000	2.52109617
3.10800000	2.51623698
3.10900000	2.51105385
3.11000000	2.51234963
3.11100000	2.51720882
3.11200000	2.52271590
3.11300000	2.52109617
3.11400000	2.52012433
3.11500000	2.52142012
3.11600000	2.52984271
3.11700000	2.53437795
3.11800000	2.52725114
3.11900000	2.52044828
3.12000000	2.51882855
3.12100000	2.52174406
3.12200000	2.52465957
3.12300000	2.52627930
3.12400000	2.52401168
3.12500000	2.51882855
3.12600000	2.51785671
3.12700000	2.52271590
3.12800000	2.52789903
3.12900000	2.53049060
3.13000000	2.52984271
3.13100000	2.53178638
3.13200000	2.53081454
3.13300000	2.52595536
3.13400000	2.51980039
3.13500000	2.51882855
3.13600000	2.52271590
3.13700000	2.52401168
3.13800000	2.52142012
3.13900000	2.52077222
3.14000000	2.52142012
3.14100000	2.51818066
3.14200000	2.51623698
3.14300000	2.51558909
3.14400000	2.51170174
3.14500000	2.50360309
3.14600000	2.49744812
3.14700000	2.49680023
3.14800000	2.50522282
3.14900000	2.51072990
3.15000000	2.51332147
3.15100000	2.50943412
3.15200000	2.49906785
3.15300000	2.48870159
3.15400000	2.49226499
3.15500000	2.50068758
3.15600000	2.50457493
3.15700000	2.50360309
3.15800000	2.49323683
3.15900000	2.48513818
3.16000000	2.48449029
3.16100000	2.48837764
3.16200000	2.49032131
3.16300000	2.49032131
3.16400000	2.48708186
3.16500000	2.48416634
3.16600000	2.48578607
3.16700000	2.48708186
3.16800000	2.48189872
3.16900000	2.47412402
3.17000000	2.47347613
3.17100000	2.47541981
3.17200000	2.47574375
3.17300000	2.47444797
3.17400000	2.47218035
3.17500000	2.47218035
3.17600000	2.47671559
3.17700000	2.48125083
3.17800000	2.48060294
3.17900000	2.47541981
3.18000000	2.47477191
3.18100000	2.47056062
3.18200000	2.46829300
3.18300000	2.47023667
3.18400000	2.47541981
3.18500000	2.48189872
3.18600000	2.48384240
3.18700000	2.48287056
3.18800000	2.48092689
3.18900000	2.48189872
3.19000000	2.48708186
3.19100000	2.48837764
3.19200000	2.48611002
3.19300000	2.48189872
3.19400000	2.48189872
3.19500000	2.49129315
3.19600000	2.50392704
3.19700000	2.51234963
3.19800000	2.51234963
3.19900000	2.50392704
3.20000000	2.49518050
3.20100000	2.49680023
3.20200000	2.50554677
3.20300000	2.51234963
3.20400000	2.51170174
3.20500000	2.51072990
3.20600000	2.50425099
3.20700000	2.50263126
3.20800000	2.50813834
3.20900000	2.51429331
3.21000000	2.51753277
3.21100000	2.51785671
3.21200000	2.51234963
3.21300000	2.50878623
3.21400000	2.50878623
3.21500000	2.51137779
3.21600000	2.51753277
3.21700000	2.52012433
3.21800000	2.51947644
3.21900000	2.51656093
3.22000000	2.51429331
3.22100000	2.51980039
3.22200000	2.52142012
3.22300000	2.52142012
3.22400000	2.52465957
3.22500000	2.52595536
3.22600000	2.52822298
3.22700000	2.52595536
3.22800000	2.52498352
3.22900000	2.52174406
3.23000000	2.52077222
3.23100000	2.52271590
3.23200000	2.52433563
3.23300000	2.52725114
3.23400000	2.52887087
3.23500000	2.52887087
3.23600000	2.53049060
3.23700000	2.52984271
3.23800000	2.52725114
3.23900000	2.52271590
3.24000000	2.52077222
3.24100000	2.52465957
3.24200000	2.52498352
3.24300000	2.52109617
3.24400000	2.51558909
3.24500000	2.51591304
3.24600000	2.51915249
3.24700000	2.52660325
3.24800000	2.52854692
3.24900000	2.52401168
3.25000000	2.51818066
3.25100000	2.51461725
3.25200000	2.50684255
3.25300000	2.50781439
3.25400000	2.51008201
3.25500000	2.51170174
3.25600000	2.51105385
3.25700000	2.51008201
3.25800000	2.50554677
3.25900000	2.50425099
3.26000000	2.50360309
3.26100000	2.50360309
3.26200000	2.50165942
3.26300000	2.49777207
3.26400000	2.49194104
3.26500000	2.49258894
3.26600000	2.49777207
3.26700000	2.49777207
3.26800000	2.49161710
3.26900000	2.48870159
3.27000000	2.48513818
3.27100000	2.48611002
3.27200000	2.48934948
3.27300000	2.48999737
3.27400000	2.48740580
3.27500000	2.48708186
3.27600000	2.48611002
3.27700000	2.47930716
3.27800000	2.47574375
3.27900000	2.47865926
3.28000000	2.48546213
3.28100000	2.48837764
3.28200000	2.48546213
3.28300000	2.47930716
3.28400000	2.47801137
3.28500000	2.48254661
3.28600000	2.48805369
3.28700000	2.49291288
3.28800000	2.49582839
3.28900000	2.49453261
3.29000000	2.48837764
3.29100000	2.48060294
3.29200000	2.47930716
3.29300000	2.48351845
3.29400000	2.49161710
3.29500000	2.49550445
3.29600000	2.49129315
3.29700000	2.48546213
3.29800000	2.48416634
3.29900000	2.48513818
3.30000000	2.48772975
3.30100000	2.48805369
3.30200000	2.49161710
3.30300000	2.50068758
3.30400000	2.50295520
3.30500000	2.50068758
3.30600000	2.49874391
3.30700000	2.49647629
3.30800000	2.49906785
3.30900000	2.50425099
3.31000000	2.50749044
3.31100000	2.51396936
3.31200000	2.51429331
3.31300000	2.50878623
3.31400000	2.50749044
3.31500000	2.51267358
3.31600000	2.51623698
3.31700000	2.51785671
3.31800000	2.51364541
3.31900000	2.50878623
3.32000000	2.50684255
3.32100000	2.51267358
3.32200000	2.52012433
3.32300000	2.52206801
3.32400000	2.51720882
3.32500000	2.51202569
3.32600000	2.50943412
3.32700000	2.51202569
3.32800000	2.51396936
3.32900000	2.51753277
3.33000000	2.51980039
3.33100000	2.51753277
3.33200000	2.52142012
3.33300000	2.52530747
3.33400000	2.52012433
3.33500000	2.51461725
3.33600000	2.51591304
3.33700000	2.51526514
3.33800000	2.50651861
3.33900000	2.50263126
3.34000000	2.50457493
3.34100000	2.50619466
3.34200000	2.51072990
3.34300000	2.51623698
3.34400000	2.51429331
3.34500000	2.51202569
3.34600000	2.50749044
3.34700000	2.50781439
3.34800000	2.51170174
3.34900000	2.51656093
3.35000000	2.51526514
3.35100000	2.50587071
3.35200000	2.49906785
3.35300000	2.49615234
3.35400000	2.50036364
3.35500000	2.50846228
3.35600000	2.50911017
3.35700000	2.50619466
3.35800000	2.50425099
3.35900000	2.50587071
3.36000000	2.50587071
3.36100000	2.50165942
3.36200000	2.49712418
3.36300000	2.49226499
3.36400000	2.49323683
3.36500000	2.49615234
3.36600000	2.49226499
3.36700000	2.48967342
3.36800000	2.49323683
3.36900000	2.49971574
3.37000000	2.50003969
3.37100000	2.49550445
3.37200000	2.49096921
3.37300000	2.48902553
3.37400000	2.48772975
3.37500000	2.48772975
3.37600000	2.48643396
3.37700000	2.48449029
3.37800000	2.48254661
3.37900000	2.48319451
3.38000000	2.48772975
3.38100000	2.48999737
3.38200000	2.48772975
3.38300000	2.48546213
3.38400000	2.48902553
3.38500000	2.48837764
3.38600000	2.48805369
3.38700000	2.49096921
3.38800000	2.49032131
3.38900000	2.48643396
3.39000000	2.48708186
3.39100000	2.49356077
3.39200000	2.49680023
3.39300000	2.49582839
3.39400000	2.49453261
3.39500000	2.49161710
3.39600000	2.49291288
3.39700000	2.49874391
3.39800000	2.49906785
3.39900000	2.50198336
3.40000000	2.50327915
3.40100000	2.50165942
3.40200000	2.50068758
3.40300000	2.50360309
3.40400000	2.50781439
3.40500000	2.51008201
3.40600000	2.50684255
3.40700000	2.50003969
3.40800000	2.49356077
3.40900000	2.49485656
3.41000000	2.50133547
3.41100000	2.50263126
3.41200000	2.51072990
3.41300000	2.51720882
3.41400000	2.51947644
3.41500000	2.51688487
3.41600000	2.51882855
3.41700000	2.51850460
3.41800000	2.51882855
3.41900000	2.51850460
3.42000000	2.51980039
3.42100000	2.52044828
3.42200000	2.51299752
3.42300000	2.51170174
3.42400000	2.51526514
3.42500000	2.52044828
3.42600000	2.52789903
3.42700000	2.52498352
3.42800000	2.52757509
3.42900000	2.52951876
3.43000000	2.53178638
3.43100000	2.52984271
3.43200000	2.52627930
3.43300000	2.52530747
3.43400000	2.52433563
3.43500000	2.51915249
3.43600000	2.51461725
3.43700000	2.51558909
3.43800000	2.52142012
3.43900000	2.52789903
3.44000000	2.52692719
3.44100000	2.52271590
3.44200000	2.51234963
3.44300000	2.50943412
3.44400000	2.51170174
3.44500000	2.51526514
3.44600000	2.51494120
3.44700000	2.51072990
3.44800000	2.50943412
3.44900000	2.50619466
3.45000000	2.50198336
3.45100000	2.50425099
3.45200000	2.50425099
3.45300000	2.50360309
3.45400000	2.50587071
3.45500000	2.50489888
3.45600000	2.50101153
3.45700000	2.49550445
3.45800000	2.49809601
3.45900000	2.50003969
3.46000000	2.49647629
3.46100000	2.49323683
3.46200000	2.49518050
3.46300000	2.49874391
3.46400000	2.49906785
3.46500000	2.49518050
3.46600000	2.49096921
3.46700000	2.48805369
3.46800000	2.48837764
3.46900000	2.48708186
3.47000000	2.48481424
3.47100000	2.48805369
3.47200000	2.49550445
3.47300000	2.49420866
3.47400000	2.49258894
3.47500000	2.48934948
3.47600000	2.48740580
3.47700000	2.48837764
3.47800000	2.49129315
3.47900000	2.48805369
3.48000000	2.48351845
3.48100000	2.47703954
3.48200000	2.46958878
3.48300000	2.46764511
3.48400000	2.47282824
3.48500000	2.47865926
3.48600000	2.47930716
3.48700000	2.48384240
3.48800000	2.48967342
3.48900000	2.49323683
3.49000000	2.49129315
3.49100000	2.48513818
3.49200000	2.48189872
3.49300000	2.48546213
3.49400000	2.48870159
3.49500000	2.49388472
3.49600000	2.49809601
3.49700000	2.50133547
3.49800000	2.50230731
3.49900000	2.50068758
3.50000000	2.49615234
3.50100000	2.49194104
3.50200000	2.49096921
3.50300000	2.49582839
3.50400000	2.49777207
3.50500000	2.49841996
3.50600000	2.49615234
3.50700000	2.49323683
3.50800000	2.49356077
3.50900000	2.49453261
3.51000000	2.49582839
3.51100000	2.50101153
3.51200000	2.50846228
3.51300000	2.51299752
3.51400000	2.51364541
3.51500000	2.50651861
3.51600000	2.50036364
3.51700000	2.49874391
3.51800000	2.50230731
3.51900000	2.50878623
3.52000000	2.51234963
3.52100000	2.51137779
3.52200000	2.51558909
3.52300000	2.51818066
3.52400000	2.51947644
3.52500000	2.52336379
3.52600000	2.52368774
3.52700000	2.52498352
3.52800000	2.52303984
3.52900000	2.51785671
3.53000000	2.51882855
3.53100000	2.52271590
3.53200000	2.52627930
3.53300000	2.52530747
3.53400000	2.52206801
3.53500000	2.51785671
3.53600000	2.51850460
3.53700000	2.52044828
3.53800000	2.52174406
3.53900000	2.52044828
3.54000000	2.52012433
3.54100000	2.51558909
3.54200000	2.51170174
3.54300000	2.51332147
3.54400000	2.51623698
3.54500000	2.51494120
3.54600000	2.51267358
3.54700000	2.51429331
3.54800000	2.51364541
3.54900000	2.51202569
3.55000000	2.51526514
3.55100000	2.51915249
3.55200000	2.51947644
3.55300000	2.51623698
3.55400000	2.51526514
3.55500000	2.51072990
3.55600000	2.51170174
3.55700000	2.51040596
3.55800000	2.50295520
3.55900000	2.49777207
3.56000000	2.49680023
3.56100000	2.49615234
3.56200000	2.50101153
3.56300000	2.50392704
3.56400000	2.50489888
3.56500000	2.50360309
3.56600000	2.50587071
3.56700000	2.50781439
3.56800000	2.50522282
3.56900000	2.50392704
3.57000000	2.50198336
3.57100000	2.50165942
3.57200000	2.50003969
3.57300000	2.49712418
3.57400000	2.49485656
3.57500000	2.49809601
3.57600000	2.50295520
3.57700000	2.50101153
3.57800000	2.49680023
3.57900000	2.48902553
3.58000000	2.47930716
3.58100000	2.47736348
3.58200000	2.48351845
3.58300000	2.48611002
3.58400000	2.48481424
3.58500000	2.48837764
3.58600000	2.49258894
3.58700000	2.49712418
3.58800000	2.49906785
3.58900000	2.49744812
3.59000000	2.49323683
3.59100000	2.48902553
3.59200000	2.48384240
3.59300000	2.48449029
3.59400000	2.48999737
3.59500000	2.49388472
3.59600000	2.49323683
3.59700000	2.49226499
3.59800000	2.49258894
3.59900000	2.48675791
3.60000000	2.48384240
3.60100000	2.48708186
3.60200000	2.49226499
3.60300000	2.49647629
3.60400000	2.49615234
3.60500000	2.49420866
3.60600000	2.49161710
3.60700000	2.49291288
3.60800000	2.49906785
3.60900000	2.50230731
3.61000000	0.00000000
