0.00000000	2.48772975
0.00100000	2.49032131
0.00200000	2.49420866
0.00300000	2.49647629
0.00400000	2.50101153
0.00500000	2.50587071
0.00600000	2.51234963
0.00700000	2.51785671
0.00800000	2.51688487
0.00900000	2.51234963
0.01000000	2.50457493
0.01100000	2.49874391
0.01200000	2.49388472
0.01300000	2.49194104
0.01400000	2.49064526
0.01500000	2.49485656
0.01600000	2.49874391
0.01700000	2.49615234
0.01800000	2.49388472
0.01900000	2.49161710
0.02000000	2.49291288
0.02100000	2.49874391
0.02200000	2.50489888
0.02300000	2.50813834
0.02400000	2.51137779
0.02500000	2.51656093
0.02600000	2.51753277
0.02700000	2.51429331
0.02800000	2.50813834
0.02900000	2.50198336
0.03000000	2.50003969
0.03100000	2.50003969
0.03200000	2.49874391
0.03300000	2.49809601
0.03400000	2.50003969
0.03500000	2.50068758
0.03600000	2.49939180
0.03700000	2.49615234
0.03800000	2.49518050
0.03900000	2.49712418
0.04000000	2.49906785
0.04100000	2.50943412
0.04200000	2.51202569
0.04300000	2.51170174
0.04400000	2.50651861
0.04500000	2.50165942
0.04600000	2.50587071
0.04700000	2.50975806
0.04800000	2.51008201
0.04900000	2.50587071
0.05000000	2.50360309
0.05100000	2.50392704
0.05200000	2.50651861
0.05300000	2.51105385
0.05400000	2.50684255
0.05500000	2.50101153
0.05600000	2.49841996
0.05700000	2.49744812
0.05800000	2.49809601
0.05900000	2.49971574
0.06000000	2.49388472
0.06100000	2.49226499
0.06200000	2.49680023
0.06300000	2.50003969
0.06400000	2.50230731
0.06500000	2.49615234
0.06600000	2.49129315
0.06700000	2.49258894
0.06800000	2.48967342
0.06900000	2.49356077
0.07000000	2.49906785
0.07100000	2.50360309
0.07200000	2.50522282
0.07300000	2.50943412
0.07400000	2.51137779
0.07500000	2.50684255
0.07600000	2.49971574
0.07700000	2.49194104
0.07800000	2.49096921
0.07900000	2.49356077
0.08000000	2.48967342
0.08100000	2.48675791
0.08200000	2.49032131
0.08300000	2.49874391
0.08400000	2.50327915
0.08500000	2.50263126
0.08600000	2.50327915
0.08700000	2.50554677
0.08800000	2.50911017
0.08900000	2.50975806
0.09000000	2.51332147
0.09100000	2.51461725
0.09200000	2.50975806
0.09300000	2.50489888
0.09400000	2.50133547
0.09500000	2.49809601
0.09600000	2.49485656
0.09700000	2.49388472
0.09800000	2.49582839
0.09900000	2.49777207
0.10000000	2.49906785
0.10100000	2.49939180
0.10200000	2.50295520
0.10300000	2.50295520
0.10400000	2.50489888
0.10500000	2.50619466
0.10600000	2.50781439
0.10700000	2.50457493
0.10800000	2.50360309
0.10900000	2.50133547
0.11000000	2.49971574
0.11100000	2.50165942
0.11200000	2.50036364
0.11300000	2.50295520
0.11400000	2.50327915
0.11500000	2.50230731
0.11600000	2.50230731
0.11700000	2.50619466
0.11800000	2.50846228
0.11900000	2.51202569
0.12000000	2.51267358
0.12100000	2.51137779
0.12200000	2.51170174
0.12300000	2.51137779
0.12400000	2.50651861
0.12500000	2.49809601
0.12600000	2.49420866
0.12700000	2.49518050
0.12800000	2.49841996
0.12900000	2.50230731
0.13000000	2.50619466
0.13100000	2.50489888
0.13200000	2.50133547
0.13300000	2.49420866
0.13400000	2.49161710
0.13500000	2.49420866
0.13600000	2.50198336
0.13700000	2.50360309
0.13800000	2.49809601
0.13900000	2.49518050
0.14000000	2.49712418
0.14100000	2.49841996
0.14200000	2.50003969
0.14300000	2.50133547
0.14400000	2.50165942
0.14500000	2.50036364
0.14600000	2.50068758
0.14700000	2.50068758
0.14800000	2.49939180
0.14900000	2.50263126
0.15000000	2.50489888
0.15100000	2.50425099
0.15200000	2.50101153
0.15300000	2.49809601
0.15400000	2.49712418
0.15500000	2.49939180
0.15600000	2.49809601
0.15700000	2.49809601
0.15800000	2.50133547
0.15900000	2.50457493
0.16000000	2.50878623
0.16100000	2.51170174
0.16200000	2.51526514
0.16300000	2.52109617
0.16400000	2.51882855
0.16500000	2.50975806
0.16600000	2.49874391
0.16700000	2.49194104
0.16800000	2.48513818
0.16900000	2.48449029
0.17000000	2.48578607
0.17100000	2.49194104
0.17200000	2.49777207
0.17300000	2.49971574
0.17400000	2.50036364
0.17500000	2.50003969
0.17600000	2.50263126
0.17700000	2.50198336
0.17800000	2.50425099
0.17900000	2.50781439
0.18000000	2.51105385
0.18100000	2.51008201
0.18200000	2.50554677
0.18300000	2.50101153
0.18400000	2.50230731
0.18500000	2.49874391
0.18600000	2.49485656
0.18700000	2.49485656
0.18800000	2.49809601
0.18900000	2.50165942
0.19000000	2.50457493
0.19100000	2.50457493
0.19200000	2.50684255
0.19300000	2.51332147
0.19400000	2.52077222
0.19500000	2.51364541
0.19600000	2.50716650
0.19700000	2.50165942
0.19800000	2.49971574
0.19900000	2.49615234
0.20000000	2.48643396
0.20100000	2.48319451
0.20200000	2.48578607
0.20300000	2.49550445
0.20400000	2.50360309
0.20500000	2.50360309
0.20600000	2.50263126
0.20700000	2.50457493
0.20800000	2.50781439
0.20900000	2.50781439
0.21000000	2.51299752
0.21100000	2.51753277
0.21200000	2.51818066
0.21300000	2.51202569
0.21400000	2.50360309
0.21500000	2.49777207
0.21600000	2.49582839
0.21700000	2.49032131
0.21800000	2.48384240
0.21900000	2.48287056
0.22000000	2.48967342
0.22100000	2.49906785
0.22200000	2.50263126
0.22300000	2.50360309
0.22400000	2.50392704
0.22500000	2.50878623
0.22600000	2.51526514
0.22700000	2.51105385
0.22800000	2.50749044
0.22900000	2.50587071
0.23000000	2.50457493
0.23100000	2.50392704
0.23200000	2.50198336
0.23300000	2.49518050
0.23400000	2.49129315
0.23500000	2.48870159
0.23600000	2.48481424
0.23700000	2.48772975
0.23800000	2.49550445
0.23900000	2.50489888
0.24000000	2.51137779
0.24100000	2.51656093
0.24200000	2.51267358
0.24300000	2.51040596
0.24400000	2.51040596
0.24500000	2.50716650
0.24600000	2.50295520
0.24700000	2.50457493
0.24800000	2.50263126
0.24900000	2.50198336
0.25000000	2.50295520
0.25100000	2.50619466
0.25200000	2.50522282
0.25300000	2.50651861
0.25400000	2.50684255
0.25500000	2.50392704
0.25600000	2.50392704
0.25700000	2.49971574
0.25800000	2.49420866
0.25900000	2.49453261
0.26000000	2.49809601
0.26100000	2.50068758
0.26200000	2.50392704
0.26300000	2.50327915
0.26400000	2.49841996
0.26500000	2.49615234
0.26600000	2.49388472
0.26700000	2.49064526
0.26800000	2.49258894
0.26900000	2.49518050
0.27000000	2.49777207
0.27100000	2.50036364
0.27200000	2.50263126
0.27300000	2.50716650
0.27400000	2.51234963
0.27500000	2.51267358
0.27600000	2.50749044
0.27700000	2.50036364
0.27800000	2.49712418
0.27900000	2.49615234
0.28000000	2.50101153
0.28100000	2.50716650
0.28200000	2.51267358
0.28300000	2.50911017
0.28400000	2.50457493
0.28500000	2.50165942
0.28600000	2.50198336
0.28700000	2.50327915
0.28800000	2.50813834
0.28900000	2.50943412
0.29000000	2.50522282
0.29100000	2.49939180
0.29200000	2.49777207
0.29300000	2.49841996
0.29400000	2.49971574
0.29500000	2.50036364
0.29600000	2.49809601
0.29700000	2.49518050
0.29800000	2.49032131
0.29900000	2.48837764
0.30000000	2.49161710
0.30100000	2.49809601
0.30200000	2.50295520
0.30300000	2.50263126
0.30400000	2.50198336
0.30500000	2.50425099
0.30600000	2.50781439
0.30700000	2.50781439
0.30800000	2.50360309
0.30900000	2.49939180
0.31000000	2.49809601
0.31100000	2.50101153
0.31200000	2.49939180
0.31300000	2.49971574
0.31400000	2.50263126
0.31500000	2.50360309
0.31600000	2.50133547
0.31700000	2.49582839
0.31800000	2.50068758
0.31900000	2.50295520
0.32000000	2.50813834
0.32100000	2.51332147
0.32200000	2.51072990
0.32300000	2.50911017
0.32400000	2.50392704
0.32500000	2.50165942
0.32600000	2.49939180
0.32700000	2.49809601
0.32800000	2.49971574
0.32900000	2.50101153
0.33000000	2.50587071
0.33100000	2.51137779
0.33200000	2.51332147
0.33300000	2.50781439
0.33400000	2.50068758
0.33500000	2.49550445
0.33600000	2.49453261
0.33700000	2.49615234
0.33800000	2.49939180
0.33900000	2.50165942
0.34000000	2.49874391
0.34100000	2.50133547
0.34200000	2.50165942
0.34300000	2.50684255
0.34400000	2.50522282
0.34500000	2.49712418
0.34600000	2.49615234
0.34700000	2.50036364
0.34800000	2.50003969
0.34900000	2.50360309
0.35000000	2.51202569
0.35100000	2.51591304
0.35200000	2.51396936
0.35300000	2.51072990
0.35400000	2.50911017
0.35500000	2.50846228
0.35600000	2.50295520
0.35700000	2.49777207
0.35800000	2.49582839
0.35900000	2.48967342
0.36000000	2.48675791
0.36100000	2.48999737
0.36200000	2.49453261
0.36300000	2.50263126
0.36400000	2.50554677
0.36500000	2.50360309
0.36600000	2.50036364
0.36700000	2.50392704
0.36800000	2.50651861
0.36900000	2.50813834
0.37000000	2.50295520
0.37100000	2.49971574
0.37200000	2.49939180
0.37300000	2.49971574
0.37400000	2.49680023
0.37500000	2.49777207
0.37600000	2.49712418
0.37700000	2.49485656
0.37800000	2.49420866
0.37900000	2.49161710
0.38000000	2.49226499
0.38100000	2.49453261
0.38200000	2.49809601
0.38300000	2.50522282
0.38400000	2.50781439
0.38500000	2.50619466
0.38600000	2.50360309
0.38700000	2.50068758
0.38800000	2.50036364
0.38900000	2.50198336
0.39000000	2.50911017
0.39100000	2.50749044
0.39200000	2.50975806
0.39300000	2.49809601
0.39400000	2.49485656
0.39500000	2.49550445
0.39600000	2.50101153
0.39700000	2.50392704
0.39800000	2.50101153
0.39900000	2.49939180
0.40000000	2.49582839
0.40100000	2.49647629
0.40200000	2.50230731
0.40300000	2.50781439
0.40400000	2.50716650
0.40500000	2.50392704
0.40600000	2.50165942
0.40700000	2.49777207
0.40800000	2.49744812
0.40900000	2.49712418
0.41000000	2.50392704
0.41100000	2.50975806
0.41200000	2.51170174
0.41300000	2.50651861
0.41400000	2.49939180
0.41500000	2.49485656
0.41600000	2.49420866
0.41700000	2.49518050
0.41800000	2.50425099
0.41900000	2.50327915
0.42000000	2.50068758
0.42100000	2.49744812
0.42200000	2.49809601
0.42300000	2.49906785
0.42400000	2.50425099
0.42500000	2.51429331
0.42600000	2.52044828
0.42700000	2.51591304
0.42800000	2.50684255
0.42900000	2.50165942
0.43000000	2.49939180
0.43100000	2.49744812
0.43200000	2.48772975
0.43300000	2.48805369
0.43400000	2.49615234
0.43500000	2.50651861
0.43600000	2.51267358
0.43700000	2.51072990
0.43800000	2.50327915
0.43900000	2.49939180
0.44000000	2.50457493
0.44100000	2.50522282
0.44200000	2.50846228
0.44300000	2.51105385
0.44400000	2.50716650
0.44500000	2.50036364
0.44600000	2.49323683
0.44700000	2.48805369
0.44800000	2.49323683
0.44900000	2.49680023
0.45000000	2.49841996
0.45100000	2.49841996
0.45200000	2.49874391
0.45300000	2.50101153
0.45400000	2.50295520
0.45500000	2.50295520
0.45600000	2.50165942
0.45700000	2.50554677
0.45800000	2.50587071
0.45900000	2.50230731
0.46000000	2.50003969
0.46100000	2.50263126
0.46200000	2.50522282
0.46300000	2.50457493
0.46400000	2.50263126
0.46500000	2.49680023
0.46600000	2.49323683
0.46700000	2.49647629
0.46800000	2.49874391
0.46900000	2.50230731
0.47000000	2.50068758
0.47100000	2.50036364
0.47200000	2.50165942
0.47300000	2.50392704
0.47400000	2.50749044
0.47500000	2.51040596
0.47600000	2.51267358
0.47700000	2.50846228
0.47800000	2.50749044
0.47900000	2.50554677
0.48000000	2.49939180
0.48100000	2.49615234
0.48200000	2.49809601
0.48300000	2.49906785
0.48400000	2.49615234
0.48500000	2.49680023
0.48600000	2.49939180
0.48700000	2.50133547
0.48800000	2.50263126
0.48900000	2.50198336
0.49000000	2.50392704
0.49100000	2.50522282
0.49200000	2.50425099
0.49300000	2.50198336
0.49400000	2.49550445
0.49500000	2.48740580
0.49600000	2.48675791
0.49700000	2.49323683
0.49800000	2.49971574
0.49900000	2.50360309
0.50000000	2.50619466
0.50100000	2.50749044
0.50200000	2.50813834
0.50300000	2.50781439
0.50400000	2.50651861
0.50500000	2.50878623
0.50600000	2.50943412
0.50700000	2.50522282
0.50800000	2.50457493
0.50900000	2.50327915
0.51000000	2.50360309
0.51100000	2.50522282
0.51200000	2.49874391
0.51300000	2.49291288
0.51400000	2.49356077
0.51500000	2.49712418
0.51600000	2.49647629
0.51700000	2.49161710
0.51800000	2.48870159
0.51900000	2.48837764
0.52000000	2.49226499
0.52100000	2.49258894
0.52200000	2.50101153
0.52300000	2.51105385
0.52400000	2.51429331
0.52500000	2.51429331
0.52600000	2.51591304
0.52700000	2.51947644
0.52800000	2.51882855
0.52900000	2.50813834
0.53000000	2.49680023
0.53100000	2.49129315
0.53200000	2.49291288
0.53300000	2.49258894
0.53400000	2.49615234
0.53500000	2.49356077
0.53600000	2.49194104
0.53700000	2.49356077
0.53800000	2.49647629
0.53900000	2.49874391
0.54000000	2.49712418
0.54100000	2.49939180
0.54200000	2.50165942
0.54300000	2.50457493
0.54400000	2.50392704
0.54500000	2.50003969
0.54600000	2.49647629
0.54700000	2.49518050
0.54800000	2.49518050
0.54900000	2.49906785
0.55000000	2.50360309
0.55100000	2.50619466
0.55200000	2.50781439
0.55300000	2.50684255
0.55400000	2.50327915
0.55500000	2.50457493
0.55600000	2.50651861
0.55700000	2.50943412
0.55800000	2.51137779
0.55900000	2.50360309
0.56000000	2.49971574
0.56100000	2.49809601
0.56200000	2.49420866
0.56300000	2.49356077
0.56400000	2.49971574
0.56500000	2.50716650
0.56600000	2.50943412
0.56700000	2.50587071
0.56800000	2.50295520
0.56900000	2.50554677
0.57000000	2.50392704
0.57100000	2.49971574
0.57200000	2.50036364
0.57300000	2.49874391
0.57400000	2.49582839
0.57500000	2.49388472
0.57600000	2.49161710
0.57700000	2.49550445
0.57800000	2.49777207
0.57900000	2.49777207
0.58000000	2.50263126
0.58100000	2.50198336
0.58200000	2.50036364
0.58300000	2.50003969
0.58400000	2.50263126
0.58500000	2.50295520
0.58600000	2.50133547
0.58700000	2.50101153
0.58800000	2.50165942
0.58900000	2.50295520
0.59000000	2.50489888
0.59100000	2.50425099
0.59200000	2.50198336
0.59300000	2.50327915
0.59400000	2.49939180
0.59500000	2.49161710
0.59600000	2.48351845
0.59700000	2.48740580
0.59800000	2.49841996
0.59900000	2.50684255
0.60000000	2.50911017
0.60100000	2.50781439
0.60200000	2.50263126
0.60300000	2.49615234
0.60400000	2.49323683
0.60500000	2.49226499
0.60600000	2.49809601
0.60700000	2.50165942
0.60800000	2.50165942
0.60900000	2.49809601
0.61000000	2.49712418
0.61100000	2.50230731
0.61200000	2.50684255
0.61300000	2.50716650
0.61400000	2.50360309
0.61500000	2.50425099
0.61600000	2.50327915
0.61700000	2.50068758
0.61800000	2.49841996
0.61900000	2.49615234
0.62000000	2.49809601
0.62100000	2.50101153
0.62200000	2.50295520
0.62300000	2.50425099
0.62400000	2.50327915
0.62500000	2.50489888
0.62600000	2.50360309
0.62700000	2.50263126
0.62800000	2.50133547
0.62900000	2.50327915
0.63000000	2.50327915
0.63100000	2.50101153
0.63200000	2.50101153
0.63300000	2.50457493
0.63400000	2.50263126
0.63500000	2.50165942
0.63600000	2.50036364
0.63700000	2.49453261
0.63800000	2.48999737
0.63900000	2.48643396
0.64000000	2.48837764
0.64100000	2.49226499
0.64200000	2.49680023
0.64300000	2.50263126
0.64400000	2.50263126
0.64500000	2.49971574
0.64600000	2.49841996
0.64700000	2.50198336
0.64800000	2.51040596
0.64900000	2.50878623
0.65000000	2.50003969
0.65100000	2.49226499
0.65200000	2.48643396
0.65300000	2.48351845
0.65400000	2.48870159
0.65500000	2.49356077
0.65600000	2.49647629
0.65700000	2.49971574
0.65800000	2.50133547
0.65900000	2.50036364
0.66000000	2.49615234
0.66100000	2.49356077
0.66200000	2.49518050
0.66300000	2.49939180
0.66400000	2.50230731
0.66500000	2.50684255
0.66600000	2.50295520
0.66700000	2.50003969
0.66800000	2.49939180
0.66900000	2.50587071
0.67000000	2.50425099
0.67100000	2.50198336
0.67200000	2.49194104
0.67300000	2.48772975
0.67400000	2.48643396
0.67500000	2.49161710
0.67600000	2.49291288
0.67700000	2.49226499
0.67800000	2.49291288
0.67900000	2.49032131
0.68000000	2.48546213
0.68100000	2.48287056
0.68200000	2.48157478
0.68300000	2.48319451
0.68400000	2.47833532
0.68500000	2.46958878
0.68600000	2.46116619
0.68700000	2.45857462
0.68800000	2.45987041
0.68900000	2.46667327
0.69000000	2.47153246
0.69100000	2.47153246
0.69200000	2.47477191
0.69300000	2.46829300
0.69400000	2.46084224
0.69500000	2.45436333
0.69600000	2.44561679
0.69700000	2.43427869
0.69800000	2.42261664
0.69900000	2.41127853
0.70000000	2.40317989
0.70100000	2.39605308
0.70200000	2.38957416
0.70300000	2.38115157
0.70400000	2.36916558
0.70500000	2.35264434
0.70600000	2.33515127
0.70700000	2.31474268
0.70800000	2.28299600
0.70900000	2.25060142
0.71000000	2.21399555
0.71100000	2.16637552
0.71200000	2.10936107
0.71300000	2.03517750
0.71400000	1.94674031
0.71500000	1.85473973
0.71600000	1.75755603
0.71700000	1.65551314
0.71800000	1.55379420
0.71900000	1.45823024
0.72000000	1.36363811
0.72100000	1.27293334
0.72200000	1.18708775
0.72300000	1.11258026
0.72400000	1.04422773
0.72500000	0.97781888
0.72600000	0.91594527
0.72700000	0.85763506
0.72800000	0.80159247
0.72900000	0.73842308
0.73000000	0.66845083
0.73100000	0.59718280
0.73200000	0.52623871
0.73300000	0.44978755
0.73400000	0.37268849
0.73500000	0.29008236
0.73600000	0.20650439
0.73700000	0.12487009
0.73800000	0.04355973
0.73900000	0.02736245
0.74000000	0.02995402
0.74100000	0.03189769
0.74200000	0.03060191
0.74300000	0.03092585
0.74400000	0.02963007
0.74500000	0.02930612
0.74600000	0.02995402
0.74700000	0.02963007
0.74800000	0.02574272
0.74900000	0.02703850
0.75000000	0.02930612
0.75100000	0.02898218
0.75200000	0.06202463
0.75300000	0.09733471
0.75400000	0.13620818
0.75500000	0.18123663
0.75600000	0.22982847
0.75700000	0.28068793
0.75800000	0.33057556
0.75900000	0.38013924
0.76000000	0.42484373
0.76100000	0.46922428
0.76200000	0.51619640
0.76300000	0.57029531
0.76400000	0.63087314
0.76500000	0.69533832
0.76600000	0.77211342
0.76700000	0.86119847
0.76800000	0.95838215
0.76900000	1.06334052
0.77000000	1.17769333
0.77100000	1.29787715
0.77200000	1.42130044
0.77300000	1.54958291
0.77400000	1.68110485
0.77500000	1.81554231
0.77600000	1.94803610
0.77700000	2.07664255
0.77800000	2.20298139
0.77900000	2.32510895
0.78000000	2.44237733
0.78100000	2.55025130
0.78200000	2.65391397
0.78300000	2.75174563
0.78400000	2.84828152
0.78500000	2.94125401
0.78600000	3.02969126
0.78700000	3.11359328
0.78800000	3.19587558
0.78900000	3.27232685
0.79000000	3.35428522
0.79100000	3.44272251
0.79200000	3.53634296
0.79300000	3.62996342
0.79400000	3.72617546
0.79500000	3.82400724
0.79600000	3.91892352
0.79700000	4.01254403
0.79800000	4.10454482
0.79900000	4.19006669
0.80000000	4.27137727
0.80100000	4.34232158
0.80200000	4.40549116
0.80300000	4.46250578
0.80400000	4.50526674
0.80500000	4.53928114
0.80600000	4.56649266
0.80700000	4.58916894
0.80800000	4.60633811
0.80900000	4.61702836
0.81000000	4.62221150
0.81100000	4.62156361
0.81200000	4.61508467
0.81300000	4.60730995
0.81400000	4.59985918
0.81500000	4.59921128
0.81600000	4.60018312
0.81700000	4.59597182
0.81800000	4.58916894
0.81900000	4.57783080
0.82000000	4.56454898
0.82100000	4.54640797
0.82200000	4.52826695
0.82300000	4.50364700
0.82400000	4.47578759
0.82500000	4.44047740
0.82600000	4.39642066
0.82700000	4.34296947
0.82800000	4.28174356
0.82900000	4.21403874
0.83000000	4.14050288
0.83100000	4.06048810
0.83200000	3.97496625
0.83300000	3.88588099
0.83400000	3.79744364
0.83500000	3.70511895
0.83600000	3.61279426
0.83700000	3.51755408
0.83800000	3.42620126
0.83900000	3.34197526
0.84000000	3.25677744
0.84100000	3.17708670
0.84200000	3.09771992
0.84300000	3.02709969
0.84400000	2.95064844
0.84500000	2.87192957
0.84600000	2.79321071
0.84700000	2.71384396
0.84800000	2.63156171
0.84900000	2.54863157
0.85000000	2.46051830
0.85100000	2.36819374
0.85200000	2.27522130
0.85300000	2.17836151
0.85400000	2.08182568
0.85500000	1.98367013
0.85600000	1.88713430
0.85700000	1.79383794
0.85800000	1.69956975
0.85900000	1.60951286
0.86000000	1.52431515
0.86100000	1.44689214
0.86200000	1.37659594
0.86300000	1.30921525
0.86400000	1.25025714
0.86500000	1.20036952
0.86600000	1.15566502
0.86700000	1.11614366
0.86800000	1.07727019
0.86900000	1.03969249
0.87000000	1.00211480
0.87100000	0.96842446
0.87200000	0.93959330
0.87300000	0.91432554
0.87400000	0.88646622
0.87500000	0.85277588
0.87600000	0.81746581
0.87700000	0.78798676
0.87800000	0.76693029
0.87900000	0.74619778
0.88000000	0.72449342
0.88100000	0.70343696
0.88200000	0.69112702
0.88300000	0.68756362
0.88400000	0.68723968
0.88500000	0.69209886
0.88600000	0.70278907
0.88700000	0.72546526
0.88800000	0.75105696
0.88900000	0.78247968
0.89000000	0.81778975
0.89100000	0.86217030
0.89200000	0.91659316
0.89300000	0.96810051
0.89400000	1.01863603
0.89500000	1.06917154
0.89600000	1.12456624
0.89700000	1.18741169
0.89800000	1.24507401
0.89900000	1.29917293
0.90000000	1.35068029
0.90100000	1.39894819
0.90200000	1.44915976
0.90300000	1.50358263
0.90400000	1.56092101
0.90500000	1.61761150
0.90600000	1.68207669
0.90700000	1.74557004
0.90800000	1.81327469
0.90900000	1.88195117
0.91000000	1.95613474
0.91100000	2.03582539
0.91200000	2.11810760
0.91300000	2.20168561
0.91400000	2.28493967
0.91500000	2.36884163
0.91600000	2.44885625
0.91700000	2.52757509
0.91800000	2.60629393
0.91900000	2.68760434
0.92000000	2.76697109
0.92100000	2.83985892
0.92200000	2.91047914
0.92300000	2.97947963
0.92400000	3.04394489
0.92500000	3.10517068
0.92600000	3.16315702
0.92700000	3.21498839
0.92800000	3.27038317
0.92900000	3.32513006
0.93000000	3.37436988
0.93100000	3.42555337
0.93200000	3.47284951
0.93300000	3.51528646
0.93400000	3.56063892
0.93500000	3.60793507
0.93600000	3.65814674
0.93700000	3.70544289
0.93800000	3.74593618
0.93900000	3.78610552
0.94000000	3.82627486
0.94100000	3.86255685
0.94200000	3.89138808
0.94300000	3.92021931
0.94400000	3.94354345
0.94500000	3.96427602
0.94600000	3.98274096
0.94700000	3.99051567
0.94800000	3.99343119
0.94900000	3.99083962
0.95000000	3.98500858
0.95100000	3.97431835
0.95200000	3.95455762
0.95300000	3.93090954
0.95400000	3.91276854
0.95500000	3.89333176
0.95600000	3.86968367
0.95700000	3.84927505
0.95800000	3.82854249
0.95900000	3.80295073
0.96000000	3.77962659
0.96100000	3.75306300
0.96200000	3.72779519
0.96300000	3.69928791
0.96400000	3.66624540
0.96500000	3.63125920
0.96600000	3.59173776
0.96700000	3.54930081
0.96800000	3.50265255
0.96900000	3.45632825
0.97000000	3.40093346
0.97100000	3.34424289
0.97200000	3.28496075
0.97300000	3.22697440
0.97400000	3.16186124
0.97500000	3.09480441
0.97600000	3.02807153
0.97700000	2.96457812
0.97800000	2.89719736
0.97900000	2.82787292
0.98000000	2.76114006
0.98100000	2.69764667
0.98200000	2.63739273
0.98300000	2.57973037
0.98400000	2.52336379
0.98500000	2.46958878
0.98600000	2.41613772
0.98700000	2.36236272
0.98800000	2.30826377
0.98900000	2.25610850
0.99000000	2.20200955
0.99100000	2.13981197
0.99200000	2.07923412
0.99300000	2.01865626
0.99400000	1.96326155
0.99500000	1.90754288
0.99600000	1.85150028
0.99700000	1.79319005
0.99800000	1.73455588
0.99900000	1.67786539
1.00000000	1.62441436
1.00100000	1.58132958
1.00200000	1.54375189
1.00300000	1.50487841
1.00400000	1.47118806
1.00500000	1.43944139
1.00600000	1.40704683
1.00700000	1.38242696
1.00800000	1.36363811
1.00900000	1.34841267
1.01000000	1.33221539
1.01100000	1.31958151
1.01200000	1.30759552
1.01300000	1.29625742
1.01400000	1.28556722
1.01500000	1.27811647
1.01600000	1.27390517
1.01700000	1.27001783
1.01800000	1.26936994
1.01900000	1.27293334
1.02000000	1.27682069
1.02100000	1.28038409
1.02200000	1.28621511
1.02300000	1.29366586
1.02400000	1.30144055
1.02500000	1.31504627
1.02600000	1.33253933
1.02700000	1.35456764
1.02800000	1.38177907
1.02900000	1.40996234
1.03000000	1.44527241
1.03100000	1.48220222
1.03200000	1.52042780
1.03300000	1.55930128
1.03400000	1.60271000
1.03500000	1.64547083
1.03600000	1.69697819
1.03700000	1.74135874
1.03800000	1.78541536
1.03900000	1.83173959
1.04000000	1.88162723
1.04100000	1.93475432
1.04200000	1.98172645
1.04300000	2.03031831
1.04400000	2.07340309
1.04500000	2.12037522
1.04600000	2.17220654
1.04700000	2.22177025
1.04800000	2.27684103
1.04900000	2.32899630
1.05000000	2.38277130
1.05100000	2.44010971
1.05200000	2.49518050
1.05300000	2.54539211
1.05400000	2.59398399
1.05500000	2.64905478
1.05600000	2.70509742
1.05700000	2.76405558
1.05800000	2.82042217
1.05900000	2.87128168
1.06000000	2.91728201
1.06100000	2.96522601
1.06200000	3.01252212
1.06300000	3.05949429
1.06400000	3.10581858
1.06500000	3.15117102
1.06600000	3.19198822
1.06700000	3.22827018
1.06800000	3.26001690
1.06900000	3.28949599
1.07000000	3.31670747
1.07100000	3.34165132
1.07200000	3.36497544
1.07300000	3.38829956
1.07400000	3.41000395
1.07500000	3.43041256
1.07600000	3.44952538
1.07700000	3.46831426
1.07800000	3.48839892
1.07900000	3.50945542
1.08000000	3.52468089
1.08100000	3.53213166
1.08200000	3.53958242
1.08300000	3.54735713
1.08400000	3.55383605
1.08500000	3.55739946
1.08600000	3.55642762
1.08700000	3.55448395
1.08800000	3.55383605
1.08900000	3.54930081
1.09000000	3.53828663
1.09100000	3.52370906
1.09200000	3.49876520
1.09300000	3.46799031
1.09400000	3.43397597
1.09500000	3.40287714
1.09600000	3.37210225
1.09700000	3.35396127
1.09800000	3.32934136
1.09900000	3.30796092
1.10000000	3.28139734
1.10100000	3.24965062
1.10200000	3.21822785
1.10300000	3.18486141
1.10400000	3.14857945
1.10500000	3.11521301
1.10600000	3.08055079
1.10700000	3.03876175
1.10800000	2.99340931
1.10900000	2.94805687
1.11000000	2.90756363
1.11100000	2.86771827
1.11200000	2.82268979
1.11300000	2.77377395
1.11400000	2.72518207
1.11500000	2.67529440
1.11600000	2.62670252
1.11700000	2.57875853
1.11800000	2.53470189
1.11900000	2.49064526
1.12000000	2.44496890
1.12100000	2.39410941
1.12200000	2.34648937
1.12300000	2.30437642
1.12400000	2.26388320
1.12500000	2.22338998
1.12600000	2.18484043
1.12700000	2.14499510
1.12800000	2.10968501
1.12900000	2.07631860
1.13000000	2.03906484
1.13100000	2.00505054
1.13200000	1.97459965
1.13300000	1.94382480
1.13400000	1.91369785
1.13500000	1.88227512
1.13600000	1.84923266
1.13700000	1.81845782
1.13800000	1.79221822
1.13900000	1.76403494
1.14000000	1.74071085
1.14100000	1.71738676
1.14200000	1.69179506
1.14300000	1.67624566
1.14400000	1.65778076
1.14500000	1.64644266
1.14600000	1.63672429
1.14700000	1.62894960
1.14800000	1.62441436
1.14900000	1.62441436
1.15000000	1.61728755
1.15100000	1.61210442
1.15200000	1.61275231
1.15300000	1.61761150
1.15400000	1.62085096
1.15500000	1.62992143
1.15600000	1.64061164
1.15700000	1.65292158
1.15800000	1.67041464
1.15900000	1.68531614
1.16000000	1.70216132
1.16100000	1.71835860
1.16200000	1.73714745
1.16300000	1.75982365
1.16400000	1.78379563
1.16500000	1.80711972
1.16600000	1.82688040
1.16700000	1.84826082
1.16800000	1.86996518
1.16900000	1.89620478
1.17000000	1.92827541
1.17100000	1.96520522
1.17200000	2.00310687
1.17300000	2.04165641
1.17400000	2.07307915
1.17500000	2.10968501
1.17600000	2.14855850
1.17700000	2.18743200
1.17800000	2.22889705
1.17900000	2.27101000
1.18000000	2.30923561
1.18100000	2.34357386
1.18200000	2.37823606
1.18300000	2.41840534
1.18400000	2.45987041
1.18500000	2.49809601
1.18600000	2.53016665
1.18700000	2.55802600
1.18800000	2.58588534
1.18900000	2.61601231
1.19000000	2.65132241
1.19100000	2.68760434
1.19200000	2.72356234
1.19300000	2.75466115
1.19400000	2.79612622
1.19500000	2.83467579
1.19600000	2.86707038
1.19700000	2.89363395
1.19800000	2.91922568
1.19900000	2.94773293
1.20000000	2.97364861
1.20100000	3.00118401
1.20200000	3.02742364
1.20300000	3.05301537
1.20400000	3.07893106
1.20500000	3.09933965
1.20600000	3.11715669
1.20700000	3.13141031
1.20800000	3.14793156
1.20900000	3.16607254
1.21000000	3.17903038
1.21100000	3.18583325
1.21200000	3.18615719
1.21300000	3.18777692
1.21400000	3.19101638
1.21500000	3.19231217
1.21600000	3.19490374
1.21700000	3.19879109
1.21800000	3.19781925
1.21900000	3.19846714
1.22000000	3.19976293
1.22100000	3.19619952
1.22200000	3.19004455
1.22300000	3.18486141
1.22400000	3.17546697
1.22500000	3.16542465
1.22600000	3.16024151
1.22700000	3.15052313
1.22800000	3.13886107
1.22900000	3.12298771
1.23000000	3.10808620
1.23100000	3.08735365
1.23200000	3.06014219
1.23300000	3.03422651
1.23400000	3.00733899
1.23500000	2.98077542
1.23600000	2.96231050
1.23700000	2.93769060
1.23800000	2.91404255
1.23900000	2.88812687
1.24000000	2.85864779
1.24100000	2.82430952
1.24200000	2.78932336
1.24300000	2.76535136
1.24400000	2.75012590
1.24500000	2.73295677
1.24600000	2.71028056
1.24700000	2.67788597
1.24800000	2.64289981
1.24900000	2.61244890
1.25000000	2.57973037
1.25100000	2.54830762
1.25200000	2.51656093
1.25300000	2.48222267
1.25400000	2.45144782
1.25500000	2.42196875
1.25600000	2.39605308
1.25700000	2.37337687
1.25800000	2.34908094
1.25900000	2.31733425
1.26000000	2.28461573
1.26100000	2.25643244
1.26200000	2.22986889
1.26300000	2.20460112
1.26400000	2.18386859
1.26500000	2.16086844
1.26600000	2.14078381
1.26700000	2.12458652
1.26800000	2.10676950
1.26900000	2.08733276
1.27000000	2.06854391
1.27100000	2.05202267
1.27200000	2.03096620
1.27300000	2.01541681
1.27400000	2.00699422
1.27500000	2.00245898
1.27600000	1.99241666
1.27700000	1.98107856
1.27800000	1.96714889
1.27900000	1.95516290
1.28000000	1.95095161
1.28100000	1.94706426
1.28200000	1.94350086
1.28300000	1.94447269
1.28400000	1.93961351
1.28500000	1.93151487
1.28600000	1.92957119
1.28700000	1.92730357
1.28800000	1.93021908
1.28900000	1.93896562
1.29000000	1.94544453
1.29100000	1.94933188
1.29200000	1.95840236
1.29300000	1.97233203
1.29400000	1.98075461
1.29500000	1.98885326
1.29600000	2.00505054
1.29700000	2.02221967
1.29800000	2.03874090
1.29900000	2.05429029
1.30000000	2.06983969
1.30100000	2.08441725
1.30200000	2.10450188
1.30300000	2.12588230
1.30400000	2.14564299
1.30500000	2.16507974
1.30600000	2.18451648
1.30700000	2.20298139
1.30800000	2.22306603
1.30900000	2.24250278
1.31000000	2.26258741
1.31100000	2.28526362
1.31200000	2.30923561
1.31300000	2.33029208
1.31400000	2.35134856
1.31500000	2.37629239
1.31600000	2.40253200
1.31700000	2.42488426
1.31800000	2.44691257
1.31900000	2.47120851
1.32000000	2.49712418
1.32100000	2.52692719
1.32200000	2.55964573
1.32300000	2.58556139
1.32400000	2.60661787
1.32500000	2.62054755
1.32600000	2.63512511
1.32700000	2.64970268
1.32800000	2.66881548
1.32900000	2.68695645
1.33000000	2.71157634
1.33100000	2.73457650
1.33200000	2.75239352
1.33300000	2.76761898
1.33400000	2.78154866
1.33500000	2.79871779
1.33600000	2.81718271
1.33700000	2.82884476
1.33800000	2.84309838
1.33900000	2.85443649
1.34000000	2.86739433
1.34100000	2.87873244
1.34200000	2.88974660
1.34300000	2.90238049
1.34400000	2.91209887
1.34500000	2.92376093
1.34600000	2.93736666
1.34700000	2.95162028
1.34800000	2.95842314
1.34900000	2.95777525
1.35000000	2.95615552
1.35100000	2.95097239
1.35200000	2.94449347
1.35300000	2.94125401
1.35400000	2.94190190
1.35500000	2.94384558
1.35600000	2.94384558
1.35700000	2.94287374
1.35800000	2.93866244
1.35900000	2.93509903
1.36000000	2.92700038
1.36100000	2.91533833
1.36200000	2.90723968
1.36300000	2.90011287
1.36400000	2.89331001
1.36500000	2.88780292
1.36600000	2.87614087
1.36700000	2.86933800
1.36800000	2.86253514
1.36900000	2.85638017
1.37000000	2.84212655
1.37100000	2.82495741
1.37200000	2.80519671
1.37300000	2.78446417
1.37400000	2.76729504
1.37500000	2.74753434
1.37600000	2.73133704
1.37700000	2.72161866
1.37800000	2.70606926
1.37900000	2.68695645
1.38000000	2.66298446
1.38100000	2.64257587
1.38200000	2.62378701
1.38300000	2.59981501
1.38400000	2.57487118
1.38500000	2.55478654
1.38600000	2.53988503
1.38700000	2.52401168
1.38800000	2.50749044
1.38900000	2.49129315
1.39000000	2.47477191
1.39100000	2.45468727
1.39200000	2.43881393
1.39300000	2.42002507
1.39400000	2.39896859
1.39500000	2.37985579
1.39600000	2.36106693
1.39700000	2.34422175
1.39800000	2.32640473
1.39900000	2.31279901
1.40000000	2.30210880
1.40100000	2.29077070
1.40200000	2.27457341
1.40300000	2.26193952
1.40400000	2.24574223
1.40500000	2.23051678
1.40600000	2.21723501
1.40700000	2.20622085
1.40800000	2.19585459
1.40900000	2.18289675
1.41000000	2.17253049
1.41100000	2.16184028
1.41200000	2.15406558
1.41300000	2.14823456
1.41400000	2.14078381
1.41500000	2.13365700
1.41600000	2.12491046
1.41700000	2.11810760
1.41800000	2.11551604
1.41900000	2.11324842
1.42000000	2.11616393
1.42100000	2.11778366
1.42200000	2.11616393
1.42300000	2.12426257
1.42400000	2.13300911
1.42500000	2.13657251
1.42600000	2.13560067
1.42700000	2.13333305
1.42800000	2.13268516
1.42900000	2.13462884
1.43000000	2.14045986
1.43100000	2.14791061
1.43200000	2.15179796
1.43300000	2.16086844
1.43400000	2.17123471
1.43500000	2.18516437
1.43600000	2.20136166
1.43700000	2.21237582
1.43800000	2.22306603
1.43900000	2.23537597
1.44000000	2.24898169
1.44100000	2.25870006
1.44200000	2.26809449
1.44300000	2.28170021
1.44400000	2.29660172
1.44500000	2.31701031
1.44600000	2.33061603
1.44700000	2.34324991
1.44800000	2.36203877
1.44900000	2.38082763
1.45000000	2.39994043
1.45100000	2.41808140
1.45200000	2.42618004
1.45300000	2.43168712
1.45400000	2.44302522
1.45500000	2.46149014
1.45600000	2.48611002
1.45700000	2.51170174
1.45800000	2.53567373
1.45900000	2.54895551
1.46000000	2.56418097
1.46100000	2.58037826
1.46200000	2.59463188
1.46300000	2.60953339
1.46400000	2.62767436
1.46500000	2.64873084
1.46600000	2.66557602
1.46700000	2.67399862
1.46800000	2.68112543
1.46900000	2.69019591
1.47000000	2.70930872
1.47100000	2.72356234
1.47200000	2.73328072
1.47300000	2.74494277
1.47400000	2.75044985
1.47500000	2.75919639
1.47600000	2.76373163
1.47700000	2.76859082
1.47800000	2.78057682
1.47900000	2.79418255
1.48000000	2.80778828
1.48100000	2.81718271
1.48200000	2.82204190
1.48300000	2.82463346
1.48400000	2.82560530
1.48500000	2.82430952
1.48600000	2.82463346
1.48700000	2.82981660
1.48800000	2.83597157
1.48900000	2.84018287
1.49000000	2.83921103
1.49100000	2.83597157
1.49200000	2.83435184
1.49300000	2.83240817
1.49400000	2.83014055
1.49500000	2.82754898
1.49600000	2.82268979
1.49700000	2.81750665
1.49800000	2.81167563
1.49900000	2.80098541
1.50000000	2.78964730
1.50100000	2.78316839
1.50200000	2.77506974
1.50300000	2.76761898
1.50400000	2.75952033
1.50500000	2.74915407
1.50600000	2.73813990
1.50700000	2.72809758
1.50800000	2.71740737
1.50900000	2.70477348
1.51000000	2.69375932
1.51100000	2.68468883
1.51200000	2.67043521
1.51300000	2.65294213
1.51400000	2.63156171
1.51500000	2.61439258
1.51600000	2.60046290
1.51700000	2.58815296
1.51800000	2.57292751
1.51900000	2.56029362
1.52000000	2.54182870
1.52100000	2.52336379
1.52200000	2.51008201
1.52300000	2.50489888
1.52400000	2.48999737
1.52500000	2.47541981
1.52600000	2.45760279
1.52700000	2.44464495
1.52800000	2.43460263
1.52900000	2.42391242
1.53000000	2.41451799
1.53100000	2.39961648
1.53200000	2.38536287
1.53300000	2.36592612
1.53400000	2.34713726
1.53500000	2.32996814
1.53600000	2.31798214
1.53700000	2.31053139
1.53800000	2.30470037
1.53900000	2.29303832
1.54000000	2.27943259
1.54100000	2.27230579
1.54200000	2.26193952
1.54300000	2.25999585
1.54400000	2.25740428
1.54500000	2.25027747
1.54600000	2.24315067
1.54700000	2.23343229
1.54800000	2.22695338
1.54900000	2.22338998
1.55000000	2.21917868
1.55100000	2.21334766
1.55200000	2.21334766
1.55300000	2.20946031
1.55400000	2.20686874
1.55500000	2.20654480
1.55600000	2.20816452
1.55700000	2.20881242
1.55800000	2.20946031
1.55900000	2.20978425
1.56000000	2.21010820
1.56100000	2.21399555
1.56200000	2.21950263
1.56300000	2.22274208
1.56400000	2.23375624
1.56500000	2.24315067
1.56600000	2.25189720
1.56700000	2.25643244
1.56800000	2.26161558
1.56900000	2.26971422
1.57000000	2.27943259
1.57100000	2.29012280
1.57200000	2.30048907
1.57300000	2.31701031
1.57400000	2.32802446
1.57500000	2.33709494
1.57600000	2.34940488
1.57700000	2.36106693
1.57800000	2.37078531
1.57900000	2.38179946
1.58000000	2.39022206
1.58100000	2.40317989
1.58200000	2.41905323
1.58300000	2.43395474
1.58400000	2.44205339
1.58500000	2.45047598
1.58600000	2.46181408
1.58700000	2.47833532
1.58800000	2.49712418
1.58900000	2.51234963
1.59000000	2.52563141
1.59100000	2.53794135
1.59200000	2.54927946
1.59300000	2.55964573
1.59400000	2.56936410
1.59500000	2.58199799
1.59600000	2.59430793
1.59700000	2.60435025
1.59800000	2.61536441
1.59900000	2.62540674
1.60000000	2.63674484
1.60100000	2.65520976
1.60200000	2.66525208
1.60300000	2.67108310
1.60400000	2.67497045
1.60500000	2.67659018
1.60600000	2.67497045
1.60700000	2.67885781
1.60800000	2.68274516
1.60900000	2.69246353
1.61000000	2.70347769
1.61100000	2.70866083
1.61200000	2.71902710
1.61300000	2.72744969
1.61400000	2.73101309
1.61500000	2.73068915
1.61600000	2.73263282
1.61700000	2.73554834
1.61800000	2.73587228
1.61900000	2.73490045
1.62000000	2.73554834
1.62100000	2.74073147
1.62200000	2.74526671
1.62300000	2.74364698
1.62400000	2.73878780
1.62500000	2.73522439
1.62600000	2.73522439
1.62700000	2.73263282
1.62800000	2.72647785
1.62900000	2.72032288
1.63000000	2.71449185
1.63100000	2.70542137
1.63200000	2.69699878
1.63300000	2.68857618
1.63400000	2.68209726
1.63500000	2.67594229
1.63600000	2.67205494
1.63700000	2.66751970
1.63800000	2.65844921
1.63900000	2.64354770
1.64000000	2.63220960
1.64100000	2.62249122
1.64200000	2.61374468
1.64300000	2.60661787
1.64400000	2.60143474
1.64500000	2.59592766
1.64600000	2.58718112
1.64700000	2.57778669
1.64800000	2.56288518
1.64900000	2.54668789
1.65000000	2.53243427
1.65100000	2.52303984
1.65200000	2.52077222
1.65300000	2.51656093
1.65400000	2.50392704
1.65500000	2.48805369
1.65600000	2.47185640
1.65700000	2.45533517
1.65800000	2.44529284
1.65900000	2.43492658
1.66000000	2.42650399
1.66100000	2.42164480
1.66200000	2.41646167
1.66300000	2.41289826
1.66400000	2.41192643
1.66500000	2.40512356
1.66600000	2.39734886
1.66700000	2.39119389
1.66800000	2.38179946
1.66900000	2.37532055
1.67000000	2.37046136
1.67100000	2.36495428
1.67200000	2.35879931
1.67300000	2.35426407
1.67400000	2.34519359
1.67500000	2.33677100
1.67600000	2.33029208
1.67700000	2.31992582
1.67800000	2.31701031
1.67900000	2.31960187
1.68000000	2.32122160
1.68100000	2.31830609
1.68200000	2.31539058
1.68300000	2.31150323
1.68400000	2.31247506
1.68500000	2.31668636
1.68600000	2.31798214
1.68700000	2.32057371
1.68800000	2.32284133
1.68900000	2.32381317
1.69000000	2.32478500
1.69100000	2.32575684
1.69200000	2.33515127
1.69300000	2.34422175
1.69400000	2.34551754
1.69500000	2.34357386
1.69600000	2.34972883
1.69700000	2.35750353
1.69800000	2.36139088
1.69900000	2.36236272
1.70000000	2.36074299
1.70100000	2.36495428
1.70200000	2.37532055
1.70300000	2.38471498
1.70400000	2.39313757
1.70500000	2.40479962
1.70600000	2.41322221
1.70700000	2.41678561
1.70800000	2.42099691
1.70900000	2.42488426
1.71000000	2.43006739
1.71100000	2.43751814
1.71200000	2.44172944
1.71300000	2.44691257
1.71400000	2.45501122
1.71500000	2.46602538
1.71600000	2.47671559
1.71700000	2.48546213
1.71800000	2.48934948
1.71900000	2.49647629
1.72000000	2.50295520
1.72100000	2.50554677
1.72200000	2.51526514
1.72300000	2.52789903
1.72400000	2.54020897
1.72500000	2.55187102
1.72600000	2.55899783
1.72700000	2.55867389
1.72800000	2.55964573
1.72900000	2.56256124
1.73000000	2.56288518
1.73100000	2.56450491
1.73200000	2.57551907
1.73300000	2.58070221
1.73400000	2.58394166
1.73500000	2.58977269
1.73600000	2.59916712
1.73700000	2.61018128
1.73800000	2.61406863
1.73900000	2.61309679
1.74000000	2.60694182
1.74100000	2.60985733
1.74200000	2.61374468
1.74300000	2.61957571
1.74400000	2.62540674
1.74500000	2.62929409
1.74600000	2.63156171
1.74700000	2.63220960
1.74800000	2.63026592
1.74900000	2.63156171
1.75000000	2.63350538
1.75100000	2.63091382
1.75200000	2.63285749
1.75300000	2.62929409
1.75400000	2.62313911
1.75500000	2.62184333
1.75600000	2.61892782
1.75700000	2.62087149
1.75800000	2.62767436
1.75900000	2.63058987
1.76000000	2.62832225
1.76100000	2.62184333
1.76200000	2.61795598
1.76300000	2.61277285
1.76400000	2.61115312
1.76500000	2.61050523
1.76600000	2.60758971
1.76700000	2.60111080
1.76800000	2.59689950
1.76900000	2.59495582
1.77000000	2.59204031
1.77100000	2.58750507
1.77200000	2.58135010
1.77300000	2.57487118
1.77400000	2.57065988
1.77500000	2.56288518
1.77600000	2.55316681
1.77700000	2.55025130
1.77800000	2.55219497
1.77900000	2.54604000
1.78000000	2.53275822
1.78100000	2.52271590
1.78200000	2.51980039
1.78300000	2.51947644
1.78400000	2.51591304
1.78500000	2.51105385
1.78600000	2.50975806
1.78700000	2.51461725
1.78800000	2.51656093
1.78900000	2.51332147
1.79000000	2.50101153
1.79100000	2.48999737
1.79200000	2.48384240
1.79300000	2.47703954
1.79400000	2.46894089
1.79500000	2.46472959
1.79600000	2.46246197
1.79700000	2.45922251
1.79800000	2.45501122
1.79900000	2.45047598
1.80000000	2.44496890
1.80100000	2.44108155
1.80200000	2.43265896
1.80300000	2.43427869
1.80400000	2.43751814
1.80500000	2.44043366
1.80600000	2.43622236
1.80700000	2.43201107
1.80800000	2.42909555
1.80900000	2.42682793
1.81000000	2.42456031
1.81100000	2.42099691
1.81200000	2.41678561
1.81300000	2.41484194
1.81400000	2.41548983
1.81500000	2.41808140
1.81600000	2.41322221
1.81700000	2.40998275
1.81800000	2.40965880
1.81900000	2.40901091
1.82000000	2.40739118
1.82100000	2.40512356
1.82200000	2.40220805
1.82300000	2.40512356
1.82400000	2.40998275
1.82500000	2.41095459
1.82600000	2.41030670
1.82700000	2.41257432
1.82800000	2.40965880
1.82900000	2.40803908
1.83000000	2.40933486
1.83100000	2.41192643
1.83200000	2.41678561
1.83300000	2.41289826
1.83400000	2.41192643
1.83500000	2.41808140
1.83600000	2.42456031
1.83700000	2.42909555
1.83800000	2.43103923
1.83900000	2.43201107
1.84000000	2.43913787
1.84100000	2.44756047
1.84200000	2.44529284
1.84300000	2.44529284
1.84400000	2.44918019
1.84500000	2.45177176
1.84600000	2.45468727
1.84700000	2.45598306
1.84800000	2.46181408
1.84900000	2.46602538
1.85000000	2.46343381
1.85100000	2.46051830
1.85200000	2.46634932
1.85300000	2.47574375
1.85400000	2.48125083
1.85500000	2.48481424
1.85600000	2.49226499
1.85700000	2.49712418
1.85800000	2.49939180
1.85900000	2.50133547
1.86000000	2.50003969
1.86100000	2.50198336
1.86200000	2.50522282
1.86300000	2.51040596
1.86400000	2.51785671
1.86500000	2.52271590
1.86600000	2.52692719
1.86700000	2.53113849
1.86800000	2.53470189
1.86900000	2.53761741
1.87000000	2.54474422
1.87100000	2.54863157
1.87200000	2.54863157
1.87300000	2.55219497
1.87400000	2.55381470
1.87500000	2.55802600
1.87600000	2.56256124
1.87700000	2.56677253
1.87800000	2.56774437
1.87900000	2.57422329
1.88000000	2.57130778
1.88100000	2.56774437
1.88200000	2.56644859
1.88300000	2.56968805
1.88400000	2.57422329
1.88500000	2.57875853
1.88600000	2.58394166
1.88700000	2.58847691
1.88800000	2.59398399
1.88900000	2.60046290
1.89000000	2.60402631
1.89100000	2.59949107
1.89200000	2.59398399
1.89300000	2.58685718
1.89400000	2.57908248
1.89500000	2.57713880
1.89600000	2.58005431
1.89700000	2.58394166
1.89800000	2.58394166
1.89900000	2.58394166
1.90000000	2.58167404
1.90100000	2.58361772
1.90200000	2.58912480
1.90300000	2.59333609
1.90400000	2.58977269
1.90500000	2.58005431
1.90600000	2.57195567
1.90700000	2.56839226
1.90800000	2.56612464
1.90900000	2.56482886
1.91000000	2.56709648
1.91100000	2.56806832
1.91200000	2.56904016
1.91300000	2.56774437
1.91400000	2.56061756
1.91500000	2.55219497
1.91600000	2.54215265
1.91700000	2.53826530
1.91800000	2.53664557
1.91900000	2.53761741
1.92000000	2.53534979
1.92100000	2.52563141
1.92200000	2.51623698
1.92300000	2.50975806
1.92400000	2.50975806
1.92500000	2.51105385
1.92600000	2.51105385
1.92700000	2.50943412
1.92800000	2.50587071
1.92900000	2.50489888
1.93000000	2.49874391
1.93100000	2.49129315
1.93200000	2.48125083
1.93300000	2.47801137
1.93400000	2.47833532
1.93500000	2.47185640
1.93600000	2.46149014
1.93700000	2.45533517
1.93800000	2.45501122
1.93900000	2.45144782
1.94000000	2.45468727
1.94100000	2.45306754
1.94200000	2.44918019
1.94300000	2.44464495
1.94400000	2.44075760
1.94500000	2.43978577
1.94600000	2.43816604
1.94700000	2.43589842
1.94800000	2.42974345
1.94900000	2.42423637
1.95000000	2.42132085
1.95100000	2.42132085
1.95200000	2.41970112
1.95300000	2.41192643
1.95400000	2.40285594
1.95500000	2.39929254
1.95600000	2.40058832
1.95700000	2.39994043
1.95800000	2.39929254
1.95900000	2.39443335
1.96000000	2.39605308
1.96100000	2.39896859
1.96200000	2.40253200
1.96300000	2.40901091
1.96400000	2.41225037
1.96500000	2.41775745
1.96600000	2.42002507
1.96700000	2.41937718
1.96800000	2.42067296
1.96900000	2.42326453
1.97000000	2.42358847
1.97100000	2.42877161
1.97200000	2.43233501
1.97300000	2.43136317
1.97400000	2.43039134
1.97500000	2.43330685
1.97600000	2.43719420
1.97700000	2.43589842
1.97800000	2.43557447
1.97900000	2.43784209
1.98000000	2.44496890
1.98100000	2.44950414
1.98200000	2.45468727
1.98300000	2.46084224
1.98400000	2.46958878
1.98500000	2.47477191
1.98600000	2.47995505
1.98700000	2.48934948
1.98800000	2.49323683
1.98900000	2.49550445
1.99000000	2.49680023
1.99100000	2.50068758
1.99200000	2.50295520
1.99300000	2.49712418
1.99400000	2.49712418
1.99500000	2.50327915
1.99600000	2.51850460
1.99700000	2.52951876
1.99800000	2.52984271
1.99900000	2.53113849
2.00000000	2.53373006
2.00100000	2.53599768
2.00200000	2.53761741
2.00300000	2.54053292
2.00400000	2.54442027
2.00500000	2.55316681
2.00600000	2.56061756
2.00700000	2.56677253
2.00800000	2.57098383
2.00900000	2.57130778
2.01000000	2.56936410
2.01100000	2.56806832
2.01200000	2.57422329
2.01300000	2.57811064
2.01400000	2.57713880
2.01500000	2.58167404
2.01600000	2.58037826
2.01700000	2.58167404
2.01800000	2.58556139
2.01900000	2.59106847
2.02000000	2.59139242
2.02100000	2.59527977
2.02200000	2.59819528
2.02300000	2.59657555
2.02400000	2.59366004
2.02500000	2.58912480
2.02600000	2.59009664
2.02700000	2.58523745
2.02800000	2.57811064
2.02900000	2.57681486
2.03000000	2.58005431
2.03100000	2.58232194
2.03200000	2.58135010
2.03300000	2.57616696
2.03400000	2.56936410
2.03500000	2.56742043
2.03600000	2.56904016
2.03700000	2.56774437
2.03800000	2.55996967
2.03900000	2.55316681
2.04000000	2.54765973
2.04100000	2.54733578
2.04200000	2.54765973
2.04300000	2.54798367
2.04400000	2.55057524
2.04500000	2.54733578
2.04600000	2.53599768
2.04700000	2.52465957
2.04800000	2.51947644
2.04900000	2.51947644
2.05000000	2.52012433
2.05100000	2.51720882
2.05200000	2.51494120
2.05300000	2.51105385
2.05400000	2.51040596
2.05500000	2.50684255
2.05600000	2.49939180
2.05700000	2.49096921
2.05800000	2.48546213
2.05900000	2.48157478
2.06000000	2.47801137
2.06100000	2.47574375
2.06200000	2.47606770
2.06300000	2.47250429
2.06400000	2.46958878
2.06500000	2.46570143
2.06600000	2.46149014
2.06700000	2.45468727
2.06800000	2.45339149
2.06900000	2.45112387
2.07000000	2.44885625
2.07100000	2.44010971
2.07200000	2.43330685
2.07300000	2.43136317
2.07400000	2.43427869
2.07500000	2.43978577
2.07600000	2.43913787
2.07700000	2.43395474
2.07800000	2.43006739
2.07900000	2.42941950
2.08000000	2.42585610
2.08100000	2.42034902
2.08200000	2.41613772
2.08300000	2.42002507
2.08400000	2.42844766
2.08500000	2.43557447
2.08600000	2.43654631
2.08700000	2.43687025
2.08800000	2.44043366
2.08900000	2.44302522
2.09000000	2.44172944
2.09100000	2.43946182
2.09200000	2.44108155
2.09300000	2.44367312
2.09400000	2.44010971
2.09500000	2.43492658
2.09600000	2.43265896
2.09700000	2.44010971
2.09800000	2.44885625
2.09900000	2.45371544
2.10000000	2.44885625
2.10100000	2.44950414
2.10200000	2.45533517
2.10300000	2.46732116
2.10400000	2.47347613
2.10500000	2.47444797
2.10600000	2.47444797
2.10700000	2.47347613
2.10800000	2.47056062
2.10900000	2.47606770
2.11000000	2.48384240
2.11100000	2.49356077
2.11200000	2.49323683
2.11300000	2.49226499
2.11400000	2.49388472
2.11500000	2.49874391
2.11600000	2.50327915
2.11700000	2.51105385
2.11800000	2.51623698
2.11900000	2.51980039
2.12000000	2.51882855
2.12100000	2.51072990
2.12200000	2.50684255
2.12300000	2.51396936
2.12400000	2.52271590
2.12500000	2.53437795
2.12600000	2.54506816
2.12700000	2.54604000
2.12800000	2.54863157
2.12900000	2.55219497
2.13000000	2.55187102
2.13100000	2.54927946
2.13200000	2.54409632
2.13300000	2.54247660
2.13400000	2.54377238
2.13500000	2.54474422
2.13600000	2.54604000
2.13700000	2.54830762
2.13800000	2.55057524
2.13900000	2.54895551
2.14000000	2.54927946
2.14100000	2.54798367
2.14200000	2.54960340
2.14300000	2.55737810
2.14400000	2.56353308
2.14500000	2.56515280
2.14600000	2.56223729
2.14700000	2.55932178
2.14800000	2.55705416
2.14900000	2.55640627
2.15000000	2.55608232
2.15100000	2.55349075
2.15200000	2.55413865
2.15300000	2.55284286
2.15400000	2.54960340
2.15500000	2.54312449
2.15600000	2.53729346
2.15700000	2.53081454
2.15800000	2.52919482
2.15900000	2.52725114
2.16000000	2.52368774
2.16100000	2.52498352
2.16200000	2.52725114
2.16300000	2.52919482
2.16400000	2.53146244
2.16500000	2.53275822
2.16600000	2.53081454
2.16700000	2.52044828
2.16800000	2.51429331
2.16900000	2.51494120
2.17000000	2.51558909
2.17100000	2.51656093
2.17200000	2.51785671
2.17300000	2.51332147
2.17400000	2.50457493
2.17500000	2.49647629
2.17600000	2.49194104
2.17700000	2.49194104
2.17800000	2.49939180
2.17900000	2.49906785
2.18000000	2.49971574
2.18100000	2.49809601
2.18200000	2.49258894
2.18300000	2.49064526
2.18400000	2.49291288
2.18500000	2.49226499
2.18600000	2.48643396
2.18700000	2.47898321
2.18800000	2.47153246
2.18900000	2.46699721
2.19000000	2.47153246
2.19100000	2.47671559
2.19200000	2.48157478
2.19300000	2.48351845
2.19400000	2.48449029
2.19500000	2.47898321
2.19600000	2.47185640
2.19700000	2.46505354
2.19800000	2.46181408
2.19900000	2.46667327
2.20000000	2.47218035
2.20100000	2.47865926
2.20200000	2.48481424
2.20300000	2.48578607
2.20400000	2.47930716
2.20500000	2.47282824
2.20600000	2.46699721
2.20700000	2.46246197
2.20800000	2.46699721
2.20900000	2.47606770
2.21000000	2.48125083
2.21100000	2.47930716
2.21200000	2.47412402
2.21300000	2.47509586
2.21400000	2.47768743
2.21500000	2.47833532
2.21600000	2.47671559
2.21700000	2.47736348
2.21800000	2.47509586
2.21900000	2.47801137
2.22000000	2.48254661
2.22100000	2.48740580
2.22200000	2.49323683
2.22300000	2.49777207
2.22400000	2.49420866
2.22500000	2.48805369
2.22600000	2.48513818
2.22700000	2.48675791
2.22800000	2.48805369
2.22900000	2.49420866
2.23000000	2.49744812
2.23100000	2.49939180
2.23200000	2.50101153
2.23300000	2.50101153
2.23400000	2.49841996
2.23500000	2.49939180
2.23600000	2.50230731
2.23700000	2.49874391
2.23800000	2.49550445
2.23900000	2.49356077
2.24000000	2.50165942
2.24100000	2.50716650
2.24200000	2.50457493
2.24300000	2.50554677
2.24400000	2.50813834
2.24500000	2.50489888
2.24600000	2.50003969
2.24700000	2.50165942
2.24800000	2.50651861
2.24900000	2.51105385
2.25000000	2.51008201
2.25100000	2.50587071
2.25200000	2.50425099
2.25300000	2.50360309
2.25400000	2.49971574
2.25500000	2.50036364
2.25600000	2.50165942
2.25700000	2.50392704
2.25800000	2.50943412
2.25900000	2.51234963
2.26000000	2.51008201
2.26100000	2.50425099
2.26200000	2.50684255
2.26300000	2.51494120
2.26400000	2.51818066
2.26500000	2.51591304
2.26600000	2.50749044
2.26700000	2.50554677
2.26800000	2.50716650
2.26900000	2.50101153
2.27000000	2.50036364
2.27100000	2.50230731
2.27200000	2.49744812
2.27300000	2.49582839
2.27400000	2.49777207
2.27500000	2.49874391
2.27600000	2.50133547
2.27700000	2.50198336
2.27800000	2.50003969
2.27900000	2.49906785
2.28000000	2.49971574
2.28100000	2.49971574
2.28200000	2.50295520
2.28300000	2.50911017
2.28400000	2.51234963
2.28500000	2.50781439
2.28600000	2.50165942
2.28700000	2.49971574
2.28800000	2.50198336
2.28900000	2.50522282
2.29000000	2.50198336
2.29100000	2.50133547
2.29200000	2.50651861
2.29300000	2.50619466
2.29400000	2.50457493
2.29500000	2.50327915
2.29600000	2.50749044
2.29700000	2.51105385
2.29800000	2.51526514
2.29900000	2.51526514
2.30000000	2.51105385
2.30100000	2.51040596
2.30200000	2.51040596
2.30300000	2.51299752
2.30400000	2.51170174
2.30500000	2.51429331
2.30600000	2.51267358
2.30700000	2.51202569
2.30800000	2.51234963
2.30900000	2.51202569
2.31000000	2.51494120
2.31100000	2.51494120
2.31200000	2.51267358
2.31300000	2.51364541
2.31400000	2.51137779
2.31500000	2.50846228
2.31600000	2.51234963
2.31700000	2.51623698
2.31800000	2.51461725
2.31900000	2.51785671
2.32000000	2.51882855
2.32100000	2.51947644
2.32200000	2.52077222
2.32300000	2.52498352
2.32400000	2.52530747
2.32500000	2.52012433
2.32600000	2.51558909
2.32700000	2.51494120
2.32800000	2.51818066
2.32900000	2.51429331
2.33000000	2.50943412
2.33100000	2.51008201
2.33200000	2.51234963
2.33300000	2.51040596
2.33400000	2.50651861
2.33500000	2.50522282
2.33600000	2.50684255
2.33700000	2.50911017
2.33800000	2.51234963
2.33900000	2.50587071
2.34000000	2.49971574
2.34100000	2.49647629
2.34200000	2.49356077
2.34300000	2.49809601
2.34400000	2.50263126
2.34500000	2.50489888
2.34600000	2.50360309
2.34700000	2.49906785
2.34800000	2.49388472
2.34900000	2.49096921
2.35000000	2.49226499
2.35100000	2.49420866
2.35200000	2.49096921
2.35300000	2.48481424
2.35400000	2.47574375
2.35500000	2.47541981
2.35600000	2.47865926
2.35700000	2.47995505
2.35800000	2.48189872
2.35900000	2.48546213
2.36000000	2.48319451
2.36100000	2.47995505
2.36200000	2.47606770
2.36300000	2.47639164
2.36400000	2.47801137
2.36500000	2.47801137
2.36600000	2.47995505
2.36700000	2.48384240
2.36800000	2.48384240
2.36900000	2.47768743
2.37000000	2.47898321
2.37100000	2.47736348
2.37200000	2.48027899
2.37300000	2.47930716
2.37400000	2.47736348
2.37500000	2.47995505
2.37600000	2.47898321
2.37700000	2.47963110
2.37800000	2.47801137
2.37900000	2.47574375
2.38000000	2.47315219
2.38100000	2.47412402
2.38200000	2.47963110
2.38300000	2.48578607
2.38400000	2.48740580
2.38500000	2.48675791
2.38600000	2.49064526
2.38700000	2.49323683
2.38800000	2.49064526
2.38900000	2.48675791
2.39000000	2.48060294
2.39100000	2.48254661
2.39200000	2.49194104
2.39300000	2.50036364
2.39400000	2.50036364
2.39500000	2.49939180
2.39600000	2.49971574
2.39700000	2.50165942
2.39800000	2.50068758
2.39900000	2.50165942
2.40000000	2.50619466
2.40100000	2.50975806
2.40200000	2.51299752
2.40300000	2.51494120
2.40400000	2.51558909
2.40500000	2.51332147
2.40600000	2.50975806
2.40700000	2.50846228
2.40800000	2.50975806
2.40900000	2.51040596
2.41000000	2.51040596
2.41100000	2.51170174
2.41200000	2.51299752
2.41300000	2.51850460
2.41400000	2.52206801
2.41500000	2.51850460
2.41600000	2.51396936
2.41700000	2.51720882
2.41800000	2.52401168
2.41900000	2.53178638
2.42000000	2.53632162
2.42100000	2.53729346
2.42200000	2.53696952
2.42300000	2.54085687
2.42400000	2.54150476
2.42500000	2.54280054
2.42600000	2.53956108
2.42700000	2.53243427
2.42800000	2.52660325
2.42900000	2.52498352
2.43000000	2.52757509
2.43100000	2.53146244
2.43200000	2.52660325
2.43300000	2.52498352
2.43400000	2.52368774
2.43500000	2.52303984
2.43600000	2.52692719
2.43700000	2.53049060
2.43800000	2.52984271
2.43900000	2.52887087
2.44000000	2.52660325
2.44100000	2.52433563
2.44200000	2.52530747
2.44300000	2.52887087
2.44400000	2.52660325
2.44500000	2.52433563
2.44600000	2.51785671
2.44700000	2.51591304
2.44800000	2.51785671
2.44900000	2.51915249
2.45000000	2.51818066
2.45100000	2.51008201
2.45200000	2.50230731
2.45300000	2.49906785
2.45400000	2.50619466
2.45500000	2.50684255
2.45600000	2.51170174
2.45700000	2.51040596
2.45800000	2.50360309
2.45900000	2.49809601
2.46000000	2.49226499
2.46100000	2.49129315
2.46200000	2.49518050
2.46300000	2.50003969
2.46400000	2.49680023
2.46500000	2.48870159
2.46600000	2.48092689
2.46700000	2.47509586
2.46800000	2.47477191
2.46900000	2.47671559
2.47000000	2.47995505
2.47100000	2.48125083
2.47200000	2.48092689
2.47300000	2.47444797
2.47400000	2.46894089
2.47500000	2.46375776
2.47600000	2.45987041
2.47700000	2.46051830
2.47800000	2.46310986
2.47900000	2.46991273
2.48000000	2.47477191
2.48100000	2.47056062
2.48200000	2.46667327
2.48300000	2.46699721
2.48400000	2.46732116
2.48500000	2.46796905
2.48600000	2.46732116
2.48700000	2.46310986
2.48800000	2.46505354
2.48900000	2.46991273
2.49000000	2.47477191
2.49100000	2.47477191
2.49200000	2.47509586
2.49300000	2.47056062
2.49400000	2.46570143
2.49500000	2.46408170
2.49600000	2.47056062
2.49700000	2.47477191
2.49800000	2.48027899
2.49900000	2.48481424
2.50000000	2.48351845
2.50100000	2.47865926
2.50200000	2.47768743
2.50300000	2.47250429
2.50400000	2.47282824
2.50500000	2.47671559
2.50600000	2.48481424
2.50700000	2.49064526
2.50800000	2.50165942
2.50900000	2.50781439
2.51000000	2.51137779
2.51100000	2.51396936
2.51200000	2.50911017
2.51300000	2.50392704
2.51400000	2.50425099
2.51500000	2.50781439
2.51600000	2.50878623
2.51700000	2.51202569
2.51800000	2.51040596
2.51900000	2.51008201
2.52000000	2.51656093
2.52100000	2.52530747
2.52200000	2.52919482
2.52300000	2.52627930
2.52400000	2.52109617
2.52500000	2.51850460
2.52600000	2.51656093
2.52700000	2.51494120
2.52800000	2.51688487
2.52900000	2.52498352
2.53000000	2.53049060
2.53100000	2.53081454
2.53200000	2.53049060
2.53300000	2.52951876
2.53400000	2.52919482
2.53500000	2.52951876
2.53600000	2.52919482
2.53700000	2.53340611
2.53800000	2.53178638
2.53900000	2.52465957
2.54000000	2.52368774
2.54100000	2.52854692
2.54200000	2.53340611
2.54300000	2.53308217
2.54400000	2.53113849
2.54500000	2.52951876
2.54600000	2.52951876
2.54700000	2.52336379
2.54800000	2.52109617
2.54900000	2.52077222
2.55000000	2.52044828
2.55100000	2.52401168
2.55200000	2.52595536
2.55300000	2.52303984
2.55400000	2.52271590
2.55500000	2.52142012
2.55600000	2.52271590
2.55700000	2.52433563
2.55800000	2.51915249
2.55900000	2.51008201
2.56000000	2.51008201
2.56100000	2.51170174
2.56200000	2.51526514
2.56300000	2.51202569
2.56400000	2.50943412
2.56500000	2.51105385
2.56600000	2.50813834
2.56700000	2.50457493
2.56800000	2.50554677
2.56900000	2.50554677
2.57000000	2.50263126
2.57100000	2.49874391
2.57200000	2.49420866
2.57300000	2.48416634
2.57400000	2.48254661
2.57500000	2.48416634
2.57600000	2.48837764
2.57700000	2.49194104
2.57800000	2.49356077
2.57900000	2.48999737
2.58000000	2.48708186
2.58100000	2.48319451
2.58200000	2.48319451
2.58300000	2.48449029
2.58400000	2.48092689
2.58500000	2.47412402
2.58600000	2.47703954
2.58700000	2.47833532
2.58800000	2.48125083
2.58900000	2.48027899
2.59000000	2.47412402
2.59100000	2.47153246
2.59200000	2.47509586
2.59300000	2.47833532
2.59400000	2.48027899
2.59500000	2.47865926
2.59600000	2.47736348
2.59700000	2.47541981
2.59800000	2.47509586
2.59900000	2.47153246
2.60000000	2.47574375
2.60100000	2.47963110
2.60200000	2.47995505
2.60300000	2.48125083
2.60400000	2.48546213
2.60500000	2.49420866
2.60600000	2.49874391
2.60700000	2.49582839
2.60800000	2.48772975
2.60900000	2.48222267
2.61000000	2.47768743
2.61100000	2.47768743
2.61200000	2.48060294
2.61300000	2.48513818
2.61400000	2.48967342
2.61500000	2.49420866
2.61600000	2.49356077
2.61700000	2.48967342
2.61800000	2.49096921
2.61900000	2.50133547
2.62000000	2.50943412
2.62100000	2.51072990
2.62200000	2.51008201
2.62300000	2.51364541
2.62400000	2.51202569
2.62500000	2.51364541
2.62600000	2.51332147
2.62700000	2.51137779
2.62800000	2.51072990
2.62900000	2.51040596
2.63000000	2.51267358
2.63100000	2.51623698
2.63200000	2.51882855
2.63300000	2.52077222
2.63400000	2.51753277
2.63500000	2.51494120
2.63600000	2.51429331
2.63700000	2.51915249
2.63800000	2.52044828
2.63900000	2.51785671
2.64000000	2.51396936
2.64100000	2.51591304
2.64200000	2.51267358
2.64300000	2.51850460
2.64400000	2.52174406
2.64500000	2.52142012
2.64600000	2.51915249
2.64700000	2.51753277
2.64800000	2.51656093
2.64900000	2.51591304
2.65000000	2.51429331
2.65100000	2.51170174
2.65200000	2.51332147
2.65300000	2.51785671
2.65400000	2.51947644
2.65500000	2.51688487
2.65600000	2.51332147
2.65700000	2.51040596
2.65800000	2.51688487
2.65900000	2.52174406
2.66000000	2.51947644
2.66100000	2.51170174
2.66200000	2.50749044
2.66300000	2.51137779
2.66400000	2.51558909
2.66500000	2.51429331
2.66600000	2.50619466
2.66700000	2.49809601
2.66800000	2.49518050
2.66900000	2.49777207
2.67000000	2.50522282
2.67100000	2.50295520
2.67200000	2.49971574
2.67300000	2.49971574
2.67400000	2.50068758
2.67500000	2.50068758
2.67600000	2.50036364
2.67700000	2.49647629
2.67800000	2.49194104
2.67900000	2.49258894
2.68000000	2.49485656
2.68100000	2.49615234
2.68200000	2.49841996
2.68300000	2.49485656
2.68400000	2.48999737
2.68500000	2.48643396
2.68600000	2.48870159
2.68700000	2.48870159
2.68800000	2.49032131
2.68900000	2.48805369
2.69000000	2.48546213
2.69100000	2.48546213
2.69200000	2.48481424
2.69300000	2.48222267
2.69400000	2.48384240
2.69500000	2.48611002
2.69600000	2.48513818
2.69700000	2.48805369
2.69800000	2.49129315
2.69900000	2.49518050
2.70000000	2.49356077
2.70100000	2.48837764
2.70200000	2.48384240
2.70300000	2.48319451
2.70400000	2.48513818
2.70500000	2.49032131
2.70600000	2.49680023
2.70700000	2.49647629
2.70800000	2.49291288
2.70900000	2.48546213
2.71000000	2.48222267
2.71100000	2.48708186
2.71200000	2.49291288
2.71300000	2.49712418
2.71400000	2.49453261
2.71500000	2.49258894
2.71600000	2.49323683
2.71700000	2.49550445
2.71800000	2.49841996
2.71900000	2.49874391
2.72000000	2.49680023
2.72100000	2.50198336
2.72200000	2.50716650
2.72300000	2.51267358
2.72400000	2.51202569
2.72500000	2.50716650
2.72600000	2.50295520
2.72700000	2.50489888
2.72800000	2.50749044
2.72900000	2.51137779
2.73000000	2.51105385
2.73100000	2.51170174
2.73200000	2.51332147
2.73300000	2.51202569
2.73400000	2.50749044
2.73500000	2.50684255
2.73600000	2.50813834
2.73700000	2.51980039
2.73800000	2.52563141
2.73900000	2.52433563
2.74000000	2.52077222
2.74100000	2.51526514
2.74200000	2.51494120
2.74300000	2.51364541
2.74400000	2.51364541
2.74500000	2.51429331
2.74600000	2.51720882
2.74700000	2.52336379
2.74800000	2.52465957
2.74900000	2.52563141
2.75000000	2.52206801
2.75100000	2.52012433
2.75200000	2.51753277
2.75300000	2.50846228
2.75400000	2.50813834
2.75500000	2.50684255
2.75600000	2.50684255
2.75700000	2.50522282
2.75800000	2.50684255
2.75900000	2.51267358
2.76000000	2.51688487
2.76100000	2.51753277
2.76200000	2.51980039
2.76300000	2.52174406
2.76400000	2.52012433
2.76500000	2.51623698
2.76600000	2.51526514
2.76700000	2.51137779
2.76800000	2.50878623
2.76900000	2.50133547
2.77000000	2.49680023
2.77100000	2.48967342
2.77200000	2.48902553
2.77300000	2.49323683
2.77400000	2.49939180
2.77500000	2.50457493
2.77600000	2.50327915
2.77700000	2.50003969
2.77800000	2.49809601
2.77900000	2.49712418
2.78000000	2.49550445
2.78100000	2.49194104
2.78200000	2.49032131
2.78300000	2.49356077
2.78400000	2.50133547
2.78500000	2.49809601
2.78600000	2.49161710
2.78700000	2.48934948
2.78800000	2.49194104
2.78900000	2.49582839
2.79000000	2.49323683
2.79100000	2.48675791
2.79200000	2.48967342
2.79300000	2.49194104
2.79400000	2.49064526
2.79500000	2.48902553
2.79600000	2.48870159
2.79700000	2.48708186
2.79800000	2.48740580
2.79900000	2.48740580
2.80000000	2.48449029
2.80100000	2.48060294
2.80200000	2.47865926
2.80300000	2.47477191
2.80400000	2.47477191
2.80500000	2.48481424
2.80600000	2.49194104
2.80700000	2.49226499
2.80800000	2.49388472
2.80900000	2.49874391
2.81000000	2.50295520
2.81100000	2.49582839
2.81200000	2.49226499
2.81300000	2.49258894
2.81400000	2.49258894
2.81500000	2.49129315
2.81600000	2.49129315
2.81700000	2.49356077
2.81800000	2.48934948
2.81900000	2.49096921
2.82000000	2.49129315
2.82100000	2.49485656
2.82200000	2.49777207
2.82300000	2.49809601
2.82400000	2.49874391
2.82500000	2.50133547
2.82600000	2.50198336
2.82700000	2.50230731
2.82800000	2.50425099
2.82900000	2.50392704
2.83000000	2.50554677
2.83100000	2.50975806
2.83200000	2.50846228
2.83300000	2.50360309
2.83400000	2.49906785
2.83500000	2.49777207
2.83600000	2.50295520
2.83700000	2.51202569
2.83800000	2.51494120
2.83900000	2.51623698
2.84000000	2.51299752
2.84100000	2.50846228
2.84200000	2.50975806
2.84300000	2.51396936
2.84400000	2.51591304
2.84500000	2.51364541
2.84600000	2.50684255
2.84700000	2.50425099
2.84800000	2.50457493
2.84900000	2.50846228
2.85000000	2.51234963
2.85100000	2.51299752
2.85200000	2.51008201
2.85300000	2.50781439
2.85400000	2.50749044
2.85500000	2.50943412
2.85600000	2.50716650
2.85700000	2.50749044
2.85800000	2.50878623
2.85900000	2.50943412
2.86000000	2.50554677
2.86100000	2.50425099
2.86200000	2.50263126
2.86300000	2.50327915
2.86400000	2.50781439
2.86500000	2.51234963
2.86600000	2.51332147
2.86700000	2.51396936
2.86800000	2.50975806
2.86900000	2.50295520
2.87000000	2.49971574
2.87100000	2.50068758
2.87200000	2.50489888
2.87300000	2.50619466
2.87400000	2.50101153
2.87500000	2.49550445
2.87600000	2.49485656
2.87700000	2.50036364
2.87800000	2.50522282
2.87900000	2.50263126
2.88000000	2.49841996
2.88100000	2.49453261
2.88200000	2.49226499
2.88300000	2.49258894
2.88400000	2.49356077
2.88500000	2.48837764
2.88600000	2.48902553
2.88700000	2.49615234
2.88800000	2.50230731
2.88900000	2.50198336
2.89000000	2.50068758
2.89100000	2.49647629
2.89200000	2.49161710
2.89300000	2.48578607
2.89400000	2.48287056
2.89500000	2.48157478
2.89600000	2.48546213
2.89700000	2.48772975
2.89800000	2.48481424
2.89900000	2.48157478
2.90000000	2.48027899
2.90100000	2.48222267
2.90200000	2.48967342
2.90300000	2.49356077
2.90400000	2.49096921
2.90500000	2.48934948
2.90600000	2.48675791
2.90700000	2.48805369
2.90800000	2.48740580
2.90900000	2.49194104
2.91000000	2.49680023
2.91100000	2.50003969
2.91200000	2.49777207
2.91300000	2.49291288
2.91400000	2.49096921
2.91500000	2.49388472
2.91600000	2.49939180
2.91700000	2.50392704
2.91800000	2.50295520
2.91900000	2.49939180
2.92000000	2.50068758
2.92100000	2.49680023
2.92200000	2.49582839
2.92300000	2.49841996
2.92400000	2.50619466
2.92500000	2.51040596
2.92600000	2.51332147
2.92700000	2.51818066
2.92800000	2.51720882
2.92900000	2.51656093
2.93000000	2.51591304
2.93100000	2.51332147
2.93200000	2.50975806
2.93300000	2.50911017
2.93400000	2.50781439
2.93500000	2.51591304
2.93600000	2.52044828
2.93700000	2.51688487
2.93800000	2.51040596
2.93900000	2.50489888
2.94000000	2.50425099
2.94100000	2.50911017
2.94200000	2.51299752
2.94300000	2.52109617
2.94400000	2.52757509
2.94500000	2.52627930
2.94600000	2.52368774
2.94700000	2.52239195
2.94800000	2.51818066
2.94900000	2.51915249
2.95000000	2.51785671
2.95100000	2.51915249
2.95200000	2.52044828
2.95300000	2.51785671
2.95400000	2.51429331
2.95500000	2.51234963
2.95600000	2.51882855
2.95700000	2.52271590
2.95800000	2.51234963
2.95900000	2.50522282
2.96000000	2.50489888
2.96100000	2.51137779
2.96200000	2.51234963
2.96300000	2.51072990
2.96400000	2.50975806
2.96500000	2.51008201
2.96600000	2.51396936
2.96700000	2.51591304
2.96800000	2.51494120
2.96900000	2.50943412
2.97000000	2.50716650
2.97100000	2.50101153
2.97200000	2.49615234
2.97300000	2.49615234
2.97400000	2.49939180
2.97500000	2.50003969
2.97600000	2.50327915
2.97700000	2.50619466
2.97800000	2.50587071
2.97900000	2.50425099
2.98000000	2.49777207
2.98100000	2.49064526
2.98200000	2.49032131
2.98300000	2.49226499
2.98400000	2.49194104
2.98500000	2.48643396
2.98600000	2.48222267
2.98700000	2.48222267
2.98800000	2.48611002
2.98900000	2.48643396
2.99000000	2.48481424
2.99100000	2.48027899
2.99200000	2.48546213
2.99300000	2.48902553
2.99400000	2.49194104
2.99500000	2.48967342
2.99600000	2.48513818
2.99700000	2.48416634
2.99800000	2.48578607
2.99900000	2.48999737
3.00000000	2.49258894
3.00100000	2.49226499
3.00200000	2.48999737
3.00300000	2.48319451
3.00400000	2.48060294
3.00500000	2.48287056
3.00600000	2.48125083
3.00700000	2.47639164
3.00800000	2.47509586
3.00900000	2.47768743
3.01000000	2.48222267
3.01100000	2.48384240
3.01200000	2.48611002
3.01300000	2.48805369
3.01400000	2.49582839
3.01500000	2.50133547
3.01600000	2.49485656
3.01700000	2.49388472
3.01800000	2.49874391
3.01900000	2.50425099
3.02000000	2.49939180
3.02100000	2.49420866
3.02200000	2.48902553
3.02300000	2.49129315
3.02400000	2.49777207
3.02500000	2.50198336
3.02600000	2.50036364
3.02700000	2.49680023
3.02800000	2.49323683
3.02900000	2.49615234
3.03000000	2.50230731
3.03100000	2.51040596
3.03200000	2.51202569
3.03300000	2.51170174
3.03400000	2.50943412
3.03500000	2.51072990
3.03600000	2.51234963
3.03700000	2.51688487
3.03800000	2.51332147
3.03900000	2.50911017
3.04000000	2.50457493
3.04100000	2.50263126
3.04200000	2.49939180
3.04300000	2.50198336
3.04400000	2.50975806
3.04500000	2.51850460
3.04600000	2.52789903
3.04700000	2.52887087
3.04800000	2.52271590
3.04900000	2.52142012
3.05000000	2.52336379
3.05100000	2.52271590
3.05200000	2.52109617
3.05300000	2.51688487
3.05400000	2.51720882
3.05500000	2.51947644
3.05600000	2.52142012
3.05700000	2.51591304
3.05800000	2.51882855
3.05900000	2.52077222
3.06000000	2.51656093
3.06100000	2.51396936
3.06200000	2.51170174
3.06300000	2.50975806
3.06400000	2.51396936
3.06500000	2.51785671
3.06600000	2.51623698
3.06700000	2.50943412
3.06800000	2.51202569
3.06900000	2.51072990
3.07000000	2.51105385
3.07100000	2.51688487
3.07200000	2.52174406
3.07300000	2.52142012
3.07400000	2.51850460
3.07500000	2.51461725
3.07600000	2.51202569
3.07700000	2.50943412
3.07800000	2.50392704
3.07900000	2.49841996
3.08000000	2.49841996
3.08100000	2.50230731
3.08200000	2.50425099
3.08300000	2.50327915
3.08400000	2.50198336
3.08500000	2.49615234
3.08600000	2.49129315
3.08700000	2.48934948
3.08800000	2.49194104
3.08900000	2.49485656
3.09000000	2.50036364
3.09100000	2.50263126
3.09200000	2.49874391
3.09300000	2.49420866
3.09400000	2.48837764
3.09500000	2.48125083
3.09600000	2.47963110
3.09700000	2.48546213
3.09800000	2.48999737
3.09900000	2.48675791
3.10000000	2.48027899
3.10100000	2.47282824
3.10200000	2.47315219
3.10300000	2.47995505
3.10400000	2.48481424
3.10500000	2.48546213
3.10600000	2.48611002
3.10700000	2.48837764
3.10800000	2.48902553
3.10900000	2.49064526
3.11000000	2.48837764
3.11100000	2.49161710
3.11200000	2.48967342
3.11300000	2.48643396
3.11400000	2.48902553
3.11500000	2.49064526
3.11600000	2.49388472
3.11700000	2.49323683
3.11800000	2.49194104
3.11900000	2.48999737
3.12000000	2.48934948
3.12100000	2.49226499
3.12200000	2.49096921
3.12300000	2.49226499
3.12400000	2.49518050
3.12500000	2.49712418
3.12600000	2.49874391
3.12700000	2.49518050
3.12800000	2.49161710
3.12900000	2.49064526
3.13000000	2.49096921
3.13100000	2.49518050
3.13200000	2.49939180
3.13300000	2.50003969
3.13400000	2.49647629
3.13500000	2.49518050
3.13600000	2.49906785
3.13700000	2.50263126
3.13800000	2.50684255
3.13900000	2.51105385
3.14000000	2.51170174
3.14100000	2.50846228
3.14200000	2.50230731
3.14300000	2.50068758
3.14400000	2.50295520
3.14500000	2.50619466
3.14600000	2.50457493
3.14700000	2.50068758
3.14800000	2.49874391
3.14900000	2.49841996
3.15000000	2.49777207
3.15100000	2.49874391
3.15200000	2.50392704
3.15300000	2.50878623
3.15400000	2.51591304
3.15500000	2.52109617
3.15600000	2.51915249
3.15700000	2.51785671
3.15800000	2.51753277
3.15900000	2.52012433
3.16000000	2.52951876
3.16100000	2.53146244
3.16200000	2.52498352
3.16300000	2.51947644
3.16400000	2.51720882
3.16500000	2.51720882
3.16600000	2.51461725
3.16700000	2.51008201
3.16800000	2.50651861
3.16900000	2.51008201
3.17000000	2.51656093
3.17100000	2.51882855
3.17200000	2.51688487
3.17300000	2.51332147
3.17400000	2.51170174
3.17500000	2.50846228
3.17600000	2.50554677
3.17700000	2.50587071
3.17800000	2.50489888
3.17900000	2.50651861
3.18000000	2.50716650
3.18100000	2.50522282
3.18200000	2.50651861
3.18300000	2.50554677
3.18400000	2.50522282
3.18500000	2.50489888
3.18600000	2.50813834
3.18700000	2.50651861
3.18800000	2.50975806
3.18900000	2.51008201
3.19000000	2.50684255
3.19100000	2.50360309
3.19200000	2.50716650
3.19300000	2.50684255
3.19400000	2.50133547
3.19500000	2.49582839
3.19600000	2.49453261
3.19700000	2.49680023
3.19800000	2.49615234
3.19900000	2.49194104
3.20000000	2.49291288
3.20100000	2.49485656
3.20200000	2.50036364
3.20300000	2.50101153
3.20400000	2.50198336
3.20500000	2.50425099
3.20600000	2.49777207
3.20700000	2.49420866
3.20800000	2.49420866
3.20900000	2.49939180
3.21000000	2.49874391
3.21100000	2.49744812
3.21200000	2.49226499
3.21300000	2.48805369
3.21400000	2.48449029
3.21500000	2.48967342
3.21600000	2.49680023
3.21700000	2.50457493
3.21800000	2.50425099
3.21900000	2.50003969
3.22000000	2.49809601
3.22100000	2.49841996
3.22200000	2.50068758
3.22300000	2.50003969
3.22400000	2.49615234
3.22500000	2.49550445
3.22600000	2.49550445
3.22700000	2.49615234
3.22800000	2.49550445
3.22900000	2.49485656
3.23000000	2.48967342
3.23100000	2.49161710
3.23200000	2.50068758
3.23300000	2.50684255
3.23400000	2.50749044
3.23500000	2.50878623
3.23600000	2.50425099
3.23700000	2.50068758
3.23800000	2.49809601
3.23900000	2.49582839
3.24000000	2.49453261
3.24100000	2.49291288
3.24200000	2.48837764
3.24300000	2.49161710
3.24400000	2.49809601
3.24500000	2.50619466
3.24600000	2.51008201
3.24700000	2.51267358
3.24800000	2.51396936
3.24900000	2.51591304
3.25000000	2.50943412
3.25100000	2.50749044
3.25200000	2.50749044
3.25300000	2.51040596
3.25400000	2.51040596
3.25500000	2.51072990
3.25600000	2.51072990
3.25700000	2.50846228
3.25800000	2.50587071
3.25900000	2.50165942
3.26000000	2.50036364
3.26100000	2.50133547
3.26200000	2.50295520
3.26300000	2.50975806
3.26400000	2.51494120
3.26500000	2.51591304
3.26600000	2.51170174
3.26700000	2.50911017
3.26800000	2.51008201
3.26900000	2.51202569
3.27000000	2.51461725
3.27100000	2.51170174
3.27200000	2.50749044
3.27300000	2.50198336
3.27400000	2.49712418
3.27500000	2.49323683
3.27600000	2.49550445
3.27700000	2.50003969
3.27800000	2.50749044
3.27900000	2.51105385
3.28000000	2.51040596
3.28100000	2.50554677
3.28200000	2.50295520
3.28300000	2.50036364
3.28400000	2.50165942
3.28500000	2.50003969
3.28600000	2.49647629
3.28700000	2.49453261
3.28800000	2.49388472
3.28900000	2.49582839
3.29000000	2.49647629
3.29100000	2.49096921
3.29200000	2.48902553
3.29300000	2.48578607
3.29400000	2.48772975
3.29500000	2.49323683
3.29600000	2.49226499
3.29700000	2.49226499
3.29800000	2.49518050
3.29900000	2.49518050
3.30000000	2.49194104
3.30100000	2.48643396
3.30200000	2.48546213
3.30300000	2.49161710
3.30400000	2.49647629
3.30500000	2.49939180
3.30600000	2.50101153
3.30700000	2.49744812
3.30800000	2.49096921
3.30900000	2.48708186
3.31000000	2.48708186
3.31100000	2.48740580
3.31200000	2.48675791
3.31300000	2.48805369
3.31400000	2.49161710
3.31500000	2.49161710
3.31600000	2.49615234
3.31700000	2.49939180
3.31800000	2.49647629
3.31900000	2.49615234
3.32000000	2.49906785
3.32100000	2.50101153
3.32200000	2.49809601
3.32300000	2.49712418
3.32400000	2.49939180
3.32500000	2.50295520
3.32600000	2.50295520
3.32700000	2.49712418
3.32800000	2.49615234
3.32900000	2.50327915
3.33000000	2.50911017
3.33100000	2.51332147
3.33200000	2.51170174
3.33300000	2.50587071
3.33400000	2.50133547
3.33500000	2.49939180
3.33600000	2.49744812
3.33700000	2.49744812
3.33800000	2.50068758
3.33900000	2.50781439
3.34000000	2.50943412
3.34100000	2.51137779
3.34200000	2.51008201
3.34300000	2.50943412
3.34400000	2.50878623
3.34500000	2.51267358
3.34600000	2.51656093
3.34700000	2.52012433
3.34800000	2.52303984
3.34900000	2.51818066
3.35000000	2.50813834
3.35100000	2.50716650
3.35200000	2.50684255
3.35300000	2.51008201
3.35400000	2.51105385
3.35500000	2.51234963
3.35600000	2.51364541
3.35700000	2.51170174
3.35800000	2.50911017
3.35900000	2.51234963
3.36000000	2.51882855
3.36100000	2.51720882
3.36200000	2.51299752
3.36300000	2.51040596
3.36400000	2.51526514
3.36500000	2.52206801
3.36600000	2.52465957
3.36700000	2.51980039
3.36800000	2.51202569
3.36900000	2.50975806
3.37000000	2.50975806
3.37100000	2.51364541
3.37200000	2.50846228
3.37300000	2.50619466
3.37400000	2.50943412
3.37500000	2.50911017
3.37600000	2.50295520
3.37700000	2.50068758
3.37800000	2.50036364
3.37900000	2.50554677
3.38000000	2.51072990
3.38100000	2.50489888
3.38200000	2.49809601
3.38300000	2.49680023
3.38400000	2.50165942
3.38500000	2.50554677
3.38600000	2.50684255
3.38700000	2.50133547
3.38800000	2.49647629
3.38900000	2.49258894
3.39000000	2.48967342
3.39100000	2.49129315
3.39200000	2.49841996
3.39300000	2.49615234
3.39400000	2.49388472
3.39500000	2.48675791
3.39600000	2.48643396
3.39700000	2.48837764
3.39800000	2.49388472
3.39900000	2.49323683
3.40000000	2.48870159
3.40100000	2.48125083
3.40200000	2.48060294
3.40300000	2.48157478
3.40400000	2.48060294
3.40500000	2.48222267
3.40600000	2.48708186
3.40700000	2.49064526
3.40800000	2.49129315
3.40900000	2.49064526
3.41000000	2.48416634
3.41100000	2.48125083
3.41200000	2.48546213
3.41300000	2.48643396
3.41400000	2.48125083
3.41500000	2.47412402
3.41600000	2.47185640
3.41700000	2.47703954
3.41800000	2.48837764
3.41900000	2.49291288
3.42000000	2.49323683
3.42100000	2.49453261
3.42200000	2.49680023
3.42300000	2.50392704
3.42400000	2.50425099
3.42500000	2.49582839
3.42600000	2.49064526
3.42700000	2.48934948
3.42800000	2.48870159
3.42900000	2.48805369
3.43000000	2.48870159
3.43100000	2.49453261
3.43200000	2.50489888
3.43300000	2.50846228
3.43400000	2.50587071
3.43500000	2.50392704
3.43600000	2.50360309
3.43700000	2.50392704
3.43800000	2.50651861
3.43900000	2.50457493
3.44000000	2.50425099
3.44100000	2.50554677
3.44200000	2.50554677
3.44300000	2.50457493
3.44400000	2.49809601
3.44500000	2.49841996
3.44600000	2.50360309
3.44700000	2.50878623
3.44800000	2.51429331
3.44900000	2.51980039
3.45000000	2.52012433
3.45100000	2.51947644
3.45200000	2.51688487
3.45300000	2.51656093
3.45400000	2.51753277
3.45500000	2.51818066
3.45600000	2.51688487
3.45700000	2.51818066
3.45800000	2.51947644
3.45900000	2.52012433
3.46000000	2.51980039
3.46100000	2.51915249
3.46200000	2.52109617
3.46300000	2.52627930
3.46400000	2.52627930
3.46500000	2.52401168
3.46600000	2.51882855
3.46700000	2.51591304
3.46800000	2.52077222
3.46900000	2.52627930
3.47000000	2.52595536
3.47100000	2.52077222
3.47200000	2.51558909
3.47300000	2.51332147
3.47400000	2.51299752
3.47500000	2.51202569
3.47600000	2.50911017
3.47700000	2.50781439
3.47800000	2.50911017
3.47900000	2.51137779
3.48000000	2.51234963
3.48100000	2.51234963
3.48200000	2.51461725
3.48300000	2.51526514
3.48400000	2.51915249
3.48500000	2.51461725
3.48600000	2.51202569
3.48700000	2.50425099
3.48800000	2.50425099
3.48900000	2.50684255
3.49000000	2.50457493
3.49100000	2.49874391
3.49200000	2.49647629
3.49300000	2.49647629
3.49400000	2.49841996
3.49500000	2.49971574
3.49600000	2.50068758
3.49700000	2.49809601
3.49800000	2.48837764
3.49900000	2.47898321
3.50000000	2.47768743
3.50100000	2.47865926
3.50200000	2.48351845
3.50300000	2.49032131
3.50400000	2.49453261
3.50500000	2.48934948
3.50600000	2.48546213
3.50700000	2.47574375
3.50800000	2.46991273
3.50900000	2.47380008
3.51000000	2.48027899
3.51100000	2.48092689
3.51200000	2.48675791
3.51300000	2.48351845
3.51400000	2.48416634
3.51500000	2.48643396
3.51600000	2.48027899
3.51700000	2.47347613
3.51800000	2.46667327
3.51900000	2.46796905
3.52000000	2.47477191
3.52100000	2.47865926
3.52200000	2.48157478
3.52300000	2.48481424
3.52400000	2.48611002
3.52500000	2.48611002
3.52600000	2.48772975
3.52700000	2.48740580
3.52800000	2.48967342
3.52900000	2.48934948
3.53000000	2.48254661
3.53100000	2.48254661
3.53200000	2.48611002
3.53300000	2.48546213
3.53400000	2.48578607
3.53500000	2.48513818
3.53600000	2.48546213
3.53700000	2.48675791
3.53800000	2.49161710
3.53900000	2.49874391
3.54000000	2.49615234
3.54100000	2.48772975
3.54200000	2.48319451
3.54300000	2.48902553
3.54400000	2.49615234
3.54500000	2.50198336
3.54600000	2.50392704
3.54700000	2.50554677
3.54800000	2.51040596
3.54900000	2.51137779
3.55000000	2.51234963
3.55100000	2.51656093
3.55200000	2.51429331
3.55300000	2.51688487
3.55400000	2.51915249
3.55500000	2.52239195
3.55600000	2.52012433
3.55700000	2.51623698
3.55800000	2.51072990
3.55900000	2.50392704
3.56000000	2.50813834
3.56100000	2.51072990
3.56200000	2.51105385
3.56300000	2.50846228
3.56400000	2.51170174
3.56500000	2.51364541
3.56600000	2.51332147
3.56700000	2.51494120
3.56800000	2.52174406
3.56900000	2.52757509
3.57000000	2.52951876
3.57100000	2.52530747
3.57200000	2.52303984
3.57300000	2.52174406
3.57400000	2.52239195
3.57500000	2.52368774
3.57600000	2.52142012
3.57700000	2.52077222
3.57800000	2.52530747
3.57900000	2.52887087
3.58000000	2.52854692
3.58100000	2.52951876
3.58200000	2.52627930
3.58300000	2.52984271
3.58400000	2.53178638
3.58500000	2.52563141
3.58600000	2.51785671
3.58700000	2.51623698
3.58800000	2.51720882
3.58900000	2.51753277
3.59000000	2.51429331
3.59100000	2.51040596
3.59200000	2.51299752
3.59300000	2.51461725
3.59400000	2.51623698
3.59500000	2.51396936
3.59600000	2.51040596
3.59700000	2.50878623
3.59800000	2.50587071
3.59900000	2.50425099
3.60000000	2.49744812
3.60100000	2.49647629
3.60200000	2.49809601
3.60300000	2.49939180
3.60400000	2.49971574
3.60500000	2.49777207
3.60600000	2.49712418
3.60700000	2.49874391
3.60800000	2.50036364
3.60900000	2.50198336
3.61000000	2.49971574
3.61100000	2.49582839
3.61200000	2.48967342
3.61300000	2.48189872
3.61400000	2.48189872
3.61500000	2.47898321
3.61600000	2.47930716
3.61700000	2.48513818
3.61800000	2.49258894
3.61900000	2.49615234
3.62000000	2.49129315
3.62100000	2.48416634
3.62200000	2.48481424
3.62300000	2.49064526
3.62400000	2.49323683
3.62500000	2.49096921
3.62600000	2.48708186
3.62700000	2.48643396
3.62800000	2.48772975
3.62900000	2.48157478
3.63000000	2.47898321
3.63100000	2.47963110
3.63200000	2.48287056
3.63300000	2.48189872
3.63400000	2.47412402
3.63500000	2.47153246
3.63600000	2.47541981
3.63700000	2.48319451
3.63800000	2.48351845
3.63900000	2.48287056
3.64000000	2.47995505
3.64100000	2.48287056
3.64200000	2.48643396
3.64300000	2.49064526
3.64400000	2.49161710
3.64500000	2.49453261
3.64600000	2.49291288
3.64700000	2.48675791
3.64800000	2.48967342
3.64900000	2.49647629
3.65000000	2.50101153
3.65100000	2.49744812
3.65200000	2.48611002
3.65300000	2.48449029
3.65400000	2.49161710
3.65500000	2.50036364
3.65600000	2.50781439
3.65700000	2.51461725
3.65800000	2.51429331
3.65900000	2.50943412
3.66000000	2.50425099
3.66100000	2.49453261
3.66200000	2.49064526
3.66300000	2.49615234
3.66400000	2.50230731
3.66500000	2.50716650
3.66600000	2.50911017
3.66700000	2.51137779
3.66800000	2.51623698
3.66900000	2.51623698
3.67000000	2.51072990
3.67100000	2.51040596
3.67200000	2.51364541
3.67300000	2.51137779
3.67400000	2.50587071
3.67500000	2.51008201
3.67600000	2.51558909
3.67700000	2.51785671
3.67800000	2.51008201
3.67900000	2.50846228
3.68000000	2.51105385
3.68100000	2.51234963
3.68200000	2.51234963
3.68300000	2.51137779
3.68400000	2.51072990
3.68500000	2.51396936
3.68600000	2.51785671
3.68700000	2.51202569
3.68800000	2.50457493
3.68900000	2.50230731
3.69000000	2.50457493
3.69100000	2.51008201
3.69200000	2.51396936
3.69300000	2.51137779
3.69400000	2.51008201
3.69500000	2.51105385
3.69600000	2.51170174
3.69700000	2.51332147
3.69800000	2.51299752
3.69900000	2.51785671
3.70000000	2.52077222
3.70100000	2.51623698
3.70200000	2.50749044
3.70300000	2.49971574
3.70400000	2.50198336
3.70500000	2.50392704
3.70600000	2.50295520
3.70700000	2.50684255
3.70800000	2.51105385
3.70900000	2.50975806
3.71000000	2.50846228
3.71100000	2.50295520
3.71200000	2.49971574
3.71300000	2.50101153
3.71400000	2.50068758
3.71500000	2.50295520
3.71600000	2.50846228
3.71700000	2.50943412
3.71800000	2.50587071
3.71900000	2.49841996
3.72000000	2.49226499
3.72100000	2.48999737
3.72200000	2.49356077
3.72300000	2.49582839
3.72400000	2.49258894
3.72500000	2.48999737
3.72600000	2.49129315
3.72700000	2.49550445
3.72800000	2.49841996
3.72900000	2.49680023
3.73000000	2.49874391
3.73100000	2.49939180
3.73200000	2.49744812
3.73300000	2.49647629
3.73400000	2.49518050
3.73500000	2.49550445
3.73600000	2.49226499
3.73700000	2.49032131
3.73800000	2.49194104
3.73900000	2.49518050
3.74000000	2.49420866
3.74100000	2.49388472
3.74200000	2.49485656
3.74300000	2.49647629
3.74400000	2.49485656
3.74500000	2.49388472
3.74600000	2.48772975
3.74700000	2.48449029
3.74800000	2.48513818
3.74900000	2.48708186
3.75000000	2.49129315
3.75100000	2.49906785
3.75200000	2.50489888
3.75300000	2.50716650
3.75400000	2.50295520
3.75500000	2.49906785
3.75600000	2.49323683
3.75700000	2.49291288
3.75800000	2.49841996
3.75900000	2.50230731
3.76000000	2.50554677
3.76100000	2.50975806
3.76200000	2.51299752
3.76300000	2.51526514
3.76400000	2.51267358
3.76500000	2.50651861
3.76600000	2.50489888
3.76700000	2.50587071
3.76800000	2.50619466
3.76900000	2.50781439
3.77000000	2.50230731
3.77100000	2.49323683
3.77200000	2.49096921
3.77300000	2.49258894
3.77400000	2.50003969
3.77500000	2.50619466
3.77600000	2.50425099
3.77700000	2.50036364
3.77800000	2.49939180
3.77900000	2.50425099
3.78000000	2.50911017
3.78100000	2.51396936
3.78200000	2.51720882
3.78300000	2.52271590
3.78400000	2.52303984
3.78500000	2.51688487
3.78600000	2.50975806
3.78700000	2.50716650
3.78800000	2.51364541
3.78900000	2.51170174
3.79000000	2.50360309
3.79100000	2.49550445
3.79200000	2.49647629
3.79300000	2.49809601
3.79400000	2.49939180
3.79500000	2.50327915
3.79600000	2.50846228
3.79700000	2.50878623
3.79800000	2.50457493
3.79900000	2.49874391
3.80000000	2.49777207
3.80100000	2.50068758
3.80200000	2.50263126
3.80300000	2.50165942
3.80400000	2.50457493
3.80500000	2.50392704
3.80600000	2.50619466
3.80700000	2.50651861
3.80800000	2.50165942
3.80900000	2.49453261
3.81000000	2.48870159
3.81100000	2.48611002
3.81200000	2.48708186
3.81300000	2.48902553
3.81400000	2.49161710
3.81500000	2.49323683
3.81600000	2.48934948
3.81700000	2.48999737
3.81800000	2.49032131
3.81900000	2.49291288
3.82000000	2.48934948
3.82100000	2.48546213
3.82200000	2.48319451
3.82300000	2.48675791
3.82400000	2.49388472
3.82500000	2.50003969
3.82600000	2.49906785
3.82700000	2.49874391
3.82800000	2.50036364
3.82900000	2.49939180
3.83000000	2.49615234
3.83100000	2.49356077
3.83200000	2.49712418
3.83300000	2.50230731
3.83400000	2.50360309
3.83500000	2.50198336
3.83600000	2.49874391
3.83700000	2.50133547
3.83800000	2.50263126
3.83900000	2.50101153
3.84000000	2.50068758
3.84100000	2.50198336
3.84200000	2.49906785
3.84300000	2.49485656
3.84400000	2.49582839
3.84500000	2.49971574
3.84600000	2.50554677
3.84700000	2.51267358
3.84800000	2.51494120
3.84900000	2.51299752
3.85000000	2.50878623
3.85100000	2.50781439
3.85200000	2.51040596
3.85300000	2.51753277
3.85400000	2.51753277
3.85500000	2.51623698
3.85600000	2.51040596
3.85700000	2.50716650
3.85800000	2.50749044
3.85900000	2.51040596
3.86000000	2.50554677
3.86100000	2.50360309
3.86200000	2.51137779
3.86300000	2.51656093
3.86400000	2.51720882
3.86500000	2.51396936
3.86600000	2.51234963
3.86700000	2.51850460
3.86800000	2.51947644
3.86900000	2.51882855
3.87000000	2.51267358
3.87100000	2.51170174
3.87200000	2.51202569
3.87300000	2.51267358
3.87400000	2.51461725
3.87500000	2.51170174
3.87600000	2.50878623
3.87700000	2.50781439
3.87800000	2.50684255
3.87900000	2.50327915
3.88000000	2.49841996
3.88100000	2.49582839
3.88200000	2.50133547
3.88300000	2.50587071
3.88400000	2.50846228
3.88500000	2.51202569
3.88600000	2.51656093
3.88700000	2.51980039
3.88800000	2.51915249
3.88900000	2.51267358
3.89000000	2.50327915
3.89100000	2.49809601
3.89200000	2.49874391
3.89300000	2.50068758
3.89400000	2.50068758
3.89500000	2.49680023
3.89600000	2.49550445
3.89700000	2.49906785
3.89800000	2.50489888
3.89900000	2.50425099
3.90000000	2.49647629
3.90100000	2.48772975
3.90200000	2.48384240
3.90300000	2.48902553
3.90400000	2.50068758
3.90500000	2.50198336
3.90600000	2.49680023
3.90700000	2.49550445
3.90800000	2.49064526
3.90900000	2.48513818
3.91000000	2.48870159
3.91100000	2.49194104
3.91200000	2.49032131
3.91300000	2.48837764
3.91400000	2.48643396
3.91500000	2.48611002
3.91600000	2.49032131
3.91700000	2.49161710
3.91800000	2.48934948
3.91900000	2.48837764
3.92000000	2.48837764
3.92100000	2.48578607
3.92200000	2.48092689
3.92300000	2.47380008
3.92400000	2.46991273
3.92500000	2.47444797
3.92600000	2.48027899
3.92700000	2.48481424
3.92800000	2.48870159
3.92900000	2.49032131
3.93000000	2.48837764
3.93100000	2.48870159
3.93200000	2.49356077
3.93300000	2.49615234
3.93400000	2.49647629
3.93500000	2.49258894
3.93600000	2.48513818
3.93700000	2.48351845
3.93800000	2.48675791
3.93900000	2.49032131
3.94000000	2.49064526
3.94100000	2.48772975
3.94200000	2.48611002
3.94300000	2.48902553
3.94400000	2.49064526
3.94500000	2.48967342
3.94600000	2.49096921
3.94700000	2.49615234
3.94800000	2.50230731
3.94900000	2.50230731
3.95000000	2.50068758
3.95100000	2.49841996
3.95200000	2.50165942
3.95300000	2.50781439
3.95400000	2.50975806
3.95500000	2.50392704
3.95600000	2.50198336
3.95700000	2.50522282
3.95800000	2.49841996
3.95900000	2.49906785
3.96000000	2.50651861
3.96100000	2.51170174
3.96200000	2.51623698
3.96300000	2.52012433
3.96400000	2.51818066
3.96500000	2.51396936
3.96600000	2.51170174
3.96700000	2.51364541
3.96800000	2.51753277
3.96900000	2.52077222
3.97000000	2.51818066
3.97100000	2.51137779
3.97200000	2.50878623
3.97300000	2.50716650
3.97400000	2.50943412
3.97500000	2.51558909
3.97600000	2.51688487
3.97700000	2.51785671
3.97800000	2.51623698
3.97900000	2.51558909
3.98000000	2.51720882
3.98100000	2.51818066
3.98200000	2.51526514
3.98300000	2.51429331
3.98400000	2.51591304
3.98500000	2.51429331
3.98600000	2.51656093
3.98700000	2.52077222
3.98800000	2.52401168
3.98900000	2.51915249
3.99000000	2.51364541
3.99100000	2.51234963
3.99200000	2.51558909
3.99300000	2.51364541
3.99400000	2.51234963
3.99500000	2.51526514
3.99600000	2.51818066
3.99700000	2.52142012
3.99800000	2.51623698
3.99900000	2.51008201
4.00000000	2.50878623
4.00100000	2.50813834
4.00200000	2.50392704
4.00300000	2.50749044
4.00400000	2.51105385
4.00500000	2.50749044
4.00600000	2.50425099
4.00700000	2.50392704
4.00800000	2.50392704
4.00900000	2.51008201
4.01000000	2.51753277
4.01100000	2.51234963
4.01200000	2.50263126
4.01300000	2.49064526
4.01400000	2.48222267
4.01500000	2.48060294
4.01600000	2.48481424
4.01700000	2.48934948
4.01800000	2.49680023
4.01900000	2.50165942
4.02000000	2.49971574
4.02100000	2.49161710
4.02200000	2.48805369
4.02300000	2.48837764
4.02400000	2.48708186
4.02500000	2.48902553
4.02600000	2.49226499
4.02700000	2.49582839
4.02800000	2.49712418
4.02900000	2.49129315
4.03000000	2.48416634
4.03100000	2.48027899
4.03200000	2.48125083
4.03300000	2.48481424
4.03400000	2.48740580
4.03500000	2.48967342
4.03600000	2.49194104
4.03700000	2.49064526
4.03800000	2.48805369
4.03900000	2.48611002
4.04000000	2.48675791
4.04100000	2.48287056
4.04200000	2.48351845
4.04300000	2.48675791
4.04400000	2.49194104
4.04500000	2.49744812
4.04600000	2.49712418
4.04700000	2.49096921
4.04800000	2.48254661
4.04900000	2.47930716
4.05000000	2.48157478
4.05100000	2.48934948
4.05200000	2.49356077
4.05300000	2.48837764
4.05400000	2.48416634
4.05500000	2.48805369
4.05600000	2.49032131
4.05700000	2.48934948
4.05800000	2.49680023
4.05900000	2.50230731
4.06000000	2.50425099
4.06100000	2.50133547
4.06200000	2.50489888
4.06300000	2.51202569
4.06400000	2.51040596
4.06500000	2.50684255
4.06600000	2.50392704
4.06700000	2.50425099
4.06800000	2.50554677
4.06900000	2.50943412
4.07000000	2.51072990
4.07100000	2.50878623
4.07200000	2.50554677
4.07300000	2.50263126
4.07400000	2.50392704
4.07500000	2.50425099
4.07600000	2.50813834
4.07700000	2.51072990
4.07800000	2.51040596
4.07900000	2.50554677
4.08000000	2.50133547
4.08100000	2.50198336
4.08200000	2.50327915
4.08300000	2.50943412
4.08400000	2.51072990
4.08500000	2.50911017
4.08600000	2.51170174
4.08700000	2.51364541
4.08800000	2.51332147
4.08900000	2.51234963
4.09000000	2.51170174
4.09100000	2.51461725
4.09200000	2.52206801
4.09300000	2.52109617
4.09400000	2.52271590
4.09500000	2.52044828
4.09600000	2.51850460
4.09700000	2.51688487
4.09800000	2.51818066
4.09900000	2.51720882
4.10000000	2.51461725
4.10100000	2.51202569
4.10200000	2.50813834
4.10300000	2.51202569
4.10400000	2.51494120
4.10500000	2.51526514
4.10600000	2.51364541
4.10700000	2.51170174
4.10800000	2.51008201
4.10900000	2.50360309
4.11000000	2.49388472
4.11100000	2.48740580
4.11200000	2.49161710
4.11300000	2.49582839
4.11400000	2.50003969
4.11500000	2.50263126
4.11600000	2.50425099
4.11700000	2.50554677
4.11800000	2.50425099
4.11900000	2.49906785
4.12000000	2.49582839
4.12100000	2.49388472
4.12200000	2.49258894
4.12300000	2.49356077
4.12400000	2.49420866
4.12500000	2.49323683
4.12600000	2.49453261
4.12700000	2.49582839
4.12800000	2.49485656
4.12900000	2.49680023
4.13000000	2.49939180
4.13100000	2.49485656
4.13200000	2.49096921
4.13300000	2.48934948
4.13400000	2.49194104
4.13500000	2.49615234
4.13600000	2.49712418
4.13700000	2.49680023
4.13800000	2.49323683
4.13900000	2.48772975
4.14000000	2.48416634
4.14100000	2.48481424
4.14200000	2.48513818
4.14300000	2.49226499
4.14400000	2.49874391
4.14500000	2.49939180
4.14600000	2.50230731
4.14700000	2.49420866
4.14800000	2.48902553
4.14900000	2.48611002
4.15000000	2.48611002
4.15100000	2.49129315
4.15200000	2.49615234
4.15300000	2.49712418
4.15400000	2.49518050
4.15500000	2.49615234
4.15600000	2.49841996
4.15700000	2.50068758
4.15800000	2.49841996
4.15900000	2.49777207
4.16000000	2.50133547
4.16100000	2.49744812
4.16200000	2.49647629
4.16300000	2.49744812
4.16400000	2.50165942
4.16500000	2.50684255
4.16600000	2.50651861
4.16700000	2.49971574
4.16800000	2.49096921
4.16900000	2.49582839
4.17000000	2.50263126
4.17100000	2.50781439
4.17200000	2.50781439
4.17300000	2.50554677
4.17400000	2.50651861
4.17500000	2.50781439
4.17600000	2.50846228
4.17700000	2.50651861
4.17800000	2.50651861
4.17900000	2.50781439
4.18000000	2.50878623
4.18100000	2.51170174
4.18200000	2.51461725
4.18300000	2.52012433
4.18400000	2.52498352
4.18500000	2.52012433
4.18600000	2.51364541
4.18700000	2.51008201
4.18800000	2.50975806
4.18900000	2.51688487
4.19000000	2.51688487
4.19100000	2.51364541
4.19200000	2.51461725
4.19300000	2.51526514
4.19400000	2.51461725
4.19500000	2.51234963
4.19600000	2.50975806
4.19700000	2.50846228
4.19800000	2.51137779
4.19900000	2.51072990
4.20000000	2.50878623
4.20100000	2.50878623
4.20200000	2.51040596
4.20300000	2.51137779
4.20400000	2.51137779
4.20500000	2.51040596
4.20600000	2.50684255
4.20700000	2.50295520
4.20800000	2.49874391
4.20900000	2.49971574
4.21000000	2.50198336
4.21100000	2.50846228
4.21200000	2.50878623
4.21300000	2.50425099
4.21400000	2.50425099
4.21500000	2.50522282
4.21600000	2.49971574
4.21700000	2.49064526
4.21800000	0.00000000
